#
# There is insufficient memory for the Java Runtime Environment to continue.
# Native memory allocation (mmap) failed to map 52953088 bytes for committing reserved memory.
# Possible reasons:
#   The system is out of physical RAM or swap space
#   In 32 bit mode, the process size limit was hit
# Possible solutions:
#   Reduce memory load on the system
#   Increase physical memory or swap space
#   Check if swap backing store is full
#   Use 64 bit Java on a 64 bit OS
#   Decrease Java heap size (-Xmx/-Xms)
#   Decrease number of Java threads
#   Decrease Java thread stack sizes (-Xss)
#   Set larger code cache with -XX:ReservedCodeCacheSize=
# This output file may be truncated or incomplete.
#
#  Out of Memory Error (os_linux.cpp:2671), pid=8904, tid=1722485568
#
# JRE version: Java(TM) SE Runtime Environment (8.0_20-b26) (build 1.8.0_20-b26)
# Java VM: Java HotSpot(TM) Server VM (25.20-b23 mixed mode linux-x86 )
# Failed to write core dump. Core dumps have been disabled. To enable core dumping, try "ulimit -c unlimited" before starting Java again
#

---------------  T H R E A D  ---------------

Current thread (0x63d10c00):  VMThread [stack: 0x66a30000,0x66ab1000] [id=8916]

Stack: [0x66a30000,0x66ab1000],  sp=0x66aaf940,  free space=510k
Native frames: (J=compiled Java code, j=interpreted, Vv=VM code, C=native code)
V  [libjvm.so+0x891489]
V  [libjvm.so+0x3751d5]
V  [libjvm.so+0x720b46]
V  [libjvm.so+0x720f68]
V  [libjvm.so+0x71a93c]
V  [libjvm.so+0x782538]
V  [libjvm.so+0x78363a]
V  [libjvm.so+0x782969]
V  [libjvm.so+0x78029b]
V  [libjvm.so+0x780a58]
V  [libjvm.so+0x7411da]
V  [libjvm.so+0x892bda]
V  [libjvm.so+0x89bd37]
V  [libjvm.so+0x899e03]
V  [libjvm.so+0x89a1a0]
V  [libjvm.so+0x89a605]
V  [libjvm.so+0x723509]
C  [libpthread.so.0+0x61a6]  start_thread+0xd6

VM_Operation (0xb66f77a4): ParallelGCFailedAllocation, mode: safepoint, requested by thread 0xb6506800


---------------  P R O C E S S  ---------------

Java Threads: ( => current thread )
  0x63d3ac00 JavaThread "Service Thread" daemon [_thread_blocked, id=8929, stack(0x639d3000,0x63a24000)]
  0x63d37800 JavaThread "C1 CompilerThread1" daemon [_thread_blocked, id=8928, stack(0x63a24000,0x63aa5000)]
  0x63d35c00 JavaThread "C2 CompilerThread0" daemon [_thread_blocked, id=8927, stack(0x63aa5000,0x63b26000)]
  0x63d34400 JavaThread "Signal Dispatcher" daemon [_thread_blocked, id=8926, stack(0x63b26000,0x63b77000)]
  0x63d16800 JavaThread "Finalizer" daemon [_thread_blocked, id=8920, stack(0x63e3c000,0x63e8d000)]
  0x63d15000 JavaThread "Reference Handler" daemon [_thread_blocked, id=8918, stack(0x63e8d000,0x63ede000)]
  0xb6506800 JavaThread "main" [_thread_blocked, id=8912, stack(0xb66a8000,0xb66f9000)]

Other Threads:
=>0x63d10c00 VMThread [stack: 0x66a30000,0x66ab1000] [id=8916]
  0x63d3c400 WatcherThread [stack: 0x63952000,0x639d3000] [id=8930]

VM state:at safepoint (normal execution)

VM Mutex/Monitor currently owned by a thread:  ([mutex/lock_event])
[0xb6504b48] Threads_lock - owner thread: 0x63d10c00
[0xb6504f58] Heap_lock - owner thread: 0xb6506800

Heap:
 PSYoungGen      total 161280K, used 36986K [0x91ac0000, 0x9e440000, 0xa7000000)
  eden space 116224K, 0% used [0x91ac0000,0x91ac0000,0x98c40000)
  from space 45056K, 82% used [0x98c40000,0x9b05e840,0x9b840000)
  to   space 43520K, 0% used [0x9b900000,0x9b900000,0x9e380000)
 ParOldGen       total 104448K, used 50217K [0x67000000, 0x6d600000, 0x91ac0000)
  object space 104448K, 48% used [0x67000000,0x6a10a568,0x6d600000)
 Metaspace       used 3464K, capacity 3580K, committed 3608K, reserved 4400K

Card table byte_map: [0x66dff000,0x67000000] byte_map_base: 0x66ac7000

Marking Bits: (ParMarkBitMap*) 0xb70fc380
 Begin Bits: [0x64900000, 0x65900000)
 End Bits:   [0x65900000, 0x66900000)

Polling page: 0xb7713000

CodeCache: size=245760Kb used=6133Kb max_used=6141Kb free=239626Kb
 bounds [0xa7500000, 0xa7b08000, 0xb6500000]
 total_blobs=1747 nmethods=1592 adapters=70
 compilation: enabled

Compilation events (10 events):
Event: 11.595 Thread 0x63d35c00 nmethod 1639 0xa7af3c48 code [0xa7af3d40, 0xa7af3eb0]
Event: 11.595 Thread 0x63d35c00 1609       4       com.android.dx.util.IntList::sort (29 bytes)
Event: 11.598 Thread 0x63d35c00 nmethod 1609 0xa7ae5dc8 code [0xa7ae5ec0, 0xa7ae5f5c]
Event: 12.130 Thread 0x63d35c00 1698       4       com.android.dx.rop.code.Rops::pickBinaryOp (158 bytes)
Event: 12.139 Thread 0x63d35c00 nmethod 1698 0xa7ae70c8 code [0xa7ae7200, 0xa7ae741c]
Event: 12.226 Thread 0x63d37800 1699       3       com.android.dx.cf.code.Ropper::addExceptionSetupBlocks (203 bytes)
Event: 12.229 Thread 0x63d35c00 1700       4       com.android.dx.util.LabeledList::set (45 bytes)
Event: 12.237 Thread 0x63d37800 nmethod 1699 0xa7af01c8 code [0xa7af05c0, 0xa7af2244]
Event: 12.237 Thread 0x63d37800 1701       3       com.android.dx.cf.code.Ropper::getRopMethod (64 bytes)
Event: 12.239 Thread 0x63d37800 nmethod 1701 0xa7ae7808 code [0xa7ae7a20, 0xa7ae8488]

GC Heap History (10 events):
Event: 4.140 GC heap after
Heap after GC invocations=7 (full 2):
 PSYoungGen      total 46848K, used 0K [0x91ac0000, 0x99540000, 0xa7000000)
  eden space 45056K, 0% used [0x91ac0000,0x91ac0000,0x946c0000)
  from space 1792K, 0% used [0x946c0000,0x946c0000,0x94880000)
  to   space 24320K, 0% used [0x97d80000,0x97d80000,0x99540000)
 ParOldGen       total 83200K, used 42831K [0x67000000, 0x6c140000, 0x91ac0000)
  object space 83200K, 51% used [0x67000000,0x699d3cf8,0x6c140000)
 Metaspace       used 3230K, capacity 3388K, committed 3480K, reserved 4400K
}
Event: 7.233 GC heap before
{Heap before GC invocations=8 (full 2):
 PSYoungGen      total 46848K, used 45056K [0x91ac0000, 0x99540000, 0xa7000000)
  eden space 45056K, 100% used [0x91ac0000,0x946c0000,0x946c0000)
  from space 1792K, 0% used [0x946c0000,0x946c0000,0x94880000)
  to   space 24320K, 0% used [0x97d80000,0x97d80000,0x99540000)
 ParOldGen       total 83200K, used 42831K [0x67000000, 0x6c140000, 0x91ac0000)
  object space 83200K, 51% used [0x67000000,0x699d3cf8,0x6c140000)
 Metaspace       used 3380K, capacity 3516K, committed 3608K, reserved 4400K
Event: 7.281 GC heap after
Heap after GC invocations=8 (full 2):
 PSYoungGen      total 85760K, used 14000K [0x91ac0000, 0x98cc0000, 0xa7000000)
  eden space 70144K, 0% used [0x91ac0000,0x91ac0000,0x95f40000)
  from space 15616K, 89% used [0x97d80000,0x98b2c2a0,0x98cc0000)
  to   space 23296K, 0% used [0x95f40000,0x95f40000,0x97600000)
 ParOldGen       total 83200K, used 42835K [0x67000000, 0x6c140000, 0x91ac0000)
  object space 83200K, 51% used [0x67000000,0x699d4cf8,0x6c140000)
 Metaspace       used 3380K, capacity 3516K, committed 3608K, reserved 4400K
}
Event: 7.447 GC heap before
{Heap before GC invocations=9 (full 2):
 PSYoungGen      total 85760K, used 84144K [0x91ac0000, 0x98cc0000, 0xa7000000)
  eden space 70144K, 100% used [0x91ac0000,0x95f40000,0x95f40000)
  from space 15616K, 89% used [0x97d80000,0x98b2c2a0,0x98cc0000)
  to   space 23296K, 0% used [0x95f40000,0x95f40000,0x97600000)
 ParOldGen       total 83200K, used 42835K [0x67000000, 0x6c140000, 0x91ac0000)
  object space 83200K, 51% used [0x67000000,0x699d4cf8,0x6c140000)
 Metaspace       used 3380K, capacity 3516K, committed 3608K, reserved 4400K
Event: 7.574 GC heap after
Heap after GC invocations=9 (full 2):
 PSYoungGen      total 93440K, used 23293K [0x91ac0000, 0x9e380000, 0xa7000000)
  eden space 70144K, 0% used [0x91ac0000,0x91ac0000,0x95f40000)
  from space 23296K, 99% used [0x95f40000,0x975ff608,0x97600000)
  to   space 43520K, 0% used [0x9b900000,0x9b900000,0x9e380000)
 ParOldGen       total 83200K, used 75179K [0x67000000, 0x6c140000, 0x91ac0000)
  object space 83200K, 90% used [0x67000000,0x6b96acf8,0x6c140000)
 Metaspace       used 3380K, capacity 3516K, committed 3608K, reserved 4400K
}
Event: 7.574 GC heap before
{Heap before GC invocations=10 (full 3):
 PSYoungGen      total 93440K, used 23293K [0x91ac0000, 0x9e380000, 0xa7000000)
  eden space 70144K, 0% used [0x91ac0000,0x91ac0000,0x95f40000)
  from space 23296K, 99% used [0x95f40000,0x975ff608,0x97600000)
  to   space 43520K, 0% used [0x9b900000,0x9b900000,0x9e380000)
 ParOldGen       total 83200K, used 75179K [0x67000000, 0x6c140000, 0x91ac0000)
  object space 83200K, 90% used [0x67000000,0x6b96acf8,0x6c140000)
 Metaspace       used 3380K, capacity 3516K, committed 3608K, reserved 4400K
Event: 7.811 GC heap after
Heap after GC invocations=10 (full 3):
 PSYoungGen      total 93440K, used 0K [0x91ac0000, 0x9e380000, 0xa7000000)
  eden space 70144K, 0% used [0x91ac0000,0x91ac0000,0x95f40000)
  from space 23296K, 0% used [0x95f40000,0x95f40000,0x97600000)
  to   space 43520K, 0% used [0x9b900000,0x9b900000,0x9e380000)
 ParOldGen       total 104448K, used 50209K [0x67000000, 0x6d600000, 0x91ac0000)
  object space 104448K, 48% used [0x67000000,0x6a108568,0x6d600000)
 Metaspace       used 3380K, capacity 3516K, committed 3608K, reserved 4400K
}
Event: 10.066 GC heap before
{Heap before GC invocations=11 (full 3):
 PSYoungGen      total 93440K, used 70144K [0x91ac0000, 0x9e380000, 0xa7000000)
  eden space 70144K, 100% used [0x91ac0000,0x95f40000,0x95f40000)
  from space 23296K, 0% used [0x95f40000,0x95f40000,0x97600000)
  to   space 43520K, 0% used [0x9b900000,0x9b900000,0x9e380000)
 ParOldGen       total 104448K, used 50209K [0x67000000, 0x6d600000, 0x91ac0000)
  object space 104448K, 48% used [0x67000000,0x6a108568,0x6d600000)
 Metaspace       used 3457K, capacity 3580K, committed 3608K, reserved 4400K
Event: 10.146 GC heap after
Heap after GC invocations=11 (full 3):
 PSYoungGen      total 159744K, used 28998K [0x91ac0000, 0x9e440000, 0xa7000000)
  eden space 116224K, 0% used [0x91ac0000,0x91ac0000,0x98c40000)
  from space 43520K, 66% used [0x9b900000,0x9d551800,0x9e380000)
  to   space 45056K, 0% used [0x98c40000,0x98c40000,0x9b840000)
 ParOldGen       total 104448K, used 50213K [0x67000000, 0x6d600000, 0x91ac0000)
  object space 104448K, 48% used [0x67000000,0x6a109568,0x6d600000)
 Metaspace       used 3457K, capacity 3580K, committed 3608K, reserved 4400K
}
Event: 12.245 GC heap before
{Heap before GC invocations=12 (full 3):
 PSYoungGen      total 159744K, used 145222K [0x91ac0000, 0x9e440000, 0xa7000000)
  eden space 116224K, 100% used [0x91ac0000,0x98c40000,0x98c40000)
  from space 43520K, 66% used [0x9b900000,0x9d551800,0x9e380000)
  to   space 45056K, 0% used [0x98c40000,0x98c40000,0x9b840000)
 ParOldGen       total 104448K, used 50213K [0x67000000, 0x6d600000, 0x91ac0000)
  object space 104448K, 48% used [0x67000000,0x6a109568,0x6d600000)
 Metaspace       used 3464K, capacity 3580K, committed 3608K, reserved 4400K

Deoptimization events (10 events):
Event: 4.660 Thread 0xb6506800 Uncommon trap: reason=bimorphic action=maybe_recompile pc=0xa77ba500 method=com.android.dx.rop.code.RegisterSpec.equals(ILcom/android/dx/rop/type/TypeBearer;Lcom/android/dx/rop/code/LocalItem;)Z @ 13
Event: 4.660 Thread 0xb6506800 Uncommon trap: reason=bimorphic action=maybe_recompile pc=0xa77ba500 method=com.android.dx.rop.code.RegisterSpec.equals(ILcom/android/dx/rop/type/TypeBearer;Lcom/android/dx/rop/code/LocalItem;)Z @ 13
Event: 4.660 Thread 0xb6506800 Uncommon trap: reason=bimorphic action=maybe_recompile pc=0xa77ba500 method=com.android.dx.rop.code.RegisterSpec.equals(ILcom/android/dx/rop/type/TypeBearer;Lcom/android/dx/rop/code/LocalItem;)Z @ 13
Event: 4.710 Thread 0xb6506800 Uncommon trap: reason=bimorphic action=maybe_recompile pc=0xa77ba500 method=com.android.dx.rop.code.RegisterSpec.equals(ILcom/android/dx/rop/type/TypeBearer;Lcom/android/dx/rop/code/LocalItem;)Z @ 13
Event: 5.006 Thread 0xb6506800 Uncommon trap: reason=unreached action=reinterpret pc=0xa78629b8 method=com.android.dx.rop.code.RegisterSpec.hashCodeOf(ILcom/android/dx/rop/type/TypeBearer;Lcom/android/dx/rop/code/LocalItem;)I @ 1
Event: 8.151 Thread 0xb6506800 Uncommon trap: reason=unreached action=reinterpret pc=0xa7980e78 method=com.android.dx.cf.code.BasicBlocker.visitConstant(IIILcom/android/dx/rop/cst/Constant;I)V @ 20
Event: 8.254 Thread 0xb6506800 Uncommon trap: reason=class_check action=maybe_recompile pc=0xa78eb8dc method=com.android.dx.ssa.NormalSsaInsn.accept(Lcom/android/dx/ssa/SsaInsn$Visitor;)V @ 9
Event: 8.254 Thread 0xb6506800 Uncommon trap: reason=class_check action=maybe_recompile pc=0xa78eb8dc method=com.android.dx.ssa.NormalSsaInsn.accept(Lcom/android/dx/ssa/SsaInsn$Visitor;)V @ 9
Event: 8.254 Thread 0xb6506800 Uncommon trap: reason=class_check action=maybe_recompile pc=0xa78eb8dc method=com.android.dx.ssa.NormalSsaInsn.accept(Lcom/android/dx/ssa/SsaInsn$Visitor;)V @ 9
Event: 8.254 Thread 0xb6506800 Uncommon trap: reason=class_check action=maybe_recompile pc=0xa78eb8dc method=com.android.dx.ssa.NormalSsaInsn.accept(Lcom/android/dx/ssa/SsaInsn$Visitor;)V @ 9

Internal exceptions (10 events):
Event: 4.422 Thread 0xb6506800 Exception <a 'java/security/PrivilegedActionException'> (0x9283ba90) thrown at [/HUDSON/workspace/8-2-build-linux-i586/jdk8u20/1074/hotspot/src/share/vm/prims/jvm.cpp, line 1275]
Event: 4.426 Thread 0xb6506800 Exception <a 'java/security/PrivilegedActionException'> (0x9283e720) thrown at [/HUDSON/workspace/8-2-build-linux-i586/jdk8u20/1074/hotspot/src/share/vm/prims/jvm.cpp, line 1275]
Event: 4.426 Thread 0xb6506800 Exception <a 'java/security/PrivilegedActionException'> (0x92841c98) thrown at [/HUDSON/workspace/8-2-build-linux-i586/jdk8u20/1074/hotspot/src/share/vm/prims/jvm.cpp, line 1275]
Event: 4.427 Thread 0xb6506800 Exception <a 'java/security/PrivilegedActionException'> (0x92843d08) thrown at [/HUDSON/workspace/8-2-build-linux-i586/jdk8u20/1074/hotspot/src/share/vm/prims/jvm.cpp, line 1275]
Event: 4.429 Thread 0xb6506800 Exception <a 'java/security/PrivilegedActionException'> (0x9284d098) thrown at [/HUDSON/workspace/8-2-build-linux-i586/jdk8u20/1074/hotspot/src/share/vm/prims/jvm.cpp, line 1275]
Event: 4.519 Thread 0xb6506800 Exception <a 'java/security/PrivilegedActionException'> (0x929f5518) thrown at [/HUDSON/workspace/8-2-build-linux-i586/jdk8u20/1074/hotspot/src/share/vm/prims/jvm.cpp, line 1275]
Event: 4.541 Thread 0xb6506800 Exception <a 'java/security/PrivilegedActionException'> (0x92a4aa38) thrown at [/HUDSON/workspace/8-2-build-linux-i586/jdk8u20/1074/hotspot/src/share/vm/prims/jvm.cpp, line 1275]
Event: 8.162 Thread 0xb6506800 Exception <a 'java/security/PrivilegedActionException'> (0x93e56770) thrown at [/HUDSON/workspace/8-2-build-linux-i586/jdk8u20/1074/hotspot/src/share/vm/prims/jvm.cpp, line 1275]
Event: 8.218 Thread 0xb6506800 Exception <a 'java/security/PrivilegedActionException'> (0x940db560) thrown at [/HUDSON/workspace/8-2-build-linux-i586/jdk8u20/1074/hotspot/src/share/vm/prims/jvm.cpp, line 1275]
Event: 8.226 Thread 0xb6506800 Exception <a 'java/security/PrivilegedActionException'> (0x940e0d48) thrown at [/HUDSON/workspace/8-2-build-linux-i586/jdk8u20/1074/hotspot/src/share/vm/prims/jvm.cpp, line 1275]

Events (10 events):
Event: 10.705 Thread 0xb6506800 DEOPT UNPACKING pc=0xa753c310 sp=0xb66f75ac mode 0
Event: 10.710 Thread 0xb6506800 DEOPT PACKING pc=0xa79eb78f sp=0xb66f79e0
Event: 10.710 Thread 0xb6506800 DEOPT UNPACKING pc=0xa753c310 sp=0xb66f7888 mode 0
Event: 10.736 Thread 0xb6506800 DEOPT PACKING pc=0xa78cfd6f sp=0xb66f7a80
Event: 10.736 Thread 0xb6506800 DEOPT UNPACKING pc=0xa753c310 sp=0xb66f790c mode 0
Event: 12.226 Thread 0xb6506800 DEOPT PACKING pc=0xa79ed5b4 sp=0xb66f7960
Event: 12.226 Thread 0xb6506800 DEOPT UNPACKING pc=0xa753c310 sp=0xb66f7854 mode 0
Event: 12.228 Thread 0xb6506800 DEOPT PACKING pc=0xa7a0fa1e sp=0xb66f7a00
Event: 12.228 Thread 0xb6506800 DEOPT UNPACKING pc=0xa753c310 sp=0xb66f78d4 mode 0
Event: 12.245 Executing VM operation: ParallelGCFailedAllocation


Dynamic libraries:
08048000-08049000 r-xp 00000000 08:02 663210     /opt/java/bin/java
08049000-0804a000 rw-p 00000000 08:02 663210     /opt/java/bin/java
08d10000-09547000 rw-p 00000000 00:00 0          [heap]
63300000-63329000 rw-p 00000000 00:00 0 
63329000-63400000 ---p 00000000 00:00 0 
63500000-635fd000 rw-p 00000000 00:00 0 
635fd000-63600000 ---p 00000000 00:00 0 
63600000-63698000 rw-p 00000000 00:00 0 
63698000-63700000 ---p 00000000 00:00 0 
63700000-637fb000 rw-p 00000000 00:00 0 
637fb000-63800000 ---p 00000000 00:00 0 
638fc000-63952000 r--s 00303000 08:03 4063624    /home/mjt/AndroidStudioProjects/phonethings/app/build/intermediates/exploded-aar/com.google.android.gms/play-services/6.5.87/classes.jar
63952000-63953000 ---p 00000000 00:00 0 
63953000-639d3000 rw-p 00000000 00:00 0          [stack:8930]
639d3000-639d6000 ---p 00000000 00:00 0 
639d6000-63a24000 rw-p 00000000 00:00 0          [stack:8929]
63a24000-63a27000 ---p 00000000 00:00 0 
63a27000-63aa5000 rw-p 00000000 00:00 0          [stack:8928]
63aa5000-63aa8000 ---p 00000000 00:00 0 
63aa8000-63b26000 rw-p 00000000 00:00 0          [stack:8927]
63b26000-63b29000 ---p 00000000 00:00 0 
63b29000-63b77000 rw-p 00000000 00:00 0          [stack:8926]
63b77000-63d00000 r--p 00000000 08:02 527857     /usr/lib/locale/locale-archive
63d00000-63e00000 rw-p 00000000 00:00 0 
63e3c000-63e3f000 ---p 00000000 00:00 0 
63e3f000-63e8d000 rw-p 00000000 00:00 0          [stack:8920]
63e8d000-63e90000 ---p 00000000 00:00 0 
63e90000-63ede000 rw-p 00000000 00:00 0          [stack:8918]
63ede000-640b4000 r--s 03ca8000 08:02 682527     /opt/java/jre/lib/rt.jar
640b4000-6443a000 rw-p 00000000 00:00 0 
6443a000-64500000 ---p 00000000 00:00 0 
64500000-66900000 rw-p 00000000 00:00 0 
66900000-669ff000 rw-p 00000000 00:00 0 
669ff000-66a00000 ---p 00000000 00:00 0 
66a30000-66a31000 ---p 00000000 00:00 0 
66a31000-66b00000 rw-p 00000000 00:00 0          [stack:8916]
66b00000-66b21000 rw-p 00000000 00:00 0 
66b21000-66c00000 ---p 00000000 00:00 0 
66c4e000-66cdc000 rw-p 00000000 00:00 0 
66cdc000-66dff000 ---p 00000000 00:00 0 
66dff000-66e32000 rw-p 00000000 00:00 0 
66e32000-66f54000 ---p 00000000 00:00 0 
66f54000-66fba000 rw-p 00000000 00:00 0 
66fba000-66fff000 ---p 00000000 00:00 0 
66fff000-6d600000 rw-p 00000000 00:00 0 
6d600000-91ac0000 ---p 00000000 00:00 0 
91ac0000-9e440000 rw-p 00000000 00:00 0 
a16c0000-a7000000 ---p 00000000 00:00 0 
a703e000-a703f000 ---p 00000000 00:00 0 
a703f000-a70bf000 rw-p 00000000 00:00 0          [stack:8914]
a70bf000-a70c0000 ---p 00000000 00:00 0 
a70c0000-a7159000 rw-p 00000000 00:00 0          [stack:8913]
a7159000-a7500000 ---p 00000000 00:00 0 
a7500000-a7b08000 rwxp 00000000 00:00 0 
a7b08000-b6500000 ---p 00000000 00:00 0 
b6500000-b65f5000 rw-p 00000000 00:00 0 
b65f5000-b6600000 ---p 00000000 00:00 0 
b6632000-b6640000 r--s 000b4000 08:02 807490     /opt/android-sdk/build-tools/20/lib/dx.jar
b6640000-b6658000 rw-p 00000000 00:00 0 
b6658000-b6671000 r-xp 00000000 08:02 682788     /opt/java/jre/lib/i386/libzip.so
b6671000-b6672000 rw-p 00018000 08:02 682788     /opt/java/jre/lib/i386/libzip.so
b6672000-b667a000 rw-s 00000000 00:1d 9920905    /tmp/hsperfdata_mjt/8904
b667a000-b669e000 r-xp 00000000 08:02 682806     /opt/java/jre/lib/i386/libjava.so
b669e000-b669f000 rw-p 00023000 08:02 682806     /opt/java/jre/lib/i386/libjava.so
b669f000-b66a6000 r-xp 00000000 08:02 527470     /usr/lib/librt-2.20.so
b66a6000-b66a7000 r--p 00007000 08:02 527470     /usr/lib/librt-2.20.so
b66a7000-b66a8000 rw-p 00008000 08:02 527470     /usr/lib/librt-2.20.so
b66a8000-b66ab000 ---p 00000000 00:00 0 
b66ab000-b66f9000 rw-p 00000000 00:00 0          [stack:8912]
b66f9000-b6744000 r-xp 00000000 08:02 527458     /usr/lib/libm-2.20.so
b6744000-b6745000 r--p 0004a000 08:02 527458     /usr/lib/libm-2.20.so
b6745000-b6746000 rw-p 0004b000 08:02 527458     /usr/lib/libm-2.20.so
b6746000-b7080000 r-xp 00000000 08:02 682826     /opt/java/jre/lib/i386/server/libjvm.so
b7080000-b70ec000 rw-p 00939000 08:02 682826     /opt/java/jre/lib/i386/server/libjvm.so
b70ec000-b7512000 rw-p 00000000 00:00 0 
b7512000-b76c3000 r-xp 00000000 08:02 527459     /usr/lib/libc-2.20.so
b76c3000-b76c6000 r--p 001b0000 08:02 527459     /usr/lib/libc-2.20.so
b76c6000-b76c8000 rw-p 001b3000 08:02 527459     /usr/lib/libc-2.20.so
b76c8000-b76ca000 rw-p 00000000 00:00 0 
b76ca000-b76cd000 r-xp 00000000 08:02 527433     /usr/lib/libdl-2.20.so
b76cd000-b76ce000 r--p 00002000 08:02 527433     /usr/lib/libdl-2.20.so
b76ce000-b76cf000 rw-p 00003000 08:02 527433     /usr/lib/libdl-2.20.so
b76cf000-b76e3000 r-xp 00000000 08:02 682962     /opt/java/lib/i386/jli/libjli.so
b76e3000-b76e4000 rw-p 00013000 08:02 682962     /opt/java/lib/i386/jli/libjli.so
b76e4000-b76fc000 r-xp 00000000 08:02 527440     /usr/lib/libpthread-2.20.so
b76fc000-b76fd000 r--p 00017000 08:02 527440     /usr/lib/libpthread-2.20.so
b76fd000-b76fe000 rw-p 00018000 08:02 527440     /usr/lib/libpthread-2.20.so
b76fe000-b7700000 rw-p 00000000 00:00 0 
b7702000-b7704000 rw-p 00000000 00:00 0 
b7704000-b7710000 r-xp 00000000 08:02 527435     /usr/lib/libnss_files-2.20.so
b7710000-b7711000 r--p 0000b000 08:02 527435     /usr/lib/libnss_files-2.20.so
b7711000-b7712000 rw-p 0000c000 08:02 527435     /usr/lib/libnss_files-2.20.so
b7712000-b7713000 rw-p 00000000 00:00 0 
b7713000-b7714000 ---p 00000000 00:00 0 
b7714000-b771f000 r-xp 00000000 08:02 682800     /opt/java/jre/lib/i386/libverify.so
b771f000-b7720000 rw-p 0000b000 08:02 682800     /opt/java/jre/lib/i386/libverify.so
b7720000-b7722000 r--p 00000000 00:00 0          [vvar]
b7722000-b7724000 r-xp 00000000 00:00 0          [vdso]
b7724000-b7745000 r-xp 00000000 08:02 527437     /usr/lib/ld-2.20.so
b7745000-b7746000 rw-p 00000000 00:00 0 
b7746000-b7747000 r--p 00021000 08:02 527437     /usr/lib/ld-2.20.so
b7747000-b7748000 rw-p 00022000 08:02 527437     /usr/lib/ld-2.20.so
bf80e000-bf80f000 rwxp 00000000 00:00 0 
bf841000-bf862000 rw-p 00000000 00:00 0          [stack]

VM Arguments:
jvm_args: -Xmx1024M 
java_command: /opt/android-sdk/build-tools/20/lib/dx.jar --dex --output /home/mjt/AndroidStudioProjects/phonethings/app/build/intermediates/pre-dexed/debug/classes-b72443867d500556c692547f242202d7775fea63.jar /home/mjt/AndroidStudioProjects/phonethings/app/build/intermediates/exploded-aar/com.google.android.gms/play-services/6.5.87/classes.jar
java_class_path (initial): /opt/android-sdk/build-tools/20/lib/dx.jar
Launcher Type: SUN_STANDARD

Environment Variables:
JAVA_HOME=/opt/java
CLASSPATH=/opt/android-studio/bin/../lib/bootstrap.jar:/opt/android-studio/bin/../lib/extensions.jar:/opt/android-studio/bin/../lib/util.jar:/opt/android-studio/bin/../lib/jdom.jar:/opt/android-studio/bin/../lib/log4j.jar:/opt/android-studio/bin/../lib/trove4j.jar:/opt/android-studio/bin/../lib/jna.jar:/opt/java/lib/tools.jar
PATH=/usr/local/sbin:/usr/local/bin:/usr/bin:/opt/android-sdk/platform-tools:/opt/android-sdk/tools:/opt/java/bin:/opt/java/db/bin:/opt/java/jre/bin:/usr/bin/site_perl:/usr/bin/vendor_perl:/usr/bin/core_perl
LD_LIBRARY_PATH=/opt/android-studio/bin:
SHELL=/bin/bash
DISPLAY=:0.0

Signal Handlers:
SIGSEGV: [libjvm.so+0x891f70], sa_mask[0]=11111111011111111101111111111110, sa_flags=SA_RESTART|SA_SIGINFO
SIGBUS: [libjvm.so+0x891f70], sa_mask[0]=11111111011111111101111111111110, sa_flags=SA_RESTART|SA_SIGINFO
SIGFPE: [libjvm.so+0x71d8e0], sa_mask[0]=11111111011111111101111111111110, sa_flags=SA_RESTART|SA_SIGINFO
SIGPIPE: [libjvm.so+0x71d8e0], sa_mask[0]=11111111011111111101111111111110, sa_flags=SA_RESTART|SA_SIGINFO
SIGXFSZ: [libjvm.so+0x71d8e0], sa_mask[0]=11111111011111111101111111111110, sa_flags=SA_RESTART|SA_SIGINFO
SIGILL: [libjvm.so+0x71d8e0], sa_mask[0]=11111111011111111101111111111110, sa_flags=SA_RESTART|SA_SIGINFO
SIGUSR1: SIG_DFL, sa_mask[0]=00000000000000000000000000000000, sa_flags=none
SIGUSR2: [libjvm.so+0x71f090], sa_mask[0]=00100000000000000000000000000000, sa_flags=SA_RESTART|SA_SIGINFO
SIGHUP: [libjvm.so+0x720590], sa_mask[0]=11111111011111111101111111111110, sa_flags=SA_RESTART|SA_SIGINFO
SIGINT: [libjvm.so+0x720590], sa_mask[0]=11111111011111111101111111111110, sa_flags=SA_RESTART|SA_SIGINFO
SIGTERM: [libjvm.so+0x720590], sa_mask[0]=11111111011111111101111111111110, sa_flags=SA_RESTART|SA_SIGINFO
SIGQUIT: [libjvm.so+0x720590], sa_mask[0]=11111111011111111101111111111110, sa_flags=SA_RESTART|SA_SIGINFO


---------------  S Y S T E M  ---------------

OS:NAME="Arch Linux"
ID=arch
PRETTY_NAME="Arch Linux"
ANSI_COLOR="0;36"
HOME_URL="https://www.archlinux.org/"
SUPPORT_URL="https://bbs.archlinux.org/"
BUG_REPORT_URL="https://bugs.archlinux.org/"


uname:Linux 3.17.2-1-ARCH #1 SMP PREEMPT Thu Oct 30 20:31:16 CET 2014 i686
libc:glibc 2.20 NPTL 2.20 
rlimit: STACK 8192k, CORE 0k, NPROC 22165, NOFILE 4096, AS infinity
load average:4.19 3.16 2.07

/proc/meminfo:
MemTotal:        2841788 kB
MemFree:          166416 kB
MemAvailable:     116684 kB
Buffers:             716 kB
Cached:            80864 kB
SwapCached:            0 kB
Active:          2512292 kB
Inactive:          36780 kB
Active(anon):    2494476 kB
Inactive(anon):    16348 kB
Active(file):      17816 kB
Inactive(file):    20432 kB
Unevictable:         132 kB
Mlocked:             132 kB
HighTotal:       1969452 kB
HighFree:          47092 kB
LowTotal:         872336 kB
LowFree:          119324 kB
SwapTotal:             0 kB
SwapFree:              0 kB
Dirty:              1140 kB
Writeback:             0 kB
AnonPages:       2467896 kB
Mapped:            48140 kB
Shmem:             43060 kB
Slab:              34216 kB
SReclaimable:      20764 kB
SUnreclaim:        13452 kB
KernelStack:        2872 kB
PageTables:         6024 kB
NFS_Unstable:          0 kB
Bounce:                0 kB
WritebackTmp:          0 kB
CommitLimit:     1420892 kB
Committed_AS:    4289624 kB
VmallocTotal:     122880 kB
VmallocUsed:       24896 kB
VmallocChunk:      60796 kB
HardwareCorrupted:     0 kB
AnonHugePages:    884736 kB
HugePages_Total:       0
HugePages_Free:        0
HugePages_Rsvd:        0
HugePages_Surp:        0
Hugepagesize:       4096 kB
DirectMap4k:       40952 kB
DirectMap4M:      868352 kB


CPU:total 2 (2 cores per cpu, 1 threads per core) family 16 model 6 stepping 3, cmov, cx8, fxsr, mmx, sse, sse2, sse3, popcnt, mmxext, 3dnowpref, lzcnt, tsc, tscinvbit, tscinv

/proc/cpuinfo:
processor	: 0
vendor_id	: AuthenticAMD
cpu family	: 16
model		: 6
model name	: AMD Athlon(tm) II P340 Dual-Core Processor
stepping	: 3
microcode	: 0x10000c8
cpu MHz		: 1600.000
cache size	: 512 KB
physical id	: 0
siblings	: 2
core id		: 0
cpu cores	: 2
apicid		: 0
initial apicid	: 0
fdiv_bug	: no
f00f_bug	: no
coma_bug	: no
fpu		: yes
fpu_exception	: yes
cpuid level	: 5
wp		: yes
flags		: fpu vme de pse tsc msr pae mce cx8 apic sep mtrr pge mca cmov pat pse36 clflush mmx fxsr sse sse2 ht syscall nx mmxext fxsr_opt pdpe1gb rdtscp lm 3dnowext 3dnow constant_tsc rep_good nonstop_tsc extd_apicid pni monitor cx16 popcnt lahf_lm cmp_legacy svm extapic cr8_legacy abm sse4a 3dnowprefetch osvw ibs skinit wdt nodeid_msr hw_pstate npt lbrv svm_lock nrip_save
bugs		: tlb_mmatch apic_c1e fxsave_leak
bogomips	: 4390.81
clflush size	: 64
cache_alignment	: 64
address sizes	: 48 bits physical, 48 bits virtual
power management: ts ttp tm stc 100mhzsteps hwpstate

processor	: 1
vendor_id	: AuthenticAMD
cpu family	: 16
model		: 6
model name	: AMD Athlon(tm) II P340 Dual-Core Processor
stepping	: 3
microcode	: 0x10000c8
cpu MHz		: 800.000
cache size	: 512 KB
physical id	: 0
siblings	: 2
core id		: 1
cpu cores	: 2
apicid		: 1
initial apicid	: 1
fdiv_bug	: no
f00f_bug	: no
coma_bug	: no
fpu		: yes
fpu_exception	: yes
cpuid level	: 5
wp		: yes
flags		: fpu vme de pse tsc msr pae mce cx8 apic sep mtrr pge mca cmov pat pse36 clflush mmx fxsr sse sse2 ht syscall nx mmxext fxsr_opt pdpe1gb rdtscp lm 3dnowext 3dnow constant_tsc rep_good nonstop_tsc extd_apicid pni monitor cx16 popcnt lahf_lm cmp_legacy svm extapic cr8_legacy abm sse4a 3dnowprefetch osvw ibs skinit wdt nodeid_msr hw_pstate npt lbrv svm_lock nrip_save
bugs		: tlb_mmatch apic_c1e fxsave_leak
bogomips	: 4390.81
clflush size	: 64
cache_alignment	: 64
address sizes	: 48 bits physical, 48 bits virtual
power management: ts ttp tm stc 100mhzsteps hwpstate



Memory: 4k page, physical 2841788k(166416k free), swap 0k(0k free)

vm_info: Java HotSpot(TM) Server VM (25.20-b23) for linux-x86 JRE (1.8.0_20-b26), built on Jul 30 2014 13:29:53 by "java_re" with gcc 4.3.0 20080428 (Red Hat 4.3.0-8)

time: Thu Dec 18 22:58:56 2014
elapsed time: 13 seconds (0d 0h 0m 13s)

