#
# There is insufficient memory for the Java Runtime Environment to continue.
# Native memory allocation (mmap) failed to map 74973184 bytes for committing reserved memory.
# Possible reasons:
#   The system is out of physical RAM or swap space
#   In 32 bit mode, the process size limit was hit
# Possible solutions:
#   Reduce memory load on the system
#   Increase physical memory or swap space
#   Check if swap backing store is full
#   Use 64 bit Java on a 64 bit OS
#   Decrease Java heap size (-Xmx/-Xms)
#   Decrease number of Java threads
#   Decrease Java thread stack sizes (-Xss)
#   Set larger code cache with -XX:ReservedCodeCacheSize=
# This output file may be truncated or incomplete.
#
#  Out of Memory Error (os_linux.cpp:2671), pid=23283, tid=1722485568
#
# JRE version: Java(TM) SE Runtime Environment (8.0_20-b26) (build 1.8.0_20-b26)
# Java VM: Java HotSpot(TM) Server VM (25.20-b23 mixed mode linux-x86 )
# Failed to write core dump. Core dumps have been disabled. To enable core dumping, try "ulimit -c unlimited" before starting Java again
#

---------------  T H R E A D  ---------------

Current thread (0x63d10400):  VMThread [stack: 0x66a30000,0x66ab1000] [id=23294]

Stack: [0x66a30000,0x66ab1000],  sp=0x66aaf9c0,  free space=510k
Native frames: (J=compiled Java code, j=interpreted, Vv=VM code, C=native code)
V  [libjvm.so+0x891489]
V  [libjvm.so+0x3751d5]
V  [libjvm.so+0x720b46]
V  [libjvm.so+0x720f68]
V  [libjvm.so+0x71a93c]
V  [libjvm.so+0x782538]
V  [libjvm.so+0x78363a]
V  [libjvm.so+0x782969]
V  [libjvm.so+0x78029b]
V  [libjvm.so+0x780a58]
V  [libjvm.so+0x7411da]
V  [libjvm.so+0x892bda]
V  [libjvm.so+0x89bd37]
V  [libjvm.so+0x899e03]
V  [libjvm.so+0x89a1a0]
V  [libjvm.so+0x89a605]
V  [libjvm.so+0x723509]
C  [libpthread.so.0+0x61a6]  start_thread+0xd6

VM_Operation (0xb66c8a14): ParallelGCFailedAllocation, mode: safepoint, requested by thread 0xb6506c00


---------------  P R O C E S S  ---------------

Java Threads: ( => current thread )
  0x63d3a000 JavaThread "Service Thread" daemon [_thread_blocked, id=23300, stack(0x639d3000,0x63a24000)]
  0x63d37000 JavaThread "C1 CompilerThread1" daemon [_thread_blocked, id=23299, stack(0x63a24000,0x63aa5000)]
  0x63d35000 JavaThread "C2 CompilerThread0" daemon [_thread_blocked, id=23298, stack(0x63aa5000,0x63b26000)]
  0x63d33800 JavaThread "Signal Dispatcher" daemon [_thread_blocked, id=23297, stack(0x63b26000,0x63b77000)]
  0x63d15c00 JavaThread "Finalizer" daemon [_thread_blocked, id=23296, stack(0x63e3c000,0x63e8d000)]
  0x63d14400 JavaThread "Reference Handler" daemon [_thread_blocked, id=23295, stack(0x63e8d000,0x63ede000)]
  0xb6506c00 JavaThread "main" [_thread_blocked, id=23291, stack(0xb6679000,0xb66ca000)]

Other Threads:
=>0x63d10400 VMThread [stack: 0x66a30000,0x66ab1000] [id=23294]
  0x63d3bc00 WatcherThread [stack: 0x63952000,0x639d3000] [id=23301]

VM state:at safepoint (normal execution)

VM Mutex/Monitor currently owned by a thread:  ([mutex/lock_event])
[0xb6505070] Threads_lock - owner thread: 0x63d10400
[0xb6505480] Heap_lock - owner thread: 0xb6506c00

Heap:
 PSYoungGen      total 46848K, used 1788K [0x91ac0000, 0x94a40000, 0xa7000000)
  eden space 45056K, 0% used [0x91ac0000,0x91ac0000,0x946c0000)
  from space 1792K, 99% used [0x946c0000,0x9487f018,0x94880000)
  to   space 1792K, 0% used [0x94880000,0x94880000,0x94a40000)
 ParOldGen       total 30208K, used 28667K [0x67000000, 0x68d80000, 0x91ac0000)
  object space 30208K, 94% used [0x67000000,0x68bfeef0,0x68d80000)
 Metaspace       used 4326K, capacity 4356K, committed 4376K, reserved 4400K

Card table byte_map: [0x66dff000,0x67000000] byte_map_base: 0x66ac7000

Marking Bits: (ParMarkBitMap*) 0xb70cd380
 Begin Bits: [0x64900000, 0x65900000)
 End Bits:   [0x65900000, 0x66900000)

Polling page: 0xb76e4000

CodeCache: size=245760Kb used=4306Kb max_used=4306Kb free=241453Kb
 bounds [0xa7500000, 0xa7938000, 0xb6500000]
 total_blobs=1953 nmethods=1782 adapters=86
 compilation: enabled

Compilation events (10 events):
Event: 4.523 Thread 0x63d37000 1843       3       com.android.dex.Dex$Section::readFields (51 bytes)
Event: 4.523 Thread 0x63d37000 nmethod 1843 0xa7932a88 code [0xa7932c00, 0xa79331b8]
Event: 4.523 Thread 0x63d37000 1844 %     3       com.android.dx.merge.DexMerger::transformFields @ 13 (71 bytes)
Event: 4.524 Thread 0x63d37000 nmethod 1844% 0xa79334c8 code [0xa7933620, 0xa7933ab8]
Event: 4.524 Thread 0x63d37000 1845       3       com.android.dx.merge.DexMerger::transformFields (71 bytes)
Event: 4.525 Thread 0x63d37000 nmethod 1845 0xa7933ec8 code [0xa7934020, 0xa7934418]
Event: 4.535 Thread 0x63d37000 1847       2       com.android.dx.io.instructions.InstructionCodec$33::decode (99 bytes)
Event: 4.537 Thread 0x63d37000 nmethod 1847 0xa7934748 code [0xa7934980, 0xa7935240]
Event: 4.537 Thread 0x63d37000 1848       2       com.android.dx.io.instructions.InstructionCodec$33::encode (131 bytes)
Event: 4.538 Thread 0x63d37000 nmethod 1848 0xa7935e88 code [0xa7936000, 0xa79364c4]

GC Heap History (9 events):
Event: 2.038 GC heap before
{Heap before GC invocations=1 (full 0):
 PSYoungGen      total 13056K, used 11264K [0x91ac0000, 0x92940000, 0xa7000000)
  eden space 11264K, 100% used [0x91ac0000,0x925c0000,0x925c0000)
  from space 1792K, 0% used [0x92780000,0x92780000,0x92940000)
  to   space 1792K, 0% used [0x925c0000,0x925c0000,0x92780000)
 ParOldGen       total 30208K, used 0K [0x67000000, 0x68d80000, 0x91ac0000)
  object space 30208K, 0% used [0x67000000,0x67000000,0x68d80000)
 Metaspace       used 3228K, capacity 3388K, committed 3480K, reserved 4400K
Event: 2.063 GC heap after
Heap after GC invocations=1 (full 0):
 PSYoungGen      total 13056K, used 1789K [0x91ac0000, 0x93440000, 0xa7000000)
  eden space 11264K, 0% used [0x91ac0000,0x91ac0000,0x925c0000)
  from space 1792K, 99% used [0x925c0000,0x9277f468,0x92780000)
  to   space 1792K, 0% used [0x93280000,0x93280000,0x93440000)
 ParOldGen       total 30208K, used 1403K [0x67000000, 0x68d80000, 0x91ac0000)
  object space 30208K, 4% used [0x67000000,0x6715efb8,0x68d80000)
 Metaspace       used 3228K, capacity 3388K, committed 3480K, reserved 4400K
}
Event: 2.622 GC heap before
{Heap before GC invocations=2 (full 0):
 PSYoungGen      total 13056K, used 12983K [0x91ac0000, 0x93440000, 0xa7000000)
  eden space 11264K, 99% used [0x91ac0000,0x925aea18,0x925c0000)
  from space 1792K, 99% used [0x925c0000,0x9277f468,0x92780000)
  to   space 1792K, 0% used [0x93280000,0x93280000,0x93440000)
 ParOldGen       total 30208K, used 1403K [0x67000000, 0x68d80000, 0x91ac0000)
  object space 30208K, 4% used [0x67000000,0x6715efb8,0x68d80000)
 Metaspace       used 3316K, capacity 3452K, committed 3480K, reserved 4400K
Event: 2.676 GC heap after
Heap after GC invocations=2 (full 0):
 PSYoungGen      total 24320K, used 1790K [0x91ac0000, 0x93440000, 0xa7000000)
  eden space 22528K, 0% used [0x91ac0000,0x91ac0000,0x930c0000)
  from space 1792K, 99% used [0x93280000,0x9343fa58,0x93440000)
  to   space 1792K, 0% used [0x930c0000,0x930c0000,0x93280000)
 ParOldGen       total 30208K, used 3997K [0x67000000, 0x68d80000, 0x91ac0000)
  object space 30208K, 13% used [0x67000000,0x673e7638,0x68d80000)
 Metaspace       used 3316K, capacity 3452K, committed 3480K, reserved 4400K
}
Event: 3.849 GC heap before
{Heap before GC invocations=3 (full 0):
 PSYoungGen      total 24320K, used 24318K [0x91ac0000, 0x93440000, 0xa7000000)
  eden space 22528K, 100% used [0x91ac0000,0x930c0000,0x930c0000)
  from space 1792K, 99% used [0x93280000,0x9343fa58,0x93440000)
  to   space 1792K, 0% used [0x930c0000,0x930c0000,0x93280000)
 ParOldGen       total 30208K, used 3997K [0x67000000, 0x68d80000, 0x91ac0000)
  object space 30208K, 13% used [0x67000000,0x673e7638,0x68d80000)
 Metaspace       used 4275K, capacity 4324K, committed 4376K, reserved 4400K
Event: 3.876 GC heap after
Heap after GC invocations=3 (full 0):
 PSYoungGen      total 24320K, used 1786K [0x91ac0000, 0x94a40000, 0xa7000000)
  eden space 22528K, 0% used [0x91ac0000,0x91ac0000,0x930c0000)
  from space 1792K, 99% used [0x930c0000,0x9327ea30,0x93280000)
  to   space 1792K, 0% used [0x94880000,0x94880000,0x94a40000)
 ParOldGen       total 30208K, used 9609K [0x67000000, 0x68d80000, 0x91ac0000)
  object space 30208K, 31% used [0x67000000,0x679624b0,0x68d80000)
 Metaspace       used 4275K, capacity 4324K, committed 4376K, reserved 4400K
}
Event: 4.210 GC heap before
{Heap before GC invocations=4 (full 0):
 PSYoungGen      total 24320K, used 24140K [0x91ac0000, 0x94a40000, 0xa7000000)
  eden space 22528K, 99% used [0x91ac0000,0x93094920,0x930c0000)
  from space 1792K, 99% used [0x930c0000,0x9327ea30,0x93280000)
  to   space 1792K, 0% used [0x94880000,0x94880000,0x94a40000)
 ParOldGen       total 30208K, used 9609K [0x67000000, 0x68d80000, 0x91ac0000)
  object space 30208K, 31% used [0x67000000,0x679624b0,0x68d80000)
 Metaspace       used 4311K, capacity 4356K, committed 4376K, reserved 4400K
Event: 4.227 GC heap after
Heap after GC invocations=4 (full 0):
 PSYoungGen      total 46848K, used 1786K [0x91ac0000, 0x94a40000, 0xa7000000)
  eden space 45056K, 0% used [0x91ac0000,0x91ac0000,0x946c0000)
  from space 1792K, 99% used [0x94880000,0x94a3ea30,0x94a40000)
  to   space 1792K, 0% used [0x946c0000,0x946c0000,0x94880000)
 ParOldGen       total 30208K, used 12357K [0x67000000, 0x68d80000, 0x91ac0000)
  object space 30208K, 40% used [0x67000000,0x67c115b8,0x68d80000)
 Metaspace       used 4311K, capacity 4356K, committed 4376K, reserved 4400K
}
Event: 4.574 GC heap before
{Heap before GC invocations=5 (full 0):
 PSYoungGen      total 46848K, used 46842K [0x91ac0000, 0x94a40000, 0xa7000000)
  eden space 45056K, 100% used [0x91ac0000,0x946c0000,0x946c0000)
  from space 1792K, 99% used [0x94880000,0x94a3ea30,0x94a40000)
  to   space 1792K, 0% used [0x946c0000,0x946c0000,0x94880000)
 ParOldGen       total 30208K, used 12357K [0x67000000, 0x68d80000, 0x91ac0000)
  object space 30208K, 40% used [0x67000000,0x67c115b8,0x68d80000)
 Metaspace       used 4326K, capacity 4356K, committed 4376K, reserved 4400K

Deoptimization events (10 events):
Event: 2.839 Thread 0xb6506c00 Uncommon trap: reason=bimorphic action=maybe_recompile pc=0xa7654470 method=java.util.HashMap.getNode(ILjava/lang/Object;)Ljava/util/HashMap$Node; @ 126
Event: 3.204 Thread 0xb6506c00 Uncommon trap: reason=class_check action=maybe_recompile pc=0xa77dc0bc method=java.util.HashMap.putVal(ILjava/lang/Object;Ljava/lang/Object;ZZ)Ljava/lang/Object; @ 56
Event: 3.204 Thread 0xb6506c00 Uncommon trap: reason=class_check action=maybe_recompile pc=0xa77dc0bc method=java.util.HashMap.putVal(ILjava/lang/Object;Ljava/lang/Object;ZZ)Ljava/lang/Object; @ 56
Event: 3.205 Thread 0xb6506c00 Uncommon trap: reason=class_check action=maybe_recompile pc=0xa77dc0bc method=java.util.HashMap.putVal(ILjava/lang/Object;Ljava/lang/Object;ZZ)Ljava/lang/Object; @ 56
Event: 3.205 Thread 0xb6506c00 Uncommon trap: reason=class_check action=maybe_recompile pc=0xa77dc108 method=java.util.HashMap.putVal(ILjava/lang/Object;Ljava/lang/Object;ZZ)Ljava/lang/Object; @ 152
Event: 3.205 Thread 0xb6506c00 Uncommon trap: reason=class_check action=maybe_recompile pc=0xa77dc108 method=java.util.HashMap.putVal(ILjava/lang/Object;Ljava/lang/Object;ZZ)Ljava/lang/Object; @ 152
Event: 3.385 Thread 0xb6506c00 Uncommon trap: reason=unreached action=reinterpret pc=0xa781d328 method=java.util.HashMap.putVal(ILjava/lang/Object;Ljava/lang/Object;ZZ)Ljava/lang/Object; @ 109
Event: 3.408 Thread 0xb6506c00 Uncommon trap: reason=unreached action=reinterpret pc=0xa77c6ca4 method=java.util.HashMap.getNode(ILjava/lang/Object;)Ljava/util/HashMap$Node; @ 84
Event: 3.465 Thread 0xb6506c00 Uncommon trap: reason=unreached action=reinterpret pc=0xa77b6618 method=java.util.HashMap.getNode(ILjava/lang/Object;)Ljava/util/HashMap$Node; @ 84
Event: 3.816 Thread 0xb6506c00 Uncommon trap: reason=predicate action=maybe_recompile pc=0xa78b3698 method=com.android.dex.Leb128.readUnsignedLeb128(Lcom/android/dex/util/ByteInput;)I @ 41

Internal exceptions (10 events):
Event: 3.443 Thread 0xb6506c00 Exception <a 'java/security/PrivilegedActionException'> (0x929a0e20) thrown at [/HUDSON/workspace/8-2-build-linux-i586/jdk8u20/1074/hotspot/src/share/vm/prims/jvm.cpp, line 1275]
Event: 3.443 Thread 0xb6506c00 Exception <a 'java/security/PrivilegedActionException'> (0x929a37b0) thrown at [/HUDSON/workspace/8-2-build-linux-i586/jdk8u20/1074/hotspot/src/share/vm/prims/jvm.cpp, line 1275]
Event: 3.443 Thread 0xb6506c00 Exception <a 'java/security/PrivilegedActionException'> (0x929a6228) thrown at [/HUDSON/workspace/8-2-build-linux-i586/jdk8u20/1074/hotspot/src/share/vm/prims/jvm.cpp, line 1275]
Event: 3.444 Thread 0xb6506c00 Exception <a 'java/security/PrivilegedActionException'> (0x929a8d40) thrown at [/HUDSON/workspace/8-2-build-linux-i586/jdk8u20/1074/hotspot/src/share/vm/prims/jvm.cpp, line 1275]
Event: 3.453 Thread 0xb6506c00 Exception <a 'java/security/PrivilegedActionException'> (0x929ac210) thrown at [/HUDSON/workspace/8-2-build-linux-i586/jdk8u20/1074/hotspot/src/share/vm/prims/jvm.cpp, line 1275]
Event: 3.457 Thread 0xb6506c00 Exception <a 'java/security/PrivilegedActionException'> (0x929ae878) thrown at [/HUDSON/workspace/8-2-build-linux-i586/jdk8u20/1074/hotspot/src/share/vm/prims/jvm.cpp, line 1275]
Event: 3.458 Thread 0xb6506c00 Exception <a 'java/security/PrivilegedActionException'> (0x929b13b0) thrown at [/HUDSON/workspace/8-2-build-linux-i586/jdk8u20/1074/hotspot/src/share/vm/prims/jvm.cpp, line 1275]
Event: 3.458 Thread 0xb6506c00 Exception <a 'java/security/PrivilegedActionException'> (0x929b4228) thrown at [/HUDSON/workspace/8-2-build-linux-i586/jdk8u20/1074/hotspot/src/share/vm/prims/jvm.cpp, line 1275]
Event: 3.463 Thread 0xb6506c00 Exception <a 'java/security/PrivilegedActionException'> (0x929ba1d0) thrown at [/HUDSON/workspace/8-2-build-linux-i586/jdk8u20/1074/hotspot/src/share/vm/prims/jvm.cpp, line 1275]
Event: 3.464 Thread 0xb6506c00 Exception <a 'java/security/PrivilegedActionException'> (0x929bc0a0) thrown at [/HUDSON/workspace/8-2-build-linux-i586/jdk8u20/1074/hotspot/src/share/vm/prims/jvm.cpp, line 1275]

Events (10 events):
Event: 4.539 Thread 0xb6506c00 DEOPT UNPACKING pc=0xa753c310 sp=0xb66c89e8 mode 0
Event: 4.543 Thread 0xb6506c00 DEOPT PACKING pc=0xa78973d6 sp=0xb66c8b50
Event: 4.543 Thread 0xb6506c00 DEOPT UNPACKING pc=0xa753c310 sp=0xb66c89e8 mode 0
Event: 4.547 Thread 0xb6506c00 DEOPT PACKING pc=0xa78973d6 sp=0xb66c8b50
Event: 4.547 Thread 0xb6506c00 DEOPT UNPACKING pc=0xa753c310 sp=0xb66c89e8 mode 0
Event: 4.559 Thread 0xb6506c00 DEOPT PACKING pc=0xa78973d6 sp=0xb66c8b50
Event: 4.559 Thread 0xb6506c00 DEOPT UNPACKING pc=0xa753c310 sp=0xb66c89e8 mode 0
Event: 4.569 Thread 0xb6506c00 DEOPT PACKING pc=0xa78973d6 sp=0xb66c8b50
Event: 4.569 Thread 0xb6506c00 DEOPT UNPACKING pc=0xa753c310 sp=0xb66c89e8 mode 0
Event: 4.574 Executing VM operation: ParallelGCFailedAllocation


Dynamic libraries:
08048000-08049000 r-xp 00000000 08:02 663210     /opt/java/bin/java
08049000-0804a000 rw-p 00000000 08:02 663210     /opt/java/bin/java
099ff000-09dae000 rw-p 00000000 00:00 0          [heap]
63400000-63445000 rw-p 00000000 00:00 0 
63445000-63500000 ---p 00000000 00:00 0 
63500000-6353b000 rw-p 00000000 00:00 0 
6353b000-63600000 ---p 00000000 00:00 0 
63600000-636ff000 rw-p 00000000 00:00 0 
636ff000-63700000 ---p 00000000 00:00 0 
63700000-637fa000 rw-p 00000000 00:00 0 
637fa000-63800000 ---p 00000000 00:00 0 
63800000-638fe000 rw-p 00000000 00:00 0 
638fe000-63900000 ---p 00000000 00:00 0 
63952000-63953000 ---p 00000000 00:00 0 
63953000-639d3000 rw-p 00000000 00:00 0          [stack:23301]
639d3000-639d6000 ---p 00000000 00:00 0 
639d6000-63a24000 rw-p 00000000 00:00 0          [stack:23300]
63a24000-63a27000 ---p 00000000 00:00 0 
63a27000-63aa5000 rw-p 00000000 00:00 0          [stack:23299]
63aa5000-63aa8000 ---p 00000000 00:00 0 
63aa8000-63b26000 rw-p 00000000 00:00 0          [stack:23298]
63b26000-63b29000 ---p 00000000 00:00 0 
63b29000-63b77000 rw-p 00000000 00:00 0          [stack:23297]
63b77000-63d00000 r--p 00000000 08:02 527857     /usr/lib/locale/locale-archive
63d00000-63dfb000 rw-p 00000000 00:00 0 
63dfb000-63e00000 ---p 00000000 00:00 0 
63e3c000-63e3f000 ---p 00000000 00:00 0 
63e3f000-63e8d000 rw-p 00000000 00:00 0          [stack:23296]
63e8d000-63e90000 ---p 00000000 00:00 0 
63e90000-63ede000 rw-p 00000000 00:00 0          [stack:23295]
63ede000-640b4000 r--s 03ca8000 08:02 682527     /opt/java/jre/lib/rt.jar
640b4000-644fa000 rw-p 00000000 00:00 0 
644fa000-64500000 ---p 00000000 00:00 0 
64500000-66900000 rw-p 00000000 00:00 0 
66900000-669fb000 rw-p 00000000 00:00 0 
669fb000-66a00000 ---p 00000000 00:00 0 
66a30000-66a31000 ---p 00000000 00:00 0 
66a31000-66b00000 rw-p 00000000 00:00 0          [stack:23294]
66b00000-66b21000 rw-p 00000000 00:00 0 
66b21000-66c00000 ---p 00000000 00:00 0 
66c4e000-66cb8000 rw-p 00000000 00:00 0 
66cb8000-66dff000 ---p 00000000 00:00 0 
66dff000-66e0e000 rw-p 00000000 00:00 0 
66e0e000-66f54000 ---p 00000000 00:00 0 
66f54000-66f6d000 rw-p 00000000 00:00 0 
66f6d000-66fff000 ---p 00000000 00:00 0 
66fff000-68d80000 rw-p 00000000 00:00 0 
68d80000-91ac0000 ---p 00000000 00:00 0 
91ac0000-94a40000 rw-p 00000000 00:00 0 
991c0000-a7000000 ---p 00000000 00:00 0 
a7039000-a703e000 r--s 00092000 08:02 682542     /opt/java/jre/lib/jsse.jar
a703e000-a703f000 ---p 00000000 00:00 0 
a703f000-a70bf000 rw-p 00000000 00:00 0          [stack:23293]
a70bf000-a70c0000 ---p 00000000 00:00 0 
a70c0000-a7151000 rw-p 00000000 00:00 0          [stack:23292]
a7151000-a7500000 ---p 00000000 00:00 0 
a7500000-a7938000 rwxp 00000000 00:00 0 
a7938000-b6500000 ---p 00000000 00:00 0 
b6500000-b65f6000 rw-p 00000000 00:00 0 
b65f6000-b6600000 ---p 00000000 00:00 0 
b6603000-b6611000 r--s 000b4000 08:02 816326     /opt/android-sdk/build-tools/20.0.0/lib/dx.jar
b6611000-b6629000 rw-p 00000000 00:00 0 
b6629000-b6642000 r-xp 00000000 08:02 682788     /opt/java/jre/lib/i386/libzip.so
b6642000-b6643000 rw-p 00018000 08:02 682788     /opt/java/jre/lib/i386/libzip.so
b6643000-b664b000 rw-s 00000000 00:1d 7911774    /tmp/hsperfdata_mjt/23283
b664b000-b666f000 r-xp 00000000 08:02 682806     /opt/java/jre/lib/i386/libjava.so
b666f000-b6670000 rw-p 00023000 08:02 682806     /opt/java/jre/lib/i386/libjava.so
b6670000-b6677000 r-xp 00000000 08:02 527470     /usr/lib/librt-2.20.so
b6677000-b6678000 r--p 00007000 08:02 527470     /usr/lib/librt-2.20.so
b6678000-b6679000 rw-p 00008000 08:02 527470     /usr/lib/librt-2.20.so
b6679000-b667c000 ---p 00000000 00:00 0 
b667c000-b66ca000 rw-p 00000000 00:00 0          [stack:23291]
b66ca000-b6715000 r-xp 00000000 08:02 527458     /usr/lib/libm-2.20.so
b6715000-b6716000 r--p 0004a000 08:02 527458     /usr/lib/libm-2.20.so
b6716000-b6717000 rw-p 0004b000 08:02 527458     /usr/lib/libm-2.20.so
b6717000-b7051000 r-xp 00000000 08:02 682826     /opt/java/jre/lib/i386/server/libjvm.so
b7051000-b70bd000 rw-p 00939000 08:02 682826     /opt/java/jre/lib/i386/server/libjvm.so
b70bd000-b74e3000 rw-p 00000000 00:00 0 
b74e3000-b7694000 r-xp 00000000 08:02 527459     /usr/lib/libc-2.20.so
b7694000-b7697000 r--p 001b0000 08:02 527459     /usr/lib/libc-2.20.so
b7697000-b7699000 rw-p 001b3000 08:02 527459     /usr/lib/libc-2.20.so
b7699000-b769b000 rw-p 00000000 00:00 0 
b769b000-b769e000 r-xp 00000000 08:02 527433     /usr/lib/libdl-2.20.so
b769e000-b769f000 r--p 00002000 08:02 527433     /usr/lib/libdl-2.20.so
b769f000-b76a0000 rw-p 00003000 08:02 527433     /usr/lib/libdl-2.20.so
b76a0000-b76b4000 r-xp 00000000 08:02 682962     /opt/java/lib/i386/jli/libjli.so
b76b4000-b76b5000 rw-p 00013000 08:02 682962     /opt/java/lib/i386/jli/libjli.so
b76b5000-b76cd000 r-xp 00000000 08:02 527440     /usr/lib/libpthread-2.20.so
b76cd000-b76ce000 r--p 00017000 08:02 527440     /usr/lib/libpthread-2.20.so
b76ce000-b76cf000 rw-p 00018000 08:02 527440     /usr/lib/libpthread-2.20.so
b76cf000-b76d1000 rw-p 00000000 00:00 0 
b76d3000-b76d5000 rw-p 00000000 00:00 0 
b76d5000-b76e1000 r-xp 00000000 08:02 527435     /usr/lib/libnss_files-2.20.so
b76e1000-b76e2000 r--p 0000b000 08:02 527435     /usr/lib/libnss_files-2.20.so
b76e2000-b76e3000 rw-p 0000c000 08:02 527435     /usr/lib/libnss_files-2.20.so
b76e3000-b76e4000 rw-p 00000000 00:00 0 
b76e4000-b76e5000 ---p 00000000 00:00 0 
b76e5000-b76f0000 r-xp 00000000 08:02 682800     /opt/java/jre/lib/i386/libverify.so
b76f0000-b76f1000 rw-p 0000b000 08:02 682800     /opt/java/jre/lib/i386/libverify.so
b76f1000-b76f3000 r--p 00000000 00:00 0          [vvar]
b76f3000-b76f5000 r-xp 00000000 00:00 0          [vdso]
b76f5000-b7716000 r-xp 00000000 08:02 527437     /usr/lib/ld-2.20.so
b7716000-b7717000 rw-p 00000000 00:00 0 
b7717000-b7718000 r--p 00021000 08:02 527437     /usr/lib/ld-2.20.so
b7718000-b7719000 rw-p 00022000 08:02 527437     /usr/lib/ld-2.20.so
bf843000-bf844000 rwxp 00000000 00:00 0 
bf876000-bf897000 rw-p 00000000 00:00 0          [stack]

VM Arguments:
jvm_args: -Xmx1024M 
java_command: /opt/android-sdk/build-tools/20.0.0/lib/dx.jar --dex --output /home/mjt/AndroidStudioProjects/phonethings/app/build/intermediates/dex/release /home/mjt/AndroidStudioProjects/phonethings/app/build/intermediates/classes/release /home/mjt/AndroidStudioProjects/phonethings/app/build/intermediates/pre-dexed/release/support-annotations-21.0.0-46343f13dc8a8d80032074a2865adb0d89f89059.jar /home/mjt/AndroidStudioProjects/phonethings/app/build/intermediates/pre-dexed/release/internal_impl-21.0.0-4b6cb1a31b63bc9214a11b55e24b3d581c885bf3.jar /home/mjt/AndroidStudioProjects/phonethings/app/build/intermediates/pre-dexed/release/classes-31e950e428247eb96a06927cc6948f0e8a1f7d60.jar /home/mjt/AndroidStudioProjects/phonethings/app/build/intermediates/pre-dexed/release/classes-03dd4dbf824bbea5ef44ca68e96fd9e9513acd75.jar /home/mjt/AndroidStudioProjects/phonethings/app/build/intermediates/pre-dexed/release/classes-b72443867d500556c692547f242202d7775fea63.jar
java_class_path (initial): /opt/android-sdk/build-tools/20.0.0/lib/dx.jar
Launcher Type: SUN_STANDARD

Environment Variables:
JAVA_HOME=/opt/java
CLASSPATH=/opt/android-studio/bin/../lib/bootstrap.jar:/opt/android-studio/bin/../lib/extensions.jar:/opt/android-studio/bin/../lib/util.jar:/opt/android-studio/bin/../lib/jdom.jar:/opt/android-studio/bin/../lib/log4j.jar:/opt/android-studio/bin/../lib/trove4j.jar:/opt/android-studio/bin/../lib/jna.jar:/opt/java/lib/tools.jar
PATH=/usr/local/sbin:/usr/local/bin:/usr/bin:/opt/android-sdk/platform-tools:/opt/android-sdk/tools:/opt/java/bin:/opt/java/db/bin:/opt/java/jre/bin:/usr/bin/site_perl:/usr/bin/vendor_perl:/usr/bin/core_perl
LD_LIBRARY_PATH=/opt/android-studio/bin:
SHELL=/bin/bash
DISPLAY=:0.0

Signal Handlers:
SIGSEGV: [libjvm.so+0x891f70], sa_mask[0]=11111111011111111101111111111110, sa_flags=SA_RESTART|SA_SIGINFO
SIGBUS: [libjvm.so+0x891f70], sa_mask[0]=11111111011111111101111111111110, sa_flags=SA_RESTART|SA_SIGINFO
SIGFPE: [libjvm.so+0x71d8e0], sa_mask[0]=11111111011111111101111111111110, sa_flags=SA_RESTART|SA_SIGINFO
SIGPIPE: [libjvm.so+0x71d8e0], sa_mask[0]=11111111011111111101111111111110, sa_flags=SA_RESTART|SA_SIGINFO
SIGXFSZ: [libjvm.so+0x71d8e0], sa_mask[0]=11111111011111111101111111111110, sa_flags=SA_RESTART|SA_SIGINFO
SIGILL: [libjvm.so+0x71d8e0], sa_mask[0]=11111111011111111101111111111110, sa_flags=SA_RESTART|SA_SIGINFO
SIGUSR1: SIG_DFL, sa_mask[0]=00000000000000000000000000000000, sa_flags=none
SIGUSR2: [libjvm.so+0x71f090], sa_mask[0]=00100000000000000000000000000000, sa_flags=SA_RESTART|SA_SIGINFO
SIGHUP: [libjvm.so+0x720590], sa_mask[0]=11111111011111111101111111111110, sa_flags=SA_RESTART|SA_SIGINFO
SIGINT: [libjvm.so+0x720590], sa_mask[0]=11111111011111111101111111111110, sa_flags=SA_RESTART|SA_SIGINFO
SIGTERM: [libjvm.so+0x720590], sa_mask[0]=11111111011111111101111111111110, sa_flags=SA_RESTART|SA_SIGINFO
SIGQUIT: [libjvm.so+0x720590], sa_mask[0]=11111111011111111101111111111110, sa_flags=SA_RESTART|SA_SIGINFO


---------------  S Y S T E M  ---------------

OS:NAME="Arch Linux"
ID=arch
PRETTY_NAME="Arch Linux"
ANSI_COLOR="0;36"
HOME_URL="https://www.archlinux.org/"
SUPPORT_URL="https://bbs.archlinux.org/"
BUG_REPORT_URL="https://bugs.archlinux.org/"


uname:Linux 3.17.2-1-ARCH #1 SMP PREEMPT Thu Oct 30 20:31:16 CET 2014 i686
libc:glibc 2.20 NPTL 2.20 
rlimit: STACK 8192k, CORE 0k, NPROC 22165, NOFILE 4096, AS infinity
load average:3.57 3.09 2.17

/proc/meminfo:
MemTotal:        2841788 kB
MemFree:          168952 kB
MemAvailable:     127000 kB
Buffers:            2808 kB
Cached:            65512 kB
SwapCached:            0 kB
Active:          2510408 kB
Inactive:          39072 kB
Active(anon):    2481776 kB
Inactive(anon):    10520 kB
Active(file):      28632 kB
Inactive(file):    28552 kB
Unevictable:          32 kB
Mlocked:              32 kB
HighTotal:       1969452 kB
HighFree:          48236 kB
LowTotal:         872336 kB
LowFree:          120716 kB
SwapTotal:             0 kB
SwapFree:              0 kB
Dirty:               516 kB
Writeback:             0 kB
AnonPages:       2481260 kB
Mapped:            57672 kB
Shmem:             11104 kB
Slab:              32032 kB
SReclaimable:      17388 kB
SUnreclaim:        14644 kB
KernelStack:        2896 kB
PageTables:         5636 kB
NFS_Unstable:          0 kB
Bounce:                0 kB
WritebackTmp:          0 kB
CommitLimit:     1420892 kB
Committed_AS:    4065704 kB
VmallocTotal:     122880 kB
VmallocUsed:       24828 kB
VmallocChunk:      48644 kB
HardwareCorrupted:     0 kB
AnonHugePages:   1314816 kB
HugePages_Total:       0
HugePages_Free:        0
HugePages_Rsvd:        0
HugePages_Surp:        0
Hugepagesize:       4096 kB
DirectMap4k:       36856 kB
DirectMap4M:      872448 kB


CPU:total 2 (2 cores per cpu, 1 threads per core) family 16 model 6 stepping 3, cmov, cx8, fxsr, mmx, sse, sse2, sse3, popcnt, mmxext, 3dnowpref, lzcnt, tsc, tscinvbit, tscinv

/proc/cpuinfo:
processor	: 0
vendor_id	: AuthenticAMD
cpu family	: 16
model		: 6
model name	: AMD Athlon(tm) II P340 Dual-Core Processor
stepping	: 3
microcode	: 0x10000c8
cpu MHz		: 2200.000
cache size	: 512 KB
physical id	: 0
siblings	: 2
core id		: 0
cpu cores	: 2
apicid		: 0
initial apicid	: 0
fdiv_bug	: no
f00f_bug	: no
coma_bug	: no
fpu		: yes
fpu_exception	: yes
cpuid level	: 5
wp		: yes
flags		: fpu vme de pse tsc msr pae mce cx8 apic sep mtrr pge mca cmov pat pse36 clflush mmx fxsr sse sse2 ht syscall nx mmxext fxsr_opt pdpe1gb rdtscp lm 3dnowext 3dnow constant_tsc rep_good nonstop_tsc extd_apicid pni monitor cx16 popcnt lahf_lm cmp_legacy svm extapic cr8_legacy abm sse4a 3dnowprefetch osvw ibs skinit wdt nodeid_msr hw_pstate npt lbrv svm_lock nrip_save
bugs		: tlb_mmatch apic_c1e fxsave_leak
bogomips	: 4390.48
clflush size	: 64
cache_alignment	: 64
address sizes	: 48 bits physical, 48 bits virtual
power management: ts ttp tm stc 100mhzsteps hwpstate

processor	: 1
vendor_id	: AuthenticAMD
cpu family	: 16
model		: 6
model name	: AMD Athlon(tm) II P340 Dual-Core Processor
stepping	: 3
microcode	: 0x10000c8
cpu MHz		: 1600.000
cache size	: 512 KB
physical id	: 0
siblings	: 2
core id		: 1
cpu cores	: 2
apicid		: 1
initial apicid	: 1
fdiv_bug	: no
f00f_bug	: no
coma_bug	: no
fpu		: yes
fpu_exception	: yes
cpuid level	: 5
wp		: yes
flags		: fpu vme de pse tsc msr pae mce cx8 apic sep mtrr pge mca cmov pat pse36 clflush mmx fxsr sse sse2 ht syscall nx mmxext fxsr_opt pdpe1gb rdtscp lm 3dnowext 3dnow constant_tsc rep_good nonstop_tsc extd_apicid pni monitor cx16 popcnt lahf_lm cmp_legacy svm extapic cr8_legacy abm sse4a 3dnowprefetch osvw ibs skinit wdt nodeid_msr hw_pstate npt lbrv svm_lock nrip_save
bugs		: tlb_mmatch apic_c1e fxsave_leak
bogomips	: 4390.48
clflush size	: 64
cache_alignment	: 64
address sizes	: 48 bits physical, 48 bits virtual
power management: ts ttp tm stc 100mhzsteps hwpstate



Memory: 4k page, physical 2841788k(168952k free), swap 0k(0k free)

vm_info: Java HotSpot(TM) Server VM (25.20-b23) for linux-x86 JRE (1.8.0_20-b26), built on Jul 30 2014 13:29:53 by "java_re" with gcc 4.3.0 20080428 (Red Hat 4.3.0-8)

time: Sat Dec 20 17:23:24 2014
elapsed time: 5 seconds (0d 0h 0m 5s)

