#
# There is insufficient memory for the Java Runtime Environment to continue.
# Native memory allocation (mmap) failed to map 52428800 bytes for committing reserved memory.
# Possible reasons:
#   The system is out of physical RAM or swap space
#   In 32 bit mode, the process size limit was hit
# Possible solutions:
#   Reduce memory load on the system
#   Increase physical memory or swap space
#   Check if swap backing store is full
#   Use 64 bit Java on a 64 bit OS
#   Decrease Java heap size (-Xmx/-Xms)
#   Decrease number of Java threads
#   Decrease Java thread stack sizes (-Xss)
#   Set larger code cache with -XX:ReservedCodeCacheSize=
# This output file may be truncated or incomplete.
#
#  Out of Memory Error (os_linux.cpp:2671), pid=9718, tid=1676532544
#
# JRE version: Java(TM) SE Runtime Environment (8.0_20-b26) (build 1.8.0_20-b26)
# Java VM: Java HotSpot(TM) Server VM (25.20-b23 mixed mode linux-x86 )
# Failed to write core dump. Core dumps have been disabled. To enable core dumping, try "ulimit -c unlimited" before starting Java again
#

---------------  T H R E A D  ---------------

Current thread (0x66a10c00):  VMThread [stack: 0x63e5d000,0x63ede000] [id=9747]

Stack: [0x63e5d000,0x63ede000],  sp=0x63edc840,  free space=510k
Native frames: (J=compiled Java code, j=interpreted, Vv=VM code, C=native code)
V  [libjvm.so+0x891489]
V  [libjvm.so+0x3751d5]
V  [libjvm.so+0x720b46]
V  [libjvm.so+0x720f68]
V  [libjvm.so+0x71a93c]
V  [libjvm.so+0x782538]
V  [libjvm.so+0x78363a]
V  [libjvm.so+0x782969]
V  [libjvm.so+0x78029b]
V  [libjvm.so+0x780a58]
V  [libjvm.so+0x7411da]
V  [libjvm.so+0x892bda]
V  [libjvm.so+0x89bd37]
V  [libjvm.so+0x899e03]
V  [libjvm.so+0x89a1a0]
V  [libjvm.so+0x89a605]
V  [libjvm.so+0x723509]
C  [libpthread.so.0+0x61a6]  start_thread+0xd6

VM_Operation (0xb670a574): ParallelGCFailedAllocation, mode: safepoint, requested by thread 0xb6506800


---------------  P R O C E S S  ---------------

Java Threads: ( => current thread )
  0x66a3ac00 JavaThread "Service Thread" daemon [_thread_blocked, id=9763, stack(0x63a8e000,0x63adf000)]
  0x66a37c00 JavaThread "C1 CompilerThread1" daemon [_thread_blocked, id=9760, stack(0x63adf000,0x63b60000)]
  0x66a35c00 JavaThread "C2 CompilerThread0" daemon [_thread_blocked, id=9759, stack(0x63b60000,0x63be1000)]
  0x66a34400 JavaThread "Signal Dispatcher" daemon [_thread_blocked, id=9757, stack(0x63be1000,0x63c32000)]
  0x66a16800 JavaThread "Finalizer" daemon [_thread_blocked, id=9751, stack(0x63dbb000,0x63e0c000)]
  0x66a15000 JavaThread "Reference Handler" daemon [_thread_blocked, id=9749, stack(0x63e0c000,0x63e5d000)]
  0xb6506800 JavaThread "main" [_thread_blocked, id=9735, stack(0xb66bb000,0xb670c000)]

Other Threads:
=>0x66a10c00 VMThread [stack: 0x63e5d000,0x63ede000] [id=9747]
  0x66a3c400 WatcherThread [stack: 0x63a0d000,0x63a8e000] [id=9764]

VM state:at safepoint (normal execution)

VM Mutex/Monitor currently owned by a thread:  ([mutex/lock_event])
[0xb6504b48] Threads_lock - owner thread: 0x66a10c00
[0xb6504f58] Heap_lock - owner thread: 0xb6506800

Heap:
 PSYoungGen      total 50176K, used 5374K [0x91ac0000, 0x95140000, 0xa7000000)
  eden space 44800K, 0% used [0x91ac0000,0x91ac0000,0x94680000)
  from space 5376K, 99% used [0x94680000,0x94bbf8b8,0x94bc0000)
  to   space 5120K, 0% used [0x94bc0000,0x94bc0000,0x950c0000)
 ParOldGen       total 30208K, used 15732K [0x67000000, 0x68d80000, 0x91ac0000)
  object space 30208K, 52% used [0x67000000,0x67f5d1d0,0x68d80000)
 Metaspace       used 3650K, capacity 3676K, committed 3736K, reserved 4400K

Card table byte_map: [0x66dff000,0x67000000] byte_map_base: 0x66ac7000

Marking Bits: (ParMarkBitMap*) 0xb710f380
 Begin Bits: [0x64900000, 0x65900000)
 End Bits:   [0x65900000, 0x66900000)

Polling page: 0xb7726000

CodeCache: size=245760Kb used=5431Kb max_used=5453Kb free=240328Kb
 bounds [0xa7500000, 0xa7a58000, 0xb6500000]
 total_blobs=1873 nmethods=1718 adapters=70
 compilation: enabled

Compilation events (10 events):
Event: 7.227 Thread 0x66a37c00 1744       2       com.android.dx.cf.direct.DirectClassFile::makeTypeList (47 bytes)
Event: 7.228 Thread 0x66a37c00 nmethod 1744 0xa7a445c8 code [0xa7a44700, 0xa7a448f8]
Event: 7.238 Thread 0x66a37c00 1745 %     3       java.lang.String::lastIndexOf @ 62 (151 bytes)
Event: 7.239 Thread 0x66a37c00 nmethod 1745% 0xa7a4a408 code [0xa7a4a560, 0xa7a4aa20]
Event: 7.239 Thread 0x66a37c00 1746       3       java.lang.String::lastIndexOf (151 bytes)
Event: 7.240 Thread 0x66a37c00 nmethod 1746 0xa7a4af08 code [0xa7a4b060, 0xa7a4b460]
Event: 7.247 Thread 0x66a35c00 nmethod 1696 0xa7a4b8c8 code [0xa7a4be40, 0xa7a4eaf8]
Event: 7.248 Thread 0x66a35c00 1711       4       com.android.dx.ssa.SsaInsn::<init> (29 bytes)
Event: 7.249 Thread 0x66a35c00 nmethod 1711 0xa7a47608 code [0xa7a47700, 0xa7a47770]
Event: 7.249 Thread 0x66a35c00 1682       4       com.android.dx.ssa.back.FirstFitLocalCombiningAllocator$1::processInsn (169 bytes)

GC Heap History (10 events):
Event: 3.673 GC heap after
Heap after GC invocations=2 (full 0):
 PSYoungGen      total 13056K, used 1787K [0x91ac0000, 0x93440000, 0xa7000000)
  eden space 11264K, 0% used [0x91ac0000,0x91ac0000,0x925c0000)
  from space 1792K, 99% used [0x92780000,0x9293ef50,0x92940000)
  to   space 1792K, 0% used [0x925c0000,0x925c0000,0x92780000)
 ParOldGen       total 30208K, used 3028K [0x67000000, 0x68d80000, 0x91ac0000)
  object space 30208K, 10% used [0x67000000,0x672f52c8,0x68d80000)
 Metaspace       used 3421K, capacity 3548K, committed 3608K, reserved 4400K
}
Event: 4.246 GC heap before
{Heap before GC invocations=3 (full 0):
 PSYoungGen      total 13056K, used 13051K [0x91ac0000, 0x93440000, 0xa7000000)
  eden space 11264K, 100% used [0x91ac0000,0x925c0000,0x925c0000)
  from space 1792K, 99% used [0x92780000,0x9293ef50,0x92940000)
  to   space 1792K, 0% used [0x925c0000,0x925c0000,0x92780000)
 ParOldGen       total 30208K, used 3028K [0x67000000, 0x68d80000, 0x91ac0000)
  object space 30208K, 10% used [0x67000000,0x672f52c8,0x68d80000)
 Metaspace       used 3478K, capacity 3580K, committed 3608K, reserved 4400K
Event: 4.306 GC heap after
Heap after GC invocations=3 (full 0):
 PSYoungGen      total 13056K, used 1785K [0x91ac0000, 0x93440000, 0xa7000000)
  eden space 11264K, 0% used [0x91ac0000,0x91ac0000,0x925c0000)
  from space 1792K, 99% used [0x925c0000,0x9277e480,0x92780000)
  to   space 1792K, 0% used [0x93280000,0x93280000,0x93440000)
 ParOldGen       total 30208K, used 4787K [0x67000000, 0x68d80000, 0x91ac0000)
  object space 30208K, 15% used [0x67000000,0x674acf00,0x68d80000)
 Metaspace       used 3478K, capacity 3580K, committed 3608K, reserved 4400K
}
Event: 4.737 GC heap before
{Heap before GC invocations=4 (full 0):
 PSYoungGen      total 13056K, used 13049K [0x91ac0000, 0x93440000, 0xa7000000)
  eden space 11264K, 100% used [0x91ac0000,0x925c0000,0x925c0000)
  from space 1792K, 99% used [0x925c0000,0x9277e480,0x92780000)
  to   space 1792K, 0% used [0x93280000,0x93280000,0x93440000)
 ParOldGen       total 30208K, used 4787K [0x67000000, 0x68d80000, 0x91ac0000)
  object space 30208K, 15% used [0x67000000,0x674acf00,0x68d80000)
 Metaspace       used 3533K, capacity 3644K, committed 3736K, reserved 4400K
Event: 4.762 GC heap after
Heap after GC invocations=4 (full 0):
 PSYoungGen      total 24320K, used 1785K [0x91ac0000, 0x93440000, 0xa7000000)
  eden space 22528K, 0% used [0x91ac0000,0x91ac0000,0x930c0000)
  from space 1792K, 99% used [0x93280000,0x9343e480,0x93440000)
  to   space 1792K, 0% used [0x930c0000,0x930c0000,0x93280000)
 ParOldGen       total 30208K, used 6677K [0x67000000, 0x68d80000, 0x91ac0000)
  object space 30208K, 22% used [0x67000000,0x67685520,0x68d80000)
 Metaspace       used 3533K, capacity 3644K, committed 3736K, reserved 4400K
}
Event: 5.646 GC heap before
{Heap before GC invocations=5 (full 0):
 PSYoungGen      total 24320K, used 24313K [0x91ac0000, 0x93440000, 0xa7000000)
  eden space 22528K, 100% used [0x91ac0000,0x930c0000,0x930c0000)
  from space 1792K, 99% used [0x93280000,0x9343e480,0x93440000)
  to   space 1792K, 0% used [0x930c0000,0x930c0000,0x93280000)
 ParOldGen       total 30208K, used 6677K [0x67000000, 0x68d80000, 0x91ac0000)
  object space 30208K, 22% used [0x67000000,0x67685520,0x68d80000)
 Metaspace       used 3629K, capacity 3676K, committed 3736K, reserved 4400K
Event: 5.697 GC heap after
Heap after GC invocations=5 (full 0):
 PSYoungGen      total 24320K, used 1792K [0x91ac0000, 0x950c0000, 0xa7000000)
  eden space 22528K, 0% used [0x91ac0000,0x91ac0000,0x930c0000)
  from space 1792K, 100% used [0x930c0000,0x93280000,0x93280000)
  to   space 5120K, 0% used [0x94bc0000,0x94bc0000,0x950c0000)
 ParOldGen       total 30208K, used 10015K [0x67000000, 0x68d80000, 0x91ac0000)
  object space 30208K, 33% used [0x67000000,0x679c7d60,0x68d80000)
 Metaspace       used 3629K, capacity 3676K, committed 3736K, reserved 4400K
}
Event: 6.248 GC heap before
{Heap before GC invocations=6 (full 0):
 PSYoungGen      total 24320K, used 24320K [0x91ac0000, 0x950c0000, 0xa7000000)
  eden space 22528K, 100% used [0x91ac0000,0x930c0000,0x930c0000)
  from space 1792K, 100% used [0x930c0000,0x93280000,0x93280000)
  to   space 5120K, 0% used [0x94bc0000,0x94bc0000,0x950c0000)
 ParOldGen       total 30208K, used 10015K [0x67000000, 0x68d80000, 0x91ac0000)
  object space 30208K, 33% used [0x67000000,0x679c7d60,0x68d80000)
 Metaspace       used 3633K, capacity 3676K, committed 3736K, reserved 4400K
Event: 6.276 GC heap after
Heap after GC invocations=6 (full 0):
 PSYoungGen      total 49920K, used 4528K [0x91ac0000, 0x95140000, 0xa7000000)
  eden space 44800K, 0% used [0x91ac0000,0x91ac0000,0x94680000)
  from space 5120K, 88% used [0x94bc0000,0x9502c000,0x950c0000)
  to   space 5376K, 0% used [0x94680000,0x94680000,0x94bc0000)
 ParOldGen       total 30208K, used 10015K [0x67000000, 0x68d80000, 0x91ac0000)
  object space 30208K, 33% used [0x67000000,0x679c7d60,0x68d80000)
 Metaspace       used 3633K, capacity 3676K, committed 3736K, reserved 4400K
}
Event: 7.256 GC heap before
{Heap before GC invocations=7 (full 0):
 PSYoungGen      total 49920K, used 49328K [0x91ac0000, 0x95140000, 0xa7000000)
  eden space 44800K, 100% used [0x91ac0000,0x94680000,0x94680000)
  from space 5120K, 88% used [0x94bc0000,0x9502c000,0x950c0000)
  to   space 5376K, 0% used [0x94680000,0x94680000,0x94bc0000)
 ParOldGen       total 30208K, used 10015K [0x67000000, 0x68d80000, 0x91ac0000)
  object space 30208K, 33% used [0x67000000,0x679c7d60,0x68d80000)
 Metaspace       used 3650K, capacity 3676K, committed 3736K, reserved 4400K

Deoptimization events (10 events):
Event: 2.508 Thread 0xb6506800 Uncommon trap: reason=class_check action=maybe_recompile pc=0xa76bd08c method=com.android.dx.ssa.NormalSsaInsn.accept(Lcom/android/dx/ssa/SsaInsn$Visitor;)V @ 9
Event: 2.508 Thread 0xb6506800 Uncommon trap: reason=class_check action=maybe_recompile pc=0xa76bd08c method=com.android.dx.ssa.NormalSsaInsn.accept(Lcom/android/dx/ssa/SsaInsn$Visitor;)V @ 9
Event: 2.508 Thread 0xb6506800 Uncommon trap: reason=class_check action=maybe_recompile pc=0xa76bd08c method=com.android.dx.ssa.NormalSsaInsn.accept(Lcom/android/dx/ssa/SsaInsn$Visitor;)V @ 9
Event: 3.474 Thread 0xb6506800 Uncommon trap: reason=null_check action=make_not_entrant pc=0xa7776ccc method=com.android.dx.ssa.SsaRenamer.getLocalForNewReg(I)Lcom/android/dx/rop/code/LocalItem; @ 19
Event: 5.568 Thread 0xb6506800 Uncommon trap: reason=unreached action=reinterpret pc=0xa77df3bc method=java.util.HashMap.getNode(ILjava/lang/Object;)Ljava/util/HashMap$Node; @ 84
Event: 5.568 Thread 0xb6506800 Uncommon trap: reason=unreached action=reinterpret pc=0xa76938e4 method=java.util.HashMap.getNode(ILjava/lang/Object;)Ljava/util/HashMap$Node; @ 84
Event: 5.568 Thread 0xb6506800 Uncommon trap: reason=unreached action=reinterpret pc=0xa7668098 method=java.util.HashMap.getNode(ILjava/lang/Object;)Ljava/util/HashMap$Node; @ 84
Event: 5.775 Thread 0xb6506800 Uncommon trap: reason=class_check action=maybe_recompile pc=0xa794b2f8 method=java.util.HashMap.putVal(ILjava/lang/Object;Ljava/lang/Object;ZZ)Ljava/lang/Object; @ 203
Event: 7.052 Thread 0xb6506800 Uncommon trap: reason=bimorphic action=maybe_recompile pc=0xa79d0df4 method=com.android.dx.cf.code.BytecodeArray.parseInstruction(ILcom/android/dx/cf/code/BytecodeArray$Visitor;)I @ 2281
Event: 7.052 Thread 0xb6506800 Uncommon trap: reason=bimorphic action=maybe_recompile pc=0xa79d0df4 method=com.android.dx.cf.code.BytecodeArray.parseInstruction(ILcom/android/dx/cf/code/BytecodeArray$Visitor;)I @ 2281

Internal exceptions (10 events):
Event: 3.474 Thread 0xb6506800 Implicit null exception at 0xa77751cf to 0xa7776cbd
Event: 4.382 Thread 0xb6506800 Exception <a 'java/security/PrivilegedActionException'> (0x91d086c0) thrown at [/HUDSON/workspace/8-2-build-linux-i586/jdk8u20/1074/hotspot/src/share/vm/prims/jvm.cpp, line 1275]
Event: 4.547 Thread 0xb6506800 Exception <a 'java/security/PrivilegedActionException'> (0x9212f930) thrown at [/HUDSON/workspace/8-2-build-linux-i586/jdk8u20/1074/hotspot/src/share/vm/prims/jvm.cpp, line 1275]
Event: 4.555 Thread 0xb6506800 Exception <a 'java/security/PrivilegedActionException'> (0x92131708) thrown at [/HUDSON/workspace/8-2-build-linux-i586/jdk8u20/1074/hotspot/src/share/vm/prims/jvm.cpp, line 1275]
Event: 4.556 Thread 0xb6506800 Exception <a 'java/security/PrivilegedActionException'> (0x9213a1a0) thrown at [/HUDSON/workspace/8-2-build-linux-i586/jdk8u20/1074/hotspot/src/share/vm/prims/jvm.cpp, line 1275]
Event: 4.558 Thread 0xb6506800 Exception <a 'java/security/PrivilegedActionException'> (0x9213c180) thrown at [/HUDSON/workspace/8-2-build-linux-i586/jdk8u20/1074/hotspot/src/share/vm/prims/jvm.cpp, line 1275]
Event: 4.609 Thread 0xb6506800 Exception <a 'java/security/PrivilegedActionException'> (0x922b64b8) thrown at [/HUDSON/workspace/8-2-build-linux-i586/jdk8u20/1074/hotspot/src/share/vm/prims/jvm.cpp, line 1275]
Event: 5.525 Thread 0xb6506800 Exception <a 'java/lang/ArrayIndexOutOfBoundsException': 18> (0x92e2eef0) thrown at [/HUDSON/workspace/8-2-build-linux-i586/jdk8u20/1074/hotspot/src/share/vm/interpreter/interpreterRuntime.cpp, line 366]
Event: 5.526 Thread 0xb6506800 Exception <a 'java/lang/ArrayIndexOutOfBoundsException': 145> (0x92e306b8) thrown at [/HUDSON/workspace/8-2-build-linux-i586/jdk8u20/1074/hotspot/src/share/vm/interpreter/interpreterRuntime.cpp, line 366]
Event: 5.567 Thread 0xb6506800 Exception <a 'java/lang/ArrayIndexOutOfBoundsException'> (0x92e316d8) thrown at [/HUDSON/workspace/8-2-build-linux-i586/jdk8u20/1074/hotspot/src/share/vm/runtime/sharedRuntime.cpp, line 604]

Events (10 events):
Event: 7.052 Thread 0xb6506800 Uncommon trap: trap_request=0xffffffc6 fr.pc=0xa79d0df4
Event: 7.052 Thread 0xb6506800 DEOPT PACKING pc=0xa79d0df4 sp=0xb670a580
Event: 7.052 Thread 0xb6506800 DEOPT UNPACKING pc=0xa753abd5 sp=0xb670a598 mode 2
Event: 7.121 Thread 0xb6506800 DEOPT PACKING pc=0xa788df95 sp=0xb670a750
Event: 7.121 Thread 0xb6506800 DEOPT UNPACKING pc=0xa753c310 sp=0xb670a608 mode 0
Event: 7.194 Thread 0xb6506800 DEOPT PACKING pc=0xa7769b76 sp=0xb670a550
Event: 7.194 Thread 0xb6506800 DEOPT UNPACKING pc=0xa753c310 sp=0xb670a3ec mode 0
Event: 7.242 Thread 0xb6506800 DEOPT PACKING pc=0xa7930e0a sp=0xb670ab30
Event: 7.242 Thread 0xb6506800 DEOPT UNPACKING pc=0xa753c310 sp=0xb670a9c0 mode 0
Event: 7.256 Executing VM operation: ParallelGCFailedAllocation


Dynamic libraries:
08048000-08049000 r-xp 00000000 08:02 663210     /opt/java/bin/java
08049000-0804a000 rw-p 00000000 08:02 663210     /opt/java/bin/java
09ae6000-09e30000 rw-p 00000000 00:00 0          [heap]
63400000-635ce000 rw-p 00000000 00:00 0 
635ce000-63600000 ---p 00000000 00:00 0 
63600000-63700000 rw-p 00000000 00:00 0 
63700000-637fc000 rw-p 00000000 00:00 0 
637fc000-63800000 ---p 00000000 00:00 0 
63900000-639f9000 rw-p 00000000 00:00 0 
639f9000-63a00000 ---p 00000000 00:00 0 
63a0d000-63a0e000 ---p 00000000 00:00 0 
63a0e000-63a8e000 rw-p 00000000 00:00 0          [stack:9764]
63a8e000-63a91000 ---p 00000000 00:00 0 
63a91000-63adf000 rw-p 00000000 00:00 0          [stack:9763]
63adf000-63ae2000 ---p 00000000 00:00 0 
63ae2000-63b60000 rw-p 00000000 00:00 0          [stack:9760]
63b60000-63b63000 ---p 00000000 00:00 0 
63b63000-63be1000 rw-p 00000000 00:00 0          [stack:9759]
63be1000-63be4000 ---p 00000000 00:00 0 
63be4000-63c32000 rw-p 00000000 00:00 0          [stack:9757]
63c32000-63dbb000 r--p 00000000 08:02 527857     /usr/lib/locale/locale-archive
63dbb000-63dbe000 ---p 00000000 00:00 0 
63dbe000-63e0c000 rw-p 00000000 00:00 0          [stack:9751]
63e0c000-63e0f000 ---p 00000000 00:00 0 
63e0f000-63e5d000 rw-p 00000000 00:00 0          [stack:9749]
63e5d000-63e5e000 ---p 00000000 00:00 0 
63e5e000-63ede000 rw-p 00000000 00:00 0          [stack:9747]
63ede000-640b4000 r--s 03ca8000 08:02 682527     /opt/java/jre/lib/rt.jar
640b4000-6445a000 rw-p 00000000 00:00 0 
6445a000-64500000 ---p 00000000 00:00 0 
64500000-66900000 rw-p 00000000 00:00 0 
66900000-66a00000 rw-p 00000000 00:00 0 
66a00000-66ae5000 rw-p 00000000 00:00 0 
66ae5000-66b00000 ---p 00000000 00:00 0 
66b00000-66b21000 rw-p 00000000 00:00 0 
66b21000-66c00000 ---p 00000000 00:00 0 
66c4e000-66cb8000 rw-p 00000000 00:00 0 
66cb8000-66dff000 ---p 00000000 00:00 0 
66dff000-66e0e000 rw-p 00000000 00:00 0 
66e0e000-66f54000 ---p 00000000 00:00 0 
66f54000-66f70000 rw-p 00000000 00:00 0 
66f70000-66fff000 ---p 00000000 00:00 0 
66fff000-68d80000 rw-p 00000000 00:00 0 
68d80000-91ac0000 ---p 00000000 00:00 0 
91ac0000-95140000 rw-p 00000000 00:00 0 
98340000-a7000000 ---p 00000000 00:00 0 
a7020000-a7030000 r--s 000a9000 08:03 4063592    /home/mjt/AndroidStudioProjects/phonethings/app/build/intermediates/exploded-aar/com.android.support/support-v4/21.0.0/classes.jar
a7030000-a703e000 r--s 000b4000 08:02 807490     /opt/android-sdk/build-tools/20/lib/dx.jar
a703e000-a703f000 ---p 00000000 00:00 0 
a703f000-a70bf000 rw-p 00000000 00:00 0          [stack:9743]
a70bf000-a70c0000 ---p 00000000 00:00 0 
a70c0000-a7156000 rw-p 00000000 00:00 0          [stack:9741]
a7156000-a7500000 ---p 00000000 00:00 0 
a7500000-a7a58000 rwxp 00000000 00:00 0 
a7a58000-b6500000 ---p 00000000 00:00 0 
b6500000-b65f5000 rw-p 00000000 00:00 0 
b65f5000-b6600000 ---p 00000000 00:00 0 
b6604000-b666b000 rw-p 00000000 00:00 0 
b666b000-b6684000 r-xp 00000000 08:02 682788     /opt/java/jre/lib/i386/libzip.so
b6684000-b6685000 rw-p 00018000 08:02 682788     /opt/java/jre/lib/i386/libzip.so
b6685000-b668d000 rw-s 00000000 00:1d 9986040    /tmp/hsperfdata_mjt/9718
b668d000-b66b1000 r-xp 00000000 08:02 682806     /opt/java/jre/lib/i386/libjava.so
b66b1000-b66b2000 rw-p 00023000 08:02 682806     /opt/java/jre/lib/i386/libjava.so
b66b2000-b66b9000 r-xp 00000000 08:02 527470     /usr/lib/librt-2.20.so
b66b9000-b66ba000 r--p 00007000 08:02 527470     /usr/lib/librt-2.20.so
b66ba000-b66bb000 rw-p 00008000 08:02 527470     /usr/lib/librt-2.20.so
b66bb000-b66be000 ---p 00000000 00:00 0 
b66be000-b670c000 rw-p 00000000 00:00 0          [stack:9735]
b670c000-b6757000 r-xp 00000000 08:02 527458     /usr/lib/libm-2.20.so
b6757000-b6758000 r--p 0004a000 08:02 527458     /usr/lib/libm-2.20.so
b6758000-b6759000 rw-p 0004b000 08:02 527458     /usr/lib/libm-2.20.so
b6759000-b7093000 r-xp 00000000 08:02 682826     /opt/java/jre/lib/i386/server/libjvm.so
b7093000-b70ff000 rw-p 00939000 08:02 682826     /opt/java/jre/lib/i386/server/libjvm.so
b70ff000-b7525000 rw-p 00000000 00:00 0 
b7525000-b76d6000 r-xp 00000000 08:02 527459     /usr/lib/libc-2.20.so
b76d6000-b76d9000 r--p 001b0000 08:02 527459     /usr/lib/libc-2.20.so
b76d9000-b76db000 rw-p 001b3000 08:02 527459     /usr/lib/libc-2.20.so
b76db000-b76dd000 rw-p 00000000 00:00 0 
b76dd000-b76e0000 r-xp 00000000 08:02 527433     /usr/lib/libdl-2.20.so
b76e0000-b76e1000 r--p 00002000 08:02 527433     /usr/lib/libdl-2.20.so
b76e1000-b76e2000 rw-p 00003000 08:02 527433     /usr/lib/libdl-2.20.so
b76e2000-b76f6000 r-xp 00000000 08:02 682962     /opt/java/lib/i386/jli/libjli.so
b76f6000-b76f7000 rw-p 00013000 08:02 682962     /opt/java/lib/i386/jli/libjli.so
b76f7000-b770f000 r-xp 00000000 08:02 527440     /usr/lib/libpthread-2.20.so
b770f000-b7710000 r--p 00017000 08:02 527440     /usr/lib/libpthread-2.20.so
b7710000-b7711000 rw-p 00018000 08:02 527440     /usr/lib/libpthread-2.20.so
b7711000-b7713000 rw-p 00000000 00:00 0 
b7715000-b7717000 rw-p 00000000 00:00 0 
b7717000-b7723000 r-xp 00000000 08:02 527435     /usr/lib/libnss_files-2.20.so
b7723000-b7724000 r--p 0000b000 08:02 527435     /usr/lib/libnss_files-2.20.so
b7724000-b7725000 rw-p 0000c000 08:02 527435     /usr/lib/libnss_files-2.20.so
b7725000-b7726000 rw-p 00000000 00:00 0 
b7726000-b7727000 ---p 00000000 00:00 0 
b7727000-b7732000 r-xp 00000000 08:02 682800     /opt/java/jre/lib/i386/libverify.so
b7732000-b7733000 rw-p 0000b000 08:02 682800     /opt/java/jre/lib/i386/libverify.so
b7733000-b7735000 r--p 00000000 00:00 0          [vvar]
b7735000-b7737000 r-xp 00000000 00:00 0          [vdso]
b7737000-b7758000 r-xp 00000000 08:02 527437     /usr/lib/ld-2.20.so
b7758000-b7759000 rw-p 00000000 00:00 0 
b7759000-b775a000 r--p 00021000 08:02 527437     /usr/lib/ld-2.20.so
b775a000-b775b000 rw-p 00022000 08:02 527437     /usr/lib/ld-2.20.so
bf8e7000-bf8e8000 rwxp 00000000 00:00 0 
bf91a000-bf93b000 rw-p 00000000 00:00 0          [stack]

VM Arguments:
jvm_args: -Xmx1024M 
java_command: /opt/android-sdk/build-tools/20/lib/dx.jar --dex --output /home/mjt/AndroidStudioProjects/phonethings/app/build/intermediates/pre-dexed/debug/classes-03dd4dbf824bbea5ef44ca68e96fd9e9513acd75.jar /home/mjt/AndroidStudioProjects/phonethings/app/build/intermediates/exploded-aar/com.android.support/support-v4/21.0.0/classes.jar
java_class_path (initial): /opt/android-sdk/build-tools/20/lib/dx.jar
Launcher Type: SUN_STANDARD

Environment Variables:
JAVA_HOME=/opt/java
CLASSPATH=/opt/android-studio/bin/../lib/bootstrap.jar:/opt/android-studio/bin/../lib/extensions.jar:/opt/android-studio/bin/../lib/util.jar:/opt/android-studio/bin/../lib/jdom.jar:/opt/android-studio/bin/../lib/log4j.jar:/opt/android-studio/bin/../lib/trove4j.jar:/opt/android-studio/bin/../lib/jna.jar:/opt/java/lib/tools.jar
PATH=/usr/local/sbin:/usr/local/bin:/usr/bin:/opt/android-sdk/platform-tools:/opt/android-sdk/tools:/opt/java/bin:/opt/java/db/bin:/opt/java/jre/bin:/usr/bin/site_perl:/usr/bin/vendor_perl:/usr/bin/core_perl
LD_LIBRARY_PATH=/opt/android-studio/bin:
SHELL=/bin/bash
DISPLAY=:0.0

Signal Handlers:
SIGSEGV: [libjvm.so+0x891f70], sa_mask[0]=11111111011111111101111111111110, sa_flags=SA_RESTART|SA_SIGINFO
SIGBUS: [libjvm.so+0x891f70], sa_mask[0]=11111111011111111101111111111110, sa_flags=SA_RESTART|SA_SIGINFO
SIGFPE: [libjvm.so+0x71d8e0], sa_mask[0]=11111111011111111101111111111110, sa_flags=SA_RESTART|SA_SIGINFO
SIGPIPE: [libjvm.so+0x71d8e0], sa_mask[0]=11111111011111111101111111111110, sa_flags=SA_RESTART|SA_SIGINFO
SIGXFSZ: [libjvm.so+0x71d8e0], sa_mask[0]=11111111011111111101111111111110, sa_flags=SA_RESTART|SA_SIGINFO
SIGILL: [libjvm.so+0x71d8e0], sa_mask[0]=11111111011111111101111111111110, sa_flags=SA_RESTART|SA_SIGINFO
SIGUSR1: SIG_DFL, sa_mask[0]=00000000000000000000000000000000, sa_flags=none
SIGUSR2: [libjvm.so+0x71f090], sa_mask[0]=00100000000000000000000000000000, sa_flags=SA_RESTART|SA_SIGINFO
SIGHUP: [libjvm.so+0x720590], sa_mask[0]=11111111011111111101111111111110, sa_flags=SA_RESTART|SA_SIGINFO
SIGINT: [libjvm.so+0x720590], sa_mask[0]=11111111011111111101111111111110, sa_flags=SA_RESTART|SA_SIGINFO
SIGTERM: [libjvm.so+0x720590], sa_mask[0]=11111111011111111101111111111110, sa_flags=SA_RESTART|SA_SIGINFO
SIGQUIT: [libjvm.so+0x720590], sa_mask[0]=11111111011111111101111111111110, sa_flags=SA_RESTART|SA_SIGINFO


---------------  S Y S T E M  ---------------

OS:NAME="Arch Linux"
ID=arch
PRETTY_NAME="Arch Linux"
ANSI_COLOR="0;36"
HOME_URL="https://www.archlinux.org/"
SUPPORT_URL="https://bbs.archlinux.org/"
BUG_REPORT_URL="https://bugs.archlinux.org/"


uname:Linux 3.17.2-1-ARCH #1 SMP PREEMPT Thu Oct 30 20:31:16 CET 2014 i686
libc:glibc 2.20 NPTL 2.20 
rlimit: STACK 8192k, CORE 0k, NPROC 22165, NOFILE 4096, AS infinity
load average:3.23 2.96 2.17

/proc/meminfo:
MemTotal:        2841788 kB
MemFree:          215024 kB
MemAvailable:     172008 kB
Buffers:            2900 kB
Cached:            88756 kB
SwapCached:            0 kB
Active:          2468100 kB
Inactive:          34196 kB
Active(anon):    2437420 kB
Inactive(anon):    11196 kB
Active(file):      30680 kB
Inactive(file):    23000 kB
Unevictable:         132 kB
Mlocked:             132 kB
HighTotal:       1969452 kB
HighFree:          73420 kB
LowTotal:         872336 kB
LowFree:          141604 kB
SwapTotal:             0 kB
SwapFree:              0 kB
Dirty:               204 kB
Writeback:          6592 kB
AnonPages:       2410820 kB
Mapped:            40952 kB
Shmem:             37928 kB
Slab:              32480 kB
SReclaimable:      18768 kB
SUnreclaim:        13712 kB
KernelStack:        2936 kB
PageTables:         5948 kB
NFS_Unstable:          0 kB
Bounce:                0 kB
WritebackTmp:          0 kB
CommitLimit:     1420892 kB
Committed_AS:    4164124 kB
VmallocTotal:     122880 kB
VmallocUsed:       24896 kB
VmallocChunk:      60796 kB
HardwareCorrupted:     0 kB
AnonHugePages:    917504 kB
HugePages_Total:       0
HugePages_Free:        0
HugePages_Rsvd:        0
HugePages_Surp:        0
Hugepagesize:       4096 kB
DirectMap4k:       40952 kB
DirectMap4M:      868352 kB


CPU:total 2 (2 cores per cpu, 1 threads per core) family 16 model 6 stepping 3, cmov, cx8, fxsr, mmx, sse, sse2, sse3, popcnt, mmxext, 3dnowpref, lzcnt, tsc, tscinvbit, tscinv

/proc/cpuinfo:
processor	: 0
vendor_id	: AuthenticAMD
cpu family	: 16
model		: 6
model name	: AMD Athlon(tm) II P340 Dual-Core Processor
stepping	: 3
microcode	: 0x10000c8
cpu MHz		: 1600.000
cache size	: 512 KB
physical id	: 0
siblings	: 2
core id		: 0
cpu cores	: 2
apicid		: 0
initial apicid	: 0
fdiv_bug	: no
f00f_bug	: no
coma_bug	: no
fpu		: yes
fpu_exception	: yes
cpuid level	: 5
wp		: yes
flags		: fpu vme de pse tsc msr pae mce cx8 apic sep mtrr pge mca cmov pat pse36 clflush mmx fxsr sse sse2 ht syscall nx mmxext fxsr_opt pdpe1gb rdtscp lm 3dnowext 3dnow constant_tsc rep_good nonstop_tsc extd_apicid pni monitor cx16 popcnt lahf_lm cmp_legacy svm extapic cr8_legacy abm sse4a 3dnowprefetch osvw ibs skinit wdt nodeid_msr hw_pstate npt lbrv svm_lock nrip_save
bugs		: tlb_mmatch apic_c1e fxsave_leak
bogomips	: 4390.81
clflush size	: 64
cache_alignment	: 64
address sizes	: 48 bits physical, 48 bits virtual
power management: ts ttp tm stc 100mhzsteps hwpstate

processor	: 1
vendor_id	: AuthenticAMD
cpu family	: 16
model		: 6
model name	: AMD Athlon(tm) II P340 Dual-Core Processor
stepping	: 3
microcode	: 0x10000c8
cpu MHz		: 800.000
cache size	: 512 KB
physical id	: 0
siblings	: 2
core id		: 1
cpu cores	: 2
apicid		: 1
initial apicid	: 1
fdiv_bug	: no
f00f_bug	: no
coma_bug	: no
fpu		: yes
fpu_exception	: yes
cpuid level	: 5
wp		: yes
flags		: fpu vme de pse tsc msr pae mce cx8 apic sep mtrr pge mca cmov pat pse36 clflush mmx fxsr sse sse2 ht syscall nx mmxext fxsr_opt pdpe1gb rdtscp lm 3dnowext 3dnow constant_tsc rep_good nonstop_tsc extd_apicid pni monitor cx16 popcnt lahf_lm cmp_legacy svm extapic cr8_legacy abm sse4a 3dnowprefetch osvw ibs skinit wdt nodeid_msr hw_pstate npt lbrv svm_lock nrip_save
bugs		: tlb_mmatch apic_c1e fxsave_leak
bogomips	: 4390.81
clflush size	: 64
cache_alignment	: 64
address sizes	: 48 bits physical, 48 bits virtual
power management: ts ttp tm stc 100mhzsteps hwpstate



Memory: 4k page, physical 2841788k(215024k free), swap 0k(0k free)

vm_info: Java HotSpot(TM) Server VM (25.20-b23) for linux-x86 JRE (1.8.0_20-b26), built on Jul 30 2014 13:29:53 by "java_re" with gcc 4.3.0 20080428 (Red Hat 4.3.0-8)

time: Thu Dec 18 23:01:52 2014
elapsed time: 11 seconds (0d 0h 0m 11s)

