#
# There is insufficient memory for the Java Runtime Environment to continue.
# Native memory allocation (mmap) failed to map 262144 bytes for committing reserved memory.
# Possible reasons:
#   The system is out of physical RAM or swap space
#   In 32 bit mode, the process size limit was hit
# Possible solutions:
#   Reduce memory load on the system
#   Increase physical memory or swap space
#   Check if swap backing store is full
#   Use 64 bit Java on a 64 bit OS
#   Decrease Java heap size (-Xmx/-Xms)
#   Decrease number of Java threads
#   Decrease Java thread stack sizes (-Xss)
#   Set larger code cache with -XX:ReservedCodeCacheSize=
# This output file may be truncated or incomplete.
#
#  Out of Memory Error (os_linux.cpp:2671), pid=927, tid=1726647104
#
# JRE version: Java(TM) SE Runtime Environment (8.0_20-b26) (build 1.8.0_20-b26)
# Java VM: Java HotSpot(TM) Server VM (25.20-b23 mixed mode linux-x86 )
# Failed to write core dump. Core dumps have been disabled. To enable core dumping, try "ulimit -c unlimited" before starting Java again
#

---------------  T H R E A D  ---------------

Current thread (0xb660fc00):  GCTaskThread [stack: 0x66e28000,0x66ea9000] [id=938]

Stack: [0x66e28000,0x66ea9000],  sp=0x66ea7a40,  free space=510k
Native frames: (J=compiled Java code, j=interpreted, Vv=VM code, C=native code)
V  [libjvm.so+0x891489]
V  [libjvm.so+0x3751d5]
V  [libjvm.so+0x720b46]
V  [libjvm.so+0x720f68]
V  [libjvm.so+0x71a93c]
V  [libjvm.so+0x782538]
V  [libjvm.so+0x775991]
V  [libjvm.so+0x775b8b]
V  [libjvm.so+0x77e872]
V  [libjvm.so+0x77df89]
V  [libjvm.so+0x2928bb]
V  [libjvm.so+0x78104f]
V  [libjvm.so+0x43be96]
V  [libjvm.so+0x723509]
C  [libpthread.so.0+0x61a6]  start_thread+0xd6


---------------  P R O C E S S  ---------------

Java Threads: ( => current thread )
  0x63f3ac00 JavaThread "Service Thread" daemon [_thread_blocked, id=947, stack(0x63b31000,0x63b82000)]
  0x63f37c00 JavaThread "C1 CompilerThread1" daemon [_thread_blocked, id=946, stack(0x63b82000,0x63c03000)]
  0x63f35c00 JavaThread "C2 CompilerThread0" daemon [_thread_blocked, id=945, stack(0x63c03000,0x63c84000)]
  0x63f34400 JavaThread "Signal Dispatcher" daemon [_thread_blocked, id=944, stack(0x63c84000,0x63cd5000)]
  0x63f16800 JavaThread "Finalizer" daemon [_thread_blocked, id=943, stack(0x63e5e000,0x63eaf000)]
  0x63f15000 JavaThread "Reference Handler" daemon [_thread_blocked, id=942, stack(0x63eaf000,0x63f00000)]
  0xb6606800 JavaThread "main" [_thread_blocked, id=937, stack(0xb6755000,0xb67a6000)]

Other Threads:
  0x63f11000 VMThread [stack: 0x6400e000,0x6408f000] [id=941]
  0x63f3c400 WatcherThread [stack: 0x63ab0000,0x63b31000] [id=948]

=>0xb660fc00 (exited) GCTaskThread [stack: 0x66e28000,0x66ea9000] [id=938]

VM state:at safepoint (normal execution)

VM Mutex/Monitor currently owned by a thread:  ([mutex/lock_event])
[0xb6604618] ExpandHeap_lock - owner thread: 0xb660fc00
[0xb6604b60] Threads_lock - owner thread: 0x63f11000
[0xb6604f70] Heap_lock - owner thread: 0xb6606800

Heap:
 PSYoungGen      total 252416K, used 252409K [0x91cc0000, 0xa7200000, 0xa7200000)
  eden space 190720K, 100% used [0x91cc0000,0x9d700000,0x9d700000)
  from space 61696K, 99% used [0xa35c0000,0xa71fe408,0xa7200000)
  to   space 79360K, 27% used [0x9d700000,0x9ec9f2f8,0xa2480000)
 ParOldGen       total 159744K, used 159740K [0x67200000, 0x70e00000, 0x91cc0000)
  object space 159744K, 99% used [0x67200000,0x70dff010,0x70e00000)
 Metaspace       used 3600K, capacity 3676K, committed 3736K, reserved 4400K

Card table byte_map: [0x66fff000,0x67200000] byte_map_base: 0x66cc6000

Marking Bits: (ParMarkBitMap*) 0xb71a9380
 Begin Bits: [0x64b00000, 0x65b00000)
 End Bits:   [0x65b00000, 0x66b00000)

Polling page: 0xb77c0000

CodeCache: size=245760Kb used=8968Kb max_used=8980Kb free=236791Kb
 bounds [0xa7600000, 0xa7ed0000, 0xb6600000]
 total_blobs=2273 nmethods=2118 adapters=70
 compilation: enabled

Compilation events (10 events):
Event: 43.209 Thread 0x63f37c00 2379       2       com.android.dx.cf.code.LocalVariableList::concat (97 bytes)
Event: 43.211 Thread 0x63f37c00 nmethod 2379 0xa7727d08 code [0xa7727f60, 0xa77287e4]
Event: 43.211 Thread 0x63f37c00 2381       2       com.android.dx.dex.code.OutputFinisher::hasLocalInfo (20 bytes)
Event: 43.211 Thread 0x63f37c00 nmethod 2381 0xa7704588 code [0xa77046a0, 0xa7704780]
Event: 43.229 Thread 0x63f37c00 2382       3       com.android.dx.cf.cst.ConstantPoolParser::parse (365 bytes)
Event: 43.232 Thread 0x63f37c00 nmethod 2382 0xa7ec9048 code [0xa7ec9600, 0xa7ecc07c]
Event: 43.233 Thread 0x63f37c00 2385       1       com.android.dx.ssa.SsaInsn::isNormalMoveInsn (2 bytes)
Event: 43.233 Thread 0x63f37c00 nmethod 2385 0xa7e9e548 code [0xa7e9e640, 0xa7e9e6e0]
Event: 43.233 Thread 0x63f37c00 2383       2       com.android.dx.cf.direct.StdAttributeFactory::localVariableTable (98 bytes)
Event: 43.234 Thread 0x63f37c00 nmethod 2383 0xa77145c8 code [0xa77147c0, 0xa7714d50]

GC Heap History (10 events):
Event: 21.421 GC heap after
Heap after GC invocations=15 (full 4):
 PSYoungGen      total 208384K, used 0K [0x91cc0000, 0xa4ac0000, 0xa7200000)
  eden space 159488K, 0% used [0x91cc0000,0x91cc0000,0x9b880000)
  from space 48896K, 0% used [0x9b880000,0x9b880000,0x9e840000)
  to   space 48128K, 0% used [0xa1bc0000,0xa1bc0000,0xa4ac0000)
 ParOldGen       total 119552K, used 63584K [0x67200000, 0x6e6c0000, 0x91cc0000)
  object space 119552K, 53% used [0x67200000,0x6b018270,0x6e6c0000)
 Metaspace       used 3531K, capacity 3644K, committed 3736K, reserved 4400K
}
Event: 24.681 GC heap before
{Heap before GC invocations=16 (full 4):
 PSYoungGen      total 208384K, used 159488K [0x91cc0000, 0xa4ac0000, 0xa7200000)
  eden space 159488K, 100% used [0x91cc0000,0x9b880000,0x9b880000)
  from space 48896K, 0% used [0x9b880000,0x9b880000,0x9e840000)
  to   space 48128K, 0% used [0xa1bc0000,0xa1bc0000,0xa4ac0000)
 ParOldGen       total 119552K, used 63584K [0x67200000, 0x6e6c0000, 0x91cc0000)
  object space 119552K, 53% used [0x67200000,0x6b018270,0x6e6c0000)
 Metaspace       used 3572K, capacity 3676K, committed 3736K, reserved 4400K
Event: 24.818 GC heap after
Heap after GC invocations=16 (full 4):
 PSYoungGen      total 247040K, used 48112K [0x91cc0000, 0xa6480000, 0xa7200000)
  eden space 198912K, 0% used [0x91cc0000,0x91cc0000,0x9df00000)
  from space 48128K, 99% used [0xa1bc0000,0xa4abc2c8,0xa4ac0000)
  to   space 62208K, 0% used [0x9df00000,0x9df00000,0xa1bc0000)
 ParOldGen       total 119552K, used 82944K [0x67200000, 0x6e6c0000, 0x91cc0000)
  object space 119552K, 69% used [0x67200000,0x6c300080,0x6e6c0000)
 Metaspace       used 3572K, capacity 3676K, committed 3736K, reserved 4400K
}
Event: 28.792 GC heap before
{Heap before GC invocations=17 (full 4):
 PSYoungGen      total 247040K, used 247024K [0x91cc0000, 0xa6480000, 0xa7200000)
  eden space 198912K, 100% used [0x91cc0000,0x9df00000,0x9df00000)
  from space 48128K, 99% used [0xa1bc0000,0xa4abc2c8,0xa4ac0000)
  to   space 62208K, 0% used [0x9df00000,0x9df00000,0xa1bc0000)
 ParOldGen       total 119552K, used 82944K [0x67200000, 0x6e6c0000, 0x91cc0000)
  object space 119552K, 69% used [0x67200000,0x6c300080,0x6e6c0000)
 Metaspace       used 3573K, capacity 3676K, committed 3736K, reserved 4400K
Event: 29.035 GC heap after
Heap after GC invocations=17 (full 4):
 PSYoungGen      total 261120K, used 35262K [0x91cc0000, 0xa7200000, 0xa7200000)
  eden space 198912K, 0% used [0x91cc0000,0x91cc0000,0x9df00000)
  from space 62208K, 56% used [0x9df00000,0xa016fb08,0xa1bc0000)
  to   space 61696K, 0% used [0xa35c0000,0xa35c0000,0xa7200000)
 ParOldGen       total 136704K, used 136399K [0x67200000, 0x6f780000, 0x91cc0000)
  object space 136704K, 99% used [0x67200000,0x6f733ee8,0x6f780000)
 Metaspace       used 3573K, capacity 3676K, committed 3736K, reserved 4400K
}
Event: 29.035 GC heap before
{Heap before GC invocations=18 (full 5):
 PSYoungGen      total 261120K, used 35262K [0x91cc0000, 0xa7200000, 0xa7200000)
  eden space 198912K, 0% used [0x91cc0000,0x91cc0000,0x9df00000)
  from space 62208K, 56% used [0x9df00000,0xa016fb08,0xa1bc0000)
  to   space 61696K, 0% used [0xa35c0000,0xa35c0000,0xa7200000)
 ParOldGen       total 136704K, used 136399K [0x67200000, 0x6f780000, 0x91cc0000)
  object space 136704K, 99% used [0x67200000,0x6f733ee8,0x6f780000)
 Metaspace       used 3573K, capacity 3676K, committed 3736K, reserved 4400K
Event: 30.728 GC heap after
Heap after GC invocations=18 (full 5):
 PSYoungGen      total 261120K, used 0K [0x91cc0000, 0xa7200000, 0xa7200000)
  eden space 198912K, 0% used [0x91cc0000,0x91cc0000,0x9df00000)
  from space 62208K, 0% used [0x9df00000,0x9df00000,0xa1bc0000)
  to   space 61696K, 0% used [0xa35c0000,0xa35c0000,0xa7200000)
 ParOldGen       total 157952K, used 80883K [0x67200000, 0x70c40000, 0x91cc0000)
  object space 157952K, 51% used [0x67200000,0x6c0fcfa0,0x70c40000)
 Metaspace       used 3573K, capacity 3676K, committed 3736K, reserved 4400K
}
Event: 34.755 GC heap before
{Heap before GC invocations=19 (full 5):
 PSYoungGen      total 261120K, used 198912K [0x91cc0000, 0xa7200000, 0xa7200000)
  eden space 198912K, 100% used [0x91cc0000,0x9df00000,0x9df00000)
  from space 62208K, 0% used [0x9df00000,0x9df00000,0xa1bc0000)
  to   space 61696K, 0% used [0xa35c0000,0xa35c0000,0xa7200000)
 ParOldGen       total 157952K, used 80883K [0x67200000, 0x70c40000, 0x91cc0000)
  object space 157952K, 51% used [0x67200000,0x6c0fcfa0,0x70c40000)
 Metaspace       used 3576K, capacity 3676K, committed 3736K, reserved 4400K
Event: 35.146 GC heap after
Heap after GC invocations=19 (full 5):
 PSYoungGen      total 252416K, used 61689K [0x91cc0000, 0xa7200000, 0xa7200000)
  eden space 190720K, 0% used [0x91cc0000,0x91cc0000,0x9d700000)
  from space 61696K, 99% used [0xa35c0000,0xa71fe408,0xa7200000)
  to   space 79360K, 0% used [0x9d700000,0x9d700000,0xa2480000)
 ParOldGen       total 157952K, used 103811K [0x67200000, 0x70c40000, 0x91cc0000)
  object space 157952K, 65% used [0x67200000,0x6d760ef8,0x70c40000)
 Metaspace       used 3576K, capacity 3676K, committed 3736K, reserved 4400K
}
Event: 43.297 GC heap before
{Heap before GC invocations=20 (full 5):
 PSYoungGen      total 252416K, used 252409K [0x91cc0000, 0xa7200000, 0xa7200000)
  eden space 190720K, 100% used [0x91cc0000,0x9d700000,0x9d700000)
  from space 61696K, 99% used [0xa35c0000,0xa71fe408,0xa7200000)
  to   space 79360K, 0% used [0x9d700000,0x9d700000,0xa2480000)
 ParOldGen       total 157952K, used 103811K [0x67200000, 0x70c40000, 0x91cc0000)
  object space 157952K, 65% used [0x67200000,0x6d760ef8,0x70c40000)
 Metaspace       used 3600K, capacity 3676K, committed 3736K, reserved 4400K

Deoptimization events (10 events):
Event: 36.546 Thread 0xb6606800 Uncommon trap: reason=bimorphic action=maybe_recompile pc=0xa7a9ebd4 method=java.util.HashMap.getNode(ILjava/lang/Object;)Ljava/util/HashMap$Node; @ 126
Event: 37.276 Thread 0xb6606800 Uncommon trap: reason=class_check action=maybe_recompile pc=0xa7bf9878 method=com.android.dx.cf.code.Ropper.processBlock(Lcom/android/dx/cf/code/ByteBlock;Lcom/android/dx/cf/code/Frame;[I)V @ 711
Event: 37.276 Thread 0xb6606800 Uncommon trap: reason=class_check action=maybe_recompile pc=0xa7bf9878 method=com.android.dx.cf.code.Ropper.processBlock(Lcom/android/dx/cf/code/ByteBlock;Lcom/android/dx/cf/code/Frame;[I)V @ 711
Event: 37.330 Thread 0xb6606800 Uncommon trap: reason=class_check action=maybe_recompile pc=0xa7cd832c method=com.android.dx.cf.code.RopperMachine.run(Lcom/android/dx/cf/code/Frame;II)V @ 1024
Event: 42.839 Thread 0xb6606800 Uncommon trap: reason=class_check action=maybe_recompile pc=0xa7bd3ef0 method=com.android.dx.ssa.SCCP.simulateBranch(Lcom/android/dx/ssa/SsaInsn;)V @ 145
Event: 42.846 Thread 0xb6606800 Uncommon trap: reason=unreached action=reinterpret pc=0xa7b790c8 method=com.android.dx.cf.code.Simulator$SimVisitor.visitLocal(IIIILcom/android/dx/rop/type/Type;I)V @ 162
Event: 42.846 Thread 0xb6606800 Uncommon trap: reason=unreached action=reinterpret pc=0xa7b1f8c0 method=com.android.dx.ssa.SsaRenamer$BlockRenamer.visitMoveInsn(Lcom/android/dx/ssa/NormalSsaInsn;)V @ 64
Event: 42.846 Thread 0xb6606800 Uncommon trap: reason=unreached action=reinterpret pc=0xa7b9fbe8 method=com.android.dx.ssa.SsaRenamer$BlockRenamer.process()V @ 59
Event: 43.000 Thread 0xb6606800 Uncommon trap: reason=bimorphic action=maybe_recompile pc=0xa7e03c40 method=com.android.dx.cf.code.BytecodeArray.parseInstruction(ILcom/android/dx/cf/code/BytecodeArray$Visitor;)I @ 2281
Event: 43.000 Thread 0xb6606800 Uncommon trap: reason=bimorphic action=maybe_recompile pc=0xa7e03c40 method=com.android.dx.cf.code.BytecodeArray.parseInstruction(ILcom/android/dx/cf/code/BytecodeArray$Visitor;)I @ 2281

Internal exceptions (10 events):
Event: 6.232 Thread 0xb6606800 Exception <a 'java/security/PrivilegedActionException'> (0x92bfbb60) thrown at [/HUDSON/workspace/8-2-build-linux-i586/jdk8u20/1074/hotspot/src/share/vm/prims/jvm.cpp, line 1275]
Event: 6.257 Thread 0xb6606800 Exception <a 'java/security/PrivilegedActionException'> (0x92c510d8) thrown at [/HUDSON/workspace/8-2-build-linux-i586/jdk8u20/1074/hotspot/src/share/vm/prims/jvm.cpp, line 1275]
Event: 9.400 Thread 0xb6606800 Exception <a 'java/security/PrivilegedActionException'> (0x93de6108) thrown at [/HUDSON/workspace/8-2-build-linux-i586/jdk8u20/1074/hotspot/src/share/vm/prims/jvm.cpp, line 1275]
Event: 9.449 Thread 0xb6606800 Exception <a 'java/security/PrivilegedActionException'> (0x940831d0) thrown at [/HUDSON/workspace/8-2-build-linux-i586/jdk8u20/1074/hotspot/src/share/vm/prims/jvm.cpp, line 1275]
Event: 9.455 Thread 0xb6606800 Exception <a 'java/security/PrivilegedActionException'> (0x94088a00) thrown at [/HUDSON/workspace/8-2-build-linux-i586/jdk8u20/1074/hotspot/src/share/vm/prims/jvm.cpp, line 1275]
Event: 15.896 Thread 0xb6606800 Exception <a 'java/security/PrivilegedActionException'> (0x91e8d868) thrown at [/HUDSON/workspace/8-2-build-linux-i586/jdk8u20/1074/hotspot/src/share/vm/prims/jvm.cpp, line 1275]
Event: 15.900 Thread 0xb6606800 Exception <a 'java/security/PrivilegedActionException'> (0x91e96358) thrown at [/HUDSON/workspace/8-2-build-linux-i586/jdk8u20/1074/hotspot/src/share/vm/prims/jvm.cpp, line 1275]
Event: 15.901 Thread 0xb6606800 Exception <a 'java/security/PrivilegedActionException'> (0x91e98380) thrown at [/HUDSON/workspace/8-2-build-linux-i586/jdk8u20/1074/hotspot/src/share/vm/prims/jvm.cpp, line 1275]
Event: 16.067 Thread 0xb6606800 Implicit null exception at 0xa79302e0 to 0xa7930366
Event: 42.266 Thread 0xb6606800 Exception <a 'java/security/PrivilegedActionException'> (0x9b928fd8) thrown at [/HUDSON/workspace/8-2-build-linux-i586/jdk8u20/1074/hotspot/src/share/vm/prims/jvm.cpp, line 1275]

Events (10 events):
Event: 43.209 Thread 0x63f37c00 flushing nmethod 0xa7734208
Event: 43.209 Thread 0x63f37c00 flushing nmethod 0xa77481c8
Event: 43.211 Thread 0x63f37c00 flushing nmethod 0xa774df88
Event: 43.211 Thread 0x63f37c00 flushing nmethod 0xa774e248
Event: 43.211 Thread 0x63f37c00 flushing nmethod 0xa7751488
Event: 43.211 Thread 0x63f37c00 flushing nmethod 0xa778ae48
Event: 43.211 Thread 0x63f37c00 flushing nmethod 0xa778d948
Event: 43.229 Thread 0xb6606800 DEOPT PACKING pc=0xa7d5056c sp=0xb67a49c0
Event: 43.229 Thread 0xb6606800 DEOPT UNPACKING pc=0xa763c310 sp=0xb67a48d0 mode 0
Event: 43.235 Executing VM operation: ParallelGCFailedAllocation


Dynamic libraries:
08048000-08049000 r-xp 00000000 08:02 663210     /opt/java/bin/java
08049000-0804a000 rw-p 00000000 08:02 663210     /opt/java/bin/java
08996000-0952e000 rw-p 00000000 00:00 0          [heap]
63700000-637fd000 rw-p 00000000 00:00 0 
637fd000-63800000 ---p 00000000 00:00 0 
63800000-638c4000 rw-p 00000000 00:00 0 
638c4000-63900000 ---p 00000000 00:00 0 
63900000-63a00000 rw-p 00000000 00:00 0 
63a5a000-63ab0000 r--s 00303000 08:03 4063274    /home/mjt/AndroidStudioProjects/phonethings/app/build/intermediates/exploded-aar/com.google.android.gms/play-services/6.5.87/classes.jar
63ab0000-63ab1000 ---p 00000000 00:00 0 
63ab1000-63b31000 rw-p 00000000 00:00 0          [stack:948]
63b31000-63b34000 ---p 00000000 00:00 0 
63b34000-63b82000 rw-p 00000000 00:00 0          [stack:947]
63b82000-63b85000 ---p 00000000 00:00 0 
63b85000-63c03000 rw-p 00000000 00:00 0          [stack:946]
63c03000-63c06000 ---p 00000000 00:00 0 
63c06000-63c84000 rw-p 00000000 00:00 0          [stack:945]
63c84000-63c87000 ---p 00000000 00:00 0 
63c87000-63cd5000 rw-p 00000000 00:00 0          [stack:944]
63cd5000-63e5e000 r--p 00000000 08:02 527857     /usr/lib/locale/locale-archive
63e5e000-63e61000 ---p 00000000 00:00 0 
63e61000-63eaf000 rw-p 00000000 00:00 0          [stack:943]
63eaf000-63eb2000 ---p 00000000 00:00 0 
63eb2000-63f00000 rw-p 00000000 00:00 0          [stack:942]
63f00000-64000000 rw-p 00000000 00:00 0 
6400e000-6400f000 ---p 00000000 00:00 0 
6400f000-640de000 rw-p 00000000 00:00 0          [stack:941]
640de000-642b4000 r--s 03ca8000 08:02 682527     /opt/java/jre/lib/rt.jar
642b4000-6465a000 rw-p 00000000 00:00 0 
6465a000-64700000 ---p 00000000 00:00 0 
64700000-66b00000 rw-p 00000000 00:00 0 
66b00000-66bf9000 rw-p 00000000 00:00 0 
66bf9000-66c00000 ---p 00000000 00:00 0 
66c24000-66c7f000 rw-p 00000000 00:00 0 
66c7f000-66c80000 ---p 00000000 00:00 0 
66c80000-66d00000 rw-p 00000000 00:00 0          [stack:939]
66d00000-66d21000 rw-p 00000000 00:00 0 
66d21000-66e00000 ---p 00000000 00:00 0 
66e28000-66e29000 ---p 00000000 00:00 0 
66e29000-66ef7000 rw-p 00000000 00:00 0          [stack:938]
66ef7000-66fff000 ---p 00000000 00:00 0 
66fff000-6704d000 rw-p 00000000 00:00 0 
6704d000-67154000 ---p 00000000 00:00 0 
67154000-671ff000 rw-p 00000000 00:00 0 
671ff000-70e00000 rw-p 00000000 00:00 0 
70e40000-91cc0000 ---p 00000000 00:00 0 
91cc0000-a7200000 rw-p 00000000 00:00 0 
a721a000-a7228000 r--s 000b4000 08:02 816326     /opt/android-sdk/build-tools/20.0.0/lib/dx.jar
a7228000-a7264000 rw-p 00000000 00:00 0 
a7264000-a7600000 ---p 00000000 00:00 0 
a7600000-a7ed0000 rwxp 00000000 00:00 0 
a7ed0000-b6600000 ---p 00000000 00:00 0 
b6600000-b66f5000 rw-p 00000000 00:00 0 
b66f5000-b6700000 ---p 00000000 00:00 0 
b6705000-b671e000 r-xp 00000000 08:02 682788     /opt/java/jre/lib/i386/libzip.so
b671e000-b671f000 rw-p 00018000 08:02 682788     /opt/java/jre/lib/i386/libzip.so
b671f000-b6727000 rw-s 00000000 00:1d 4220114    /tmp/hsperfdata_mjt/927
b6727000-b674b000 r-xp 00000000 08:02 682806     /opt/java/jre/lib/i386/libjava.so
b674b000-b674c000 rw-p 00023000 08:02 682806     /opt/java/jre/lib/i386/libjava.so
b674c000-b6753000 r-xp 00000000 08:02 527470     /usr/lib/librt-2.20.so
b6753000-b6754000 r--p 00007000 08:02 527470     /usr/lib/librt-2.20.so
b6754000-b6755000 rw-p 00008000 08:02 527470     /usr/lib/librt-2.20.so
b6755000-b6758000 ---p 00000000 00:00 0 
b6758000-b67a6000 rw-p 00000000 00:00 0          [stack:937]
b67a6000-b67f1000 r-xp 00000000 08:02 527458     /usr/lib/libm-2.20.so
b67f1000-b67f2000 r--p 0004a000 08:02 527458     /usr/lib/libm-2.20.so
b67f2000-b67f3000 rw-p 0004b000 08:02 527458     /usr/lib/libm-2.20.so
b67f3000-b712d000 r-xp 00000000 08:02 682826     /opt/java/jre/lib/i386/server/libjvm.so
b712d000-b7199000 rw-p 00939000 08:02 682826     /opt/java/jre/lib/i386/server/libjvm.so
b7199000-b75bf000 rw-p 00000000 00:00 0 
b75bf000-b7770000 r-xp 00000000 08:02 527459     /usr/lib/libc-2.20.so
b7770000-b7773000 r--p 001b0000 08:02 527459     /usr/lib/libc-2.20.so
b7773000-b7775000 rw-p 001b3000 08:02 527459     /usr/lib/libc-2.20.so
b7775000-b7777000 rw-p 00000000 00:00 0 
b7777000-b777a000 r-xp 00000000 08:02 527433     /usr/lib/libdl-2.20.so
b777a000-b777b000 r--p 00002000 08:02 527433     /usr/lib/libdl-2.20.so
b777b000-b777c000 rw-p 00003000 08:02 527433     /usr/lib/libdl-2.20.so
b777c000-b7790000 r-xp 00000000 08:02 682962     /opt/java/lib/i386/jli/libjli.so
b7790000-b7791000 rw-p 00013000 08:02 682962     /opt/java/lib/i386/jli/libjli.so
b7791000-b77a9000 r-xp 00000000 08:02 527440     /usr/lib/libpthread-2.20.so
b77a9000-b77aa000 r--p 00017000 08:02 527440     /usr/lib/libpthread-2.20.so
b77aa000-b77ab000 rw-p 00018000 08:02 527440     /usr/lib/libpthread-2.20.so
b77ab000-b77ad000 rw-p 00000000 00:00 0 
b77b0000-b77b1000 rw-p 00000000 00:00 0 
b77b1000-b77bd000 r-xp 00000000 08:02 527435     /usr/lib/libnss_files-2.20.so
b77bd000-b77be000 r--p 0000b000 08:02 527435     /usr/lib/libnss_files-2.20.so
b77be000-b77bf000 rw-p 0000c000 08:02 527435     /usr/lib/libnss_files-2.20.so
b77bf000-b77c0000 rw-p 00000000 00:00 0 
b77c0000-b77c1000 ---p 00000000 00:00 0 
b77c1000-b77cc000 r-xp 00000000 08:02 682800     /opt/java/jre/lib/i386/libverify.so
b77cc000-b77cd000 rw-p 0000b000 08:02 682800     /opt/java/jre/lib/i386/libverify.so
b77cd000-b77cf000 r--p 00000000 00:00 0          [vvar]
b77cf000-b77d1000 r-xp 00000000 00:00 0          [vdso]
b77d1000-b77f2000 r-xp 00000000 08:02 527437     /usr/lib/ld-2.20.so
b77f2000-b77f3000 rw-p 00000000 00:00 0 
b77f3000-b77f4000 r--p 00021000 08:02 527437     /usr/lib/ld-2.20.so
b77f4000-b77f5000 rw-p 00022000 08:02 527437     /usr/lib/ld-2.20.so
bfed0000-bfed1000 rwxp 00000000 00:00 0 
bff03000-bff24000 rw-p 00000000 00:00 0          [stack]

VM Arguments:
jvm_args: -Xmx1024M 
java_command: /opt/android-sdk/build-tools/20.0.0/lib/dx.jar --dex --output /home/mjt/AndroidStudioProjects/phonethings/app/build/intermediates/pre-dexed/debug/classes-b72443867d500556c692547f242202d7775fea63.jar /home/mjt/AndroidStudioProjects/phonethings/app/build/intermediates/exploded-aar/com.google.android.gms/play-services/6.5.87/classes.jar
java_class_path (initial): /opt/android-sdk/build-tools/20.0.0/lib/dx.jar
Launcher Type: SUN_STANDARD

Environment Variables:
JAVA_HOME=/opt/java
CLASSPATH=/opt/android-studio/bin/../lib/bootstrap.jar:/opt/android-studio/bin/../lib/extensions.jar:/opt/android-studio/bin/../lib/util.jar:/opt/android-studio/bin/../lib/jdom.jar:/opt/android-studio/bin/../lib/log4j.jar:/opt/android-studio/bin/../lib/trove4j.jar:/opt/android-studio/bin/../lib/jna.jar:/opt/java/lib/tools.jar
PATH=/usr/local/sbin:/usr/local/bin:/usr/bin:/opt/android-sdk/platform-tools:/opt/android-sdk/tools:/opt/java/bin:/opt/java/db/bin:/opt/java/jre/bin:/usr/bin/site_perl:/usr/bin/vendor_perl:/usr/bin/core_perl
LD_LIBRARY_PATH=/opt/android-studio/bin:
SHELL=/bin/bash
DISPLAY=:0.0

Signal Handlers:
SIGSEGV: [libjvm.so+0x891f70], sa_mask[0]=11111111011111111101111111111110, sa_flags=SA_RESTART|SA_SIGINFO
SIGBUS: [libjvm.so+0x891f70], sa_mask[0]=11111111011111111101111111111110, sa_flags=SA_RESTART|SA_SIGINFO
SIGFPE: [libjvm.so+0x71d8e0], sa_mask[0]=11111111011111111101111111111110, sa_flags=SA_RESTART|SA_SIGINFO
SIGPIPE: [libjvm.so+0x71d8e0], sa_mask[0]=11111111011111111101111111111110, sa_flags=SA_RESTART|SA_SIGINFO
SIGXFSZ: [libjvm.so+0x71d8e0], sa_mask[0]=11111111011111111101111111111110, sa_flags=SA_RESTART|SA_SIGINFO
SIGILL: [libjvm.so+0x71d8e0], sa_mask[0]=11111111011111111101111111111110, sa_flags=SA_RESTART|SA_SIGINFO
SIGUSR1: SIG_DFL, sa_mask[0]=00000000000000000000000000000000, sa_flags=none
SIGUSR2: [libjvm.so+0x71f090], sa_mask[0]=00100000000000000000000000000000, sa_flags=SA_RESTART|SA_SIGINFO
SIGHUP: [libjvm.so+0x720590], sa_mask[0]=11111111011111111101111111111110, sa_flags=SA_RESTART|SA_SIGINFO
SIGINT: [libjvm.so+0x720590], sa_mask[0]=11111111011111111101111111111110, sa_flags=SA_RESTART|SA_SIGINFO
SIGTERM: [libjvm.so+0x720590], sa_mask[0]=11111111011111111101111111111110, sa_flags=SA_RESTART|SA_SIGINFO
SIGQUIT: [libjvm.so+0x720590], sa_mask[0]=11111111011111111101111111111110, sa_flags=SA_RESTART|SA_SIGINFO


---------------  S Y S T E M  ---------------

OS:NAME="Arch Linux"
ID=arch
PRETTY_NAME="Arch Linux"
ANSI_COLOR="0;36"
HOME_URL="https://www.archlinux.org/"
SUPPORT_URL="https://bbs.archlinux.org/"
BUG_REPORT_URL="https://bugs.archlinux.org/"


uname:Linux 3.17.2-1-ARCH #1 SMP PREEMPT Thu Oct 30 20:31:16 CET 2014 i686
libc:glibc 2.20 NPTL 2.20 
rlimit: STACK 8192k, CORE 0k, NPROC 22165, NOFILE 4096, AS infinity
load average:8.66 6.66 4.55

/proc/meminfo:
MemTotal:        2841788 kB
MemFree:          135080 kB
MemAvailable:      81616 kB
Buffers:            2224 kB
Cached:            39680 kB
SwapCached:            0 kB
Active:          2561008 kB
Inactive:          35196 kB
Active(anon):    2555184 kB
Inactive(anon):     4992 kB
Active(file):       5824 kB
Inactive(file):    30204 kB
Unevictable:         132 kB
Mlocked:             132 kB
HighTotal:       1969452 kB
HighFree:          18152 kB
LowTotal:         872336 kB
LowFree:          116928 kB
SwapTotal:             0 kB
SwapFree:              0 kB
Dirty:                20 kB
Writeback:           292 kB
AnonPages:       2554620 kB
Mapped:            28884 kB
Shmem:              5688 kB
Slab:              28732 kB
SReclaimable:      15520 kB
SUnreclaim:        13212 kB
KernelStack:        2776 kB
PageTables:         5416 kB
NFS_Unstable:          0 kB
Bounce:                0 kB
WritebackTmp:          0 kB
CommitLimit:     1420892 kB
Committed_AS:    3852772 kB
VmallocTotal:     122880 kB
VmallocUsed:       24876 kB
VmallocChunk:      59032 kB
HardwareCorrupted:     0 kB
AnonHugePages:   1372160 kB
HugePages_Total:       0
HugePages_Free:        0
HugePages_Rsvd:        0
HugePages_Surp:        0
Hugepagesize:       4096 kB
DirectMap4k:       24568 kB
DirectMap4M:      884736 kB


CPU:total 2 (2 cores per cpu, 1 threads per core) family 16 model 6 stepping 3, cmov, cx8, fxsr, mmx, sse, sse2, sse3, popcnt, mmxext, 3dnowpref, lzcnt, tsc, tscinvbit, tscinv

/proc/cpuinfo:
processor	: 0
vendor_id	: AuthenticAMD
cpu family	: 16
model		: 6
model name	: AMD Athlon(tm) II P340 Dual-Core Processor
stepping	: 3
microcode	: 0x10000c8
cpu MHz		: 1600.000
cache size	: 512 KB
physical id	: 0
siblings	: 2
core id		: 0
cpu cores	: 2
apicid		: 0
initial apicid	: 0
fdiv_bug	: no
f00f_bug	: no
coma_bug	: no
fpu		: yes
fpu_exception	: yes
cpuid level	: 5
wp		: yes
flags		: fpu vme de pse tsc msr pae mce cx8 apic sep mtrr pge mca cmov pat pse36 clflush mmx fxsr sse sse2 ht syscall nx mmxext fxsr_opt pdpe1gb rdtscp lm 3dnowext 3dnow constant_tsc rep_good nonstop_tsc extd_apicid pni monitor cx16 popcnt lahf_lm cmp_legacy svm extapic cr8_legacy abm sse4a 3dnowprefetch osvw ibs skinit wdt nodeid_msr hw_pstate npt lbrv svm_lock nrip_save
bugs		: tlb_mmatch apic_c1e fxsave_leak
bogomips	: 4391.27
clflush size	: 64
cache_alignment	: 64
address sizes	: 48 bits physical, 48 bits virtual
power management: ts ttp tm stc 100mhzsteps hwpstate

processor	: 1
vendor_id	: AuthenticAMD
cpu family	: 16
model		: 6
model name	: AMD Athlon(tm) II P340 Dual-Core Processor
stepping	: 3
microcode	: 0x10000c8
cpu MHz		: 800.000
cache size	: 512 KB
physical id	: 0
siblings	: 2
core id		: 1
cpu cores	: 2
apicid		: 1
initial apicid	: 1
fdiv_bug	: no
f00f_bug	: no
coma_bug	: no
fpu		: yes
fpu_exception	: yes
cpuid level	: 5
wp		: yes
flags		: fpu vme de pse tsc msr pae mce cx8 apic sep mtrr pge mca cmov pat pse36 clflush mmx fxsr sse sse2 ht syscall nx mmxext fxsr_opt pdpe1gb rdtscp lm 3dnowext 3dnow constant_tsc rep_good nonstop_tsc extd_apicid pni monitor cx16 popcnt lahf_lm cmp_legacy svm extapic cr8_legacy abm sse4a 3dnowprefetch osvw ibs skinit wdt nodeid_msr hw_pstate npt lbrv svm_lock nrip_save
bugs		: tlb_mmatch apic_c1e fxsave_leak
bogomips	: 4391.27
clflush size	: 64
cache_alignment	: 64
address sizes	: 48 bits physical, 48 bits virtual
power management: ts ttp tm stc 100mhzsteps hwpstate



Memory: 4k page, physical 2841788k(135080k free), swap 0k(0k free)

vm_info: Java HotSpot(TM) Server VM (25.20-b23) for linux-x86 JRE (1.8.0_20-b26), built on Jul 30 2014 13:29:53 by "java_re" with gcc 4.3.0 20080428 (Red Hat 4.3.0-8)

time: Sun Dec 28 19:30:31 2014
elapsed time: 54 seconds (0d 0h 0m 54s)

