#
# There is insufficient memory for the Java Runtime Environment to continue.
# Native memory allocation (mmap) failed to map 62128128 bytes for committing reserved memory.
# Possible reasons:
#   The system is out of physical RAM or swap space
#   In 32 bit mode, the process size limit was hit
# Possible solutions:
#   Reduce memory load on the system
#   Increase physical memory or swap space
#   Check if swap backing store is full
#   Use 64 bit Java on a 64 bit OS
#   Decrease Java heap size (-Xmx/-Xms)
#   Decrease number of Java threads
#   Decrease Java thread stack sizes (-Xss)
#   Set larger code cache with -XX:ReservedCodeCacheSize=
# This output file may be truncated or incomplete.
#
#  Out of Memory Error (os_linux.cpp:2671), pid=21086, tid=1678306112
#
# JRE version: Java(TM) SE Runtime Environment (8.0_20-b26) (build 1.8.0_20-b26)
# Java VM: Java HotSpot(TM) Server VM (25.20-b23 mixed mode linux-x86 )
# Failed to write core dump. Core dumps have been disabled. To enable core dumping, try "ulimit -c unlimited" before starting Java again
#

---------------  T H R E A D  ---------------

Current thread (0x63f11000):  VMThread [stack: 0x6400e000,0x6408f000] [id=21109]

Stack: [0x6400e000,0x6408f000],  sp=0x6408d840,  free space=510k
Native frames: (J=compiled Java code, j=interpreted, Vv=VM code, C=native code)
V  [libjvm.so+0x891489]
V  [libjvm.so+0x3751d5]
V  [libjvm.so+0x720b46]
V  [libjvm.so+0x720f68]
V  [libjvm.so+0x71a93c]
V  [libjvm.so+0x782538]
V  [libjvm.so+0x78363a]
V  [libjvm.so+0x782969]
V  [libjvm.so+0x78029b]
V  [libjvm.so+0x780a58]
V  [libjvm.so+0x7411da]
V  [libjvm.so+0x892bda]
V  [libjvm.so+0x89bd37]
V  [libjvm.so+0x899e03]
V  [libjvm.so+0x89a1a0]
V  [libjvm.so+0x89a605]
V  [libjvm.so+0x723509]
C  [libpthread.so.0+0x61a6]  start_thread+0xd6

VM_Operation (0xb679d6c4): ParallelGCFailedAllocation, mode: safepoint, requested by thread 0xb6606800


---------------  P R O C E S S  ---------------

Java Threads: ( => current thread )
  0x63f3a800 JavaThread "Service Thread" daemon [_thread_blocked, id=21126, stack(0x63b31000,0x63b82000)]
  0x63f37c00 JavaThread "C1 CompilerThread1" daemon [_thread_blocked, id=21125, stack(0x63b82000,0x63c03000)]
  0x63f35c00 JavaThread "C2 CompilerThread0" daemon [_thread_blocked, id=21121, stack(0x63c03000,0x63c84000)]
  0x63f34400 JavaThread "Signal Dispatcher" daemon [_thread_blocked, id=21120, stack(0x63c84000,0x63cd5000)]
  0x63f16800 JavaThread "Finalizer" daemon [_thread_blocked, id=21113, stack(0x63e5e000,0x63eaf000)]
  0x63f15000 JavaThread "Reference Handler" daemon [_thread_blocked, id=21112, stack(0x63eaf000,0x63f00000)]
  0xb6606800 JavaThread "main" [_thread_blocked, id=21103, stack(0xb674e000,0xb679f000)]

Other Threads:
=>0x63f11000 VMThread [stack: 0x6400e000,0x6408f000] [id=21109]
  0x63f3c400 WatcherThread [stack: 0x63ab0000,0x63b31000] [id=21128]

VM state:at safepoint (normal execution)

VM Mutex/Monitor currently owned by a thread:  ([mutex/lock_event])
[0xb6604b60] Threads_lock - owner thread: 0x63f11000
[0xb6604f70] Heap_lock - owner thread: 0xb6606800

Heap:
 PSYoungGen      total 98304K, used 11515K [0x91cc0000, 0x98ac0000, 0xa7200000)
  eden space 86784K, 0% used [0x91cc0000,0x91cc0000,0x97180000)
  from space 11520K, 99% used [0x97180000,0x97cbef10,0x97cc0000)
  to   space 8704K, 0% used [0x97cc0000,0x97cc0000,0x98540000)
 ParOldGen       total 30208K, used 28881K [0x67200000, 0x68f80000, 0x91cc0000)
  object space 30208K, 95% used [0x67200000,0x68e34590,0x68f80000)
 Metaspace       used 3712K, capacity 3742K, committed 3864K, reserved 4400K

Card table byte_map: [0x66fff000,0x67200000] byte_map_base: 0x66cc6000

Marking Bits: (ParMarkBitMap*) 0xb71a2380
 Begin Bits: [0x64b00000, 0x65b00000)
 End Bits:   [0x65b00000, 0x66b00000)

Polling page: 0xb77b9000

CodeCache: size=245760Kb used=5862Kb max_used=5862Kb free=239898Kb
 bounds [0xa75e6000, 0xa7ba6000, 0xb65e6000]
 total_blobs=2002 nmethods=1847 adapters=70
 compilation: enabled

Compilation events (10 events):
Event: 12.276 Thread 0x63f37c00 1892       1       com.android.dx.cf.code.SwitchList::size (5 bytes)
Event: 12.276 Thread 0x63f37c00 nmethod 1892 0xa7b92c08 code [0xa7b92d00, 0xa7b92da0]
Event: 12.280 Thread 0x63f37c00 1893 %     3       com.android.dx.rop.type.StdTypeList::withFirst @ 25 (53 bytes)
Event: 12.281 Thread 0x63f37c00 nmethod 1893% 0xa7b9a108 code [0xa7b9a360, 0xa7b9b128]
Event: 12.296 Thread 0x63f37c00 1894       2       com.android.dx.ssa.ConstCollector::updateConstUses (248 bytes)
Event: 12.299 Thread 0x63f37c00 nmethod 1894 0xa7b9fac8 code [0xa7b9fd20, 0xa7ba0460]
Event: 12.393 Thread 0x63f37c00 1896       3       com.android.dx.rop.type.StdTypeList::withFirst (53 bytes)
Event: 12.395 Thread 0x63f37c00 nmethod 1896 0xa7ba1008 code [0xa7ba1260, 0xa7ba1f88]
Event: 12.481 Thread 0x63f37c00 1897 %     3       com.android.dx.rop.code.DexTranslationAdvice::totalRopWidth @ 10 (36 bytes)
Event: 12.482 Thread 0x63f37c00 nmethod 1897% 0xa7b99588 code [0xa7b99700, 0xa7b99da4]

GC Heap History (10 events):
Event: 5.105 GC heap after
Heap after GC invocations=4 (full 0):
 PSYoungGen      total 24320K, used 1787K [0x91cc0000, 0x93640000, 0xa7200000)
  eden space 22528K, 0% used [0x91cc0000,0x91cc0000,0x932c0000)
  from space 1792K, 99% used [0x93480000,0x9363eff0,0x93640000)
  to   space 1792K, 0% used [0x932c0000,0x932c0000,0x93480000)
 ParOldGen       total 30208K, used 6696K [0x67200000, 0x68f80000, 0x91cc0000)
  object space 30208K, 22% used [0x67200000,0x6788a278,0x68f80000)
 Metaspace       used 3556K, capacity 3644K, committed 3736K, reserved 4400K
}
Event: 6.229 GC heap before
{Heap before GC invocations=5 (full 0):
 PSYoungGen      total 24320K, used 24315K [0x91cc0000, 0x93640000, 0xa7200000)
  eden space 22528K, 100% used [0x91cc0000,0x932c0000,0x932c0000)
  from space 1792K, 99% used [0x93480000,0x9363eff0,0x93640000)
  to   space 1792K, 0% used [0x932c0000,0x932c0000,0x93480000)
 ParOldGen       total 30208K, used 6696K [0x67200000, 0x68f80000, 0x91cc0000)
  object space 30208K, 22% used [0x67200000,0x6788a278,0x68f80000)
 Metaspace       used 3646K, capacity 3676K, committed 3736K, reserved 4400K
Event: 6.278 GC heap after
Heap after GC invocations=5 (full 0):
 PSYoungGen      total 24320K, used 1790K [0x91cc0000, 0x952c0000, 0xa7200000)
  eden space 22528K, 0% used [0x91cc0000,0x91cc0000,0x932c0000)
  from space 1792K, 99% used [0x932c0000,0x9347fb70,0x93480000)
  to   space 5120K, 0% used [0x94dc0000,0x94dc0000,0x952c0000)
 ParOldGen       total 30208K, used 10011K [0x67200000, 0x68f80000, 0x91cc0000)
  object space 30208K, 33% used [0x67200000,0x67bc6ce8,0x68f80000)
 Metaspace       used 3646K, capacity 3676K, committed 3736K, reserved 4400K
}
Event: 6.985 GC heap before
{Heap before GC invocations=6 (full 0):
 PSYoungGen      total 24320K, used 24318K [0x91cc0000, 0x952c0000, 0xa7200000)
  eden space 22528K, 100% used [0x91cc0000,0x932c0000,0x932c0000)
  from space 1792K, 99% used [0x932c0000,0x9347fb70,0x93480000)
  to   space 5120K, 0% used [0x94dc0000,0x94dc0000,0x952c0000)
 ParOldGen       total 30208K, used 10011K [0x67200000, 0x68f80000, 0x91cc0000)
  object space 30208K, 33% used [0x67200000,0x67bc6ce8,0x68f80000)
 Metaspace       used 3650K, capacity 3676K, committed 3736K, reserved 4400K
Event: 7.043 GC heap after
Heap after GC invocations=6 (full 0):
 PSYoungGen      total 49920K, used 4531K [0x91cc0000, 0x95340000, 0xa7200000)
  eden space 44800K, 0% used [0x91cc0000,0x91cc0000,0x94880000)
  from space 5120K, 88% used [0x94dc0000,0x9522cca8,0x952c0000)
  to   space 5376K, 0% used [0x94880000,0x94880000,0x94dc0000)
 ParOldGen       total 30208K, used 10011K [0x67200000, 0x68f80000, 0x91cc0000)
  object space 30208K, 33% used [0x67200000,0x67bc6ce8,0x68f80000)
 Metaspace       used 3650K, capacity 3676K, committed 3736K, reserved 4400K
}
Event: 8.318 GC heap before
{Heap before GC invocations=7 (full 0):
 PSYoungGen      total 49920K, used 49331K [0x91cc0000, 0x95340000, 0xa7200000)
  eden space 44800K, 100% used [0x91cc0000,0x94880000,0x94880000)
  from space 5120K, 88% used [0x94dc0000,0x9522cca8,0x952c0000)
  to   space 5376K, 0% used [0x94880000,0x94880000,0x94dc0000)
 ParOldGen       total 30208K, used 10011K [0x67200000, 0x68f80000, 0x91cc0000)
  object space 30208K, 33% used [0x67200000,0x67bc6ce8,0x68f80000)
 Metaspace       used 3663K, capacity 3676K, committed 3736K, reserved 4400K
Event: 8.485 GC heap after
Heap after GC invocations=7 (full 0):
 PSYoungGen      total 50176K, used 5361K [0x91cc0000, 0x98540000, 0xa7200000)
  eden space 44800K, 0% used [0x91cc0000,0x91cc0000,0x94880000)
  from space 5376K, 99% used [0x94880000,0x94dbc458,0x94dc0000)
  to   space 8704K, 0% used [0x97cc0000,0x97cc0000,0x98540000)
 ParOldGen       total 30208K, used 15743K [0x67200000, 0x68f80000, 0x91cc0000)
  object space 30208K, 52% used [0x67200000,0x6815ff98,0x68f80000)
 Metaspace       used 3663K, capacity 3676K, committed 3736K, reserved 4400K
}
Event: 9.942 GC heap before
{Heap before GC invocations=8 (full 0):
 PSYoungGen      total 50176K, used 50161K [0x91cc0000, 0x98540000, 0xa7200000)
  eden space 44800K, 100% used [0x91cc0000,0x94880000,0x94880000)
  from space 5376K, 99% used [0x94880000,0x94dbc458,0x94dc0000)
  to   space 8704K, 0% used [0x97cc0000,0x97cc0000,0x98540000)
 ParOldGen       total 30208K, used 15743K [0x67200000, 0x68f80000, 0x91cc0000)
  object space 30208K, 52% used [0x67200000,0x6815ff98,0x68f80000)
 Metaspace       used 3689K, capacity 3708K, committed 3736K, reserved 4400K
Event: 10.074 GC heap after
Heap after GC invocations=8 (full 0):
 PSYoungGen      total 95488K, used 8700K [0x91cc0000, 0x98ac0000, 0xa7200000)
  eden space 86784K, 0% used [0x91cc0000,0x91cc0000,0x97180000)
  from space 8704K, 99% used [0x97cc0000,0x9853f008,0x98540000)
  to   space 11520K, 0% used [0x97180000,0x97180000,0x97cc0000)
 ParOldGen       total 30208K, used 19211K [0x67200000, 0x68f80000, 0x91cc0000)
  object space 30208K, 63% used [0x67200000,0x684c2c80,0x68f80000)
 Metaspace       used 3689K, capacity 3708K, committed 3736K, reserved 4400K
}
Event: 12.489 GC heap before
{Heap before GC invocations=9 (full 0):
 PSYoungGen      total 95488K, used 95484K [0x91cc0000, 0x98ac0000, 0xa7200000)
  eden space 86784K, 100% used [0x91cc0000,0x97180000,0x97180000)
  from space 8704K, 99% used [0x97cc0000,0x9853f008,0x98540000)
  to   space 11520K, 0% used [0x97180000,0x97180000,0x97cc0000)
 ParOldGen       total 30208K, used 19211K [0x67200000, 0x68f80000, 0x91cc0000)
  object space 30208K, 63% used [0x67200000,0x684c2c80,0x68f80000)
 Metaspace       used 3712K, capacity 3742K, committed 3864K, reserved 4400K

Deoptimization events (10 events):
Event: 4.297 Thread 0xb6606800 Uncommon trap: reason=null_check action=make_not_entrant pc=0xa78df980 method=com.android.dx.rop.type.Type.equals(Ljava/lang/Object;)Z @ 8
Event: 6.175 Thread 0xb6606800 Uncommon trap: reason=unreached action=reinterpret pc=0xa78d18e4 method=java.util.HashMap.getNode(ILjava/lang/Object;)Ljava/util/HashMap$Node; @ 84
Event: 6.175 Thread 0xb6606800 Uncommon trap: reason=unreached action=reinterpret pc=0xa778b8e4 method=java.util.HashMap.getNode(ILjava/lang/Object;)Ljava/util/HashMap$Node; @ 84
Event: 6.175 Thread 0xb6606800 Uncommon trap: reason=unreached action=reinterpret pc=0xa7755a58 method=java.util.HashMap.getNode(ILjava/lang/Object;)Ljava/util/HashMap$Node; @ 84
Event: 6.358 Thread 0xb6606800 Uncommon trap: reason=class_check action=maybe_recompile pc=0xa7a26b70 method=java.util.HashMap.putVal(ILjava/lang/Object;Ljava/lang/Object;ZZ)Ljava/lang/Object; @ 203
Event: 9.699 Thread 0xb6606800 Uncommon trap: reason=unreached action=reinterpret pc=0xa7a26b14 method=java.util.HashMap.putVal(ILjava/lang/Object;Ljava/lang/Object;ZZ)Ljava/lang/Object; @ 109
Event: 9.847 Thread 0xb6606800 Uncommon trap: reason=bimorphic action=maybe_recompile pc=0xa7ab1ba8 method=java.util.HashMap.getNode(ILjava/lang/Object;)Ljava/util/HashMap$Node; @ 126
Event: 9.847 Thread 0xb6606800 Uncommon trap: reason=bimorphic action=maybe_recompile pc=0xa7ab1ba8 method=java.util.HashMap.getNode(ILjava/lang/Object;)Ljava/util/HashMap$Node; @ 126
Event: 9.847 Thread 0xb6606800 Uncommon trap: reason=bimorphic action=maybe_recompile pc=0xa7ab1ba8 method=java.util.HashMap.getNode(ILjava/lang/Object;)Ljava/util/HashMap$Node; @ 126
Event: 9.847 Thread 0xb6606800 Uncommon trap: reason=bimorphic action=maybe_recompile pc=0xa7ab1ba8 method=java.util.HashMap.getNode(ILjava/lang/Object;)Ljava/util/HashMap$Node; @ 126

Internal exceptions (10 events):
Event: 4.830 Thread 0xb6606800 Exception <a 'java/security/PrivilegedActionException'> (0x92344da8) thrown at [/HUDSON/workspace/8-2-build-linux-i586/jdk8u20/1074/hotspot/src/share/vm/prims/jvm.cpp, line 1275]
Event: 4.911 Thread 0xb6606800 Exception <a 'java/security/PrivilegedActionException'> (0x924bd938) thrown at [/HUDSON/workspace/8-2-build-linux-i586/jdk8u20/1074/hotspot/src/share/vm/prims/jvm.cpp, line 1275]
Event: 6.172 Thread 0xb6606800 Exception <a 'java/lang/ArrayIndexOutOfBoundsException': 18> (0x93033f30) thrown at [/HUDSON/workspace/8-2-build-linux-i586/jdk8u20/1074/hotspot/src/share/vm/interpreter/interpreterRuntime.cpp, line 366]
Event: 6.173 Thread 0xb6606800 Exception <a 'java/lang/ArrayIndexOutOfBoundsException': 145> (0x930356f8) thrown at [/HUDSON/workspace/8-2-build-linux-i586/jdk8u20/1074/hotspot/src/share/vm/interpreter/interpreterRuntime.cpp, line 366]
Event: 6.174 Thread 0xb6606800 Exception <a 'java/lang/ArrayIndexOutOfBoundsException'> (0x93036718) thrown at [/HUDSON/workspace/8-2-build-linux-i586/jdk8u20/1074/hotspot/src/share/vm/runtime/sharedRuntime.cpp, line 604]
Event: 8.523 Thread 0xb6606800 Exception <a 'java/security/PrivilegedActionException'> (0x91e503f8) thrown at [/HUDSON/workspace/8-2-build-linux-i586/jdk8u20/1074/hotspot/src/share/vm/prims/jvm.cpp, line 1275]
Event: 8.538 Thread 0xb6606800 Exception <a 'java/security/PrivilegedActionException'> (0x91e52660) thrown at [/HUDSON/workspace/8-2-build-linux-i586/jdk8u20/1074/hotspot/src/share/vm/prims/jvm.cpp, line 1275]
Event: 8.545 Thread 0xb6606800 Exception <a 'java/security/PrivilegedActionException'> (0x91e84500) thrown at [/HUDSON/workspace/8-2-build-linux-i586/jdk8u20/1074/hotspot/src/share/vm/prims/jvm.cpp, line 1275]
Event: 8.550 Thread 0xb6606800 Exception <a 'java/security/PrivilegedActionException'> (0x91e893d0) thrown at [/HUDSON/workspace/8-2-build-linux-i586/jdk8u20/1074/hotspot/src/share/vm/prims/jvm.cpp, line 1275]
Event: 8.550 Thread 0xb6606800 Exception <a 'java/security/PrivilegedActionException'> (0x91e8db70) thrown at [/HUDSON/workspace/8-2-build-linux-i586/jdk8u20/1074/hotspot/src/share/vm/prims/jvm.cpp, line 1275]

Events (10 events):
Event: 10.741 Thread 0xb6606800 DEOPT UNPACKING pc=0xa7622310 sp=0xb679d900 mode 0
Event: 11.375 Thread 0xb6606800 DEOPT PACKING pc=0xa79d89df sp=0xb679d830
Event: 11.375 Thread 0xb6606800 DEOPT UNPACKING pc=0xa7622310 sp=0xb679d6f0 mode 0
Event: 11.650 Thread 0xb6606800 DEOPT PACKING pc=0xa79ae6d5 sp=0xb679d630
Event: 11.650 Thread 0xb6606800 DEOPT UNPACKING pc=0xa7622310 sp=0xb679d4e8 mode 0
Event: 12.125 Thread 0xb6606800 DEOPT PACKING pc=0xa7adece5 sp=0xb679d670
Event: 12.125 Thread 0xb6606800 DEOPT UNPACKING pc=0xa7622310 sp=0xb679d52c mode 0
Event: 12.296 Thread 0xb6606800 DEOPT PACKING pc=0xa790d8c4 sp=0xb679d6a0
Event: 12.296 Thread 0xb6606800 DEOPT UNPACKING pc=0xa7622310 sp=0xb679d554 mode 0
Event: 12.489 Executing VM operation: ParallelGCFailedAllocation


Dynamic libraries:
08048000-08049000 r-xp 00000000 08:02 663210     /opt/java/bin/java
08049000-0804a000 rw-p 00000000 08:02 663210     /opt/java/bin/java
087d2000-08c54000 rw-p 00000000 00:00 0          [heap]
63500000-63571000 rw-p 00000000 00:00 0 
63571000-63600000 ---p 00000000 00:00 0 
63700000-637fa000 rw-p 00000000 00:00 0 
637fa000-63800000 ---p 00000000 00:00 0 
63800000-63900000 rw-p 00000000 00:00 0 
63900000-639fa000 rw-p 00000000 00:00 0 
639fa000-63a00000 ---p 00000000 00:00 0 
63a1b000-63ab0000 rw-p 00000000 00:00 0 
63ab0000-63ab1000 ---p 00000000 00:00 0 
63ab1000-63b31000 rw-p 00000000 00:00 0          [stack:21128]
63b31000-63b34000 ---p 00000000 00:00 0 
63b34000-63b82000 rw-p 00000000 00:00 0          [stack:21126]
63b82000-63b85000 ---p 00000000 00:00 0 
63b85000-63c03000 rw-p 00000000 00:00 0          [stack:21125]
63c03000-63c06000 ---p 00000000 00:00 0 
63c06000-63c84000 rw-p 00000000 00:00 0          [stack:21121]
63c84000-63c87000 ---p 00000000 00:00 0 
63c87000-63cd5000 rw-p 00000000 00:00 0          [stack:21120]
63cd5000-63e5e000 r--p 00000000 08:02 527857     /usr/lib/locale/locale-archive
63e5e000-63e61000 ---p 00000000 00:00 0 
63e61000-63eaf000 rw-p 00000000 00:00 0          [stack:21113]
63eaf000-63eb2000 ---p 00000000 00:00 0 
63eb2000-63f00000 rw-p 00000000 00:00 0          [stack:21112]
63f00000-63ff5000 rw-p 00000000 00:00 0 
63ff5000-64000000 ---p 00000000 00:00 0 
6400e000-6400f000 ---p 00000000 00:00 0 
6400f000-640de000 rw-p 00000000 00:00 0          [stack:21109]
640de000-642b4000 r--s 03ca8000 08:02 682527     /opt/java/jre/lib/rt.jar
642b4000-6467a000 rw-p 00000000 00:00 0 
6467a000-64700000 ---p 00000000 00:00 0 
64700000-66b00000 rw-p 00000000 00:00 0 
66b00000-66c00000 rw-p 00000000 00:00 0 
66c24000-66c7f000 rw-p 00000000 00:00 0 
66c7f000-66c80000 ---p 00000000 00:00 0 
66c80000-66d00000 rw-p 00000000 00:00 0          [stack:21107]
66d00000-66d21000 rw-p 00000000 00:00 0 
66d21000-66e00000 ---p 00000000 00:00 0 
66e28000-66e29000 ---p 00000000 00:00 0 
66e29000-66eb8000 rw-p 00000000 00:00 0          [stack:21105]
66eb8000-66fff000 ---p 00000000 00:00 0 
66fff000-6700e000 rw-p 00000000 00:00 0 
6700e000-67154000 ---p 00000000 00:00 0 
67154000-6718c000 rw-p 00000000 00:00 0 
6718c000-671ff000 ---p 00000000 00:00 0 
671ff000-68f80000 rw-p 00000000 00:00 0 
68f80000-91cc0000 ---p 00000000 00:00 0 
91cc0000-98ac0000 rw-p 00000000 00:00 0 
9c600000-a7200000 ---p 00000000 00:00 0 
a7208000-a7218000 r--s 000a9000 08:03 4063662    /home/mjt/AndroidStudioProjects/phonethings/app/build/intermediates/exploded-aar/com.android.support/support-v4/21.0.0/classes.jar
a7218000-a7226000 r--s 000b4000 08:02 816326     /opt/android-sdk/build-tools/20.0.0/lib/dx.jar
a7226000-a723d000 rw-p 00000000 00:00 0 
a723d000-a75e6000 ---p 00000000 00:00 0 
a75e6000-a7ba6000 rwxp 00000000 00:00 0 
a7ba6000-b65e6000 ---p 00000000 00:00 0 
b65e6000-b65ff000 r-xp 00000000 08:02 682788     /opt/java/jre/lib/i386/libzip.so
b65ff000-b6600000 rw-p 00018000 08:02 682788     /opt/java/jre/lib/i386/libzip.so
b6600000-b66f5000 rw-p 00000000 00:00 0 
b66f5000-b6700000 ---p 00000000 00:00 0 
b6700000-b6718000 rw-p 00000000 00:00 0 
b6718000-b6720000 rw-s 00000000 00:1d 14320082   /tmp/hsperfdata_mjt/21086
b6720000-b6744000 r-xp 00000000 08:02 682806     /opt/java/jre/lib/i386/libjava.so
b6744000-b6745000 rw-p 00023000 08:02 682806     /opt/java/jre/lib/i386/libjava.so
b6745000-b674c000 r-xp 00000000 08:02 527470     /usr/lib/librt-2.20.so
b674c000-b674d000 r--p 00007000 08:02 527470     /usr/lib/librt-2.20.so
b674d000-b674e000 rw-p 00008000 08:02 527470     /usr/lib/librt-2.20.so
b674e000-b6751000 ---p 00000000 00:00 0 
b6751000-b679f000 rw-p 00000000 00:00 0          [stack:21103]
b679f000-b67ea000 r-xp 00000000 08:02 527458     /usr/lib/libm-2.20.so
b67ea000-b67eb000 r--p 0004a000 08:02 527458     /usr/lib/libm-2.20.so
b67eb000-b67ec000 rw-p 0004b000 08:02 527458     /usr/lib/libm-2.20.so
b67ec000-b7126000 r-xp 00000000 08:02 682826     /opt/java/jre/lib/i386/server/libjvm.so
b7126000-b7192000 rw-p 00939000 08:02 682826     /opt/java/jre/lib/i386/server/libjvm.so
b7192000-b75b8000 rw-p 00000000 00:00 0 
b75b8000-b7769000 r-xp 00000000 08:02 527459     /usr/lib/libc-2.20.so
b7769000-b776c000 r--p 001b0000 08:02 527459     /usr/lib/libc-2.20.so
b776c000-b776e000 rw-p 001b3000 08:02 527459     /usr/lib/libc-2.20.so
b776e000-b7770000 rw-p 00000000 00:00 0 
b7770000-b7773000 r-xp 00000000 08:02 527433     /usr/lib/libdl-2.20.so
b7773000-b7774000 r--p 00002000 08:02 527433     /usr/lib/libdl-2.20.so
b7774000-b7775000 rw-p 00003000 08:02 527433     /usr/lib/libdl-2.20.so
b7775000-b7789000 r-xp 00000000 08:02 682962     /opt/java/lib/i386/jli/libjli.so
b7789000-b778a000 rw-p 00013000 08:02 682962     /opt/java/lib/i386/jli/libjli.so
b778a000-b77a2000 r-xp 00000000 08:02 527440     /usr/lib/libpthread-2.20.so
b77a2000-b77a3000 r--p 00017000 08:02 527440     /usr/lib/libpthread-2.20.so
b77a3000-b77a4000 rw-p 00018000 08:02 527440     /usr/lib/libpthread-2.20.so
b77a4000-b77a6000 rw-p 00000000 00:00 0 
b77a8000-b77aa000 rw-p 00000000 00:00 0 
b77aa000-b77b6000 r-xp 00000000 08:02 527435     /usr/lib/libnss_files-2.20.so
b77b6000-b77b7000 r--p 0000b000 08:02 527435     /usr/lib/libnss_files-2.20.so
b77b7000-b77b8000 rw-p 0000c000 08:02 527435     /usr/lib/libnss_files-2.20.so
b77b8000-b77b9000 rw-p 00000000 00:00 0 
b77b9000-b77ba000 ---p 00000000 00:00 0 
b77ba000-b77c5000 r-xp 00000000 08:02 682800     /opt/java/jre/lib/i386/libverify.so
b77c5000-b77c6000 rw-p 0000b000 08:02 682800     /opt/java/jre/lib/i386/libverify.so
b77c6000-b77c8000 r--p 00000000 00:00 0          [vvar]
b77c8000-b77ca000 r-xp 00000000 00:00 0          [vdso]
b77ca000-b77eb000 r-xp 00000000 08:02 527437     /usr/lib/ld-2.20.so
b77eb000-b77ec000 rw-p 00000000 00:00 0 
b77ec000-b77ed000 r--p 00021000 08:02 527437     /usr/lib/ld-2.20.so
b77ed000-b77ee000 rw-p 00022000 08:02 527437     /usr/lib/ld-2.20.so
bfbfd000-bfbfe000 rwxp 00000000 00:00 0 
bfc30000-bfc51000 rw-p 00000000 00:00 0          [stack]

VM Arguments:
jvm_args: -Xmx1024M 
java_command: /opt/android-sdk/build-tools/20.0.0/lib/dx.jar --dex --output /home/mjt/AndroidStudioProjects/phonethings/app/build/intermediates/pre-dexed/debug/classes-03dd4dbf824bbea5ef44ca68e96fd9e9513acd75.jar /home/mjt/AndroidStudioProjects/phonethings/app/build/intermediates/exploded-aar/com.android.support/support-v4/21.0.0/classes.jar
java_class_path (initial): /opt/android-sdk/build-tools/20.0.0/lib/dx.jar
Launcher Type: SUN_STANDARD

Environment Variables:
JAVA_HOME=/opt/java
CLASSPATH=/opt/android-studio/bin/../lib/bootstrap.jar:/opt/android-studio/bin/../lib/extensions.jar:/opt/android-studio/bin/../lib/util.jar:/opt/android-studio/bin/../lib/jdom.jar:/opt/android-studio/bin/../lib/log4j.jar:/opt/android-studio/bin/../lib/trove4j.jar:/opt/android-studio/bin/../lib/jna.jar:/opt/java/lib/tools.jar
PATH=/usr/local/sbin:/usr/local/bin:/usr/bin:/opt/android-sdk/platform-tools:/opt/android-sdk/tools:/opt/java/bin:/opt/java/db/bin:/opt/java/jre/bin:/usr/bin/site_perl:/usr/bin/vendor_perl:/usr/bin/core_perl
LD_LIBRARY_PATH=/opt/android-studio/bin:
SHELL=/bin/bash
DISPLAY=:0.0

Signal Handlers:
SIGSEGV: [libjvm.so+0x891f70], sa_mask[0]=11111111011111111101111111111110, sa_flags=SA_RESTART|SA_SIGINFO
SIGBUS: [libjvm.so+0x891f70], sa_mask[0]=11111111011111111101111111111110, sa_flags=SA_RESTART|SA_SIGINFO
SIGFPE: [libjvm.so+0x71d8e0], sa_mask[0]=11111111011111111101111111111110, sa_flags=SA_RESTART|SA_SIGINFO
SIGPIPE: [libjvm.so+0x71d8e0], sa_mask[0]=11111111011111111101111111111110, sa_flags=SA_RESTART|SA_SIGINFO
SIGXFSZ: [libjvm.so+0x71d8e0], sa_mask[0]=11111111011111111101111111111110, sa_flags=SA_RESTART|SA_SIGINFO
SIGILL: [libjvm.so+0x71d8e0], sa_mask[0]=11111111011111111101111111111110, sa_flags=SA_RESTART|SA_SIGINFO
SIGUSR1: SIG_DFL, sa_mask[0]=00000000000000000000000000000000, sa_flags=none
SIGUSR2: [libjvm.so+0x71f090], sa_mask[0]=00100000000000000000000000000000, sa_flags=SA_RESTART|SA_SIGINFO
SIGHUP: [libjvm.so+0x720590], sa_mask[0]=11111111011111111101111111111110, sa_flags=SA_RESTART|SA_SIGINFO
SIGINT: [libjvm.so+0x720590], sa_mask[0]=11111111011111111101111111111110, sa_flags=SA_RESTART|SA_SIGINFO
SIGTERM: [libjvm.so+0x720590], sa_mask[0]=11111111011111111101111111111110, sa_flags=SA_RESTART|SA_SIGINFO
SIGQUIT: [libjvm.so+0x720590], sa_mask[0]=11111111011111111101111111111110, sa_flags=SA_RESTART|SA_SIGINFO


---------------  S Y S T E M  ---------------

OS:NAME="Arch Linux"
ID=arch
PRETTY_NAME="Arch Linux"
ANSI_COLOR="0;36"
HOME_URL="https://www.archlinux.org/"
SUPPORT_URL="https://bbs.archlinux.org/"
BUG_REPORT_URL="https://bugs.archlinux.org/"


uname:Linux 3.17.2-1-ARCH #1 SMP PREEMPT Thu Oct 30 20:31:16 CET 2014 i686
libc:glibc 2.20 NPTL 2.20 
rlimit: STACK 8192k, CORE 0k, NPROC 22165, NOFILE 4096, AS infinity
load average:5.45 1.97 1.07

/proc/meminfo:
MemTotal:        2841788 kB
MemFree:          152600 kB
MemAvailable:     105828 kB
Buffers:            1800 kB
Cached:            85888 kB
SwapCached:            0 kB
Active:          2441772 kB
Inactive:          54776 kB
Active(anon):    2435500 kB
Inactive(anon):    17204 kB
Active(file):       6272 kB
Inactive(file):    37572 kB
Unevictable:           0 kB
Mlocked:               0 kB
HighTotal:       1969452 kB
HighFree:          24928 kB
LowTotal:         872336 kB
LowFree:          127672 kB
SwapTotal:             0 kB
SwapFree:              0 kB
Dirty:               156 kB
Writeback:           400 kB
AnonPages:       2408884 kB
Mapped:            46672 kB
Shmem:             43820 kB
Slab:              34880 kB
SReclaimable:      21084 kB
SUnreclaim:        13796 kB
KernelStack:        2960 kB
PageTables:         6220 kB
NFS_Unstable:          0 kB
Bounce:                0 kB
WritebackTmp:          0 kB
CommitLimit:     1420892 kB
Committed_AS:    4230788 kB
VmallocTotal:     122880 kB
VmallocUsed:       25008 kB
VmallocChunk:      60796 kB
HardwareCorrupted:     0 kB
AnonHugePages:    675840 kB
HugePages_Total:       0
HugePages_Free:        0
HugePages_Rsvd:        0
HugePages_Surp:        0
Hugepagesize:       4096 kB
DirectMap4k:       40952 kB
DirectMap4M:      868352 kB


CPU:total 2 (2 cores per cpu, 1 threads per core) family 16 model 6 stepping 3, cmov, cx8, fxsr, mmx, sse, sse2, sse3, popcnt, mmxext, 3dnowpref, lzcnt, tsc, tscinvbit, tscinv

/proc/cpuinfo:
processor	: 0
vendor_id	: AuthenticAMD
cpu family	: 16
model		: 6
model name	: AMD Athlon(tm) II P340 Dual-Core Processor
stepping	: 3
microcode	: 0x10000c8
cpu MHz		: 800.000
cache size	: 512 KB
physical id	: 0
siblings	: 2
core id		: 0
cpu cores	: 2
apicid		: 0
initial apicid	: 0
fdiv_bug	: no
f00f_bug	: no
coma_bug	: no
fpu		: yes
fpu_exception	: yes
cpuid level	: 5
wp		: yes
flags		: fpu vme de pse tsc msr pae mce cx8 apic sep mtrr pge mca cmov pat pse36 clflush mmx fxsr sse sse2 ht syscall nx mmxext fxsr_opt pdpe1gb rdtscp lm 3dnowext 3dnow constant_tsc rep_good nonstop_tsc extd_apicid pni monitor cx16 popcnt lahf_lm cmp_legacy svm extapic cr8_legacy abm sse4a 3dnowprefetch osvw ibs skinit wdt nodeid_msr hw_pstate npt lbrv svm_lock nrip_save
bugs		: tlb_mmatch apic_c1e fxsave_leak
bogomips	: 4390.81
clflush size	: 64
cache_alignment	: 64
address sizes	: 48 bits physical, 48 bits virtual
power management: ts ttp tm stc 100mhzsteps hwpstate

processor	: 1
vendor_id	: AuthenticAMD
cpu family	: 16
model		: 6
model name	: AMD Athlon(tm) II P340 Dual-Core Processor
stepping	: 3
microcode	: 0x10000c8
cpu MHz		: 800.000
cache size	: 512 KB
physical id	: 0
siblings	: 2
core id		: 1
cpu cores	: 2
apicid		: 1
initial apicid	: 1
fdiv_bug	: no
f00f_bug	: no
coma_bug	: no
fpu		: yes
fpu_exception	: yes
cpuid level	: 5
wp		: yes
flags		: fpu vme de pse tsc msr pae mce cx8 apic sep mtrr pge mca cmov pat pse36 clflush mmx fxsr sse sse2 ht syscall nx mmxext fxsr_opt pdpe1gb rdtscp lm 3dnowext 3dnow constant_tsc rep_good nonstop_tsc extd_apicid pni monitor cx16 popcnt lahf_lm cmp_legacy svm extapic cr8_legacy abm sse4a 3dnowprefetch osvw ibs skinit wdt nodeid_msr hw_pstate npt lbrv svm_lock nrip_save
bugs		: tlb_mmatch apic_c1e fxsave_leak
bogomips	: 4390.81
clflush size	: 64
cache_alignment	: 64
address sizes	: 48 bits physical, 48 bits virtual
power management: ts ttp tm stc 100mhzsteps hwpstate



Memory: 4k page, physical 2841788k(152600k free), swap 0k(0k free)

vm_info: Java HotSpot(TM) Server VM (25.20-b23) for linux-x86 JRE (1.8.0_20-b26), built on Jul 30 2014 13:29:53 by "java_re" with gcc 4.3.0 20080428 (Red Hat 4.3.0-8)

time: Fri Dec 19 07:28:58 2014
elapsed time: 17 seconds (0d 0h 0m 17s)

