#
# There is insufficient memory for the Java Runtime Environment to continue.
# Native memory allocation (mmap) failed to map 59506688 bytes for committing reserved memory.
# Possible reasons:
#   The system is out of physical RAM or swap space
#   In 32 bit mode, the process size limit was hit
# Possible solutions:
#   Reduce memory load on the system
#   Increase physical memory or swap space
#   Check if swap backing store is full
#   Use 64 bit Java on a 64 bit OS
#   Decrease Java heap size (-Xmx/-Xms)
#   Decrease number of Java threads
#   Decrease Java thread stack sizes (-Xss)
#   Set larger code cache with -XX:ReservedCodeCacheSize=
# This output file may be truncated or incomplete.
#
#  Out of Memory Error (os_linux.cpp:2671), pid=5047, tid=1722485568
#
# JRE version: Java(TM) SE Runtime Environment (8.0_20-b26) (build 1.8.0_20-b26)
# Java VM: Java HotSpot(TM) Server VM (25.20-b23 mixed mode linux-x86 )
# Failed to write core dump. Core dumps have been disabled. To enable core dumping, try "ulimit -c unlimited" before starting Java again
#

---------------  T H R E A D  ---------------

Current thread (0x63d11000):  VMThread [stack: 0x66a30000,0x66ab1000] [id=5056]

Stack: [0x66a30000,0x66ab1000],  sp=0x66aaf820,  free space=510k
Native frames: (J=compiled Java code, j=interpreted, Vv=VM code, C=native code)
V  [libjvm.so+0x891489]
V  [libjvm.so+0x3751d5]
V  [libjvm.so+0x720b46]
V  [libjvm.so+0x720f68]
V  [libjvm.so+0x71a93c]
V  [libjvm.so+0x782538]
V  [libjvm.so+0x775991]
V  [libjvm.so+0x775a5f]
V  [libjvm.so+0x77c484]
V  [libjvm.so+0x780b9d]
V  [libjvm.so+0x7411da]
V  [libjvm.so+0x892bda]
V  [libjvm.so+0x89bd37]
V  [libjvm.so+0x899e03]
V  [libjvm.so+0x89a1a0]
V  [libjvm.so+0x89a605]
V  [libjvm.so+0x723509]
C  [libpthread.so.0+0x61a6]  start_thread+0xd6

VM_Operation (0x627087b4): ParallelGCFailedAllocation, mode: safepoint, requested by thread 0x63244400


---------------  P R O C E S S  ---------------

Java Threads: ( => current thread )
  0x0a0ec400 JavaThread "Stdin handler" [_thread_blocked, id=8391, stack(0x6266b000,0x626bc000)]
  0x66989000 JavaThread "Cancel handler" [_thread_blocked, id=8389, stack(0x6270d000,0x6275e000)]
  0x6323fc00 JavaThread "Handler for socket connection from /127.0.0.1:50180 to /127.0.0.1:36979" [_thread_in_native, id=8388, stack(0x6275e000,0x627af000)]
  0x09a6c400 JavaThread "File lock request listener" [_thread_in_native, id=5393, stack(0x61ea6000,0x61ef7000)]
  0x63244400 JavaThread "Daemon worker" [_thread_blocked, id=5104, stack(0x626bc000,0x6270d000)]
  0x091e5c00 JavaThread "Daemon" [_thread_blocked, id=5092, stack(0x627af000,0x62800000)]
  0x62cfd800 JavaThread "Incoming local TCP Connector on port 50180" [_thread_in_native, id=5089, stack(0x62e0e000,0x62e5f000)]
  0x63d3b000 JavaThread "Service Thread" daemon [_thread_blocked, id=5065, stack(0x639d3000,0x63a24000)]
  0x63d38000 JavaThread "C1 CompilerThread1" daemon [_thread_blocked, id=5064, stack(0x63a24000,0x63aa5000)]
  0x63d36000 JavaThread "C2 CompilerThread0" daemon [_thread_in_native, id=5063, stack(0x63aa5000,0x63b26000)]
  0x63d34800 JavaThread "Signal Dispatcher" daemon [_thread_blocked, id=5062, stack(0x63b26000,0x63b77000)]
  0x63d16800 JavaThread "Finalizer" daemon [_thread_blocked, id=5058, stack(0x63e3c000,0x63e8d000)]
  0x63d15400 JavaThread "Reference Handler" daemon [_thread_blocked, id=5057, stack(0x63e8d000,0x63ede000)]
  0xb6506800 JavaThread "main" [_thread_blocked, id=5050, stack(0xb66a7000,0xb66f8000)]

Other Threads:
=>0x63d11000 VMThread [stack: 0x66a30000,0x66ab1000] [id=5056]
  0x63d3c800 WatcherThread [stack: 0x63952000,0x639d3000] [id=5066]

VM state:at safepoint (normal execution)

VM Mutex/Monitor currently owned by a thread:  ([mutex/lock_event])
[0xb6504878] ExpandHeap_lock - owner thread: 0x63d11000
[0xb6504dc0] Threads_lock - owner thread: 0x63d11000
[0xb65051d0] Heap_lock - owner thread: 0x63244400

Heap:
 PSYoungGen      total 284928K, used 885K [0x91ac0000, 0xa50c0000, 0xa7000000)
  eden space 259328K, 0% used [0x91ac0000,0x91ac0000,0xa1800000)
  from space 25600K, 3% used [0xa33c0000,0xa349d6f0,0xa4cc0000)
  to   space 28416K, 0% used [0xa1800000,0xa1800000,0xa33c0000)
 ParOldGen       total 81664K, used 81477K [0x67000000, 0x6bfc0000, 0x91ac0000)
  object space 81664K, 99% used [0x67000000,0x6bf91730,0x6bfc0000)
 Metaspace       used 37528K, capacity 38868K, committed 39040K, reserved 39216K

Card table byte_map: [0x66dff000,0x67000000] byte_map_base: 0x66ac7000

Marking Bits: (ParMarkBitMap*) 0xb70fb380
 Begin Bits: [0x64900000, 0x65900000)
 End Bits:   [0x65900000, 0x66900000)

Polling page: 0xb7712000

CodeCache: size=245760Kb used=16240Kb max_used=16240Kb free=229519Kb
 bounds [0xa7500000, 0xa84f0000, 0xb6500000]
 total_blobs=6382 nmethods=5947 adapters=349
 compilation: enabled

Compilation events (10 events):
Event: 116.771 Thread 0x63d38000 6792       3       sun.reflect.generics.reflectiveObjects.ParameterizedTypeImpl::validateConstructorArguments (44 bytes)
Event: 116.771 Thread 0x63d38000 nmethod 6792 0xa84e81c8 code [0xa84e8340, 0xa84e8764]
Event: 116.787 Thread 0x63d38000 6793   !   2       org.codehaus.groovy.runtime.callsite.PogoMetaMethodSite$PogoCachedMethodSiteNoUnwrap::invoke (46 bytes)
Event: 116.788 Thread 0x63d38000 nmethod 6793 0xa84e89c8 code [0xa84e8b00, 0xa84e8cc4]
Event: 116.795 Thread 0x63d38000 6794       2       org.apache.commons.collections.map.AbstractReferenceMap::put (39 bytes)
Event: 116.795 Thread 0x63d38000 nmethod 6794 0xa84e8e88 code [0xa84e9000, 0xa84e9288]
Event: 116.796 Thread 0x63d38000 6795       2       org.apache.commons.collections.map.AbstractReferenceMap::createEntry (14 bytes)
Event: 116.796 Thread 0x63d38000 nmethod 6795 0xa84e9548 code [0xa84e9660, 0xa84e97ac]
Event: 116.796 Thread 0x63d38000 6796       2       org.apache.commons.collections.map.AbstractHashedMap::addEntry (8 bytes)
Event: 116.796 Thread 0x63d38000 nmethod 6796 0xa84e9888 code [0xa84e99a0, 0xa84e9b00]

GC Heap History (10 events):
Event: 58.792 GC heap after
Heap after GC invocations=11 (full 1):
 PSYoungGen      total 240640K, used 14837K [0x91ac0000, 0xa2400000, 0xa7000000)
  eden space 225792K, 0% used [0x91ac0000,0x91ac0000,0x9f740000)
  from space 14848K, 99% used [0xa0b00000,0xa197d5b0,0xa1980000)
  to   space 20224K, 0% used [0x9f740000,0x9f740000,0xa0b00000)
 ParOldGen       total 41728K, used 37838K [0x67000000, 0x698c0000, 0x91ac0000)
  object space 41728K, 90% used [0x67000000,0x694f38e8,0x698c0000)
 Metaspace       used 25353K, capacity 25982K, committed 25984K, reserved 26928K
}
Event: 58.792 GC heap before
{Heap before GC invocations=12 (full 2):
 PSYoungGen      total 240640K, used 14837K [0x91ac0000, 0xa2400000, 0xa7000000)
  eden space 225792K, 0% used [0x91ac0000,0x91ac0000,0x9f740000)
  from space 14848K, 99% used [0xa0b00000,0xa197d5b0,0xa1980000)
  to   space 20224K, 0% used [0x9f740000,0x9f740000,0xa0b00000)
 ParOldGen       total 41728K, used 37838K [0x67000000, 0x698c0000, 0x91ac0000)
  object space 41728K, 90% used [0x67000000,0x694f38e8,0x698c0000)
 Metaspace       used 25353K, capacity 25982K, committed 25984K, reserved 26928K
Event: 60.239 GC heap after
Heap after GC invocations=12 (full 2):
 PSYoungGen      total 240640K, used 499K [0x91ac0000, 0xa2400000, 0xa7000000)
  eden space 225792K, 0% used [0x91ac0000,0x91ac0000,0x9f740000)
  from space 14848K, 3% used [0xa0b00000,0xa0b7cd08,0xa1980000)
  to   space 20224K, 0% used [0x9f740000,0x9f740000,0xa0b00000)
 ParOldGen       total 41728K, used 41620K [0x67000000, 0x698c0000, 0x91ac0000)
  object space 41728K, 99% used [0x67000000,0x698a52e8,0x698c0000)
 Metaspace       used 25333K, capacity 25942K, committed 25984K, reserved 26928K
}
Event: 79.060 GC heap before
{Heap before GC invocations=13 (full 3):
 PSYoungGen      total 240640K, used 226291K [0x91ac0000, 0xa2400000, 0xa7000000)
  eden space 225792K, 100% used [0x91ac0000,0x9f740000,0x9f740000)
  from space 14848K, 3% used [0xa0b00000,0xa0b7cd08,0xa1980000)
  to   space 20224K, 0% used [0x9f740000,0x9f740000,0xa0b00000)
 ParOldGen       total 41728K, used 41620K [0x67000000, 0x698c0000, 0x91ac0000)
  object space 41728K, 99% used [0x67000000,0x698a52e8,0x698c0000)
 Metaspace       used 29963K, capacity 30838K, committed 30848K, reserved 31024K
Event: 80.125 GC heap after
Heap after GC invocations=13 (full 3):
 PSYoungGen      total 240640K, used 14392K [0x91ac0000, 0xa2400000, 0xa7000000)
  eden space 225792K, 6% used [0x91ac0000,0x928ce3b0,0x9f740000)
  from space 14848K, 0% used [0xa0b00000,0xa0b00000,0xa1980000)
  to   space 20224K, 0% used [0x9f740000,0x9f740000,0xa0b00000)
 ParOldGen       total 81664K, used 41702K [0x67000000, 0x6bfc0000, 0x91ac0000)
  object space 81664K, 51% used [0x67000000,0x698b9950,0x6bfc0000)
 Metaspace       used 29963K, capacity 30838K, committed 30848K, reserved 31024K
}
Event: 91.094 GC heap before
{Heap before GC invocations=14 (full 3):
 PSYoungGen      total 240640K, used 225792K [0x91ac0000, 0xa2400000, 0xa7000000)
  eden space 225792K, 100% used [0x91ac0000,0x9f740000,0x9f740000)
  from space 14848K, 0% used [0xa0b00000,0xa0b00000,0xa1980000)
  to   space 20224K, 0% used [0x9f740000,0x9f740000,0xa0b00000)
 ParOldGen       total 81664K, used 41702K [0x67000000, 0x6bfc0000, 0x91ac0000)
  object space 81664K, 51% used [0x67000000,0x698b9950,0x6bfc0000)
 Metaspace       used 33230K, capacity 34369K, committed 34432K, reserved 35120K
Event: 91.205 GC heap after
Heap after GC invocations=14 (full 3):
 PSYoungGen      total 246016K, used 20219K [0x91ac0000, 0xa4cc0000, 0xa7000000)
  eden space 225792K, 0% used [0x91ac0000,0x91ac0000,0x9f740000)
  from space 20224K, 99% used [0x9f740000,0xa0afef70,0xa0b00000)
  to   space 25600K, 0% used [0xa33c0000,0xa33c0000,0xa4cc0000)
 ParOldGen       total 81664K, used 47196K [0x67000000, 0x6bfc0000, 0x91ac0000)
  object space 81664K, 57% used [0x67000000,0x69e17248,0x6bfc0000)
 Metaspace       used 33230K, capacity 34369K, committed 34432K, reserved 35120K
}
Event: 116.811 GC heap before
{Heap before GC invocations=15 (full 3):
 PSYoungGen      total 246016K, used 246011K [0x91ac0000, 0xa4cc0000, 0xa7000000)
  eden space 225792K, 100% used [0x91ac0000,0x9f740000,0x9f740000)
  from space 20224K, 99% used [0x9f740000,0xa0afef70,0xa0b00000)
  to   space 25600K, 0% used [0xa33c0000,0xa33c0000,0xa4cc0000)
 ParOldGen       total 81664K, used 47196K [0x67000000, 0x6bfc0000, 0x91ac0000)
  object space 81664K, 57% used [0x67000000,0x69e17248,0x6bfc0000)
 Metaspace       used 37567K, capacity 38948K, committed 39040K, reserved 39216K
Event: 117.078 GC heap after
Heap after GC invocations=15 (full 3):
 PSYoungGen      total 284928K, used 21672K [0x91ac0000, 0xa50c0000, 0xa7000000)
  eden space 259328K, 0% used [0x91ac0000,0x91ac0000,0xa1800000)
  from space 25600K, 84% used [0xa33c0000,0xa48ea170,0xa4cc0000)
  to   space 28416K, 0% used [0xa1800000,0xa1800000,0xa33c0000)
 ParOldGen       total 81664K, used 66867K [0x67000000, 0x6bfc0000, 0x91ac0000)
  object space 81664K, 81% used [0x67000000,0x6b14cea8,0x6bfc0000)
 Metaspace       used 37567K, capacity 38948K, committed 39040K, reserved 39216K
}
Event: 117.078 GC heap before
{Heap before GC invocations=16 (full 4):
 PSYoungGen      total 284928K, used 21672K [0x91ac0000, 0xa50c0000, 0xa7000000)
  eden space 259328K, 0% used [0x91ac0000,0x91ac0000,0xa1800000)
  from space 25600K, 84% used [0xa33c0000,0xa48ea170,0xa4cc0000)
  to   space 28416K, 0% used [0xa1800000,0xa1800000,0xa33c0000)
 ParOldGen       total 81664K, used 66867K [0x67000000, 0x6bfc0000, 0x91ac0000)
  object space 81664K, 81% used [0x67000000,0x6b14cea8,0x6bfc0000)
 Metaspace       used 37567K, capacity 38948K, committed 39040K, reserved 39216K

Deoptimization events (10 events):
Event: 83.627 Thread 0x63244400 Uncommon trap: reason=class_check action=maybe_recompile pc=0xa810d32c method=com.sun.org.apache.xerces.internal.impl.XMLDocumentFragmentScannerImpl$FragmentContentDriver.next()I @ 435
Event: 90.897 Thread 0x63244400 Uncommon trap: reason=null_check action=make_not_entrant pc=0xa82f8464 method=com.sun.org.apache.xerces.internal.utils.XMLLimitAnalyzer.isTracking(Ljava/lang/String;)Z @ 14
Event: 91.810 Thread 0x63244400 Uncommon trap: reason=array_check action=maybe_recompile pc=0xa83634b4 method=java.util.AbstractCollection.toArray([Ljava/lang/Object;)[Ljava/lang/Object; @ 119
Event: 91.818 Thread 0x63244400 Uncommon trap: reason=array_check action=maybe_recompile pc=0xa83634b4 method=java.util.AbstractCollection.toArray([Ljava/lang/Object;)[Ljava/lang/Object; @ 119
Event: 91.821 Thread 0x63244400 Uncommon trap: reason=array_check action=maybe_recompile pc=0xa83634b4 method=java.util.AbstractCollection.toArray([Ljava/lang/Object;)[Ljava/lang/Object; @ 119
Event: 91.822 Thread 0x63244400 Uncommon trap: reason=array_check action=maybe_recompile pc=0xa83634b4 method=java.util.AbstractCollection.toArray([Ljava/lang/Object;)[Ljava/lang/Object; @ 119
Event: 93.126 Thread 0x63244400 Uncommon trap: reason=class_check action=maybe_recompile pc=0xa836ae48 method=com.sun.org.apache.xerces.internal.impl.XMLDocumentFragmentScannerImpl.scanEndElement()I @ 142
Event: 93.128 Thread 0x63244400 Uncommon trap: reason=class_check action=maybe_recompile pc=0xa836ae48 method=com.sun.org.apache.xerces.internal.impl.XMLDocumentFragmentScannerImpl.scanEndElement()I @ 142
Event: 93.129 Thread 0x63244400 Uncommon trap: reason=class_check action=maybe_recompile pc=0xa836ae48 method=com.sun.org.apache.xerces.internal.impl.XMLDocumentFragmentScannerImpl.scanEndElement()I @ 142
Event: 93.129 Thread 0x63244400 Uncommon trap: reason=class_check action=maybe_recompile pc=0xa836ae48 method=com.sun.org.apache.xerces.internal.impl.XMLDocumentFragmentScannerImpl.scanEndElement()I @ 142

Internal exceptions (10 events):
Event: 116.808 Thread 0x63244400 Exception <a 'java/security/PrivilegedActionException'> (0x9f6de930) thrown at [/HUDSON/workspace/8-2-build-linux-i586/jdk8u20/1074/hotspot/src/share/vm/prims/jvm.cpp, line 1275]
Event: 116.809 Thread 0x63244400 Exception <a 'java/security/PrivilegedActionException'> (0x9f6dff68) thrown at [/HUDSON/workspace/8-2-build-linux-i586/jdk8u20/1074/hotspot/src/share/vm/prims/jvm.cpp, line 1275]
Event: 116.809 Thread 0x63244400 Exception <a 'java/security/PrivilegedActionException'> (0x9f6e1440) thrown at [/HUDSON/workspace/8-2-build-linux-i586/jdk8u20/1074/hotspot/src/share/vm/prims/jvm.cpp, line 1275]
Event: 116.809 Thread 0x63244400 Exception <a 'java/security/PrivilegedActionException'> (0x9f6e7ef0) thrown at [/HUDSON/workspace/8-2-build-linux-i586/jdk8u20/1074/hotspot/src/share/vm/prims/jvm.cpp, line 1275]
Event: 116.809 Thread 0x63244400 Exception <a 'java/lang/ClassNotFoundException': com/android/build/gradle/internal/tasks/CheckManifestCustomizer> (0x9f6e8780) thrown at [/HUDSON/workspace/8-2-build-linux-i586/jdk8u20/1074/hotspot/src/share/vm/classfile/systemDictionary.cpp, line 202]
Event: 116.810 Thread 0x63244400 Exception <a 'java/security/PrivilegedActionException'> (0x9f726c70) thrown at [/HUDSON/workspace/8-2-build-linux-i586/jdk8u20/1074/hotspot/src/share/vm/prims/jvm.cpp, line 1275]
Event: 116.810 Thread 0x63244400 Exception <a 'java/security/PrivilegedActionException'> (0x9f728360) thrown at [/HUDSON/workspace/8-2-build-linux-i586/jdk8u20/1074/hotspot/src/share/vm/prims/jvm.cpp, line 1275]
Event: 116.810 Thread 0x63244400 Exception <a 'java/security/PrivilegedActionException'> (0x9f7298e0) thrown at [/HUDSON/workspace/8-2-build-linux-i586/jdk8u20/1074/hotspot/src/share/vm/prims/jvm.cpp, line 1275]
Event: 116.811 Thread 0x63244400 Exception <a 'java/security/PrivilegedActionException'> (0x9f730ff8) thrown at [/HUDSON/workspace/8-2-build-linux-i586/jdk8u20/1074/hotspot/src/share/vm/prims/jvm.cpp, line 1275]
Event: 116.811 Thread 0x63244400 Exception <a 'java/lang/ClassNotFoundException': com/android/build/gradle/internal/tasks/CheckManifest_DecoratedCustomizer> (0x9f731898) thrown at [/HUDSON/workspace/8-2-build-linux-i586/jdk8u20/1074/hotspot/src/share/vm/classfile/systemDictionary.cpp, li

Events (10 events):
Event: 116.808 loading class com/android/build/gradle/internal/tasks/CheckManifestBeanInfo done
Event: 116.808 loading class com/android/build/gradle/internal/tasks/CheckManifestCustomizer
Event: 116.808 loading class com/android/build/gradle/internal/tasks/CheckManifestCustomizer done
Event: 116.809 loading class com/android/build/gradle/internal/tasks/CheckManifestCustomizer
Event: 116.809 loading class com/android/build/gradle/internal/tasks/CheckManifestCustomizer done
Event: 116.810 loading class com/android/build/gradle/internal/tasks/CheckManifest_DecoratedCustomizer
Event: 116.810 loading class com/android/build/gradle/internal/tasks/CheckManifest_DecoratedCustomizer done
Event: 116.811 loading class com/android/build/gradle/internal/tasks/CheckManifest_DecoratedCustomizer
Event: 116.811 loading class com/android/build/gradle/internal/tasks/CheckManifest_DecoratedCustomizer done
Event: 116.811 Executing VM operation: ParallelGCFailedAllocation


Dynamic libraries:
08048000-08049000 r-xp 00000000 08:02 663210     /opt/java/bin/java
08049000-0804a000 rw-p 00000000 08:02 663210     /opt/java/bin/java
0918f000-0a8be000 rw-p 00000000 00:00 0          [heap]
5fa00000-5fae0000 rw-p 00000000 00:00 0 
5fae0000-5fb00000 ---p 00000000 00:00 0 
5fb00000-5fc00000 rw-p 00000000 00:00 0 
5fc00000-5fcd3000 rw-p 00000000 00:00 0 
5fcd3000-5fd00000 ---p 00000000 00:00 0 
5fd00000-5fe00000 rw-p 00000000 00:00 0 
5fe00000-5ff00000 rw-p 00000000 00:00 0 
5ff00000-60000000 rw-p 00000000 00:00 0 
60000000-60100000 rw-p 00000000 00:00 0 
60100000-60200000 rw-p 00000000 00:00 0 
60200000-60300000 rw-p 00000000 00:00 0 
60300000-60400000 rw-p 00000000 00:00 0 
60400000-60500000 rw-p 00000000 00:00 0 
60500000-60600000 rw-p 00000000 00:00 0 
60600000-606ff000 rw-p 00000000 00:00 0 
606ff000-60700000 ---p 00000000 00:00 0 
60700000-60800000 rw-p 00000000 00:00 0 
60800000-608fb000 rw-p 00000000 00:00 0 
608fb000-60900000 ---p 00000000 00:00 0 
60908000-60a08000 rw-p 00000000 00:00 0 
60a08000-60b08000 rw-p 00000000 00:00 0 
60b08000-60c08000 rw-p 00000000 00:00 0 
60c08000-60d08000 rw-p 00000000 00:00 0 
60d08000-60e08000 rw-p 00000000 00:00 0 
60f00000-61000000 rw-p 00000000 00:00 0 
61000000-61100000 rw-p 00000000 00:00 0 
61100000-61200000 rw-p 00000000 00:00 0 
61200000-61300000 rw-p 00000000 00:00 0 
61300000-61400000 rw-p 00000000 00:00 0 
61400000-61500000 rw-p 00000000 00:00 0 
615f5000-616f5000 rw-p 00000000 00:00 0 
61700000-617fa000 rw-p 00000000 00:00 0 
617fa000-61800000 ---p 00000000 00:00 0 
61800000-619fe000 rw-p 00000000 00:00 0 
619fe000-61a00000 ---p 00000000 00:00 0 
61a00000-61b00000 rw-p 00000000 00:00 0 
61ba4000-61bb7000 r--s 00344000 08:02 682555     /opt/java/jre/lib/resources.jar
61bb7000-61cb7000 rw-p 00000000 00:00 0 
61cbd000-61cbf000 r--s 00001000 08:02 682942     /opt/java/jre/lib/ext/dnsns.jar
61cbf000-61cc1000 r--s 0000d000 08:02 806852     /opt/android-studio/gradle/m2repository/commons-codec/commons-codec/1.4/commons-codec-1.4.jar
61cc1000-61cc3000 r--s 0000d000 08:02 806456     /opt/android-studio/gradle/m2repository/commons-logging/commons-logging/1.1.1/commons-logging-1.1.1.jar
61cc3000-61cc8000 r--s 00028000 08:02 806587     /opt/android-studio/gradle/m2repository/org/apache/httpcomponents/httpcore/4.1/httpcore-4.1.jar
61cc8000-61cca000 r--s 00004000 08:02 806711     /opt/android-studio/gradle/m2repository/org/ow2/asm/asm-tree/4.0/asm-tree-4.0.jar
61cca000-61cd3000 r--s 000a7000 08:02 806765     /opt/android-studio/gradle/m2repository/com/android/tools/external/lombok/lombok-ast/0.2.2/lombok-ast-0.2.2.jar
61cd3000-61cd5000 r--s 0000a000 08:02 806708     /opt/android-studio/gradle/m2repository/org/ow2/asm/asm/4.0/asm-4.0.jar
61cd5000-61cd6000 r--s 0000a000 08:02 806848     /opt/android-studio/gradle/m2repository/net/sf/kxml/kxml2/2.3.0/kxml2-2.3.0.jar
61cd6000-61d01000 r--s 001f9000 08:02 806736     /opt/android-studio/gradle/m2repository/com/google/guava/guava/17.0/guava-17.0.jar
61d01000-61d08000 r--s 00053000 08:02 806663     /opt/android-studio/gradle/m2repository/org/apache/commons/commons-compress/1.8.1/commons-compress-1.8.1.jar
61d08000-61d0b000 r--s 00011000 08:02 806770     /opt/android-studio/gradle/m2repository/com/android/tools/layoutlib/layoutlib-api/24.0.0/layoutlib-api-24.0.0.jar
61d0b000-61d0d000 r--s 00005000 08:02 806553     /opt/android-studio/gradle/m2repository/org/apache/httpcomponents/httpmime/4.1/httpmime-4.1.jar
61d0d000-61d15000 r--s 0004e000 08:02 806638     /opt/android-studio/gradle/m2repository/org/apache/httpcomponents/httpclient/4.1.1/httpclient-4.1.1.jar
61d15000-61d16000 r--s 00005000 08:02 806781     /opt/android-studio/gradle/m2repository/com/android/tools/dvlib/24.0.0/dvlib-24.0.0.jar
61d16000-61d17000 r--s 00004000 08:02 806700     /opt/android-studio/gradle/m2repository/org/ow2/asm/asm-analysis/4.0/asm-analysis-4.0.jar
61d17000-61d1a000 r--s 00029000 08:02 806757     /opt/android-studio/gradle/m2repository/com/android/tools/lint/lint-api/24.0.0/lint-api-24.0.0.jar
61d1a000-61d2a000 r--s 000d3000 08:02 806830     /opt/android-studio/gradle/m2repository/net/sf/proguard/proguard-base/5.1/proguard-base-5.1.jar
61d2a000-61d38000 r--s 00081000 08:02 806681     /opt/android-studio/gradle/m2repository/org/bouncycastle/bcpkix-jdk15on/1.48/bcpkix-jdk15on-1.48.jar
61d38000-61d3a000 r--s 00003000 08:02 806801     /opt/android-studio/gradle/m2repository/com/android/tools/build/builder-model/1.0.0/builder-model-1.0.0.jar
61d3a000-61d3d000 r--s 00029000 08:02 806818     /opt/android-studio/gradle/m2repository/com/android/tools/build/manifest-merger/24.0.0/manifest-merger-24.0.0.jar
61d3d000-61d42000 r--s 00042000 08:02 806791     /opt/android-studio/gradle/m2repository/com/android/tools/ddms/ddmlib/24.0.0/ddmlib-24.0.0.jar
61d42000-61d43000 r--s 00000000 08:02 806808     /opt/android-studio/gradle/m2repository/com/android/tools/build/builder-test-api/1.0.0/builder-test-api-1.0.0.jar
61d43000-61d45000 r--s 00002000 08:02 806726     /opt/android-studio/gradle/m2repository/com/squareup/javawriter/2.5.0/javawriter-2.5.0.jar
61d45000-61d4f000 r--s 000a8000 08:02 806821     /opt/android-studio/gradle/m2repository/com/android/tools/sdklib/24.0.0/sdklib-24.0.0.jar
61d4f000-61d82000 r--s 00203000 08:02 806687     /opt/android-studio/gradle/m2repository/org/bouncycastle/bcprov-jdk15on/1.48/bcprov-jdk15on-1.48.jar
61d82000-61d87000 r--s 00047000 08:02 806774     /opt/android-studio/gradle/m2repository/com/android/tools/sdk-common/24.0.0/sdk-common-24.0.0.jar
61d87000-61d96000 r--s 001a9000 08:02 806492     /opt/android-studio/gradle/m2repository/org/eclipse/jdt/core/compiler/ecj/4.2.2/ecj-4.2.2.jar
61d96000-61da6000 r--s 00138000 08:02 806813     /opt/android-studio/gradle/m2repository/com/android/tools/build/gradle/1.0.0/gradle-1.0.0.jar
61da6000-61ea6000 rw-p 00000000 00:00 0 
61ea6000-61ea9000 ---p 00000000 00:00 0 
61ea9000-61ff7000 rw-p 00000000 00:00 0          [stack:5393]
61ff7000-61ffa000 ---p 00000000 00:00 0 
61ffa000-62110000 rw-p 00000000 00:00 0 
62110000-621ca000 r--s 00fb5000 08:03 2624602    /home/mjt/.gradle/caches/jars-1/8ae4wysw97adrgvxk3ues1l03kmg6i7/openapi.jar
621ca000-621f2000 r--s 001cf000 08:03 2495599    /home/mjt/.gradle/caches/jars-1/87eo0lrvp84r6dbxjq018wy66es2era/guava-jdk5-17.0.jar
621f2000-622f2000 rw-p 00000000 00:00 0 
622f2000-623f2000 rw-p 00000000 00:00 0 
623f2000-624f2000 rw-p 00000000 00:00 0 
624f2000-6256b000 r--s 010df000 08:02 682948     /opt/java/lib/tools.jar
6256b000-6266b000 rw-p 00000000 00:00 0 
6266b000-6266e000 ---p 00000000 00:00 0 
6266e000-626bc000 rw-p 00000000 00:00 0          [stack:8391]
626bc000-626bf000 ---p 00000000 00:00 0 
626bf000-6270d000 rw-p 00000000 00:00 0          [stack:5104]
6270d000-62710000 ---p 00000000 00:00 0 
62710000-6275e000 rw-p 00000000 00:00 0          [stack:8389]
6275e000-62761000 ---p 00000000 00:00 0 
62761000-627af000 rw-p 00000000 00:00 0          [stack:8388]
627af000-627b2000 ---p 00000000 00:00 0 
627b2000-62900000 rw-p 00000000 00:00 0          [stack:5092]
62900000-62923000 rw-p 00000000 00:00 0 
62923000-62a00000 ---p 00000000 00:00 0 
62a00000-62a02000 r--s 00014000 08:02 806784     /opt/android-studio/gradle/m2repository/com/android/tools/common/24.0.0/common-24.0.0.jar
62a02000-62a07000 r--s 0008c000 08:02 806752     /opt/android-studio/gradle/m2repository/com/android/tools/lint/lint-checks/24.0.0/lint-checks-24.0.0.jar
62a07000-62a0b000 r--s 00031000 08:02 806798     /opt/android-studio/gradle/m2repository/com/android/tools/build/builder/1.0.0/builder-1.0.0.jar
62a0b000-62af4000 r-xp 00000000 08:02 527883     /usr/lib/libstdc++.so.6.0.20
62af4000-62af8000 r--p 000e9000 08:02 527883     /usr/lib/libstdc++.so.6.0.20
62af8000-62af9000 rw-p 000ed000 08:02 527883     /usr/lib/libstdc++.so.6.0.20
62af9000-62c00000 rw-p 00000000 00:00 0 
62c00000-62d00000 rw-p 00000000 00:00 0 
62d00000-62e00000 rw-p 00000000 00:00 0 
62e00000-62e01000 r--s 00002000 08:02 806835     /opt/android-studio/gradle/m2repository/net/sf/proguard/proguard-gradle/5.1/proguard-gradle-5.1.jar
62e01000-62e03000 r--s 00018000 08:02 806747     /opt/android-studio/gradle/m2repository/com/android/tools/lint/lint/24.0.0/lint-24.0.0.jar
62e03000-62e04000 r--p 00000000 00:00 0 
62e04000-62e06000 r--s 00003000 08:03 2495609    /home/mjt/.gradle/caches/jars-1/24880ifhwi29j847tezyo3j8j83rmlo/builder-model-1.0.0.jar
62e06000-62e08000 r--s 00005000 08:03 2624600    /home/mjt/.gradle/caches/jars-1/bh847rt6domv1sex7z2uod2m6j585xd/gradle-tooling-extension-api.jar
62e08000-62e0e000 r--s 00026000 08:03 2495601    /home/mjt/.gradle/caches/jars-1/qlb402qqdb9mu9614i3hr843cfch7zw/gradle-base-services-2.2.jar
62e0e000-62e11000 ---p 00000000 00:00 0 
62e11000-62e5f000 rw-p 00000000 00:00 0          [stack:5089]
62e5f000-62e6e000 r-xp 00000000 08:02 682795     /opt/java/jre/lib/i386/libnio.so
62e6e000-62e6f000 rw-p 0000e000 08:02 682795     /opt/java/jre/lib/i386/libnio.so
62e6f000-62e8b000 r-xp 00000000 08:02 527879     /usr/lib/libgcc_s.so.1
62e8b000-62e8c000 rw-p 0001b000 08:02 527879     /usr/lib/libgcc_s.so.1
62e8c000-62e8d000 r--s 00000000 08:03 2495607    /home/mjt/.gradle/caches/jars-1/dg22azhabc6tsc1i8xni15giz1bnssh/gradle-appengine-builder-model-0.1.0.jar
62e8d000-62e96000 r--s 0002c000 08:03 2495597    /home/mjt/.gradle/caches/jars-1/ltkluv74baem3ersp41z8rutm6he5v5/gradle-tooling-api-2.2.jar
62e96000-62eab000 r-xp 00000000 08:02 682794     /opt/java/jre/lib/i386/libnet.so
62eab000-62eac000 rw-p 00014000 08:02 682794     /opt/java/jre/lib/i386/libnet.so
62eac000-62eb0000 r-xp 00000000 00:1d 9812350    /tmp/native-platform7486225026192880156dir/libnative-platform.so
62eb0000-62eb1000 rw-p 00003000 00:1d 9812350    /tmp/native-platform7486225026192880156dir/libnative-platform.so
62eb1000-62eb6000 r--s 00092000 08:02 682542     /opt/java/jre/lib/jsse.jar
62eb6000-62eb7000 r--s 00001000 08:03 2885414    /home/mjt/.gradle/wrapper/dists/gradle-2.2.1-all/c64ydeuardnfqctvr1gm30w53/gradle-2.2.1/lib/plugins/gradle-plugin-development-2.2.1.jar
62eb7000-62eb9000 r--s 00002000 08:03 2885413    /home/mjt/.gradle/wrapper/dists/gradle-2.2.1-all/c64ydeuardnfqctvr1gm30w53/gradle-2.2.1/lib/plugins/gradle-cunit-2.2.1.jar
62eb9000-62ebe000 r--s 00036000 08:03 2885412    /home/mjt/.gradle/wrapper/dists/gradle-2.2.1-all/c64ydeuardnfqctvr1gm30w53/gradle-2.2.1/lib/plugins/gradle-ide-native-2.2.1.jar
62ebe000-62ec3000 r--s 00013000 08:03 2885411    /home/mjt/.gradle/wrapper/dists/gradle-2.2.1-all/c64ydeuardnfqctvr1gm30w53/gradle-2.2.1/lib/plugins/gradle-language-native-2.2.1.jar
62ec3000-62ece000 r--s 0004d000 08:03 2885410    /home/mjt/.gradle/wrapper/dists/gradle-2.2.1-all/c64ydeuardnfqctvr1gm30w53/gradle-2.2.1/lib/plugins/gradle-platform-native-2.2.1.jar
62ece000-62ed0000 r--s 00008000 08:03 2885409    /home/mjt/.gradle/wrapper/dists/gradle-2.2.1-all/c64ydeuardnfqctvr1gm30w53/gradle-2.2.1/lib/plugins/gradle-language-groovy-2.2.1.jar
62ed0000-62ed5000 r--s 00022000 08:03 2885408    /home/mjt/.gradle/wrapper/dists/gradle-2.2.1-all/c64ydeuardnfqctvr1gm30w53/gradle-2.2.1/lib/plugins/gradle-language-java-2.2.1.jar
62ed5000-62ed8000 r--s 00007000 08:03 2885407    /home/mjt/.gradle/wrapper/dists/gradle-2.2.1-all/c64ydeuardnfqctvr1gm30w53/gradle-2.2.1/lib/plugins/gradle-language-jvm-2.2.1.jar
62ed8000-62edb000 r--s 00009000 08:03 2885406    /home/mjt/.gradle/wrapper/dists/gradle-2.2.1-all/c64ydeuardnfqctvr1gm30w53/gradle-2.2.1/lib/plugins/gradle-platform-jvm-2.2.1.jar
62edb000-62ee0000 r--s 00018000 08:03 2885405    /home/mjt/.gradle/wrapper/dists/gradle-2.2.1-all/c64ydeuardnfqctvr1gm30w53/gradle-2.2.1/lib/plugins/gradle-platform-base-2.2.1.jar
62ee0000-62ee5000 r--s 00026000 08:03 2885404    /home/mjt/.gradle/wrapper/dists/gradle-2.2.1-all/c64ydeuardnfqctvr1gm30w53/gradle-2.2.1/lib/plugins/gradle-build-init-2.2.1.jar
62ee5000-62ee8000 r--s 0001d000 08:03 2885403    /home/mjt/.gradle/wrapper/dists/gradle-2.2.1-all/c64ydeuardnfqctvr1gm30w53/gradle-2.2.1/lib/plugins/gradle-jacoco-2.2.1.jar
62ee8000-62eeb000 r--s 0000d000 08:03 2885402    /home/mjt/.gradle/wrapper/dists/gradle-2.2.1-all/c64ydeuardnfqctvr1gm30w53/gradle-2.2.1/lib/plugins/gradle-ivy-2.2.1.jar
62eeb000-62eed000 r--s 00002000 08:03 2885401    /home/mjt/.gradle/wrapper/dists/gradle-2.2.1-all/c64ydeuardnfqctvr1gm30w53/gradle-2.2.1/lib/plugins/gradle-publish-2.2.1.jar
62eed000-62ef2000 r--s 00034000 08:03 2885399    /home/mjt/.gradle/wrapper/dists/gradle-2.2.1-all/c64ydeuardnfqctvr1gm30w53/gradle-2.2.1/lib/plugins/gradle-diagnostics-2.2.1.jar
62ef2000-62ef9000 r--s 00090000 08:03 2885398    /home/mjt/.gradle/wrapper/dists/gradle-2.2.1-all/c64ydeuardnfqctvr1gm30w53/gradle-2.2.1/lib/plugins/gradle-build-comparison-2.2.1.jar
62ef9000-62f00000 r--s 00035000 08:03 2885438    /home/mjt/.gradle/wrapper/dists/gradle-2.2.1-all/c64ydeuardnfqctvr1gm30w53/gradle-2.2.1/lib/plugins/simple-4.1.21.jar
62f00000-62ffb000 rw-p 00000000 00:00 0 
62ffb000-63000000 ---p 00000000 00:00 0 
63000000-63100000 rw-p 00000000 00:00 0 
63100000-63102000 r--s 00005000 08:03 2885439    /home/mjt/.gradle/wrapper/dists/gradle-2.2.1-all/c64ydeuardnfqctvr1gm30w53/gradle-2.2.1/lib/plugins/jatl-0.2.2.jar
63102000-63104000 r--s 0000f000 08:03 2885400    /home/mjt/.gradle/wrapper/dists/gradle-2.2.1-all/c64ydeuardnfqctvr1gm30w53/gradle-2.2.1/lib/plugins/gradle-reporting-2.2.1.jar
63104000-63110000 r--s 00100000 08:03 2885436    /home/mjt/.gradle/wrapper/dists/gradle-2.2.1-all/c64ydeuardnfqctvr1gm30w53/gradle-2.2.1/lib/plugins/rhino-1.7R3.jar
63110000-63115000 r--s 0001f000 08:03 2885397    /home/mjt/.gradle/wrapper/dists/gradle-2.2.1-all/c64ydeuardnfqctvr1gm30w53/gradle-2.2.1/lib/plugins/gradle-javascript-2.2.1.jar
63115000-63117000 r--s 0000e000 08:03 2885396    /home/mjt/.gradle/wrapper/dists/gradle-2.2.1-all/c64ydeuardnfqctvr1gm30w53/gradle-2.2.1/lib/plugins/gradle-ear-2.2.1.jar
63117000-6311b000 r--s 00025000 08:03 2885435    /home/mjt/.gradle/wrapper/dists/gradle-2.2.1-all/c64ydeuardnfqctvr1gm30w53/gradle-2.2.1/lib/plugins/bcpg-jdk15-1.46.jar
6311b000-6311e000 r--s 0001d000 08:03 2885395    /home/mjt/.gradle/wrapper/dists/gradle-2.2.1-all/c64ydeuardnfqctvr1gm30w53/gradle-2.2.1/lib/plugins/gradle-signing-2.2.1.jar
6311e000-6311f000 r--s 00002000 08:03 2885434    /home/mjt/.gradle/wrapper/dists/gradle-2.2.1-all/c64ydeuardnfqctvr1gm30w53/gradle-2.2.1/lib/plugins/sonar-batch-bootstrapper-2.9.jar
6311f000-63122000 r--s 00018000 08:03 2885394    /home/mjt/.gradle/wrapper/dists/gradle-2.2.1-all/c64ydeuardnfqctvr1gm30w53/gradle-2.2.1/lib/plugins/gradle-sonar-2.2.1.jar
63122000-63125000 r--s 00017000 08:03 2885393    /home/mjt/.gradle/wrapper/dists/gradle-2.2.1-all/c64ydeuardnfqctvr1gm30w53/gradle-2.2.1/lib/plugins/gradle-scala-2.2.1.jar
63125000-63127000 r--s 0000e000 08:03 2885392    /home/mjt/.gradle/wrapper/dists/gradle-2.2.1-all/c64ydeuardnfqctvr1gm30w53/gradle-2.2.1/lib/plugins/gradle-announce-2.2.1.jar
63127000-63135000 r--s 000bc000 08:03 2885391    /home/mjt/.gradle/wrapper/dists/gradle-2.2.1-all/c64ydeuardnfqctvr1gm30w53/gradle-2.2.1/lib/plugins/gradle-ide-2.2.1.jar
63135000-63137000 r--s 00000000 08:03 2885433    /home/mjt/.gradle/wrapper/dists/gradle-2.2.1-all/c64ydeuardnfqctvr1gm30w53/gradle-2.2.1/lib/plugins/plexus-component-annotations-1.5.2.jar
63137000-6313a000 r--s 0000c000 08:03 2885432    /home/mjt/.gradle/wrapper/dists/gradle-2.2.1-all/c64ydeuardnfqctvr1gm30w53/gradle-2.2.1/lib/plugins/pmaven-groovy-0.8-20100325.jar
6313a000-6313b000 r--s 00004000 08:03 2885431    /home/mjt/.gradle/wrapper/dists/gradle-2.2.1-all/c64ydeuardnfqctvr1gm30w53/gradle-2.2.1/lib/plugins/pmaven-common-0.8-20100325.jar
6313b000-6313f000 r--s 0001e000 08:03 2885390    /home/mjt/.gradle/wrapper/dists/gradle-2.2.1-all/c64ydeuardnfqctvr1gm30w53/gradle-2.2.1/lib/plugins/gradle-maven-2.2.1.jar
6313f000-63157000 r--s 0013b000 08:03 2885429    /home/mjt/.gradle/wrapper/dists/gradle-2.2.1-all/c64ydeuardnfqctvr1gm30w53/gradle-2.2.1/lib/plugins/bndlib-2.1.0.jar
63157000-63159000 r--s 00004000 08:03 2885389    /home/mjt/.gradle/wrapper/dists/gradle-2.2.1-all/c64ydeuardnfqctvr1gm30w53/gradle-2.2.1/lib/plugins/gradle-osgi-2.2.1.jar
63159000-6315e000 r--s 00068000 08:03 2885428    /home/mjt/.gradle/wrapper/dists/gradle-2.2.1-all/c64ydeuardnfqctvr1gm30w53/gradle-2.2.1/lib/plugins/antlr-2.7.7.jar
6315e000-6315f000 r--s 00002000 08:03 2885427    /home/mjt/.gradle/wrapper/dists/gradle-2.2.1-all/c64ydeuardnfqctvr1gm30w53/gradle-2.2.1/lib/plugins/ant-antlr-1.9.3.jar
6315f000-63161000 r--s 00004000 08:03 2885388    /home/mjt/.gradle/wrapper/dists/gradle-2.2.1-all/c64ydeuardnfqctvr1gm30w53/gradle-2.2.1/lib/plugins/gradle-antlr-2.2.1.jar
63161000-63164000 r--s 0001e000 08:03 2885450    /home/mjt/.gradle/wrapper/dists/gradle-2.2.1-all/c64ydeuardnfqctvr1gm30w53/gradle-2.2.1/lib/plugins/jsp-api-2.1-6.1.14.jar
63164000-63187000 r--s 00344000 08:03 2885449    /home/mjt/.gradle/wrapper/dists/gradle-2.2.1-all/c64ydeuardnfqctvr1gm30w53/gradle-2.2.1/lib/plugins/core-3.1.1.jar
63187000-63188000 r--s 00006000 08:03 2885448    /home/mjt/.gradle/wrapper/dists/gradle-2.2.1-all/c64ydeuardnfqctvr1gm30w53/gradle-2.2.1/lib/plugins/jetty-naming-6.1.25.jar
63188000-6318a000 r--s 00002000 08:03 2885425    /home/mjt/.gradle/wrapper/dists/gradle-2.2.1-all/c64ydeuardnfqctvr1gm30w53/gradle-2.2.1/lib/plugins/jetty-annotations-6.1.25.jar
6318a000-6319b000 r--s 000ea000 08:03 2885424    /home/mjt/.gradle/wrapper/dists/gradle-2.2.1-all/c64ydeuardnfqctvr1gm30w53/gradle-2.2.1/lib/plugins/jsp-2.1-6.1.14.jar
6319b000-6319d000 r--s 0000d000 08:03 2885423    /home/mjt/.gradle/wrapper/dists/gradle-2.2.1-all/c64ydeuardnfqctvr1gm30w53/gradle-2.2.1/lib/plugins/jetty-plus-6.1.25.jar
6319d000-6319f000 r--s 0001f000 08:03 2885422    /home/mjt/.gradle/wrapper/dists/gradle-2.2.1-all/c64ydeuardnfqctvr1gm30w53/gradle-2.2.1/lib/plugins/servlet-api-2.5-20081211.jar
6319f000-631a3000 r--s 00028000 08:03 2885421    /home/mjt/.gradle/wrapper/dists/gradle-2.2.1-all/c64ydeuardnfqctvr1gm30w53/gradle-2.2.1/lib/plugins/jetty-util-6.1.25.jar
631a3000-631aa000 r--s 0007d000 08:03 2885420    /home/mjt/.gradle/wrapper/dists/gradle-2.2.1-all/c64ydeuardnfqctvr1gm30w53/gradle-2.2.1/lib/plugins/jetty-6.1.25.jar
631aa000-631ac000 r--s 00009000 08:03 2885387    /home/mjt/.gradle/wrapper/dists/gradle-2.2.1-all/c64ydeuardnfqctvr1gm30w53/gradle-2.2.1/lib/plugins/gradle-jetty-2.2.1.jar
631ac000-631b1000 r--s 00041000 08:03 2885386    /home/mjt/.gradle/wrapper/dists/gradle-2.2.1-all/c64ydeuardnfqctvr1gm30w53/gradle-2.2.1/lib/plugins/gradle-code-quality-2.2.1.jar
631b1000-631b3000 r--s 00009000 08:03 2885458    /home/mjt/.gradle/wrapper/dists/gradle-2.2.1-all/c64ydeuardnfqctvr1gm30w53/gradle-2.2.1/lib/plugins/hamcrest-core-1.3.jar
631b3000-631b9000 r--s 00033000 08:03 2885447    /home/mjt/.gradle/wrapper/dists/gradle-2.2.1-all/c64ydeuardnfqctvr1gm30w53/gradle-2.2.1/lib/plugins/snakeyaml-1.6.jar
631b9000-631bb000 r--s 00006000 08:03 2885446    /home/mjt/.gradle/wrapper/dists/gradle-2.2.1-all/c64ydeuardnfqctvr1gm30w53/gradle-2.2.1/lib/plugins/jcommander-1.12.jar
631bb000-631c0000 r--s 00040000 08:03 2885445    /home/mjt/.gradle/wrapper/dists/gradle-2.2.1-all/c64ydeuardnfqctvr1gm30w53/gradle-2.2.1/lib/plugins/bsh-2.0b4.jar
631c0000-631c2000 r--s 00009000 08:03 2885419    /home/mjt/.gradle/wrapper/dists/gradle-2.2.1-all/c64ydeuardnfqctvr1gm30w53/gradle-2.2.1/lib/plugins/commons-cli-1.2.jar
631c2000-631cb000 r--s 00089000 08:03 2885418    /home/mjt/.gradle/wrapper/dists/gradle-2.2.1-all/c64ydeuardnfqctvr1gm30w53/gradle-2.2.1/lib/plugins/testng-6.3.1.jar
631cb000-631d1000 r--s 00036000 08:03 2885417    /home/mjt/.gradle/wrapper/dists/gradle-2.2.1-all/c64ydeuardnfqctvr1gm30w53/gradle-2.2.1/lib/plugins/junit-4.11.jar
631d1000-631dd000 r--s 00075000 08:03 2885385    /home/mjt/.gradle/wrapper/dists/gradle-2.2.1-all/c64ydeuardnfqctvr1gm30w53/gradle-2.2.1/lib/plugins/gradle-plugins-2.2.1.jar
631dd000-631e0000 r--s 00011000 08:03 2885415    /home/mjt/.gradle/wrapper/dists/gradle-2.2.1-all/c64ydeuardnfqctvr1gm30w53/gradle-2.2.1/lib/plugins/gradle-plugin-use-2.2.1.jar
631e0000-631f8000 r--s 00115000 08:03 2885456    /home/mjt/.gradle/wrapper/dists/gradle-2.2.1-all/c64ydeuardnfqctvr1gm30w53/gradle-2.2.1/lib/plugins/xercesImpl-2.9.1.jar
631f8000-63200000 r--s 00028000 08:03 2885457    /home/mjt/.gradle/wrapper/dists/gradle-2.2.1-all/c64ydeuardnfqctvr1gm30w53/gradle-2.2.1/lib/plugins/xml-apis-1.3.04.jar
63200000-632fa000 rw-p 00000000 00:00 0 
632fa000-63300000 ---p 00000000 00:00 0 
63300000-633fd000 rw-p 00000000 00:00 0 
633fd000-63400000 ---p 00000000 00:00 0 
63400000-634ff000 rw-p 00000000 00:00 0 
634ff000-63500000 ---p 00000000 00:00 0 
63500000-635ff000 rw-p 00000000 00:00 0 
635ff000-63600000 ---p 00000000 00:00 0 
63600000-636fa000 rw-p 00000000 00:00 0 
636fa000-63700000 ---p 00000000 00:00 0 
63700000-63701000 r--s 00002000 08:03 2885426    /home/mjt/.gradle/wrapper/dists/gradle-2.2.1-all/c64ydeuardnfqctvr1gm30w53/gradle-2.2.1/lib/plugins/geronimo-annotation_1.0_spec-1.0.jar
63701000-63707000 r--s 0005b000 08:03 2885455    /home/mjt/.gradle/wrapper/dists/gradle-2.2.1-all/c64ydeuardnfqctvr1gm30w53/gradle-2.2.1/lib/plugins/jcifs-1.3.17.jar
63707000-6370d000 r--s 00031000 08:03 2885454    /home/mjt/.gradle/wrapper/dists/gradle-2.2.1-all/c64ydeuardnfqctvr1gm30w53/gradle-2.2.1/lib/plugins/httpcore-4.2.2.jar
6370d000-63713000 r--s 00033000 08:03 2885453    /home/mjt/.gradle/wrapper/dists/gradle-2.2.1-all/c64ydeuardnfqctvr1gm30w53/gradle-2.2.1/lib/plugins/commons-codec-1.6.jar
63713000-63716000 r--s 0001c000 08:03 2885452    /home/mjt/.gradle/wrapper/dists/gradle-2.2.1-all/c64ydeuardnfqctvr1gm30w53/gradle-2.2.1/lib/plugins/nekohtml-1.9.14.jar
63716000-6371f000 r--s 00060000 08:03 2885451    /home/mjt/.gradle/wrapper/dists/gradle-2.2.1-all/c64ydeuardnfqctvr1gm30w53/gradle-2.2.1/lib/plugins/httpclient-4.2.2.jar
6371f000-63721000 r--s 00007000 08:03 2885440    /home/mjt/.gradle/wrapper/dists/gradle-2.2.1-all/c64ydeuardnfqctvr1gm30w53/gradle-2.2.1/lib/plugins/gradle-resources-http-2.2.1.jar
63721000-63749000 r--s 00194000 08:03 2885444    /home/mjt/.gradle/wrapper/dists/gradle-2.2.1-all/c64ydeuardnfqctvr1gm30w53/gradle-2.2.1/lib/plugins/bcprov-jdk15-1.46.jar
63749000-6374d000 r--s 0001d000 08:03 2885443    /home/mjt/.gradle/wrapper/dists/gradle-2.2.1-all/c64ydeuardnfqctvr1gm30w53/gradle-2.2.1/lib/plugins/xbean-reflect-3.4.jar
6374d000-63752000 r--s 0002a000 08:03 2885437    /home/mjt/.gradle/wrapper/dists/gradle-2.2.1-all/c64ydeuardnfqctvr1gm30w53/gradle-2.2.1/lib/plugins/gson-2.2.4.jar
63752000-63756000 r--s 0003d000 08:03 2885442    /home/mjt/.gradle/wrapper/dists/gradle-2.2.1-all/c64ydeuardnfqctvr1gm30w53/gradle-2.2.1/lib/plugins/jsch-0.1.51.jar
63756000-6376f000 r--s 00129000 08:03 2885430    /home/mjt/.gradle/wrapper/dists/gradle-2.2.1-all/c64ydeuardnfqctvr1gm30w53/gradle-2.2.1/lib/plugins/maven-ant-tasks-2.1.3.jar
6376f000-6377e000 r--s 000d9000 08:03 2885441    /home/mjt/.gradle/wrapper/dists/gradle-2.2.1-all/c64ydeuardnfqctvr1gm30w53/gradle-2.2.1/lib/plugins/ivy-2.2.0.jar
6377e000-63782000 r--s 0001e000 08:03 2885384    /home/mjt/.gradle/wrapper/dists/gradle-2.2.1-all/c64ydeuardnfqctvr1gm30w53/gradle-2.2.1/lib/plugins/jarjar-aether-impl-1.13.1.jar
63782000-63785000 r--s 00027000 08:03 2885383    /home/mjt/.gradle/wrapper/dists/gradle-2.2.1-all/c64ydeuardnfqctvr1gm30w53/gradle-2.2.1/lib/plugins/jarjar-maven-model-3.0.4.jar
63785000-63788000 r--s 0000b000 08:03 2885382    /home/mjt/.gradle/wrapper/dists/gradle-2.2.1-all/c64ydeuardnfqctvr1gm30w53/gradle-2.2.1/lib/plugins/jarjar-maven-artifact-3.0.4.jar
63788000-63795000 r--s 00083000 08:03 2885379    /home/mjt/.gradle/wrapper/dists/gradle-2.2.1-all/c64ydeuardnfqctvr1gm30w53/gradle-2.2.1/lib/plugins/jarjar-maven-core-3.0.4.jar
63795000-63800000 r--s 00685000 08:03 2754293    /home/mjt/.gradle/wrapper/dists/gradle-2.2.1-all/c64ydeuardnfqctvr1gm30w53/gradle-2.2.1/lib/groovy-all-2.3.6.jar
63800000-63900000 rw-p 00000000 00:00 0 
63900000-63904000 r--s 0001e000 08:03 2885381    /home/mjt/.gradle/wrapper/dists/gradle-2.2.1-all/c64ydeuardnfqctvr1gm30w53/gradle-2.2.1/lib/plugins/jarjar-aether-util-1.13.1.jar
63904000-63906000 r--s 00007000 08:03 2885380    /home/mjt/.gradle/wrapper/dists/gradle-2.2.1-all/c64ydeuardnfqctvr1gm30w53/gradle-2.2.1/lib/plugins/jarjar-wagon-http-shared4-2.4.jar
63906000-63908000 r--s 00003000 08:03 2885378    /home/mjt/.gradle/wrapper/dists/gradle-2.2.1-all/c64ydeuardnfqctvr1gm30w53/gradle-2.2.1/lib/plugins/jarjar-aether-spi-1.13.1.jar
63908000-6390a000 r--s 00009000 08:03 2885377    /home/mjt/.gradle/wrapper/dists/gradle-2.2.1-all/c64ydeuardnfqctvr1gm30w53/gradle-2.2.1/lib/plugins/jarjar-maven-settings-builder-3.0.4.jar
6390a000-6390e000 r--s 00014000 08:03 2885376    /home/mjt/.gradle/wrapper/dists/gradle-2.2.1-all/c64ydeuardnfqctvr1gm30w53/gradle-2.2.1/lib/plugins/jarjar-aether-api-1.13.1.jar
6390e000-6390f000 r--s 00002000 08:03 2885375    /home/mjt/.gradle/wrapper/dists/gradle-2.2.1-all/c64ydeuardnfqctvr1gm30w53/gradle-2.2.1/lib/plugins/jarjar-wagon-http-2.4.jar
6390f000-63916000 r--s 00042000 08:03 2885374    /home/mjt/.gradle/wrapper/dists/gradle-2.2.1-all/c64ydeuardnfqctvr1gm30w53/gradle-2.2.1/lib/plugins/jarjar-maven-compat-3.0.4.jar
63916000-63918000 r--s 00006000 08:03 2885373    /home/mjt/.gradle/wrapper/dists/gradle-2.2.1-all/c64ydeuardnfqctvr1gm30w53/gradle-2.2.1/lib/plugins/jarjar-aether-connector-wagon-1.13.1.jar
63918000-6391a000 r--s 00000000 08:03 2885372    /home/mjt/.gradle/wrapper/dists/gradle-2.2.1-all/c64ydeuardnfqctvr1gm30w53/gradle-2.2.1/lib/plugins/jarjar-plexus-component-annotations-1.5.5.jar
6391a000-6391c000 r--s 00006000 08:03 2885371    /home/mjt/.gradle/wrapper/dists/gradle-2.2.1-all/c64ydeuardnfqctvr1gm30w53/gradle-2.2.1/lib/plugins/jarjar-plexus-sec-dispatcher-1.3.jar
6391c000-63921000 r--s 00022000 08:03 2885370    /home/mjt/.gradle/wrapper/dists/gradle-2.2.1-all/c64ydeuardnfqctvr1gm30w53/gradle-2.2.1/lib/plugins/jarjar-maven-model-builder-3.0.4.jar
63921000-63923000 r--s 0000b000 08:03 2885369    /home/mjt/.gradle/wrapper/dists/gradle-2.2.1-all/c64ydeuardnfqctvr1gm30w53/gradle-2.2.1/lib/plugins/jarjar-maven-plugin-api-3.0.4.jar
63923000-63926000 r--s 0000a000 08:03 2885368    /home/mjt/.gradle/wrapper/dists/gradle-2.2.1-all/c64ydeuardnfqctvr1gm30w53/gradle-2.2.1/lib/plugins/jarjar-plexus-classworlds-2.4.jar
63926000-6392a000 r--s 00035000 08:03 2885367    /home/mjt/.gradle/wrapper/dists/gradle-2.2.1-all/c64ydeuardnfqctvr1gm30w53/gradle-2.2.1/lib/plugins/jarjar-plexus-utils-2.0.6.jar
6392a000-6392c000 r--s 0000e000 08:03 2885366    /home/mjt/.gradle/wrapper/dists/gradle-2.2.1-all/c64ydeuardnfqctvr1gm30w53/gradle-2.2.1/lib/plugins/jarjar-plexus-interpolation-1.14.jar
6392c000-6392e000 r--s 00002000 08:03 2885365    /home/mjt/.gradle/wrapper/dists/gradle-2.2.1-all/c64ydeuardnfqctvr1gm30w53/gradle-2.2.1/lib/plugins/jarjar-plexus-cipher-1.7.jar
6392e000-63930000 r--s 0000c000 08:03 2885364    /home/mjt/.gradle/wrapper/dists/gradle-2.2.1-all/c64ydeuardnfqctvr1gm30w53/gradle-2.2.1/lib/plugins/jarjar-wagon-provider-api-2.4.jar
63930000-63932000 r--s 0000d000 08:03 2885363    /home/mjt/.gradle/wrapper/dists/gradle-2.2.1-all/c64ydeuardnfqctvr1gm30w53/gradle-2.2.1/lib/plugins/jarjar-maven-aether-provider-3.0.4.jar
63932000-6393a000 r--s 00031000 08:03 2885362    /home/mjt/.gradle/wrapper/dists/gradle-2.2.1-all/c64ydeuardnfqctvr1gm30w53/gradle-2.2.1/lib/plugins/jarjar-plexus-container-default-1.5.5.jar
6393a000-63952000 r--s 000b5000 08:03 2885416    /home/mjt/.gradle/wrapper/dists/gradle-2.2.1-all/c64ydeuardnfqctvr1gm30w53/gradle-2.2.1/lib/plugins/gradle-dependency-management-2.2.1.jar
63952000-63953000 ---p 00000000 00:00 0 
63953000-639d3000 rw-p 00000000 00:00 0          [stack:5066]
639d3000-639d6000 ---p 00000000 00:00 0 
639d6000-63a24000 rw-p 00000000 00:00 0          [stack:5065]
63a24000-63a27000 ---p 00000000 00:00 0 
63a27000-63aa5000 rw-p 00000000 00:00 0          [stack:5064]
63aa5000-63aa8000 ---p 00000000 00:00 0 
63aa8000-63b26000 rw-p 00000000 00:00 0          [stack:5063]
63b26000-63b29000 ---p 00000000 00:00 0 
63b29000-63b77000 rw-p 00000000 00:00 0          [stack:5062]
63b77000-63d00000 r--p 00000000 08:02 527857     /usr/lib/locale/locale-archive
63d00000-63df9000 rw-p 00000000 00:00 0 
63df9000-63e00000 ---p 00000000 00:00 0 
63e00000-63e01000 r--s 00007000 08:03 2885361    /home/mjt/.gradle/wrapper/dists/gradle-2.2.1-all/c64ydeuardnfqctvr1gm30w53/gradle-2.2.1/lib/plugins/jarjar-maven-repository-metadata-3.0.4.jar
63e01000-63e02000 r--s 0000b000 08:03 2885360    /home/mjt/.gradle/wrapper/dists/gradle-2.2.1-all/c64ydeuardnfqctvr1gm30w53/gradle-2.2.1/lib/plugins/jarjar-maven-settings-3.0.4.jar
63e02000-63e0c000 r--s 00116000 08:02 682943     /opt/java/jre/lib/ext/localedata.jar
63e0c000-63e28000 r--s 00393000 08:02 682935     /opt/java/jre/lib/ext/cldrdata.jar
63e28000-63e31000 r--s 0002c000 08:03 2754289    /home/mjt/.gradle/wrapper/dists/gradle-2.2.1-all/c64ydeuardnfqctvr1gm30w53/gradle-2.2.1/lib/gradle-tooling-api-2.2.1.jar
63e31000-63e37000 r--s 00032000 08:03 2754315    /home/mjt/.gradle/wrapper/dists/gradle-2.2.1-all/c64ydeuardnfqctvr1gm30w53/gradle-2.2.1/lib/jaxen-1.1.jar
63e37000-63e3c000 r--s 00048000 08:03 2754314    /home/mjt/.gradle/wrapper/dists/gradle-2.2.1-all/c64ydeuardnfqctvr1gm30w53/gradle-2.2.1/lib/dom4j-1.6.1.jar
63e3c000-63e3f000 ---p 00000000 00:00 0 
63e3f000-63e8d000 rw-p 00000000 00:00 0          [stack:5058]
63e8d000-63e90000 ---p 00000000 00:00 0 
63e90000-63ede000 rw-p 00000000 00:00 0          [stack:5057]
63ede000-640b4000 r--s 03ca8000 08:02 682527     /opt/java/jre/lib/rt.jar
640b4000-644fa000 rw-p 00000000 00:00 0 
644fa000-64500000 ---p 00000000 00:00 0 
64500000-66900000 rw-p 00000000 00:00 0 
66900000-669ff000 rw-p 00000000 00:00 0 
669ff000-66a00000 ---p 00000000 00:00 0 
66a00000-66a01000 r--s 00005000 08:03 2754284    /home/mjt/.gradle/wrapper/dists/gradle-2.2.1-all/c64ydeuardnfqctvr1gm30w53/gradle-2.2.1/lib/gradle-wrapper-2.2.1.jar
66a01000-66a03000 r--s 00002000 08:03 2754313    /home/mjt/.gradle/wrapper/dists/gradle-2.2.1-all/c64ydeuardnfqctvr1gm30w53/gradle-2.2.1/lib/gradle-open-api-2.2.1.jar
66a03000-66a0e000 r--s 00059000 08:03 2754288    /home/mjt/.gradle/wrapper/dists/gradle-2.2.1-all/c64ydeuardnfqctvr1gm30w53/gradle-2.2.1/lib/gradle-ui-2.2.1.jar
66a0e000-66a10000 r--s 00006000 08:03 2754309    /home/mjt/.gradle/wrapper/dists/gradle-2.2.1-all/c64ydeuardnfqctvr1gm30w53/gradle-2.2.1/lib/gradle-resources-2.2.1.jar
66a10000-66a12000 r--s 00007000 08:03 2754331    /home/mjt/.gradle/wrapper/dists/gradle-2.2.1-all/c64ydeuardnfqctvr1gm30w53/gradle-2.2.1/lib/objenesis-1.2.jar
66a12000-66a14000 r--s 00000000 08:03 2754330    /home/mjt/.gradle/wrapper/dists/gradle-2.2.1-all/c64ydeuardnfqctvr1gm30w53/gradle-2.2.1/lib/minlog-1.2.jar
66a14000-66a16000 r--s 0000f000 08:03 2754329    /home/mjt/.gradle/wrapper/dists/gradle-2.2.1-all/c64ydeuardnfqctvr1gm30w53/gradle-2.2.1/lib/reflectasm-1.07-shaded.jar
66a16000-66a1a000 r--s 00026000 08:03 2754320    /home/mjt/.gradle/wrapper/dists/gradle-2.2.1-all/c64ydeuardnfqctvr1gm30w53/gradle-2.2.1/lib/kryo-2.20.jar
66a1a000-66a23000 r--s 00039000 08:03 2754308    /home/mjt/.gradle/wrapper/dists/gradle-2.2.1-all/c64ydeuardnfqctvr1gm30w53/gradle-2.2.1/lib/gradle-messaging-2.2.1.jar
66a23000-66a24000 r--s 00003000 08:03 2754328    /home/mjt/.gradle/wrapper/dists/gradle-2.2.1-all/c64ydeuardnfqctvr1gm30w53/gradle-2.2.1/lib/native-platform-freebsd-amd64-0.10.jar
66a24000-66a25000 r--s 00003000 08:03 2754327    /home/mjt/.gradle/wrapper/dists/gradle-2.2.1-all/c64ydeuardnfqctvr1gm30w53/gradle-2.2.1/lib/native-platform-freebsd-i386-0.10.jar
66a25000-66a26000 r--s 00005000 08:03 2754326    /home/mjt/.gradle/wrapper/dists/gradle-2.2.1-all/c64ydeuardnfqctvr1gm30w53/gradle-2.2.1/lib/native-platform-windows-i386-0.10.jar
66a26000-66a27000 r--s 00005000 08:03 2754325    /home/mjt/.gradle/wrapper/dists/gradle-2.2.1-all/c64ydeuardnfqctvr1gm30w53/gradle-2.2.1/lib/native-platform-windows-amd64-0.10.jar
66a27000-66a28000 r--s 00003000 08:03 2754324    /home/mjt/.gradle/wrapper/dists/gradle-2.2.1-all/c64ydeuardnfqctvr1gm30w53/gradle-2.2.1/lib/native-platform-linux-i386-0.10.jar
66a28000-66a29000 r--s 00003000 08:03 2754323    /home/mjt/.gradle/wrapper/dists/gradle-2.2.1-all/c64ydeuardnfqctvr1gm30w53/gradle-2.2.1/lib/native-platform-linux-amd64-0.10.jar
66a29000-66a2a000 r--s 00002000 08:03 2754322    /home/mjt/.gradle/wrapper/dists/gradle-2.2.1-all/c64ydeuardnfqctvr1gm30w53/gradle-2.2.1/lib/native-platform-osx-amd64-0.10.jar
66a2a000-66a2b000 r--s 00002000 08:03 2754321    /home/mjt/.gradle/wrapper/dists/gradle-2.2.1-all/c64ydeuardnfqctvr1gm30w53/gradle-2.2.1/lib/native-platform-osx-i386-0.10.jar
66a2b000-66a2d000 r--s 00008000 08:03 2754318    /home/mjt/.gradle/wrapper/dists/gradle-2.2.1-all/c64ydeuardnfqctvr1gm30w53/gradle-2.2.1/lib/jansi-1.2.1.jar
66a2d000-66a30000 r--s 0000d000 08:03 2754317    /home/mjt/.gradle/wrapper/dists/gradle-2.2.1-all/c64ydeuardnfqctvr1gm30w53/gradle-2.2.1/lib/native-platform-0.10.jar
66a30000-66a31000 ---p 00000000 00:00 0 
66a31000-66b00000 rw-p 00000000 00:00 0          [stack:5056]
66b00000-66b39000 rw-p 00000000 00:00 0 
66b39000-66c00000 ---p 00000000 00:00 0 
66c00000-66c04000 r--s 000e4000 08:03 2754316    /home/mjt/.gradle/wrapper/dists/gradle-2.2.1-all/c64ydeuardnfqctvr1gm30w53/gradle-2.2.1/lib/jna-3.2.7.jar
66c04000-66c06000 r--s 00008000 08:03 2754290    /home/mjt/.gradle/wrapper/dists/gradle-2.2.1-all/c64ydeuardnfqctvr1gm30w53/gradle-2.2.1/lib/gradle-native-2.2.1.jar
66c06000-66c08000 r--s 00005000 08:03 2754287    /home/mjt/.gradle/wrapper/dists/gradle-2.2.1-all/c64ydeuardnfqctvr1gm30w53/gradle-2.2.1/lib/gradle-cli-2.2.1.jar
66c08000-66c0a000 r--s 00003000 08:03 2754307    /home/mjt/.gradle/wrapper/dists/gradle-2.2.1-all/c64ydeuardnfqctvr1gm30w53/gradle-2.2.1/lib/gradle-base-services-groovy-2.2.1.jar
66c0a000-66c0c000 r--s 0000a000 08:03 2754295    /home/mjt/.gradle/wrapper/dists/gradle-2.2.1-all/c64ydeuardnfqctvr1gm30w53/gradle-2.2.1/lib/gradle-model-groovy-2.2.1.jar
66c0c000-66c10000 r--s 0001b000 08:03 2754294    /home/mjt/.gradle/wrapper/dists/gradle-2.2.1-all/c64ydeuardnfqctvr1gm30w53/gradle-2.2.1/lib/gradle-model-core-2.2.1.jar
66c10000-66c11000 r--s 00000000 08:03 2754310    /home/mjt/.gradle/wrapper/dists/gradle-2.2.1-all/c64ydeuardnfqctvr1gm30w53/gradle-2.2.1/lib/gradle-docs-2.2.1.jar
66c11000-66c13000 r--s 00003000 08:03 2754312    /home/mjt/.gradle/wrapper/dists/gradle-2.2.1-all/c64ydeuardnfqctvr1gm30w53/gradle-2.2.1/lib/jcl-over-slf4j-1.7.7.jar
66c13000-66c16000 r--s 0001b000 08:03 2754305    /home/mjt/.gradle/wrapper/dists/gradle-2.2.1-all/c64ydeuardnfqctvr1gm30w53/gradle-2.2.1/lib/jarjar-1.3.jar
66c16000-66c1c000 r--s 0003b000 08:03 2754302    /home/mjt/.gradle/wrapper/dists/gradle-2.2.1-all/c64ydeuardnfqctvr1gm30w53/gradle-2.2.1/lib/logback-classic-1.0.13.jar
66c1c000-66c26000 r--s 0005d000 08:03 2754301    /home/mjt/.gradle/wrapper/dists/gradle-2.2.1-all/c64ydeuardnfqctvr1gm30w53/gradle-2.2.1/lib/logback-core-1.0.13.jar
66c26000-66c4e000 r--s 001cf000 08:03 2754292    /home/mjt/.gradle/wrapper/dists/gradle-2.2.1-all/c64ydeuardnfqctvr1gm30w53/gradle-2.2.1/lib/guava-jdk5-17.0.jar
66c4e000-66cd1000 rw-p 00000000 00:00 0 
66cd1000-66dff000 ---p 00000000 00:00 0 
66dff000-66e27000 rw-p 00000000 00:00 0 
66e27000-66f54000 ---p 00000000 00:00 0 
66f54000-66ff0000 rw-p 00000000 00:00 0 
66ff0000-66fff000 ---p 00000000 00:00 0 
66fff000-6bfc0000 rw-p 00000000 00:00 0 
6f87e000-6f880000 rw-p 00000000 00:00 0 
6f880000-91ac0000 ---p 00000000 00:00 0 
91ac0000-a50c0000 rw-p 00000000 00:00 0 
a50c0000-a7000000 ---p 00000000 00:00 0 
a7000000-a7001000 r--s 00005000 08:03 2754311    /home/mjt/.gradle/wrapper/dists/gradle-2.2.1-all/c64ydeuardnfqctvr1gm30w53/gradle-2.2.1/lib/log4j-over-slf4j-1.7.7.jar
a7001000-a7002000 r--s 00000000 08:03 2754306    /home/mjt/.gradle/wrapper/dists/gradle-2.2.1-all/c64ydeuardnfqctvr1gm30w53/gradle-2.2.1/lib/javax.inject-1.jar
a7002000-a7004000 r--s 00000000 08:03 2754304    /home/mjt/.gradle/wrapper/dists/gradle-2.2.1-all/c64ydeuardnfqctvr1gm30w53/gradle-2.2.1/lib/jul-to-slf4j-1.7.7.jar
a7004000-a7009000 r--s 00041000 08:03 2754300    /home/mjt/.gradle/wrapper/dists/gradle-2.2.1-all/c64ydeuardnfqctvr1gm30w53/gradle-2.2.1/lib/commons-lang-2.6.jar
a7009000-a700c000 r--s 00018000 08:03 2754299    /home/mjt/.gradle/wrapper/dists/gradle-2.2.1-all/c64ydeuardnfqctvr1gm30w53/gradle-2.2.1/lib/commons-io-1.4.jar
a700c000-a701a000 r--s 0007f000 08:03 2754298    /home/mjt/.gradle/wrapper/dists/gradle-2.2.1-all/c64ydeuardnfqctvr1gm30w53/gradle-2.2.1/lib/commons-collections-3.2.1.jar
a701a000-a701f000 r--s 00036000 08:03 2754296    /home/mjt/.gradle/wrapper/dists/gradle-2.2.1-all/c64ydeuardnfqctvr1gm30w53/gradle-2.2.1/lib/asm-all-5.0.3.jar
a701f000-a703e000 r--s 001cc000 08:03 2754297    /home/mjt/.gradle/wrapper/dists/gradle-2.2.1-all/c64ydeuardnfqctvr1gm30w53/gradle-2.2.1/lib/ant-1.9.3.jar
a703e000-a703f000 ---p 00000000 00:00 0 
a703f000-a70bf000 rw-p 00000000 00:00 0          [stack:5054]
a70bf000-a70c0000 ---p 00000000 00:00 0 
a70c0000-a7180000 rw-p 00000000 00:00 0          [stack:5052]
a7180000-a7500000 ---p 00000000 00:00 0 
a7500000-a84f0000 rwxp 00000000 00:00 0 
a84f0000-b6500000 ---p 00000000 00:00 0 
b6500000-b65f5000 rw-p 00000000 00:00 0 
b65f5000-b6600000 ---p 00000000 00:00 0 
b6600000-b6606000 r--s 00026000 08:03 2754285    /home/mjt/.gradle/wrapper/dists/gradle-2.2.1-all/c64ydeuardnfqctvr1gm30w53/gradle-2.2.1/lib/gradle-base-services-2.2.1.jar
b6606000-b6637000 r--s 00191000 08:03 2754286    /home/mjt/.gradle/wrapper/dists/gradle-2.2.1-all/c64ydeuardnfqctvr1gm30w53/gradle-2.2.1/lib/gradle-core-2.2.1.jar
b6637000-b663f000 r--s 0003c000 08:03 2754283    /home/mjt/.gradle/wrapper/dists/gradle-2.2.1-all/c64ydeuardnfqctvr1gm30w53/gradle-2.2.1/lib/gradle-launcher-2.2.1.jar
b663f000-b6657000 rw-p 00000000 00:00 0 
b6657000-b6670000 r-xp 00000000 08:02 682788     /opt/java/jre/lib/i386/libzip.so
b6670000-b6671000 rw-p 00018000 08:02 682788     /opt/java/jre/lib/i386/libzip.so
b6671000-b6679000 rw-s 00000000 00:1d 9810637    /tmp/hsperfdata_mjt/5047
b6679000-b669d000 r-xp 00000000 08:02 682806     /opt/java/jre/lib/i386/libjava.so
b669d000-b669e000 rw-p 00023000 08:02 682806     /opt/java/jre/lib/i386/libjava.so
b669e000-b66a5000 r-xp 00000000 08:02 527470     /usr/lib/librt-2.20.so
b66a5000-b66a6000 r--p 00007000 08:02 527470     /usr/lib/librt-2.20.so
b66a6000-b66a7000 rw-p 00008000 08:02 527470     /usr/lib/librt-2.20.so
b66a7000-b66aa000 ---p 00000000 00:00 0 
b66aa000-b66f8000 rw-p 00000000 00:00 0          [stack:5050]
b66f8000-b6743000 r-xp 00000000 08:02 527458     /usr/lib/libm-2.20.so
b6743000-b6744000 r--p 0004a000 08:02 527458     /usr/lib/libm-2.20.so
b6744000-b6745000 rw-p 0004b000 08:02 527458     /usr/lib/libm-2.20.so
b6745000-b707f000 r-xp 00000000 08:02 682826     /opt/java/jre/lib/i386/server/libjvm.so
b707f000-b70eb000 rw-p 00939000 08:02 682826     /opt/java/jre/lib/i386/server/libjvm.so
b70eb000-b7511000 rw-p 00000000 00:00 0 
b7511000-b76c2000 r-xp 00000000 08:02 527459     /usr/lib/libc-2.20.so
b76c2000-b76c5000 r--p 001b0000 08:02 527459     /usr/lib/libc-2.20.so
b76c5000-b76c7000 rw-p 001b3000 08:02 527459     /usr/lib/libc-2.20.so
b76c7000-b76c9000 rw-p 00000000 00:00 0 
b76c9000-b76cc000 r-xp 00000000 08:02 527433     /usr/lib/libdl-2.20.so
b76cc000-b76cd000 r--p 00002000 08:02 527433     /usr/lib/libdl-2.20.so
b76cd000-b76ce000 rw-p 00003000 08:02 527433     /usr/lib/libdl-2.20.so
b76ce000-b76e2000 r-xp 00000000 08:02 682962     /opt/java/lib/i386/jli/libjli.so
b76e2000-b76e3000 rw-p 00013000 08:02 682962     /opt/java/lib/i386/jli/libjli.so
b76e3000-b76fb000 r-xp 00000000 08:02 527440     /usr/lib/libpthread-2.20.so
b76fb000-b76fc000 r--p 00017000 08:02 527440     /usr/lib/libpthread-2.20.so
b76fc000-b76fd000 rw-p 00018000 08:02 527440     /usr/lib/libpthread-2.20.so
b76fd000-b76ff000 rw-p 00000000 00:00 0 
b76ff000-b7700000 r--s 00000000 08:03 2754303    /home/mjt/.gradle/wrapper/dists/gradle-2.2.1-all/c64ydeuardnfqctvr1gm30w53/gradle-2.2.1/lib/jcip-annotations-1.0.jar
b7700000-b7702000 r--s 00006000 08:03 2754291    /home/mjt/.gradle/wrapper/dists/gradle-2.2.1-all/c64ydeuardnfqctvr1gm30w53/gradle-2.2.1/lib/slf4j-api-1.7.7.jar
b7702000-b7703000 r--s 00004000 08:03 2754319    /home/mjt/.gradle/wrapper/dists/gradle-2.2.1-all/c64ydeuardnfqctvr1gm30w53/gradle-2.2.1/lib/ant-launcher-1.9.3.jar
b7703000-b770f000 r-xp 00000000 08:02 527435     /usr/lib/libnss_files-2.20.so
b770f000-b7710000 r--p 0000b000 08:02 527435     /usr/lib/libnss_files-2.20.so
b7710000-b7711000 rw-p 0000c000 08:02 527435     /usr/lib/libnss_files-2.20.so
b7711000-b7712000 rw-p 00000000 00:00 0 
b7712000-b7713000 ---p 00000000 00:00 0 
b7713000-b771e000 r-xp 00000000 08:02 682800     /opt/java/jre/lib/i386/libverify.so
b771e000-b771f000 rw-p 0000b000 08:02 682800     /opt/java/jre/lib/i386/libverify.so
b771f000-b7721000 r--p 00000000 00:00 0          [vvar]
b7721000-b7723000 r-xp 00000000 00:00 0          [vdso]
b7723000-b7744000 r-xp 00000000 08:02 527437     /usr/lib/ld-2.20.so
b7744000-b7745000 rw-p 00000000 00:00 0 
b7745000-b7746000 r--p 00021000 08:02 527437     /usr/lib/ld-2.20.so
b7746000-b7747000 rw-p 00022000 08:02 527437     /usr/lib/ld-2.20.so
bfa8d000-bfa8e000 rwxp 00000000 00:00 0 
bfac0000-bfae1000 rw-p 00000000 00:00 0          [stack]

VM Arguments:
jvm_args: -XX:MaxPermSize=256m -XX:+HeapDumpOnOutOfMemoryError -Xmx1024m -Dfile.encoding=UTF-8 -Duser.country=US -Duser.language=en -Duser.variant 
java_command: org.gradle.launcher.daemon.bootstrap.GradleDaemon 2.2.1 /home/mjt/.gradle/daemon 10800000 db513bf3-72a5-4801-9cf1-78384b2d8b01 -XX:MaxPermSize=256m -XX:+HeapDumpOnOutOfMemoryError -Xmx1024m -Dfile.encoding=UTF-8 -Duser.country=US -Duser.language=en -Duser.variant
java_class_path (initial): /home/mjt/.gradle/wrapper/dists/gradle-2.2.1-all/c64ydeuardnfqctvr1gm30w53/gradle-2.2.1/lib/gradle-launcher-2.2.1.jar
Launcher Type: SUN_STANDARD

Environment Variables:
JAVA_HOME=/opt/java
CLASSPATH=/opt/android-studio/bin/../lib/bootstrap.jar:/opt/android-studio/bin/../lib/extensions.jar:/opt/android-studio/bin/../lib/util.jar:/opt/android-studio/bin/../lib/jdom.jar:/opt/android-studio/bin/../lib/log4j.jar:/opt/android-studio/bin/../lib/trove4j.jar:/opt/android-studio/bin/../lib/jna.jar:/opt/java/lib/tools.jar
PATH=/usr/local/sbin:/usr/local/bin:/usr/bin:/opt/android-sdk/platform-tools:/opt/android-sdk/tools:/opt/java/bin:/opt/java/db/bin:/opt/java/jre/bin:/usr/bin/site_perl:/usr/bin/vendor_perl:/usr/bin/core_perl
LD_LIBRARY_PATH=/opt/android-studio/bin:
SHELL=/bin/bash
DISPLAY=:0.0

Signal Handlers:
SIGSEGV: [libjvm.so+0x891f70], sa_mask[0]=11111111011111111101111111111110, sa_flags=SA_RESTART|SA_SIGINFO
SIGBUS: [libjvm.so+0x891f70], sa_mask[0]=11111111011111111101111111111110, sa_flags=SA_RESTART|SA_SIGINFO
SIGFPE: [libjvm.so+0x71d8e0], sa_mask[0]=11111111011111111101111111111110, sa_flags=SA_RESTART|SA_SIGINFO
SIGPIPE: [libjvm.so+0x71d8e0], sa_mask[0]=11111111011111111101111111111110, sa_flags=SA_RESTART|SA_SIGINFO
SIGXFSZ: [libjvm.so+0x71d8e0], sa_mask[0]=11111111011111111101111111111110, sa_flags=SA_RESTART|SA_SIGINFO
SIGILL: [libjvm.so+0x71d8e0], sa_mask[0]=11111111011111111101111111111110, sa_flags=SA_RESTART|SA_SIGINFO
SIGUSR1: SIG_DFL, sa_mask[0]=00000000000000000000000000000000, sa_flags=none
SIGUSR2: [libjvm.so+0x71f090], sa_mask[0]=00100000000000000000000000000000, sa_flags=SA_RESTART|SA_SIGINFO
SIGHUP: [libjvm.so+0x720590], sa_mask[0]=11111111011111111101111111111110, sa_flags=SA_RESTART|SA_SIGINFO
SIGINT: [libjvm.so+0x720590], sa_mask[0]=11111111011111111101111111111110, sa_flags=SA_RESTART|SA_SIGINFO
SIGTERM: [libjvm.so+0x720590], sa_mask[0]=11111111011111111101111111111110, sa_flags=SA_RESTART|SA_SIGINFO
SIGQUIT: [libjvm.so+0x720590], sa_mask[0]=11111111011111111101111111111110, sa_flags=SA_RESTART|SA_SIGINFO


---------------  S Y S T E M  ---------------

OS:NAME="Arch Linux"
ID=arch
PRETTY_NAME="Arch Linux"
ANSI_COLOR="0;36"
HOME_URL="https://www.archlinux.org/"
SUPPORT_URL="https://bbs.archlinux.org/"
BUG_REPORT_URL="https://bugs.archlinux.org/"


uname:Linux 3.17.2-1-ARCH #1 SMP PREEMPT Thu Oct 30 20:31:16 CET 2014 i686
libc:glibc 2.20 NPTL 2.20 
rlimit: STACK 8192k, CORE 0k, NPROC 22165, NOFILE 4096, AS infinity
load average:5.01 2.95 1.88

/proc/meminfo:
MemTotal:        2841788 kB
MemFree:          164916 kB
MemAvailable:     120860 kB
Buffers:            1588 kB
Cached:            91044 kB
SwapCached:            0 kB
Active:          2521116 kB
Inactive:          37212 kB
Active(anon):    2492404 kB
Inactive(anon):    16660 kB
Active(file):      28712 kB
Inactive(file):    20552 kB
Unevictable:         132 kB
Mlocked:             132 kB
HighTotal:       1969452 kB
HighFree:          45756 kB
LowTotal:         872336 kB
LowFree:          119160 kB
SwapTotal:             0 kB
SwapFree:              0 kB
Dirty:               856 kB
Writeback:             0 kB
AnonPages:       2465948 kB
Mapped:            56920 kB
Shmem:             43332 kB
Slab:              34632 kB
SReclaimable:      21100 kB
SUnreclaim:        13532 kB
KernelStack:        2856 kB
PageTables:         5980 kB
NFS_Unstable:          0 kB
Bounce:                0 kB
WritebackTmp:          0 kB
CommitLimit:     1420892 kB
Committed_AS:    4211616 kB
VmallocTotal:     122880 kB
VmallocUsed:       24896 kB
VmallocChunk:      60796 kB
HardwareCorrupted:     0 kB
AnonHugePages:    667648 kB
HugePages_Total:       0
HugePages_Free:        0
HugePages_Rsvd:        0
HugePages_Surp:        0
Hugepagesize:       4096 kB
DirectMap4k:       40952 kB
DirectMap4M:      868352 kB


CPU:total 2 (2 cores per cpu, 1 threads per core) family 16 model 6 stepping 3, cmov, cx8, fxsr, mmx, sse, sse2, sse3, popcnt, mmxext, 3dnowpref, lzcnt, tsc, tscinvbit, tscinv

/proc/cpuinfo:
processor	: 0
vendor_id	: AuthenticAMD
cpu family	: 16
model		: 6
model name	: AMD Athlon(tm) II P340 Dual-Core Processor
stepping	: 3
microcode	: 0x10000c8
cpu MHz		: 2200.000
cache size	: 512 KB
physical id	: 0
siblings	: 2
core id		: 0
cpu cores	: 2
apicid		: 0
initial apicid	: 0
fdiv_bug	: no
f00f_bug	: no
coma_bug	: no
fpu		: yes
fpu_exception	: yes
cpuid level	: 5
wp		: yes
flags		: fpu vme de pse tsc msr pae mce cx8 apic sep mtrr pge mca cmov pat pse36 clflush mmx fxsr sse sse2 ht syscall nx mmxext fxsr_opt pdpe1gb rdtscp lm 3dnowext 3dnow constant_tsc rep_good nonstop_tsc extd_apicid pni monitor cx16 popcnt lahf_lm cmp_legacy svm extapic cr8_legacy abm sse4a 3dnowprefetch osvw ibs skinit wdt nodeid_msr hw_pstate npt lbrv svm_lock nrip_save
bugs		: tlb_mmatch apic_c1e fxsave_leak
bogomips	: 4390.81
clflush size	: 64
cache_alignment	: 64
address sizes	: 48 bits physical, 48 bits virtual
power management: ts ttp tm stc 100mhzsteps hwpstate

processor	: 1
vendor_id	: AuthenticAMD
cpu family	: 16
model		: 6
model name	: AMD Athlon(tm) II P340 Dual-Core Processor
stepping	: 3
microcode	: 0x10000c8
cpu MHz		: 2200.000
cache size	: 512 KB
physical id	: 0
siblings	: 2
core id		: 1
cpu cores	: 2
apicid		: 1
initial apicid	: 1
fdiv_bug	: no
f00f_bug	: no
coma_bug	: no
fpu		: yes
fpu_exception	: yes
cpuid level	: 5
wp		: yes
flags		: fpu vme de pse tsc msr pae mce cx8 apic sep mtrr pge mca cmov pat pse36 clflush mmx fxsr sse sse2 ht syscall nx mmxext fxsr_opt pdpe1gb rdtscp lm 3dnowext 3dnow constant_tsc rep_good nonstop_tsc extd_apicid pni monitor cx16 popcnt lahf_lm cmp_legacy svm extapic cr8_legacy abm sse4a 3dnowprefetch osvw ibs skinit wdt nodeid_msr hw_pstate npt lbrv svm_lock nrip_save
bugs		: tlb_mmatch apic_c1e fxsave_leak
bogomips	: 4390.81
clflush size	: 64
cache_alignment	: 64
address sizes	: 48 bits physical, 48 bits virtual
power management: ts ttp tm stc 100mhzsteps hwpstate



Memory: 4k page, physical 2841788k(164916k free), swap 0k(0k free)

vm_info: Java HotSpot(TM) Server VM (25.20-b23) for linux-x86 JRE (1.8.0_20-b26), built on Jul 30 2014 13:29:53 by "java_re" with gcc 4.3.0 20080428 (Red Hat 4.3.0-8)

time: Thu Dec 18 22:57:16 2014
elapsed time: 118 seconds (0d 0h 1m 58s)

