#
# There is insufficient memory for the Java Runtime Environment to continue.
# Native memory allocation (mmap) failed to map 42729472 bytes for committing reserved memory.
# Possible reasons:
#   The system is out of physical RAM or swap space
#   In 32 bit mode, the process size limit was hit
# Possible solutions:
#   Reduce memory load on the system
#   Increase physical memory or swap space
#   Check if swap backing store is full
#   Use 64 bit Java on a 64 bit OS
#   Decrease Java heap size (-Xmx/-Xms)
#   Decrease number of Java threads
#   Decrease Java thread stack sizes (-Xss)
#   Set larger code cache with -XX:ReservedCodeCacheSize=
# This output file may be truncated or incomplete.
#
#  Out of Memory Error (os_linux.cpp:2671), pid=15171, tid=1676532544
#
# JRE version: Java(TM) SE Runtime Environment (8.0_20-b26) (build 1.8.0_20-b26)
# Java VM: Java HotSpot(TM) Server VM (25.20-b23 mixed mode linux-x86 )
# Failed to write core dump. Core dumps have been disabled. To enable core dumping, try "ulimit -c unlimited" before starting Java again
#

---------------  T H R E A D  ---------------

Current thread (0x66a10c00):  VMThread [stack: 0x63e5d000,0x63ede000] [id=15185]

Stack: [0x63e5d000,0x63ede000],  sp=0x63edc9c0,  free space=510k
Native frames: (J=compiled Java code, j=interpreted, Vv=VM code, C=native code)
V  [libjvm.so+0x891489]
V  [libjvm.so+0x3751d5]
V  [libjvm.so+0x720b46]
V  [libjvm.so+0x720f68]
V  [libjvm.so+0x71a93c]
V  [libjvm.so+0x782538]
V  [libjvm.so+0x78363a]
V  [libjvm.so+0x782969]
V  [libjvm.so+0x78029b]
V  [libjvm.so+0x780a58]
V  [libjvm.so+0x7411da]
V  [libjvm.so+0x892bda]
V  [libjvm.so+0x89bd37]
V  [libjvm.so+0x899e03]
V  [libjvm.so+0x89a1a0]
V  [libjvm.so+0x89a605]
V  [libjvm.so+0x723509]
C  [libpthread.so.0+0x61a6]  start_thread+0xd6

VM_Operation (0xb671f7b4): ParallelGCFailedAllocation, mode: safepoint, requested by thread 0xb6506800


---------------  P R O C E S S  ---------------

Java Threads: ( => current thread )
  0x66a3ac00 JavaThread "Service Thread" daemon [_thread_blocked, id=15198, stack(0x63adf000,0x63b30000)]
  0x66a37c00 JavaThread "C1 CompilerThread1" daemon [_thread_blocked, id=15195, stack(0x63b30000,0x63bb1000)]
  0x66a35c00 JavaThread "C2 CompilerThread0" daemon [_thread_blocked, id=15192, stack(0x63bb1000,0x63c32000)]
  0x66a34400 JavaThread "Signal Dispatcher" daemon [_thread_blocked, id=15190, stack(0x63c32000,0x63c83000)]
  0x66a16800 JavaThread "Finalizer" daemon [_thread_blocked, id=15189, stack(0x63e0c000,0x63e5d000)]
  0x66a15000 JavaThread "Reference Handler" daemon [_thread_blocked, id=15188, stack(0x66c09000,0x66c5a000)]
  0xb6506800 JavaThread "main" [_thread_blocked, id=15179, stack(0xb66d0000,0xb6721000)]

Other Threads:
=>0x66a10c00 VMThread [stack: 0x63e5d000,0x63ede000] [id=15185]
  0x66a3c800 WatcherThread [stack: 0x63a5e000,0x63adf000] [id=15199]

VM state:at safepoint (normal execution)

VM Mutex/Monitor currently owned by a thread:  ([mutex/lock_event])
[0xb6504b48] Threads_lock - owner thread: 0x66a10c00
[0xb6504f58] Heap_lock - owner thread: 0xb6506800

Heap:
 PSYoungGen      total 196096K, used 12394K [0x91ac0000, 0xa0880000, 0xa7000000)
  eden space 148736K, 0% used [0x91ac0000,0x91ac0000,0x9ac00000)
  from space 47360K, 26% used [0x9ac00000,0x9b81a9c8,0x9da40000)
  to   space 43008K, 0% used [0x9de80000,0x9de80000,0xa0880000)
 ParOldGen       total 102656K, used 76041K [0x67000000, 0x6d440000, 0x91ac0000)
  object space 102656K, 74% used [0x67000000,0x6ba42688,0x6d440000)
 Metaspace       used 3530K, capacity 3644K, committed 3736K, reserved 4400K

Card table byte_map: [0x66dff000,0x67000000] byte_map_base: 0x66ac7000

Marking Bits: (ParMarkBitMap*) 0xb7124380
 Begin Bits: [0x64900000, 0x65900000)
 End Bits:   [0x65900000, 0x66900000)

Polling page: 0xb773b000

CodeCache: size=245760Kb used=7407Kb max_used=7407Kb free=238352Kb
 bounds [0xa7500000, 0xa7c40000, 0xb6500000]
 total_blobs=2005 nmethods=1850 adapters=70
 compilation: enabled

Compilation events (10 events):
Event: 20.543 Thread 0x66a37c00 1966       3       com.android.dx.ssa.DomFront::calcDomFronts (154 bytes)
Event: 20.545 Thread 0x66a37c00 nmethod 1966 0xa7c2ca08 code [0xa7c2cc00, 0xa7c2d4b4]
Event: 20.562 Thread 0x66a37c00 1967       2       com.android.dx.cf.code.SwitchList::getTarget (9 bytes)
Event: 20.562 Thread 0x66a37c00 nmethod 1967 0xa7c22648 code [0xa7c22760, 0xa7c2284c]
Event: 20.563 Thread 0x66a37c00 1968       2       com.android.dx.dex.code.BlockAddresses::getStart (7 bytes)
Event: 20.563 Thread 0x66a37c00 nmethod 1968 0xa7c222c8 code [0xa7c223e0, 0xa7c224c0]
Event: 20.566 Thread 0x66a37c00 1969       2       com.android.dx.dex.file.ClassDefItem::addDirectMethod (9 bytes)
Event: 20.567 Thread 0x66a37c00 nmethod 1969 0xa7c39508 code [0xa7c39640, 0xa7c39858]
Event: 20.567 Thread 0x66a37c00 1970       2       com.android.dx.dex.file.ClassDataItem::addDirectMethod (24 bytes)
Event: 20.567 Thread 0x66a37c00 nmethod 1970 0xa7c38f48 code [0xa7c39080, 0xa7c392b8]

GC Heap History (10 events):
Event: 7.086 GC heap after
Heap after GC invocations=9 (full 2):
 PSYoungGen      total 94976K, used 23798K [0x91ac0000, 0x9e1c0000, 0xa7000000)
  eden space 71168K, 0% used [0x91ac0000,0x91ac0000,0x96040000)
  from space 23808K, 99% used [0x96040000,0x9777db78,0x97780000)
  to   space 43776K, 0% used [0x9b700000,0x9b700000,0x9e1c0000)
 ParOldGen       total 82944K, used 74390K [0x67000000, 0x6c100000, 0x91ac0000)
  object space 82944K, 89% used [0x67000000,0x6b8a58d8,0x6c100000)
 Metaspace       used 3390K, capacity 3516K, committed 3608K, reserved 4400K
}
Event: 7.086 GC heap before
{Heap before GC invocations=10 (full 3):
 PSYoungGen      total 94976K, used 23798K [0x91ac0000, 0x9e1c0000, 0xa7000000)
  eden space 71168K, 0% used [0x91ac0000,0x91ac0000,0x96040000)
  from space 23808K, 99% used [0x96040000,0x9777db78,0x97780000)
  to   space 43776K, 0% used [0x9b700000,0x9b700000,0x9e1c0000)
 ParOldGen       total 82944K, used 74390K [0x67000000, 0x6c100000, 0x91ac0000)
  object space 82944K, 89% used [0x67000000,0x6b8a58d8,0x6c100000)
 Metaspace       used 3390K, capacity 3516K, committed 3608K, reserved 4400K
Event: 7.353 GC heap after
Heap after GC invocations=10 (full 3):
 PSYoungGen      total 94976K, used 0K [0x91ac0000, 0x9e1c0000, 0xa7000000)
  eden space 71168K, 0% used [0x91ac0000,0x91ac0000,0x96040000)
  from space 23808K, 0% used [0x96040000,0x96040000,0x97780000)
  to   space 43776K, 0% used [0x9b700000,0x9b700000,0x9e1c0000)
 ParOldGen       total 102656K, used 50358K [0x67000000, 0x6d440000, 0x91ac0000)
  object space 102656K, 49% used [0x67000000,0x6a12da30,0x6d440000)
 Metaspace       used 3390K, capacity 3516K, committed 3608K, reserved 4400K
}
Event: 9.536 GC heap before
{Heap before GC invocations=11 (full 3):
 PSYoungGen      total 94976K, used 71168K [0x91ac0000, 0x9e1c0000, 0xa7000000)
  eden space 71168K, 100% used [0x91ac0000,0x96040000,0x96040000)
  from space 23808K, 0% used [0x96040000,0x96040000,0x97780000)
  to   space 43776K, 0% used [0x9b700000,0x9b700000,0x9e1c0000)
 ParOldGen       total 102656K, used 50358K [0x67000000, 0x6d440000, 0x91ac0000)
  object space 102656K, 49% used [0x67000000,0x6a12da30,0x6d440000)
 Metaspace       used 3456K, capacity 3580K, committed 3608K, reserved 4400K
Event: 9.619 GC heap after
Heap after GC invocations=11 (full 3):
 PSYoungGen      total 156672K, used 30401K [0x91ac0000, 0x9e280000, 0xa7000000)
  eden space 112896K, 0% used [0x91ac0000,0x91ac0000,0x98900000)
  from space 43776K, 69% used [0x9b700000,0x9d4b04e0,0x9e1c0000)
  to   space 45824K, 0% used [0x98900000,0x98900000,0x9b5c0000)
 ParOldGen       total 102656K, used 50362K [0x67000000, 0x6d440000, 0x91ac0000)
  object space 102656K, 49% used [0x67000000,0x6a12ea30,0x6d440000)
 Metaspace       used 3456K, capacity 3580K, committed 3608K, reserved 4400K
}
Event: 11.815 GC heap before
{Heap before GC invocations=12 (full 3):
 PSYoungGen      total 156672K, used 143297K [0x91ac0000, 0x9e280000, 0xa7000000)
  eden space 112896K, 100% used [0x91ac0000,0x98900000,0x98900000)
  from space 43776K, 69% used [0x9b700000,0x9d4b04e0,0x9e1c0000)
  to   space 45824K, 0% used [0x98900000,0x98900000,0x9b5c0000)
 ParOldGen       total 102656K, used 50362K [0x67000000, 0x6d440000, 0x91ac0000)
  object space 102656K, 49% used [0x67000000,0x6a12ea30,0x6d440000)
 Metaspace       used 3471K, capacity 3580K, committed 3608K, reserved 4400K
Event: 12.036 GC heap after
Heap after GC invocations=12 (full 3):
 PSYoungGen      total 158720K, used 35497K [0x91ac0000, 0xa0e80000, 0xa7000000)
  eden space 112896K, 0% used [0x91ac0000,0x91ac0000,0x98900000)
  from space 45824K, 77% used [0x98900000,0x9abaa550,0x9b5c0000)
  to   space 49152K, 0% used [0x9de80000,0x9de80000,0xa0e80000)
 ParOldGen       total 102656K, used 50366K [0x67000000, 0x6d440000, 0x91ac0000)
  object space 102656K, 49% used [0x67000000,0x6a12fa30,0x6d440000)
 Metaspace       used 3471K, capacity 3580K, committed 3608K, reserved 4400K
}
Event: 14.790 GC heap before
{Heap before GC invocations=13 (full 3):
 PSYoungGen      total 158720K, used 148393K [0x91ac0000, 0xa0e80000, 0xa7000000)
  eden space 112896K, 100% used [0x91ac0000,0x98900000,0x98900000)
  from space 45824K, 77% used [0x98900000,0x9abaa550,0x9b5c0000)
  to   space 49152K, 0% used [0x9de80000,0x9de80000,0xa0e80000)
 ParOldGen       total 102656K, used 50366K [0x67000000, 0x6d440000, 0x91ac0000)
  object space 102656K, 49% used [0x67000000,0x6a12fa30,0x6d440000)
 Metaspace       used 3499K, capacity 3612K, committed 3736K, reserved 4400K
Event: 14.926 GC heap after
Heap after GC invocations=13 (full 3):
 PSYoungGen      total 191744K, used 16732K [0x91ac0000, 0xa0880000, 0xa7000000)
  eden space 148736K, 0% used [0x91ac0000,0x91ac0000,0x9ac00000)
  from space 43008K, 38% used [0x9de80000,0x9eed70b0,0xa0880000)
  to   space 47360K, 0% used [0x9ac00000,0x9ac00000,0x9da40000)
 ParOldGen       total 102656K, used 60331K [0x67000000, 0x6d440000, 0x91ac0000)
  object space 102656K, 58% used [0x67000000,0x6aaeafd8,0x6d440000)
 Metaspace       used 3499K, capacity 3612K, committed 3736K, reserved 4400K
}
Event: 20.573 GC heap before
{Heap before GC invocations=14 (full 3):
 PSYoungGen      total 191744K, used 165468K [0x91ac0000, 0xa0880000, 0xa7000000)
  eden space 148736K, 100% used [0x91ac0000,0x9ac00000,0x9ac00000)
  from space 43008K, 38% used [0x9de80000,0x9eed70b0,0xa0880000)
  to   space 47360K, 0% used [0x9ac00000,0x9ac00000,0x9da40000)
 ParOldGen       total 102656K, used 60331K [0x67000000, 0x6d440000, 0x91ac0000)
  object space 102656K, 58% used [0x67000000,0x6aaeafd8,0x6d440000)
 Metaspace       used 3530K, capacity 3644K, committed 3736K, reserved 4400K

Deoptimization events (10 events):
Event: 7.871 Thread 0xb6506800 Uncommon trap: reason=bimorphic action=maybe_recompile pc=0xa7945468 method=com.android.dx.cf.code.BytecodeArray.parseInstruction(ILcom/android/dx/cf/code/BytecodeArray$Visitor;)I @ 1501
Event: 7.874 Thread 0xb6506800 Uncommon trap: reason=bimorphic action=maybe_recompile pc=0xa794745c method=com.android.dx.cf.code.BytecodeArray.parseInstruction(ILcom/android/dx/cf/code/BytecodeArray$Visitor;)I @ 1357
Event: 7.874 Thread 0xb6506800 Uncommon trap: reason=bimorphic action=maybe_recompile pc=0xa794745c method=com.android.dx.cf.code.BytecodeArray.parseInstruction(ILcom/android/dx/cf/code/BytecodeArray$Visitor;)I @ 1357
Event: 10.055 Thread 0xb6506800 Uncommon trap: reason=bimorphic action=maybe_recompile pc=0xa7a73638 method=com.android.dx.cf.code.BytecodeArray.parseInstruction(ILcom/android/dx/cf/code/BytecodeArray$Visitor;)I @ 2484
Event: 10.056 Thread 0xb6506800 Uncommon trap: reason=bimorphic action=maybe_recompile pc=0xa7a73638 method=com.android.dx.cf.code.BytecodeArray.parseInstruction(ILcom/android/dx/cf/code/BytecodeArray$Visitor;)I @ 2484
Event: 13.968 Thread 0xb6506800 Uncommon trap: reason=class_check action=maybe_recompile pc=0xa7aa32e4 method=com.android.dx.cf.code.BytecodeArray.parseInstruction(ILcom/android/dx/cf/code/BytecodeArray$Visitor;)I @ 2062
Event: 13.968 Thread 0xb6506800 Uncommon trap: reason=class_check action=maybe_recompile pc=0xa7aa32e4 method=com.android.dx.cf.code.BytecodeArray.parseInstruction(ILcom/android/dx/cf/code/BytecodeArray$Visitor;)I @ 2062
Event: 18.347 Thread 0xb6506800 Uncommon trap: reason=uninitialized action=reinterpret pc=0xa7b8e2f0 method=com.android.dx.cf.code.BytecodeArray.parseInstruction(ILcom/android/dx/cf/code/BytecodeArray$Visitor;)I @ 1047
Event: 18.420 Thread 0xb6506800 Uncommon trap: reason=null_check action=make_not_entrant pc=0xa79035b4 method=com.android.dx.rop.type.Type.equals(Ljava/lang/Object;)Z @ 8
Event: 20.505 Thread 0xb6506800 Uncommon trap: reason=unreached action=reinterpret pc=0xa7bdd020 method=com.android.dx.rop.code.LocalVariableInfo.mergeStarts(ILcom/android/dx/rop/code/RegisterSpecSet;)Z @ 10

Internal exceptions (10 events):
Event: 4.519 Thread 0xb6506800 Exception <a 'java/security/PrivilegedActionException'> (0x92a10980) thrown at [/HUDSON/workspace/8-2-build-linux-i586/jdk8u20/1074/hotspot/src/share/vm/prims/jvm.cpp, line 1275]
Event: 7.714 Thread 0xb6506800 Exception <a 'java/security/PrivilegedActionException'> (0x93c4f510) thrown at [/HUDSON/workspace/8-2-build-linux-i586/jdk8u20/1074/hotspot/src/share/vm/prims/jvm.cpp, line 1275]
Event: 7.767 Thread 0xb6506800 Exception <a 'java/security/PrivilegedActionException'> (0x93eeb898) thrown at [/HUDSON/workspace/8-2-build-linux-i586/jdk8u20/1074/hotspot/src/share/vm/prims/jvm.cpp, line 1275]
Event: 7.775 Thread 0xb6506800 Exception <a 'java/security/PrivilegedActionException'> (0x93ef1080) thrown at [/HUDSON/workspace/8-2-build-linux-i586/jdk8u20/1074/hotspot/src/share/vm/prims/jvm.cpp, line 1275]
Event: 7.832 Thread 0xb6506800 Implicit null exception at 0xa7962f40 to 0xa7966d85
Event: 13.314 Thread 0xb6506800 Exception <a 'java/security/PrivilegedActionException'> (0x94c05960) thrown at [/HUDSON/workspace/8-2-build-linux-i586/jdk8u20/1074/hotspot/src/share/vm/prims/jvm.cpp, line 1275]
Event: 18.037 Thread 0xb6506800 Exception <a 'java/security/PrivilegedActionException'> (0x927725e0) thrown at [/HUDSON/workspace/8-2-build-linux-i586/jdk8u20/1074/hotspot/src/share/vm/prims/jvm.cpp, line 1275]
Event: 18.273 Thread 0xb6506800 Exception <a 'java/security/PrivilegedActionException'> (0x9277b078) thrown at [/HUDSON/workspace/8-2-build-linux-i586/jdk8u20/1074/hotspot/src/share/vm/prims/jvm.cpp, line 1275]
Event: 18.280 Thread 0xb6506800 Exception <a 'java/security/PrivilegedActionException'> (0x9277d058) thrown at [/HUDSON/workspace/8-2-build-linux-i586/jdk8u20/1074/hotspot/src/share/vm/prims/jvm.cpp, line 1275]
Event: 18.408 Thread 0xb6506800 Implicit null exception at 0xa7903520 to 0xa79035a6

Events (10 events):
Event: 20.505 Thread 0xb6506800 DEOPT UNPACKING pc=0xa753abd5 sp=0xb671f978 mode 2
Event: 20.523 Thread 0xb6506800 DEOPT PACKING pc=0xa796016b sp=0xb671f8e0
Event: 20.523 Thread 0xb6506800 DEOPT UNPACKING pc=0xa753c310 sp=0xb671f7a0 mode 0
Event: 20.543 Thread 0xb6506800 DEOPT PACKING pc=0xa7a1c471 sp=0xb671f7b0
Event: 20.543 Thread 0xb6506800 DEOPT UNPACKING pc=0xa753c310 sp=0xb671f66c mode 0
Event: 20.544 Thread 0xb6506800 DEOPT PACKING pc=0xa791c97c sp=0xb671f8e0
Event: 20.544 Thread 0xb6506800 DEOPT UNPACKING pc=0xa753c310 sp=0xb671f804 mode 0
Event: 20.559 Thread 0xb6506800 DEOPT PACKING pc=0xa79b6545 sp=0xb671f990
Event: 20.559 Thread 0xb6506800 DEOPT UNPACKING pc=0xa753c310 sp=0xb671f830 mode 0
Event: 20.573 Executing VM operation: ParallelGCFailedAllocation


Dynamic libraries:
08048000-08049000 r-xp 00000000 08:02 663210     /opt/java/bin/java
08049000-0804a000 rw-p 00000000 08:02 663210     /opt/java/bin/java
08a9e000-0950c000 rw-p 00000000 00:00 0          [heap]
63700000-637fe000 rw-p 00000000 00:00 0 
637fe000-63800000 ---p 00000000 00:00 0 
63800000-63856000 rw-p 00000000 00:00 0 
63856000-63900000 ---p 00000000 00:00 0 
63900000-639f9000 rw-p 00000000 00:00 0 
639f9000-63a00000 ---p 00000000 00:00 0 
63a08000-63a5e000 r--s 00303000 08:03 4063694    /home/mjt/AndroidStudioProjects/phonethings/app/build/intermediates/exploded-aar/com.google.android.gms/play-services/6.5.87/classes.jar
63a5e000-63a5f000 ---p 00000000 00:00 0 
63a5f000-63adf000 rw-p 00000000 00:00 0          [stack:15199]
63adf000-63ae2000 ---p 00000000 00:00 0 
63ae2000-63b30000 rw-p 00000000 00:00 0          [stack:15198]
63b30000-63b33000 ---p 00000000 00:00 0 
63b33000-63bb1000 rw-p 00000000 00:00 0          [stack:15195]
63bb1000-63bb4000 ---p 00000000 00:00 0 
63bb4000-63c32000 rw-p 00000000 00:00 0          [stack:15192]
63c32000-63c35000 ---p 00000000 00:00 0 
63c35000-63c83000 rw-p 00000000 00:00 0          [stack:15190]
63c83000-63e0c000 r--p 00000000 08:02 527857     /usr/lib/locale/locale-archive
63e0c000-63e0f000 ---p 00000000 00:00 0 
63e0f000-63e5d000 rw-p 00000000 00:00 0          [stack:15189]
63e5d000-63e5e000 ---p 00000000 00:00 0 
63e5e000-63ede000 rw-p 00000000 00:00 0          [stack:15185]
63ede000-640b4000 r--s 03ca8000 08:02 682527     /opt/java/jre/lib/rt.jar
640b4000-6445a000 rw-p 00000000 00:00 0 
6445a000-64500000 ---p 00000000 00:00 0 
64500000-66900000 rw-p 00000000 00:00 0 
66900000-66a00000 rw-p 00000000 00:00 0 
66a00000-66af2000 rw-p 00000000 00:00 0 
66af2000-66b00000 ---p 00000000 00:00 0 
66b00000-66b21000 rw-p 00000000 00:00 0 
66b21000-66c00000 ---p 00000000 00:00 0 
66c09000-66c0c000 ---p 00000000 00:00 0 
66c0c000-66cdc000 rw-p 00000000 00:00 0          [stack:15188]
66cdc000-66dff000 ---p 00000000 00:00 0 
66dff000-66e32000 rw-p 00000000 00:00 0 
66e32000-66f54000 ---p 00000000 00:00 0 
66f54000-66fcc000 rw-p 00000000 00:00 0 
66fcc000-66fff000 ---p 00000000 00:00 0 
66fff000-6d440000 rw-p 00000000 00:00 0 
6d440000-91ac0000 ---p 00000000 00:00 0 
91ac0000-a0880000 rw-p 00000000 00:00 0 
a3140000-a7000000 ---p 00000000 00:00 0 
a7030000-a703e000 r--s 000b4000 08:02 807490     /opt/android-sdk/build-tools/20/lib/dx.jar
a703e000-a703f000 ---p 00000000 00:00 0 
a703f000-a70bf000 rw-p 00000000 00:00 0          [stack:15182]
a70bf000-a70c0000 ---p 00000000 00:00 0 
a70c0000-a715d000 rw-p 00000000 00:00 0          [stack:15180]
a715d000-a7500000 ---p 00000000 00:00 0 
a7500000-a7c40000 rwxp 00000000 00:00 0 
a7c40000-b6500000 ---p 00000000 00:00 0 
b6500000-b65f5000 rw-p 00000000 00:00 0 
b65f5000-b6600000 ---p 00000000 00:00 0 
b660d000-b6680000 rw-p 00000000 00:00 0 
b6680000-b6699000 r-xp 00000000 08:02 682788     /opt/java/jre/lib/i386/libzip.so
b6699000-b669a000 rw-p 00018000 08:02 682788     /opt/java/jre/lib/i386/libzip.so
b669a000-b66a2000 rw-s 00000000 00:1d 10373611   /tmp/hsperfdata_mjt/15171
b66a2000-b66c6000 r-xp 00000000 08:02 682806     /opt/java/jre/lib/i386/libjava.so
b66c6000-b66c7000 rw-p 00023000 08:02 682806     /opt/java/jre/lib/i386/libjava.so
b66c7000-b66ce000 r-xp 00000000 08:02 527470     /usr/lib/librt-2.20.so
b66ce000-b66cf000 r--p 00007000 08:02 527470     /usr/lib/librt-2.20.so
b66cf000-b66d0000 rw-p 00008000 08:02 527470     /usr/lib/librt-2.20.so
b66d0000-b66d3000 ---p 00000000 00:00 0 
b66d3000-b6721000 rw-p 00000000 00:00 0          [stack:15179]
b6721000-b676c000 r-xp 00000000 08:02 527458     /usr/lib/libm-2.20.so
b676c000-b676d000 r--p 0004a000 08:02 527458     /usr/lib/libm-2.20.so
b676d000-b676e000 rw-p 0004b000 08:02 527458     /usr/lib/libm-2.20.so
b676e000-b70a8000 r-xp 00000000 08:02 682826     /opt/java/jre/lib/i386/server/libjvm.so
b70a8000-b7114000 rw-p 00939000 08:02 682826     /opt/java/jre/lib/i386/server/libjvm.so
b7114000-b753a000 rw-p 00000000 00:00 0 
b753a000-b76eb000 r-xp 00000000 08:02 527459     /usr/lib/libc-2.20.so
b76eb000-b76ee000 r--p 001b0000 08:02 527459     /usr/lib/libc-2.20.so
b76ee000-b76f0000 rw-p 001b3000 08:02 527459     /usr/lib/libc-2.20.so
b76f0000-b76f2000 rw-p 00000000 00:00 0 
b76f2000-b76f5000 r-xp 00000000 08:02 527433     /usr/lib/libdl-2.20.so
b76f5000-b76f6000 r--p 00002000 08:02 527433     /usr/lib/libdl-2.20.so
b76f6000-b76f7000 rw-p 00003000 08:02 527433     /usr/lib/libdl-2.20.so
b76f7000-b770b000 r-xp 00000000 08:02 682962     /opt/java/lib/i386/jli/libjli.so
b770b000-b770c000 rw-p 00013000 08:02 682962     /opt/java/lib/i386/jli/libjli.so
b770c000-b7724000 r-xp 00000000 08:02 527440     /usr/lib/libpthread-2.20.so
b7724000-b7725000 r--p 00017000 08:02 527440     /usr/lib/libpthread-2.20.so
b7725000-b7726000 rw-p 00018000 08:02 527440     /usr/lib/libpthread-2.20.so
b7726000-b7728000 rw-p 00000000 00:00 0 
b772a000-b772c000 rw-p 00000000 00:00 0 
b772c000-b7738000 r-xp 00000000 08:02 527435     /usr/lib/libnss_files-2.20.so
b7738000-b7739000 r--p 0000b000 08:02 527435     /usr/lib/libnss_files-2.20.so
b7739000-b773a000 rw-p 0000c000 08:02 527435     /usr/lib/libnss_files-2.20.so
b773a000-b773b000 rw-p 00000000 00:00 0 
b773b000-b773c000 ---p 00000000 00:00 0 
b773c000-b7747000 r-xp 00000000 08:02 682800     /opt/java/jre/lib/i386/libverify.so
b7747000-b7748000 rw-p 0000b000 08:02 682800     /opt/java/jre/lib/i386/libverify.so
b7748000-b774a000 r--p 00000000 00:00 0          [vvar]
b774a000-b774c000 r-xp 00000000 00:00 0          [vdso]
b774c000-b776d000 r-xp 00000000 08:02 527437     /usr/lib/ld-2.20.so
b776d000-b776e000 rw-p 00000000 00:00 0 
b776e000-b776f000 r--p 00021000 08:02 527437     /usr/lib/ld-2.20.so
b776f000-b7770000 rw-p 00022000 08:02 527437     /usr/lib/ld-2.20.so
bf895000-bf896000 rwxp 00000000 00:00 0 
bf8c8000-bf8e9000 rw-p 00000000 00:00 0          [stack]

VM Arguments:
jvm_args: -Xmx1024M 
java_command: /opt/android-sdk/build-tools/20/lib/dx.jar --dex --output /home/mjt/AndroidStudioProjects/phonethings/app/build/intermediates/pre-dexed/debug/classes-b72443867d500556c692547f242202d7775fea63.jar /home/mjt/AndroidStudioProjects/phonethings/app/build/intermediates/exploded-aar/com.google.android.gms/play-services/6.5.87/classes.jar
java_class_path (initial): /opt/android-sdk/build-tools/20/lib/dx.jar
Launcher Type: SUN_STANDARD

Environment Variables:
JAVA_HOME=/opt/java
CLASSPATH=/opt/android-studio/bin/../lib/bootstrap.jar:/opt/android-studio/bin/../lib/extensions.jar:/opt/android-studio/bin/../lib/util.jar:/opt/android-studio/bin/../lib/jdom.jar:/opt/android-studio/bin/../lib/log4j.jar:/opt/android-studio/bin/../lib/trove4j.jar:/opt/android-studio/bin/../lib/jna.jar:/opt/java/lib/tools.jar
PATH=/usr/local/sbin:/usr/local/bin:/usr/bin:/opt/android-sdk/platform-tools:/opt/android-sdk/tools:/opt/java/bin:/opt/java/db/bin:/opt/java/jre/bin:/usr/bin/site_perl:/usr/bin/vendor_perl:/usr/bin/core_perl
LD_LIBRARY_PATH=/opt/android-studio/bin:
SHELL=/bin/bash
DISPLAY=:0.0

Signal Handlers:
SIGSEGV: [libjvm.so+0x891f70], sa_mask[0]=11111111011111111101111111111110, sa_flags=SA_RESTART|SA_SIGINFO
SIGBUS: [libjvm.so+0x891f70], sa_mask[0]=11111111011111111101111111111110, sa_flags=SA_RESTART|SA_SIGINFO
SIGFPE: [libjvm.so+0x71d8e0], sa_mask[0]=11111111011111111101111111111110, sa_flags=SA_RESTART|SA_SIGINFO
SIGPIPE: [libjvm.so+0x71d8e0], sa_mask[0]=11111111011111111101111111111110, sa_flags=SA_RESTART|SA_SIGINFO
SIGXFSZ: [libjvm.so+0x71d8e0], sa_mask[0]=11111111011111111101111111111110, sa_flags=SA_RESTART|SA_SIGINFO
SIGILL: [libjvm.so+0x71d8e0], sa_mask[0]=11111111011111111101111111111110, sa_flags=SA_RESTART|SA_SIGINFO
SIGUSR1: SIG_DFL, sa_mask[0]=00000000000000000000000000000000, sa_flags=none
SIGUSR2: [libjvm.so+0x71f090], sa_mask[0]=00100000000000000000000000000000, sa_flags=SA_RESTART|SA_SIGINFO
SIGHUP: [libjvm.so+0x720590], sa_mask[0]=11111111011111111101111111111110, sa_flags=SA_RESTART|SA_SIGINFO
SIGINT: [libjvm.so+0x720590], sa_mask[0]=11111111011111111101111111111110, sa_flags=SA_RESTART|SA_SIGINFO
SIGTERM: [libjvm.so+0x720590], sa_mask[0]=11111111011111111101111111111110, sa_flags=SA_RESTART|SA_SIGINFO
SIGQUIT: [libjvm.so+0x720590], sa_mask[0]=11111111011111111101111111111110, sa_flags=SA_RESTART|SA_SIGINFO


---------------  S Y S T E M  ---------------

OS:NAME="Arch Linux"
ID=arch
PRETTY_NAME="Arch Linux"
ANSI_COLOR="0;36"
HOME_URL="https://www.archlinux.org/"
SUPPORT_URL="https://bbs.archlinux.org/"
BUG_REPORT_URL="https://bugs.archlinux.org/"


uname:Linux 3.17.2-1-ARCH #1 SMP PREEMPT Thu Oct 30 20:31:16 CET 2014 i686
libc:glibc 2.20 NPTL 2.20 
rlimit: STACK 8192k, CORE 0k, NPROC 22165, NOFILE 4096, AS infinity
load average:5.70 3.34 2.78

/proc/meminfo:
MemTotal:        2841788 kB
MemFree:          161832 kB
MemAvailable:     115208 kB
Buffers:            2364 kB
Cached:            83652 kB
SwapCached:            0 kB
Active:          2480996 kB
Inactive:          47892 kB
Active(anon):    2469744 kB
Inactive(anon):    11720 kB
Active(file):      11252 kB
Inactive(file):    36172 kB
Unevictable:         132 kB
Mlocked:             132 kB
HighTotal:       1969452 kB
HighFree:          24884 kB
LowTotal:         872336 kB
LowFree:          136948 kB
SwapTotal:             0 kB
SwapFree:              0 kB
Dirty:               552 kB
Writeback:           156 kB
AnonPages:       2443192 kB
Mapped:            44000 kB
Shmem:             38408 kB
Slab:              31440 kB
SReclaimable:      17804 kB
SUnreclaim:        13636 kB
KernelStack:        2832 kB
PageTables:         6000 kB
NFS_Unstable:          0 kB
Bounce:                0 kB
WritebackTmp:          0 kB
CommitLimit:     1420892 kB
Committed_AS:    4166000 kB
VmallocTotal:     122880 kB
VmallocUsed:       24896 kB
VmallocChunk:      60796 kB
HardwareCorrupted:     0 kB
AnonHugePages:    860160 kB
HugePages_Total:       0
HugePages_Free:        0
HugePages_Rsvd:        0
HugePages_Surp:        0
Hugepagesize:       4096 kB
DirectMap4k:       40952 kB
DirectMap4M:      868352 kB


CPU:total 2 (2 cores per cpu, 1 threads per core) family 16 model 6 stepping 3, cmov, cx8, fxsr, mmx, sse, sse2, sse3, popcnt, mmxext, 3dnowpref, lzcnt, tsc, tscinvbit, tscinv

/proc/cpuinfo:
processor	: 0
vendor_id	: AuthenticAMD
cpu family	: 16
model		: 6
model name	: AMD Athlon(tm) II P340 Dual-Core Processor
stepping	: 3
microcode	: 0x10000c8
cpu MHz		: 800.000
cache size	: 512 KB
physical id	: 0
siblings	: 2
core id		: 0
cpu cores	: 2
apicid		: 0
initial apicid	: 0
fdiv_bug	: no
f00f_bug	: no
coma_bug	: no
fpu		: yes
fpu_exception	: yes
cpuid level	: 5
wp		: yes
flags		: fpu vme de pse tsc msr pae mce cx8 apic sep mtrr pge mca cmov pat pse36 clflush mmx fxsr sse sse2 ht syscall nx mmxext fxsr_opt pdpe1gb rdtscp lm 3dnowext 3dnow constant_tsc rep_good nonstop_tsc extd_apicid pni monitor cx16 popcnt lahf_lm cmp_legacy svm extapic cr8_legacy abm sse4a 3dnowprefetch osvw ibs skinit wdt nodeid_msr hw_pstate npt lbrv svm_lock nrip_save
bugs		: tlb_mmatch apic_c1e fxsave_leak
bogomips	: 4390.81
clflush size	: 64
cache_alignment	: 64
address sizes	: 48 bits physical, 48 bits virtual
power management: ts ttp tm stc 100mhzsteps hwpstate

processor	: 1
vendor_id	: AuthenticAMD
cpu family	: 16
model		: 6
model name	: AMD Athlon(tm) II P340 Dual-Core Processor
stepping	: 3
microcode	: 0x10000c8
cpu MHz		: 800.000
cache size	: 512 KB
physical id	: 0
siblings	: 2
core id		: 1
cpu cores	: 2
apicid		: 1
initial apicid	: 1
fdiv_bug	: no
f00f_bug	: no
coma_bug	: no
fpu		: yes
fpu_exception	: yes
cpuid level	: 5
wp		: yes
flags		: fpu vme de pse tsc msr pae mce cx8 apic sep mtrr pge mca cmov pat pse36 clflush mmx fxsr sse sse2 ht syscall nx mmxext fxsr_opt pdpe1gb rdtscp lm 3dnowext 3dnow constant_tsc rep_good nonstop_tsc extd_apicid pni monitor cx16 popcnt lahf_lm cmp_legacy svm extapic cr8_legacy abm sse4a 3dnowprefetch osvw ibs skinit wdt nodeid_msr hw_pstate npt lbrv svm_lock nrip_save
bugs		: tlb_mmatch apic_c1e fxsave_leak
bogomips	: 4390.81
clflush size	: 64
cache_alignment	: 64
address sizes	: 48 bits physical, 48 bits virtual
power management: ts ttp tm stc 100mhzsteps hwpstate



Memory: 4k page, physical 2841788k(161832k free), swap 0k(0k free)

vm_info: Java HotSpot(TM) Server VM (25.20-b23) for linux-x86 JRE (1.8.0_20-b26), built on Jul 30 2014 13:29:53 by "java_re" with gcc 4.3.0 20080428 (Red Hat 4.3.0-8)

time: Thu Dec 18 23:16:16 2014
elapsed time: 26 seconds (0d 0h 0m 26s)

