#
# There is insufficient memory for the Java Runtime Environment to continue.
# Native memory allocation (malloc) failed to allocate 468480 bytes for Chunk::new
# Possible reasons:
#   The system is out of physical RAM or swap space
#   In 32 bit mode, the process size limit was hit
# Possible solutions:
#   Reduce memory load on the system
#   Increase physical memory or swap space
#   Check if swap backing store is full
#   Use 64 bit Java on a 64 bit OS
#   Decrease Java heap size (-Xmx/-Xms)
#   Decrease number of Java threads
#   Decrease Java thread stack sizes (-Xss)
#   Set larger code cache with -XX:ReservedCodeCacheSize=
# This output file may be truncated or incomplete.
#
#  Out of Memory Error (allocation.cpp:390), pid=26486, tid=1674066752
#
# JRE version: Java(TM) SE Runtime Environment (8.0_20-b26) (build 1.8.0_20-b26)
# Java VM: Java HotSpot(TM) Server VM (25.20-b23 mixed mode linux-x86 )
# Failed to write core dump. Core dumps have been disabled. To enable core dumping, try "ulimit -c unlimited" before starting Java again
#

---------------  T H R E A D  ---------------

Current thread (0x63f35c00):  JavaThread "C2 CompilerThread0" daemon [_thread_in_native, id=26524, stack(0x63c03000,0x63c84000)]

Stack: [0x63c03000,0x63c84000],  sp=0x63c81490,  free space=505k
Native frames: (J=compiled Java code, j=interpreted, Vv=VM code, C=native code)
V  [libjvm.so+0x891489]
V  [libjvm.so+0x3751d5]
V  [libjvm.so+0x1a3d75]
V  [libjvm.so+0x1a488c]
V  [libjvm.so+0x79afe4]
V  [libjvm.so+0x3e8f5e]
V  [libjvm.so+0x6443be]
V  [libjvm.so+0x32d7cd]
V  [libjvm.so+0x329e38]
V  [libjvm.so+0x32b26b]
V  [libjvm.so+0x287174]
V  [libjvm.so+0x335771]
V  [libjvm.so+0x33652d]
V  [libjvm.so+0x83f8e8]
V  [libjvm.so+0x849b99]
V  [libjvm.so+0x849d1b]
V  [libjvm.so+0x723509]
C  [libpthread.so.0+0x61a6]  start_thread+0xd6
C  [libc.so.6+0xe9e9e]  clone+0x5e


Current CompileTask:
C2:  27303 1755       4       com.android.dx.ssa.SsaBasicBlock::newFromRop (183 bytes)


---------------  P R O C E S S  ---------------

Java Threads: ( => current thread )
  0x63f3ac00 JavaThread "Service Thread" daemon [_thread_blocked, id=26529, stack(0x63b31000,0x63b82000)]
  0x63f37800 JavaThread "C1 CompilerThread1" daemon [_thread_blocked, id=26527, stack(0x63b82000,0x63c03000)]
=>0x63f35c00 JavaThread "C2 CompilerThread0" daemon [_thread_in_native, id=26524, stack(0x63c03000,0x63c84000)]
  0x63f34400 JavaThread "Signal Dispatcher" daemon [_thread_blocked, id=26522, stack(0x63c84000,0x63cd5000)]
  0x63f16800 JavaThread "Finalizer" daemon [_thread_blocked, id=26516, stack(0x63e5e000,0x63eaf000)]
  0x63f15000 JavaThread "Reference Handler" daemon [_thread_blocked, id=26515, stack(0x63eaf000,0x63f00000)]
  0xb6606800 JavaThread "main" [_thread_in_native, id=26506, stack(0xb674a000,0xb679b000)]

Other Threads:
  0x63f11000 VMThread [stack: 0x6400e000,0x6408f000] [id=26512]
  0x63f3c800 WatcherThread [stack: 0x63ab0000,0x63b31000] [id=26530]

VM state:not at safepoint (normal execution)

VM Mutex/Monitor currently owned by a thread: None

Heap:
 PSYoungGen      total 46848K, used 27009K [0x91cc0000, 0x984c0000, 0xa7200000)
  eden space 45056K, 55% used [0x91cc0000,0x935637f8,0x948c0000)
  from space 1792K, 99% used [0x948c0000,0x94a7ccc8,0x94a80000)
  to   space 8192K, 0% used [0x97cc0000,0x97cc0000,0x984c0000)
 ParOldGen       total 30208K, used 16071K [0x67200000, 0x68f80000, 0x91cc0000)
  object space 30208K, 53% used [0x67200000,0x681b1ce0,0x68f80000)
 Metaspace       used 3675K, capacity 3708K, committed 3736K, reserved 4400K

Card table byte_map: [0x66fff000,0x67200000] byte_map_base: 0x66cc6000

Marking Bits: (ParMarkBitMap*) 0xb719e380
 Begin Bits: [0x64b00000, 0x65b00000)
 End Bits:   [0x65b00000, 0x66b00000)

Polling page: 0xb77b5000

CodeCache: size=245760Kb used=5597Kb max_used=5615Kb free=240162Kb
 bounds [0xa75e6000, 0xa7b66000, 0xb65e6000]
 total_blobs=1902 nmethods=1747 adapters=70
 compilation: enabled

Compilation events (10 events):
Event: 13.603 Thread 0x63f37800 1837       2       com.android.dx.ssa.PhiInsn::updateSourcesToDefinitions (68 bytes)
Event: 13.604 Thread 0x63f37800 nmethod 1837 0xa7b542c8 code [0xa7b54420, 0xa7b546b0]
Event: 13.615 Thread 0x63f37800 1838       2       com.android.dx.dex.file.DexFile::add (9 bytes)
Event: 13.615 Thread 0x63f37800 nmethod 1838 0xa7b54a08 code [0xa7b54b20, 0xa7b54c0c]
Event: 13.615 Thread 0x63f37800 1839   !   2       com.android.dx.dex.file.ClassDefsSection::add (75 bytes)
Event: 13.616 Thread 0x63f37800 nmethod 1839 0xa7b54cc8 code [0xa7b54ea0, 0xa7b55320]
Event: 13.630 Thread 0x63f35c00 nmethod 1756 0xa7b5b588 code [0xa7b5ba80, 0xa7b5eadc]
Event: 13.630 Thread 0x63f35c00 1770   !   4       com.android.dx.rop.code.BasicBlock::<init> (273 bytes)
Event: 13.657 Thread 0x63f35c00 nmethod 1770 0xa7b57888 code [0xa7b579e0, 0xa7b57e90]
Event: 13.657 Thread 0x63f35c00 1755       4       com.android.dx.ssa.SsaBasicBlock::newFromRop (183 bytes)

GC Heap History (10 events):
Event: 3.161 GC heap before
{Heap before GC invocations=1 (full 0):
 PSYoungGen      total 13056K, used 11264K [0x91cc0000, 0x92b40000, 0xa7200000)
  eden space 11264K, 100% used [0x91cc0000,0x927c0000,0x927c0000)
  from space 1792K, 0% used [0x92980000,0x92980000,0x92b40000)
  to   space 1792K, 0% used [0x927c0000,0x927c0000,0x92980000)
 ParOldGen       total 30208K, used 0K [0x67200000, 0x68f80000, 0x91cc0000)
  object space 30208K, 0% used [0x67200000,0x67200000,0x68f80000)
 Metaspace       used 3257K, capacity 3388K, committed 3480K, reserved 4400K
Event: 3.194 GC heap after
Heap after GC invocations=1 (full 0):
 PSYoungGen      total 13056K, used 1786K [0x91cc0000, 0x93640000, 0xa7200000)
  eden space 11264K, 0% used [0x91cc0000,0x91cc0000,0x927c0000)
  from space 1792K, 99% used [0x927c0000,0x9297ead0,0x92980000)
  to   space 1792K, 0% used [0x93480000,0x93480000,0x93640000)
 ParOldGen       total 30208K, used 1342K [0x67200000, 0x68f80000, 0x91cc0000)
  object space 30208K, 4% used [0x67200000,0x6734f820,0x68f80000)
 Metaspace       used 3257K, capacity 3388K, committed 3480K, reserved 4400K
}
Event: 4.634 GC heap before
{Heap before GC invocations=2 (full 0):
 PSYoungGen      total 13056K, used 13050K [0x91cc0000, 0x93640000, 0xa7200000)
  eden space 11264K, 100% used [0x91cc0000,0x927c0000,0x927c0000)
  from space 1792K, 99% used [0x927c0000,0x9297ead0,0x92980000)
  to   space 1792K, 0% used [0x93480000,0x93480000,0x93640000)
 ParOldGen       total 30208K, used 1342K [0x67200000, 0x68f80000, 0x91cc0000)
  object space 30208K, 4% used [0x67200000,0x6734f820,0x68f80000)
 Metaspace       used 3426K, capacity 3516K, committed 3608K, reserved 4400K
Event: 4.745 GC heap after
Heap after GC invocations=2 (full 0):
 PSYoungGen      total 24320K, used 1786K [0x91cc0000, 0x93640000, 0xa7200000)
  eden space 22528K, 0% used [0x91cc0000,0x91cc0000,0x932c0000)
  from space 1792K, 99% used [0x93480000,0x9363eae0,0x93640000)
  to   space 1792K, 0% used [0x932c0000,0x932c0000,0x93480000)
 ParOldGen       total 30208K, used 3017K [0x67200000, 0x68f80000, 0x91cc0000)
  object space 30208K, 9% used [0x67200000,0x674f2708,0x68f80000)
 Metaspace       used 3426K, capacity 3516K, committed 3608K, reserved 4400K
}
Event: 6.943 GC heap before
{Heap before GC invocations=3 (full 0):
 PSYoungGen      total 24320K, used 24314K [0x91cc0000, 0x93640000, 0xa7200000)
  eden space 22528K, 100% used [0x91cc0000,0x932c0000,0x932c0000)
  from space 1792K, 99% used [0x93480000,0x9363eae0,0x93640000)
  to   space 1792K, 0% used [0x932c0000,0x932c0000,0x93480000)
 ParOldGen       total 30208K, used 3017K [0x67200000, 0x68f80000, 0x91cc0000)
  object space 30208K, 9% used [0x67200000,0x674f2708,0x68f80000)
 Metaspace       used 3537K, capacity 3644K, committed 3736K, reserved 4400K
Event: 7.097 GC heap after
Heap after GC invocations=3 (full 0):
 PSYoungGen      total 24320K, used 1790K [0x91cc0000, 0x94c40000, 0xa7200000)
  eden space 22528K, 0% used [0x91cc0000,0x91cc0000,0x932c0000)
  from space 1792K, 99% used [0x932c0000,0x9347fa48,0x93480000)
  to   space 1792K, 0% used [0x94a80000,0x94a80000,0x94c40000)
 ParOldGen       total 30208K, used 6638K [0x67200000, 0x68f80000, 0x91cc0000)
  object space 30208K, 21% used [0x67200000,0x6787bab8,0x68f80000)
 Metaspace       used 3537K, capacity 3644K, committed 3736K, reserved 4400K
}
Event: 9.361 GC heap before
{Heap before GC invocations=4 (full 0):
 PSYoungGen      total 24320K, used 24318K [0x91cc0000, 0x94c40000, 0xa7200000)
  eden space 22528K, 100% used [0x91cc0000,0x932c0000,0x932c0000)
  from space 1792K, 99% used [0x932c0000,0x9347fa48,0x93480000)
  to   space 1792K, 0% used [0x94a80000,0x94a80000,0x94c40000)
 ParOldGen       total 30208K, used 6638K [0x67200000, 0x68f80000, 0x91cc0000)
  object space 30208K, 21% used [0x67200000,0x6787bab8,0x68f80000)
 Metaspace       used 3640K, capacity 3676K, committed 3736K, reserved 4400K
Event: 9.459 GC heap after
Heap after GC invocations=4 (full 0):
 PSYoungGen      total 46848K, used 1783K [0x91cc0000, 0x94c40000, 0xa7200000)
  eden space 45056K, 0% used [0x91cc0000,0x91cc0000,0x948c0000)
  from space 1792K, 99% used [0x94a80000,0x94c3dff0,0x94c40000)
  to   space 1792K, 0% used [0x948c0000,0x948c0000,0x94a80000)
 ParOldGen       total 30208K, used 10048K [0x67200000, 0x68f80000, 0x91cc0000)
  object space 30208K, 33% used [0x67200000,0x67bd00e0,0x68f80000)
 Metaspace       used 3640K, capacity 3676K, committed 3736K, reserved 4400K
}
Event: 12.892 GC heap before
{Heap before GC invocations=5 (full 0):
 PSYoungGen      total 46848K, used 46839K [0x91cc0000, 0x94c40000, 0xa7200000)
  eden space 45056K, 100% used [0x91cc0000,0x948c0000,0x948c0000)
  from space 1792K, 99% used [0x94a80000,0x94c3dff0,0x94c40000)
  to   space 1792K, 0% used [0x948c0000,0x948c0000,0x94a80000)
 ParOldGen       total 30208K, used 10048K [0x67200000, 0x68f80000, 0x91cc0000)
  object space 30208K, 33% used [0x67200000,0x67bd00e0,0x68f80000)
 Metaspace       used 3652K, capacity 3676K, committed 3736K, reserved 4400K
Event: 13.117 GC heap after
Heap after GC invocations=5 (full 0):
 PSYoungGen      total 46848K, used 1779K [0x91cc0000, 0x984c0000, 0xa7200000)
  eden space 45056K, 0% used [0x91cc0000,0x91cc0000,0x948c0000)
  from space 1792K, 99% used [0x948c0000,0x94a7ccc8,0x94a80000)
  to   space 8192K, 0% used [0x97cc0000,0x97cc0000,0x984c0000)
 ParOldGen       total 30208K, used 16071K [0x67200000, 0x68f80000, 0x91cc0000)
  object space 30208K, 53% used [0x67200000,0x681b1ce0,0x68f80000)
 Metaspace       used 3652K, capacity 3676K, committed 3736K, reserved 4400K
}

Deoptimization events (10 events):
Event: 2.753 Thread 0xb6606800 Uncommon trap: reason=class_check action=maybe_recompile pc=0xa778b0cc method=com.android.dx.ssa.NormalSsaInsn.accept(Lcom/android/dx/ssa/SsaInsn$Visitor;)V @ 9
Event: 2.756 Thread 0xb6606800 Uncommon trap: reason=class_check action=maybe_recompile pc=0xa778b0cc method=com.android.dx.ssa.NormalSsaInsn.accept(Lcom/android/dx/ssa/SsaInsn$Visitor;)V @ 9
Event: 4.333 Thread 0xb6606800 Uncommon trap: reason=null_check action=make_not_entrant pc=0xa78617b8 method=com.android.dx.ssa.SsaRenamer.getLocalForNewReg(I)Lcom/android/dx/rop/code/LocalItem; @ 19
Event: 9.202 Thread 0xb6606800 Uncommon trap: reason=unreached action=reinterpret pc=0xa7939cd8 method=java.util.HashMap.getNode(ILjava/lang/Object;)Ljava/util/HashMap$Node; @ 84
Event: 9.202 Thread 0xb6606800 Uncommon trap: reason=unreached action=reinterpret pc=0xa78e93c0 method=java.util.HashMap.getNode(ILjava/lang/Object;)Ljava/util/HashMap$Node; @ 84
Event: 9.204 Thread 0xb6606800 Uncommon trap: reason=unreached action=reinterpret pc=0xa77c8108 method=java.util.HashMap.getNode(ILjava/lang/Object;)Ljava/util/HashMap$Node; @ 84
Event: 9.211 Thread 0xb6606800 Uncommon trap: reason=bimorphic action=maybe_recompile pc=0xa7761db4 method=java.util.HashMap.getNode(ILjava/lang/Object;)Ljava/util/HashMap$Node; @ 126
Event: 9.211 Thread 0xb6606800 Uncommon trap: reason=bimorphic action=maybe_recompile pc=0xa7761db4 method=java.util.HashMap.getNode(ILjava/lang/Object;)Ljava/util/HashMap$Node; @ 126
Event: 9.211 Thread 0xb6606800 Uncommon trap: reason=bimorphic action=maybe_recompile pc=0xa7761db4 method=java.util.HashMap.getNode(ILjava/lang/Object;)Ljava/util/HashMap$Node; @ 126
Event: 9.211 Thread 0xb6606800 Uncommon trap: reason=bimorphic action=maybe_recompile pc=0xa7761db4 method=java.util.HashMap.getNode(ILjava/lang/Object;)Ljava/util/HashMap$Node; @ 126

Internal exceptions (10 events):
Event: 5.772 Thread 0xb6606800 Exception <a 'java/security/PrivilegedActionException'> (0x92a174a0) thrown at [/HUDSON/workspace/8-2-build-linux-i586/jdk8u20/1074/hotspot/src/share/vm/prims/jvm.cpp, line 1275]
Event: 6.220 Thread 0xb6606800 Exception <a 'java/security/PrivilegedActionException'> (0x92e3e4c8) thrown at [/HUDSON/workspace/8-2-build-linux-i586/jdk8u20/1074/hotspot/src/share/vm/prims/jvm.cpp, line 1275]
Event: 6.221 Thread 0xb6606800 Exception <a 'java/security/PrivilegedActionException'> (0x92e402f8) thrown at [/HUDSON/workspace/8-2-build-linux-i586/jdk8u20/1074/hotspot/src/share/vm/prims/jvm.cpp, line 1275]
Event: 6.232 Thread 0xb6606800 Exception <a 'java/security/PrivilegedActionException'> (0x92e48de8) thrown at [/HUDSON/workspace/8-2-build-linux-i586/jdk8u20/1074/hotspot/src/share/vm/prims/jvm.cpp, line 1275]
Event: 6.233 Thread 0xb6606800 Exception <a 'java/security/PrivilegedActionException'> (0x92e4ae10) thrown at [/HUDSON/workspace/8-2-build-linux-i586/jdk8u20/1074/hotspot/src/share/vm/prims/jvm.cpp, line 1275]
Event: 6.422 Thread 0xb6606800 Exception <a 'java/security/PrivilegedActionException'> (0x92fc4d90) thrown at [/HUDSON/workspace/8-2-build-linux-i586/jdk8u20/1074/hotspot/src/share/vm/prims/jvm.cpp, line 1275]
Event: 9.189 Thread 0xb6606800 Exception <a 'java/lang/ArrayIndexOutOfBoundsException': 18> (0x93055600) thrown at [/HUDSON/workspace/8-2-build-linux-i586/jdk8u20/1074/hotspot/src/share/vm/interpreter/interpreterRuntime.cpp, line 366]
Event: 9.190 Thread 0xb6606800 Exception <a 'java/lang/ArrayIndexOutOfBoundsException'> (0x93056dc8) thrown at [/HUDSON/workspace/8-2-build-linux-i586/jdk8u20/1074/hotspot/src/share/vm/runtime/sharedRuntime.cpp, line 604]
Event: 9.197 Thread 0xb6606800 Exception <a 'java/lang/ArrayIndexOutOfBoundsException'> (0x93057de8) thrown at [/HUDSON/workspace/8-2-build-linux-i586/jdk8u20/1074/hotspot/src/share/vm/runtime/sharedRuntime.cpp, line 604]
Event: 13.617 Thread 0xb6606800 Exception <a 'java/security/PrivilegedActionException'> (0x93491768) thrown at [/HUDSON/workspace/8-2-build-linux-i586/jdk8u20/1074/hotspot/src/share/vm/prims/jvm.cpp, line 1275]

Events (10 events):
Event: 11.269 Thread 0xb6606800 DEOPT PACKING pc=0xa795632b sp=0xb67997f0
Event: 11.269 Thread 0xb6606800 DEOPT UNPACKING pc=0xa7622310 sp=0xb6799694 mode 0
Event: 12.638 Thread 0xb6606800 DEOPT PACKING pc=0xa78da265 sp=0xb6799660
Event: 12.676 Thread 0xb6606800 DEOPT UNPACKING pc=0xa7622310 sp=0xb6799590 mode 0
Event: 12.872 Executing VM operation: ParallelGCFailedAllocation
Event: 13.117 Executing VM operation: ParallelGCFailedAllocation done
Event: 13.158 Thread 0xb6606800 DEOPT PACKING pc=0xa7a31508 sp=0xb6799ac0
Event: 13.158 Thread 0xb6606800 DEOPT UNPACKING pc=0xa7622310 sp=0xb67999c0 mode 0
Event: 13.617 loading class com/android/dx/cf/attrib/AttRuntimeInvisibleParameterAnnotations
Event: 13.617 loading class com/android/dx/cf/attrib/AttRuntimeInvisibleParameterAnnotations done


Dynamic libraries:
08048000-08049000 r-xp 00000000 08:02 663210     /opt/java/bin/java
08049000-0804a000 rw-p 00000000 08:02 663210     /opt/java/bin/java
09ecf000-0a279000 rw-p 00000000 00:00 0          [heap]
63700000-637ff000 rw-p 00000000 00:00 0 
637ff000-63800000 ---p 00000000 00:00 0 
63800000-638f9000 rw-p 00000000 00:00 0 
638f9000-63900000 ---p 00000000 00:00 0 
63900000-639fd000 rw-p 00000000 00:00 0 
639fd000-63a00000 ---p 00000000 00:00 0 
63ab0000-63ab1000 ---p 00000000 00:00 0 
63ab1000-63b31000 rw-p 00000000 00:00 0          [stack:26530]
63b31000-63b34000 ---p 00000000 00:00 0 
63b34000-63b82000 rw-p 00000000 00:00 0          [stack:26529]
63b82000-63b85000 ---p 00000000 00:00 0 
63b85000-63c03000 rw-p 00000000 00:00 0          [stack:26527]
63c03000-63c06000 ---p 00000000 00:00 0 
63c06000-63c84000 rw-p 00000000 00:00 0          [stack:26524]
63c84000-63c87000 ---p 00000000 00:00 0 
63c87000-63cd5000 rw-p 00000000 00:00 0          [stack:26522]
63cd5000-63e5e000 r--p 00000000 08:02 527857     /usr/lib/locale/locale-archive
63e5e000-63e61000 ---p 00000000 00:00 0 
63e61000-63eaf000 rw-p 00000000 00:00 0          [stack:26516]
63eaf000-63eb2000 ---p 00000000 00:00 0 
63eb2000-63f00000 rw-p 00000000 00:00 0          [stack:26515]
63f00000-63ff5000 rw-p 00000000 00:00 0 
63ff5000-64000000 ---p 00000000 00:00 0 
6400e000-6400f000 ---p 00000000 00:00 0 
6400f000-640de000 rw-p 00000000 00:00 0          [stack:26512]
640de000-642b4000 r--s 03ca8000 08:02 682527     /opt/java/jre/lib/rt.jar
642b4000-6465a000 rw-p 00000000 00:00 0 
6465a000-64700000 ---p 00000000 00:00 0 
64700000-66b00000 rw-p 00000000 00:00 0 
66b00000-66c00000 rw-p 00000000 00:00 0 
66c24000-66c7f000 rw-p 00000000 00:00 0 
66c7f000-66c80000 ---p 00000000 00:00 0 
66c80000-66d00000 rw-p 00000000 00:00 0          [stack:26511]
66d00000-66d21000 rw-p 00000000 00:00 0 
66d21000-66e00000 ---p 00000000 00:00 0 
66e18000-66e28000 r--s 000a9000 08:03 4063435    /home/mjt/AndroidStudioProjects/phonethings/app/build/intermediates/exploded-aar/com.android.support/support-v4/21.0.0/classes.jar
66e28000-66e29000 ---p 00000000 00:00 0 
66e29000-66eb8000 rw-p 00000000 00:00 0          [stack:26508]
66eb8000-66fff000 ---p 00000000 00:00 0 
66fff000-6700e000 rw-p 00000000 00:00 0 
6700e000-67154000 ---p 00000000 00:00 0 
67154000-67189000 rw-p 00000000 00:00 0 
67189000-671ff000 ---p 00000000 00:00 0 
671ff000-68f80000 rw-p 00000000 00:00 0 
68f80000-91cc0000 ---p 00000000 00:00 0 
91cc0000-984c0000 rw-p 00000000 00:00 0 
984c0000-a7200000 ---p 00000000 00:00 0 
a720e000-a723c000 rw-p 00000000 00:00 0 
a723c000-a75e6000 ---p 00000000 00:00 0 
a75e6000-a7b66000 rwxp 00000000 00:00 0 
a7b66000-b65e6000 ---p 00000000 00:00 0 
b65e6000-b65ff000 r-xp 00000000 08:02 682788     /opt/java/jre/lib/i386/libzip.so
b65ff000-b6600000 rw-p 00018000 08:02 682788     /opt/java/jre/lib/i386/libzip.so
b6600000-b66f5000 rw-p 00000000 00:00 0 
b66f5000-b6700000 ---p 00000000 00:00 0 
b6706000-b6714000 r--s 000b4000 08:02 816326     /opt/android-sdk/build-tools/20.0.0/lib/dx.jar
b6714000-b671c000 rw-s 00000000 00:1d 8140941    /tmp/hsperfdata_mjt/26486
b671c000-b6740000 r-xp 00000000 08:02 682806     /opt/java/jre/lib/i386/libjava.so
b6740000-b6741000 rw-p 00023000 08:02 682806     /opt/java/jre/lib/i386/libjava.so
b6741000-b6748000 r-xp 00000000 08:02 527470     /usr/lib/librt-2.20.so
b6748000-b6749000 r--p 00007000 08:02 527470     /usr/lib/librt-2.20.so
b6749000-b674a000 rw-p 00008000 08:02 527470     /usr/lib/librt-2.20.so
b674a000-b674d000 ---p 00000000 00:00 0 
b674d000-b679b000 rw-p 00000000 00:00 0          [stack:26506]
b679b000-b67e6000 r-xp 00000000 08:02 527458     /usr/lib/libm-2.20.so
b67e6000-b67e7000 r--p 0004a000 08:02 527458     /usr/lib/libm-2.20.so
b67e7000-b67e8000 rw-p 0004b000 08:02 527458     /usr/lib/libm-2.20.so
b67e8000-b7122000 r-xp 00000000 08:02 682826     /opt/java/jre/lib/i386/server/libjvm.so
b7122000-b718e000 rw-p 00939000 08:02 682826     /opt/java/jre/lib/i386/server/libjvm.so
b718e000-b75b4000 rw-p 00000000 00:00 0 
b75b4000-b7765000 r-xp 00000000 08:02 527459     /usr/lib/libc-2.20.so
b7765000-b7768000 r--p 001b0000 08:02 527459     /usr/lib/libc-2.20.so
b7768000-b776a000 rw-p 001b3000 08:02 527459     /usr/lib/libc-2.20.so
b776a000-b776c000 rw-p 00000000 00:00 0 
b776c000-b776f000 r-xp 00000000 08:02 527433     /usr/lib/libdl-2.20.so
b776f000-b7770000 r--p 00002000 08:02 527433     /usr/lib/libdl-2.20.so
b7770000-b7771000 rw-p 00003000 08:02 527433     /usr/lib/libdl-2.20.so
b7771000-b7785000 r-xp 00000000 08:02 682962     /opt/java/lib/i386/jli/libjli.so
b7785000-b7786000 rw-p 00013000 08:02 682962     /opt/java/lib/i386/jli/libjli.so
b7786000-b779e000 r-xp 00000000 08:02 527440     /usr/lib/libpthread-2.20.so
b779e000-b779f000 r--p 00017000 08:02 527440     /usr/lib/libpthread-2.20.so
b779f000-b77a0000 rw-p 00018000 08:02 527440     /usr/lib/libpthread-2.20.so
b77a0000-b77a2000 rw-p 00000000 00:00 0 
b77a6000-b77b2000 r-xp 00000000 08:02 527435     /usr/lib/libnss_files-2.20.so
b77b2000-b77b3000 r--p 0000b000 08:02 527435     /usr/lib/libnss_files-2.20.so
b77b3000-b77b4000 rw-p 0000c000 08:02 527435     /usr/lib/libnss_files-2.20.so
b77b4000-b77b5000 rw-p 00000000 00:00 0 
b77b5000-b77b6000 r--p 00000000 00:00 0 
b77b6000-b77c1000 r-xp 00000000 08:02 682800     /opt/java/jre/lib/i386/libverify.so
b77c1000-b77c2000 rw-p 0000b000 08:02 682800     /opt/java/jre/lib/i386/libverify.so
b77c2000-b77c4000 r--p 00000000 00:00 0          [vvar]
b77c4000-b77c6000 r-xp 00000000 00:00 0          [vdso]
b77c6000-b77e7000 r-xp 00000000 08:02 527437     /usr/lib/ld-2.20.so
b77e7000-b77e8000 rw-p 00000000 00:00 0 
b77e8000-b77e9000 r--p 00021000 08:02 527437     /usr/lib/ld-2.20.so
b77e9000-b77ea000 rw-p 00022000 08:02 527437     /usr/lib/ld-2.20.so
bfb4b000-bfb4c000 rwxp 00000000 00:00 0 
bfb7e000-bfb9f000 rw-p 00000000 00:00 0          [stack]

VM Arguments:
jvm_args: -Xmx1024M 
java_command: /opt/android-sdk/build-tools/20.0.0/lib/dx.jar --dex --output /home/mjt/AndroidStudioProjects/phonethings/app/build/intermediates/pre-dexed/release/classes-03dd4dbf824bbea5ef44ca68e96fd9e9513acd75.jar /home/mjt/AndroidStudioProjects/phonethings/app/build/intermediates/exploded-aar/com.android.support/support-v4/21.0.0/classes.jar
java_class_path (initial): /opt/android-sdk/build-tools/20.0.0/lib/dx.jar
Launcher Type: SUN_STANDARD

Environment Variables:
JAVA_HOME=/opt/java
CLASSPATH=/opt/android-studio/bin/../lib/bootstrap.jar:/opt/android-studio/bin/../lib/extensions.jar:/opt/android-studio/bin/../lib/util.jar:/opt/android-studio/bin/../lib/jdom.jar:/opt/android-studio/bin/../lib/log4j.jar:/opt/android-studio/bin/../lib/trove4j.jar:/opt/android-studio/bin/../lib/jna.jar:/opt/java/lib/tools.jar
PATH=/usr/local/sbin:/usr/local/bin:/usr/bin:/opt/android-sdk/platform-tools:/opt/android-sdk/tools:/opt/java/bin:/opt/java/db/bin:/opt/java/jre/bin:/usr/bin/site_perl:/usr/bin/vendor_perl:/usr/bin/core_perl
LD_LIBRARY_PATH=/opt/android-studio/bin:
SHELL=/bin/bash
DISPLAY=:0.0

Signal Handlers:
SIGSEGV: [libjvm.so+0x891f70], sa_mask[0]=11111111011111111101111111111110, sa_flags=SA_RESTART|SA_SIGINFO
SIGBUS: [libjvm.so+0x891f70], sa_mask[0]=11111111011111111101111111111110, sa_flags=SA_RESTART|SA_SIGINFO
SIGFPE: [libjvm.so+0x71d8e0], sa_mask[0]=11111111011111111101111111111110, sa_flags=SA_RESTART|SA_SIGINFO
SIGPIPE: [libjvm.so+0x71d8e0], sa_mask[0]=11111111011111111101111111111110, sa_flags=SA_RESTART|SA_SIGINFO
SIGXFSZ: [libjvm.so+0x71d8e0], sa_mask[0]=11111111011111111101111111111110, sa_flags=SA_RESTART|SA_SIGINFO
SIGILL: [libjvm.so+0x71d8e0], sa_mask[0]=11111111011111111101111111111110, sa_flags=SA_RESTART|SA_SIGINFO
SIGUSR1: SIG_DFL, sa_mask[0]=00000000000000000000000000000000, sa_flags=none
SIGUSR2: [libjvm.so+0x71f090], sa_mask[0]=00100000000000000000000000000000, sa_flags=SA_RESTART|SA_SIGINFO
SIGHUP: [libjvm.so+0x720590], sa_mask[0]=11111111011111111101111111111110, sa_flags=SA_RESTART|SA_SIGINFO
SIGINT: [libjvm.so+0x720590], sa_mask[0]=11111111011111111101111111111110, sa_flags=SA_RESTART|SA_SIGINFO
SIGTERM: [libjvm.so+0x720590], sa_mask[0]=11111111011111111101111111111110, sa_flags=SA_RESTART|SA_SIGINFO
SIGQUIT: [libjvm.so+0x720590], sa_mask[0]=11111111011111111101111111111110, sa_flags=SA_RESTART|SA_SIGINFO


---------------  S Y S T E M  ---------------

OS:NAME="Arch Linux"
ID=arch
PRETTY_NAME="Arch Linux"
ANSI_COLOR="0;36"
HOME_URL="https://www.archlinux.org/"
SUPPORT_URL="https://bbs.archlinux.org/"
BUG_REPORT_URL="https://bugs.archlinux.org/"


uname:Linux 3.17.2-1-ARCH #1 SMP PREEMPT Thu Oct 30 20:31:16 CET 2014 i686
libc:glibc 2.20 NPTL 2.20 
rlimit: STACK 8192k, CORE 0k, NPROC 22165, NOFILE 4096, AS infinity
load average:9.13 4.33 2.73

/proc/meminfo:
MemTotal:        2841788 kB
MemFree:          143296 kB
MemAvailable:      85604 kB
Buffers:            1140 kB
Cached:            38128 kB
SwapCached:            0 kB
Active:          2543048 kB
Inactive:          33056 kB
Active(anon):    2537536 kB
Inactive(anon):    11260 kB
Active(file):       5512 kB
Inactive(file):    21796 kB
Unevictable:          32 kB
Mlocked:              32 kB
HighTotal:       1969452 kB
HighFree:          26336 kB
LowTotal:         872336 kB
LowFree:          116960 kB
SwapTotal:             0 kB
SwapFree:              0 kB
Dirty:               140 kB
Writeback:           376 kB
AnonPages:       2536984 kB
Mapped:            29324 kB
Shmem:             11844 kB
Slab:              30688 kB
SReclaimable:      15780 kB
SUnreclaim:        14908 kB
KernelStack:        3040 kB
PageTables:         5696 kB
NFS_Unstable:          0 kB
Bounce:                0 kB
WritebackTmp:          0 kB
CommitLimit:     1420892 kB
Committed_AS:    4278720 kB
VmallocTotal:     122880 kB
VmallocUsed:       24828 kB
VmallocChunk:      48644 kB
HardwareCorrupted:     0 kB
AnonHugePages:   1335296 kB
HugePages_Total:       0
HugePages_Free:        0
HugePages_Rsvd:        0
HugePages_Surp:        0
Hugepagesize:       4096 kB
DirectMap4k:       36856 kB
DirectMap4M:      872448 kB


CPU:total 2 (2 cores per cpu, 1 threads per core) family 16 model 6 stepping 3, cmov, cx8, fxsr, mmx, sse, sse2, sse3, popcnt, mmxext, 3dnowpref, lzcnt, tsc, tscinvbit, tscinv

/proc/cpuinfo:
processor	: 0
vendor_id	: AuthenticAMD
cpu family	: 16
model		: 6
model name	: AMD Athlon(tm) II P340 Dual-Core Processor
stepping	: 3
microcode	: 0x10000c8
cpu MHz		: 2200.000
cache size	: 512 KB
physical id	: 0
siblings	: 2
core id		: 0
cpu cores	: 2
apicid		: 0
initial apicid	: 0
fdiv_bug	: no
f00f_bug	: no
coma_bug	: no
fpu		: yes
fpu_exception	: yes
cpuid level	: 5
wp		: yes
flags		: fpu vme de pse tsc msr pae mce cx8 apic sep mtrr pge mca cmov pat pse36 clflush mmx fxsr sse sse2 ht syscall nx mmxext fxsr_opt pdpe1gb rdtscp lm 3dnowext 3dnow constant_tsc rep_good nonstop_tsc extd_apicid pni monitor cx16 popcnt lahf_lm cmp_legacy svm extapic cr8_legacy abm sse4a 3dnowprefetch osvw ibs skinit wdt nodeid_msr hw_pstate npt lbrv svm_lock nrip_save
bugs		: tlb_mmatch apic_c1e fxsave_leak
bogomips	: 4390.48
clflush size	: 64
cache_alignment	: 64
address sizes	: 48 bits physical, 48 bits virtual
power management: ts ttp tm stc 100mhzsteps hwpstate

processor	: 1
vendor_id	: AuthenticAMD
cpu family	: 16
model		: 6
model name	: AMD Athlon(tm) II P340 Dual-Core Processor
stepping	: 3
microcode	: 0x10000c8
cpu MHz		: 800.000
cache size	: 512 KB
physical id	: 0
siblings	: 2
core id		: 1
cpu cores	: 2
apicid		: 1
initial apicid	: 1
fdiv_bug	: no
f00f_bug	: no
coma_bug	: no
fpu		: yes
fpu_exception	: yes
cpuid level	: 5
wp		: yes
flags		: fpu vme de pse tsc msr pae mce cx8 apic sep mtrr pge mca cmov pat pse36 clflush mmx fxsr sse sse2 ht syscall nx mmxext fxsr_opt pdpe1gb rdtscp lm 3dnowext 3dnow constant_tsc rep_good nonstop_tsc extd_apicid pni monitor cx16 popcnt lahf_lm cmp_legacy svm extapic cr8_legacy abm sse4a 3dnowprefetch osvw ibs skinit wdt nodeid_msr hw_pstate npt lbrv svm_lock nrip_save
bugs		: tlb_mmatch apic_c1e fxsave_leak
bogomips	: 4390.48
clflush size	: 64
cache_alignment	: 64
address sizes	: 48 bits physical, 48 bits virtual
power management: ts ttp tm stc 100mhzsteps hwpstate



Memory: 4k page, physical 2841788k(143296k free), swap 0k(0k free)

vm_info: Java HotSpot(TM) Server VM (25.20-b23) for linux-x86 JRE (1.8.0_20-b26), built on Jul 30 2014 13:29:53 by "java_re" with gcc 4.3.0 20080428 (Red Hat 4.3.0-8)

time: Sat Dec 20 17:26:37 2014
elapsed time: 27 seconds (0d 0h 0m 27s)

