#
# There is insufficient memory for the Java Runtime Environment to continue.
# Native memory allocation (mmap) failed to map 41156608 bytes for committing reserved memory.
# Possible reasons:
#   The system is out of physical RAM or swap space
#   In 32 bit mode, the process size limit was hit
# Possible solutions:
#   Reduce memory load on the system
#   Increase physical memory or swap space
#   Check if swap backing store is full
#   Use 64 bit Java on a 64 bit OS
#   Decrease Java heap size (-Xmx/-Xms)
#   Decrease number of Java threads
#   Decrease Java thread stack sizes (-Xss)
#   Set larger code cache with -XX:ReservedCodeCacheSize=
# This output file may be truncated or incomplete.
#
#  Out of Memory Error (os_linux.cpp:2671), pid=18802, tid=1678306112
#
# JRE version: Java(TM) SE Runtime Environment (8.0_20-b26) (build 1.8.0_20-b26)
# Java VM: Java HotSpot(TM) Server VM (25.20-b23 mixed mode linux-x86 )
# Failed to write core dump. Core dumps have been disabled. To enable core dumping, try "ulimit -c unlimited" before starting Java again
#

---------------  T H R E A D  ---------------

Current thread (0x63f11000):  VMThread [stack: 0x6400e000,0x6408f000] [id=18819]

Stack: [0x6400e000,0x6408f000],  sp=0x6408da40,  free space=510k
Native frames: (J=compiled Java code, j=interpreted, Vv=VM code, C=native code)
V  [libjvm.so+0x891489]
V  [libjvm.so+0x3751d5]
V  [libjvm.so+0x720b46]
V  [libjvm.so+0x720f68]
V  [libjvm.so+0x71a93c]
V  [libjvm.so+0x782538]
V  [libjvm.so+0x78363a]
V  [libjvm.so+0x782969]
V  [libjvm.so+0x78029b]
V  [libjvm.so+0x780a58]
V  [libjvm.so+0x7411da]
V  [libjvm.so+0x892bda]
V  [libjvm.so+0x89bd37]
V  [libjvm.so+0x899e03]
V  [libjvm.so+0x89a1a0]
V  [libjvm.so+0x89a605]
V  [libjvm.so+0x723509]
C  [libpthread.so.0+0x61a6]  start_thread+0xd6

VM_Operation (0xb67ab7a4): ParallelGCFailedAllocation, mode: safepoint, requested by thread 0xb6606800


---------------  P R O C E S S  ---------------

Java Threads: ( => current thread )
  0x63f3ac00 JavaThread "Service Thread" daemon [_thread_blocked, id=18833, stack(0x63b31000,0x63b82000)]
  0x63f37c00 JavaThread "C1 CompilerThread1" daemon [_thread_blocked, id=18832, stack(0x63b82000,0x63c03000)]
  0x63f35c00 JavaThread "C2 CompilerThread0" daemon [_thread_blocked, id=18831, stack(0x63c03000,0x63c84000)]
  0x63f34400 JavaThread "Signal Dispatcher" daemon [_thread_blocked, id=18829, stack(0x63c84000,0x63cd5000)]
  0x63f16800 JavaThread "Finalizer" daemon [_thread_blocked, id=18822, stack(0x63e5e000,0x63eaf000)]
  0x63f15000 JavaThread "Reference Handler" daemon [_thread_blocked, id=18821, stack(0x63eaf000,0x63f00000)]
  0xb6606800 JavaThread "main" [_thread_blocked, id=18813, stack(0xb675c000,0xb67ad000)]

Other Threads:
=>0x63f11000 VMThread [stack: 0x6400e000,0x6408f000] [id=18819]
  0x63f3c400 WatcherThread [stack: 0x63ab0000,0x63b31000] [id=18834]

VM state:at safepoint (normal execution)

VM Mutex/Monitor currently owned by a thread:  ([mutex/lock_event])
[0xb6604b60] Threads_lock - owner thread: 0x63f11000
[0xb6604f70] Heap_lock - owner thread: 0xb6606800

Heap:
 PSYoungGen      total 120320K, used 55537K [0x91cc0000, 0x9d580000, 0xa7200000)
  eden space 64768K, 0% used [0x91cc0000,0x91cc0000,0x95c00000)
  from space 55552K, 99% used [0x95c00000,0x9923c628,0x99240000)
  to   space 42752K, 0% used [0x99240000,0x99240000,0x9bc00000)
 ParOldGen       total 97280K, used 82716K [0x67200000, 0x6d100000, 0x91cc0000)
  object space 97280K, 85% used [0x67200000,0x6c2c7098,0x6d100000)
 Metaspace       used 3464K, capacity 3580K, committed 3608K, reserved 4400K

Card table byte_map: [0x66fff000,0x67200000] byte_map_base: 0x66cc6000

Marking Bits: (ParMarkBitMap*) 0xb71b0380
 Begin Bits: [0x64b00000, 0x65b00000)
 End Bits:   [0x65b00000, 0x66b00000)

Polling page: 0xb77c7000

CodeCache: size=245760Kb used=6070Kb max_used=6070Kb free=239689Kb
 bounds [0xa7600000, 0xa7bf8000, 0xb6600000]
 total_blobs=1770 nmethods=1615 adapters=70
 compilation: enabled

Compilation events (10 events):
Event: 16.517 Thread 0x63f35c00 nmethod 1675 0xa7bcb348 code [0xa7bcb440, 0xa7bcb5b0]
Event: 16.534 Thread 0x63f37c00 1726   !   3       com.android.dx.cf.code.BytecodeArray::parseInstruction (2764 bytes)
Event: 16.568 Thread 0x63f37c00 nmethod 1726 0xa7bcfc08 code [0xa7bd1480, 0xa7bded2c]
Event: 16.783 Thread 0x63f35c00 1727       4       com.android.dx.cf.code.BaseMachine::popArgs (62 bytes)
Event: 16.805 Thread 0x63f35c00 nmethod 1727 0xa7bbf148 code [0xa7bbf2a0, 0xa7bbf73c]
Event: 16.810 Thread 0x63f35c00 1728   !   4       com.android.dx.cf.code.Ropper::processBlock (1101 bytes)
Event: 16.985 Thread 0x63f37c00 1730       3       com.android.dx.cf.code.Ropper::addExceptionSetupBlocks (203 bytes)
Event: 16.988 Thread 0x63f37c00 nmethod 1730 0xa7bf13c8 code [0xa7bf17c0, 0xa7bf3444]
Event: 16.988 Thread 0x63f37c00 1732       3       com.android.dx.cf.code.Ropper::getRopMethod (64 bytes)
Event: 16.989 Thread 0x63f37c00 nmethod 1732 0xa7bba648 code [0xa7bba860, 0xa7bbb2c8]

GC Heap History (10 events):
Event: 8.314 GC heap after
Heap after GC invocations=11 (full 2):
 PSYoungGen      total 64768K, used 21243K [0x91cc0000, 0x9a040000, 0xa7200000)
  eden space 43520K, 0% used [0x91cc0000,0x91cc0000,0x94740000)
  from space 21248K, 99% used [0x94740000,0x95bfec60,0x95c00000)
  to   space 37888K, 0% used [0x97b40000,0x97b40000,0x9a040000)
 ParOldGen       total 74752K, used 72000K [0x67200000, 0x6bb00000, 0x91cc0000)
  object space 74752K, 96% used [0x67200000,0x6b8500f8,0x6bb00000)
 Metaspace       used 3376K, capacity 3516K, committed 3608K, reserved 4400K
}
Event: 8.314 GC heap before
{Heap before GC invocations=12 (full 3):
 PSYoungGen      total 64768K, used 21243K [0x91cc0000, 0x9a040000, 0xa7200000)
  eden space 43520K, 0% used [0x91cc0000,0x91cc0000,0x94740000)
  from space 21248K, 99% used [0x94740000,0x95bfec60,0x95c00000)
  to   space 37888K, 0% used [0x97b40000,0x97b40000,0x9a040000)
 ParOldGen       total 74752K, used 72000K [0x67200000, 0x6bb00000, 0x91cc0000)
  object space 74752K, 96% used [0x67200000,0x6b8500f8,0x6bb00000)
 Metaspace       used 3376K, capacity 3516K, committed 3608K, reserved 4400K
Event: 8.645 GC heap after
Heap after GC invocations=12 (full 3):
 PSYoungGen      total 64768K, used 0K [0x91cc0000, 0x9a040000, 0xa7200000)
  eden space 43520K, 0% used [0x91cc0000,0x91cc0000,0x94740000)
  from space 21248K, 0% used [0x94740000,0x94740000,0x95c00000)
  to   space 37888K, 0% used [0x97b40000,0x97b40000,0x9a040000)
 ParOldGen       total 97280K, used 45615K [0x67200000, 0x6d100000, 0x91cc0000)
  object space 97280K, 46% used [0x67200000,0x69e8bf08,0x6d100000)
 Metaspace       used 3376K, capacity 3516K, committed 3608K, reserved 4400K
}
Event: 9.217 GC heap before
{Heap before GC invocations=13 (full 3):
 PSYoungGen      total 64768K, used 43520K [0x91cc0000, 0x9a040000, 0xa7200000)
  eden space 43520K, 100% used [0x91cc0000,0x94740000,0x94740000)
  from space 21248K, 0% used [0x94740000,0x94740000,0x95c00000)
  to   space 37888K, 0% used [0x97b40000,0x97b40000,0x9a040000)
 ParOldGen       total 97280K, used 45615K [0x67200000, 0x6d100000, 0x91cc0000)
  object space 97280K, 46% used [0x67200000,0x69e8bf08,0x6d100000)
 Metaspace       used 3379K, capacity 3516K, committed 3608K, reserved 4400K
Event: 9.292 GC heap after
Heap after GC invocations=13 (full 3):
 PSYoungGen      total 95232K, used 7137K [0x91cc0000, 0x99ec0000, 0xa7200000)
  eden space 58880K, 0% used [0x91cc0000,0x91cc0000,0x95640000)
  from space 36352K, 19% used [0x97b40000,0x982387d8,0x99ec0000)
  to   space 37120K, 0% used [0x95640000,0x95640000,0x97a80000)
 ParOldGen       total 97280K, used 45615K [0x67200000, 0x6d100000, 0x91cc0000)
  object space 97280K, 46% used [0x67200000,0x69e8bf08,0x6d100000)
 Metaspace       used 3379K, capacity 3516K, committed 3608K, reserved 4400K
}
Event: 13.596 GC heap before
{Heap before GC invocations=14 (full 3):
 PSYoungGen      total 95232K, used 66017K [0x91cc0000, 0x99ec0000, 0xa7200000)
  eden space 58880K, 100% used [0x91cc0000,0x95640000,0x95640000)
  from space 36352K, 19% used [0x97b40000,0x982387d8,0x99ec0000)
  to   space 37120K, 0% used [0x95640000,0x95640000,0x97a80000)
 ParOldGen       total 97280K, used 45615K [0x67200000, 0x6d100000, 0x91cc0000)
  object space 97280K, 46% used [0x67200000,0x69e8bf08,0x6d100000)
 Metaspace       used 3447K, capacity 3580K, committed 3608K, reserved 4400K
Event: 13.686 GC heap after
Heap after GC invocations=14 (full 3):
 PSYoungGen      total 96000K, used 35766K [0x91cc0000, 0x9bc00000, 0xa7200000)
  eden space 58880K, 0% used [0x91cc0000,0x91cc0000,0x95640000)
  from space 37120K, 96% used [0x95640000,0x9792d800,0x97a80000)
  to   space 42752K, 0% used [0x99240000,0x99240000,0x9bc00000)
 ParOldGen       total 97280K, used 45619K [0x67200000, 0x6d100000, 0x91cc0000)
  object space 97280K, 46% used [0x67200000,0x69e8cf08,0x6d100000)
 Metaspace       used 3447K, capacity 3580K, committed 3608K, reserved 4400K
}
Event: 14.162 GC heap before
{Heap before GC invocations=15 (full 3):
 PSYoungGen      total 96000K, used 94646K [0x91cc0000, 0x9bc00000, 0xa7200000)
  eden space 58880K, 100% used [0x91cc0000,0x95640000,0x95640000)
  from space 37120K, 96% used [0x95640000,0x9792d800,0x97a80000)
  to   space 42752K, 0% used [0x99240000,0x99240000,0x9bc00000)
 ParOldGen       total 97280K, used 45619K [0x67200000, 0x6d100000, 0x91cc0000)
  object space 97280K, 46% used [0x67200000,0x69e8cf08,0x6d100000)
 Metaspace       used 3449K, capacity 3580K, committed 3608K, reserved 4400K
Event: 14.307 GC heap after
Heap after GC invocations=15 (full 3):
 PSYoungGen      total 107520K, used 42744K [0x91cc0000, 0x9d580000, 0xa7200000)
  eden space 64768K, 0% used [0x91cc0000,0x91cc0000,0x95c00000)
  from space 42752K, 99% used [0x99240000,0x9bbfe0b8,0x9bc00000)
  to   space 55552K, 0% used [0x95c00000,0x95c00000,0x99240000)
 ParOldGen       total 97280K, used 61243K [0x67200000, 0x6d100000, 0x91cc0000)
  object space 97280K, 62% used [0x67200000,0x6adcecb8,0x6d100000)
 Metaspace       used 3449K, capacity 3580K, committed 3608K, reserved 4400K
}
Event: 17.006 GC heap before
{Heap before GC invocations=16 (full 3):
 PSYoungGen      total 107520K, used 107512K [0x91cc0000, 0x9d580000, 0xa7200000)
  eden space 64768K, 100% used [0x91cc0000,0x95c00000,0x95c00000)
  from space 42752K, 99% used [0x99240000,0x9bbfe0b8,0x9bc00000)
  to   space 55552K, 0% used [0x95c00000,0x95c00000,0x99240000)
 ParOldGen       total 97280K, used 61243K [0x67200000, 0x6d100000, 0x91cc0000)
  object space 97280K, 62% used [0x67200000,0x6adcecb8,0x6d100000)
 Metaspace       used 3464K, capacity 3580K, committed 3608K, reserved 4400K

Deoptimization events (10 events):
Event: 5.676 Thread 0xb6606800 Uncommon trap: reason=bimorphic action=maybe_recompile pc=0xa783560c method=com.android.dx.rop.code.RegisterSpec.getType()Lcom/android/dx/rop/type/Type; @ 4
Event: 5.676 Thread 0xb6606800 Uncommon trap: reason=bimorphic action=maybe_recompile pc=0xa783560c method=com.android.dx.rop.code.RegisterSpec.getType()Lcom/android/dx/rop/type/Type; @ 4
Event: 5.759 Thread 0xb6606800 Uncommon trap: reason=unreached action=reinterpret pc=0xa7861d5c method=com.android.dx.util.LabeledList.set(ILcom/android/dx/util/LabeledItem;)V @ 16
Event: 5.811 Thread 0xb6606800 Uncommon trap: reason=bimorphic action=maybe_recompile pc=0xa789ed5c method=com.android.dx.rop.code.RegisterSpec.equals(ILcom/android/dx/rop/type/TypeBearer;Lcom/android/dx/rop/code/LocalItem;)Z @ 13
Event: 9.629 Thread 0xb6606800 Uncommon trap: reason=unreached action=reinterpret pc=0xa7a56de8 method=com.android.dx.cf.code.BasicBlocker.visitConstant(IIILcom/android/dx/rop/cst/Constant;I)V @ 20
Event: 9.763 Thread 0xb6606800 Uncommon trap: reason=class_check action=maybe_recompile pc=0xa7a7d294 method=com.android.dx.ssa.NormalSsaInsn.accept(Lcom/android/dx/ssa/SsaInsn$Visitor;)V @ 9
Event: 9.768 Thread 0xb6606800 Uncommon trap: reason=class_check action=maybe_recompile pc=0xa7a7d294 method=com.android.dx.ssa.NormalSsaInsn.accept(Lcom/android/dx/ssa/SsaInsn$Visitor;)V @ 9
Event: 9.770 Thread 0xb6606800 Uncommon trap: reason=class_check action=maybe_recompile pc=0xa7a7d294 method=com.android.dx.ssa.NormalSsaInsn.accept(Lcom/android/dx/ssa/SsaInsn$Visitor;)V @ 9
Event: 9.775 Thread 0xb6606800 Uncommon trap: reason=class_check action=maybe_recompile pc=0xa7a7d294 method=com.android.dx.ssa.NormalSsaInsn.accept(Lcom/android/dx/ssa/SsaInsn$Visitor;)V @ 9
Event: 9.798 Thread 0xb6606800 Uncommon trap: reason=unreached action=reinterpret pc=0xa7a261ac method=com.android.dx.cf.code.Ropper.processBlock(Lcom/android/dx/cf/code/ByteBlock;Lcom/android/dx/cf/code/Frame;[I)V @ 963

Internal exceptions (10 events):
Event: 5.588 Thread 0xb6606800 Exception <a 'java/security/PrivilegedActionException'> (0x91e87008) thrown at [/HUDSON/workspace/8-2-build-linux-i586/jdk8u20/1074/hotspot/src/share/vm/prims/jvm.cpp, line 1275]
Event: 5.589 Thread 0xb6606800 Exception <a 'java/security/PrivilegedActionException'> (0x91e89cf0) thrown at [/HUDSON/workspace/8-2-build-linux-i586/jdk8u20/1074/hotspot/src/share/vm/prims/jvm.cpp, line 1275]
Event: 5.590 Thread 0xb6606800 Exception <a 'java/security/PrivilegedActionException'> (0x91e8d2b8) thrown at [/HUDSON/workspace/8-2-build-linux-i586/jdk8u20/1074/hotspot/src/share/vm/prims/jvm.cpp, line 1275]
Event: 5.590 Thread 0xb6606800 Exception <a 'java/security/PrivilegedActionException'> (0x91e8f378) thrown at [/HUDSON/workspace/8-2-build-linux-i586/jdk8u20/1074/hotspot/src/share/vm/prims/jvm.cpp, line 1275]
Event: 5.596 Thread 0xb6606800 Exception <a 'java/security/PrivilegedActionException'> (0x91e98760) thrown at [/HUDSON/workspace/8-2-build-linux-i586/jdk8u20/1074/hotspot/src/share/vm/prims/jvm.cpp, line 1275]
Event: 5.721 Thread 0xb6606800 Exception <a 'java/security/PrivilegedActionException'> (0x920e3648) thrown at [/HUDSON/workspace/8-2-build-linux-i586/jdk8u20/1074/hotspot/src/share/vm/prims/jvm.cpp, line 1275]
Event: 5.744 Thread 0xb6606800 Exception <a 'java/security/PrivilegedActionException'> (0x92138bc0) thrown at [/HUDSON/workspace/8-2-build-linux-i586/jdk8u20/1074/hotspot/src/share/vm/prims/jvm.cpp, line 1275]
Event: 9.636 Thread 0xb6606800 Exception <a 'java/security/PrivilegedActionException'> (0x9302add0) thrown at [/HUDSON/workspace/8-2-build-linux-i586/jdk8u20/1074/hotspot/src/share/vm/prims/jvm.cpp, line 1275]
Event: 9.718 Thread 0xb6606800 Exception <a 'java/security/PrivilegedActionException'> (0x932afd38) thrown at [/HUDSON/workspace/8-2-build-linux-i586/jdk8u20/1074/hotspot/src/share/vm/prims/jvm.cpp, line 1275]
Event: 9.720 Thread 0xb6606800 Exception <a 'java/security/PrivilegedActionException'> (0x932b5568) thrown at [/HUDSON/workspace/8-2-build-linux-i586/jdk8u20/1074/hotspot/src/share/vm/prims/jvm.cpp, line 1275]

Events (10 events):
Event: 14.579 Thread 0xb6606800 DEOPT UNPACKING pc=0xa763c310 sp=0xb67ab90c mode 0
Event: 14.639 Thread 0xb6606800 DEOPT PACKING pc=0xa7abbdf8 sp=0xb67ab960
Event: 14.639 Thread 0xb6606800 DEOPT UNPACKING pc=0xa763c310 sp=0xb67ab81c mode 0
Event: 14.650 Thread 0xb6606800 DEOPT PACKING pc=0xa7acf2ac sp=0xb67ab970
Event: 14.650 Thread 0xb6606800 DEOPT UNPACKING pc=0xa763c310 sp=0xb67ab84c mode 0
Event: 16.985 Thread 0xb6606800 DEOPT PACKING pc=0xa7ac2734 sp=0xb67ab960
Event: 16.985 Thread 0xb6606800 DEOPT UNPACKING pc=0xa763c310 sp=0xb67ab854 mode 0
Event: 16.987 Thread 0xb6606800 DEOPT PACKING pc=0xa7ae8b5e sp=0xb67aba00
Event: 16.987 Thread 0xb6606800 DEOPT UNPACKING pc=0xa763c310 sp=0xb67ab8d4 mode 0
Event: 17.006 Executing VM operation: ParallelGCFailedAllocation


Dynamic libraries:
08048000-08049000 r-xp 00000000 08:02 663210     /opt/java/bin/java
08049000-0804a000 rw-p 00000000 08:02 663210     /opt/java/bin/java
097a8000-09ee6000 rw-p 00000000 00:00 0          [heap]
63500000-63556000 rw-p 00000000 00:00 0 
63556000-63600000 ---p 00000000 00:00 0 
63700000-637f9000 rw-p 00000000 00:00 0 
637f9000-63800000 ---p 00000000 00:00 0 
63800000-638f9000 rw-p 00000000 00:00 0 
638f9000-63900000 ---p 00000000 00:00 0 
63900000-639fb000 rw-p 00000000 00:00 0 
639fb000-63a00000 ---p 00000000 00:00 0 
63a5a000-63ab0000 r--s 00303000 08:03 3805302    /home/mjt/AndroidStudioProjects/phonethings/app/build/intermediates/exploded-aar/com.google.android.gms/play-services/6.5.87/classes.jar
63ab0000-63ab1000 ---p 00000000 00:00 0 
63ab1000-63b31000 rw-p 00000000 00:00 0          [stack:18834]
63b31000-63b34000 ---p 00000000 00:00 0 
63b34000-63b82000 rw-p 00000000 00:00 0          [stack:18833]
63b82000-63b85000 ---p 00000000 00:00 0 
63b85000-63c03000 rw-p 00000000 00:00 0          [stack:18832]
63c03000-63c06000 ---p 00000000 00:00 0 
63c06000-63c84000 rw-p 00000000 00:00 0          [stack:18831]
63c84000-63c87000 ---p 00000000 00:00 0 
63c87000-63cd5000 rw-p 00000000 00:00 0          [stack:18829]
63cd5000-63e5e000 r--p 00000000 08:02 527857     /usr/lib/locale/locale-archive
63e5e000-63e61000 ---p 00000000 00:00 0 
63e61000-63eaf000 rw-p 00000000 00:00 0          [stack:18822]
63eaf000-63eb2000 ---p 00000000 00:00 0 
63eb2000-63f00000 rw-p 00000000 00:00 0          [stack:18821]
63f00000-64000000 rw-p 00000000 00:00 0 
6400e000-6400f000 ---p 00000000 00:00 0 
6400f000-640de000 rw-p 00000000 00:00 0          [stack:18819]
640de000-642b4000 r--s 03ca8000 08:02 682527     /opt/java/jre/lib/rt.jar
642b4000-6463a000 rw-p 00000000 00:00 0 
6463a000-64700000 ---p 00000000 00:00 0 
64700000-66b00000 rw-p 00000000 00:00 0 
66b00000-66bfe000 rw-p 00000000 00:00 0 
66bfe000-66c00000 ---p 00000000 00:00 0 
66c24000-66c7f000 rw-p 00000000 00:00 0 
66c7f000-66c80000 ---p 00000000 00:00 0 
66c80000-66d00000 rw-p 00000000 00:00 0          [stack:18817]
66d00000-66d21000 rw-p 00000000 00:00 0 
66d21000-66e00000 ---p 00000000 00:00 0 
66e28000-66e29000 ---p 00000000 00:00 0 
66e29000-66ed9000 rw-p 00000000 00:00 0          [stack:18816]
66ed9000-66fff000 ---p 00000000 00:00 0 
66fff000-6702f000 rw-p 00000000 00:00 0 
6702f000-67154000 ---p 00000000 00:00 0 
67154000-671b1000 rw-p 00000000 00:00 0 
671b1000-671ff000 ---p 00000000 00:00 0 
671ff000-6d100000 rw-p 00000000 00:00 0 
6d100000-91cc0000 ---p 00000000 00:00 0 
91cc0000-9d580000 rw-p 00000000 00:00 0 
9fcc0000-a7200000 ---p 00000000 00:00 0 
a721a000-a7228000 r--s 000b4000 08:02 816326     /opt/android-sdk/build-tools/20.0.0/lib/dx.jar
a7228000-a7258000 rw-p 00000000 00:00 0 
a7258000-a7600000 ---p 00000000 00:00 0 
a7600000-a7bf8000 rwxp 00000000 00:00 0 
a7bf8000-b6600000 ---p 00000000 00:00 0 
b6600000-b66f5000 rw-p 00000000 00:00 0 
b66f5000-b6700000 ---p 00000000 00:00 0 
b670c000-b6725000 r-xp 00000000 08:02 682788     /opt/java/jre/lib/i386/libzip.so
b6725000-b6726000 rw-p 00018000 08:02 682788     /opt/java/jre/lib/i386/libzip.so
b6726000-b672e000 rw-s 00000000 00:1d 4573791    /tmp/hsperfdata_mjt/18802
b672e000-b6752000 r-xp 00000000 08:02 682806     /opt/java/jre/lib/i386/libjava.so
b6752000-b6753000 rw-p 00023000 08:02 682806     /opt/java/jre/lib/i386/libjava.so
b6753000-b675a000 r-xp 00000000 08:02 527470     /usr/lib/librt-2.20.so
b675a000-b675b000 r--p 00007000 08:02 527470     /usr/lib/librt-2.20.so
b675b000-b675c000 rw-p 00008000 08:02 527470     /usr/lib/librt-2.20.so
b675c000-b675f000 ---p 00000000 00:00 0 
b675f000-b67ad000 rw-p 00000000 00:00 0          [stack:18813]
b67ad000-b67f8000 r-xp 00000000 08:02 527458     /usr/lib/libm-2.20.so
b67f8000-b67f9000 r--p 0004a000 08:02 527458     /usr/lib/libm-2.20.so
b67f9000-b67fa000 rw-p 0004b000 08:02 527458     /usr/lib/libm-2.20.so
b67fa000-b7134000 r-xp 00000000 08:02 682826     /opt/java/jre/lib/i386/server/libjvm.so
b7134000-b71a0000 rw-p 00939000 08:02 682826     /opt/java/jre/lib/i386/server/libjvm.so
b71a0000-b75c6000 rw-p 00000000 00:00 0 
b75c6000-b7777000 r-xp 00000000 08:02 527459     /usr/lib/libc-2.20.so
b7777000-b777a000 r--p 001b0000 08:02 527459     /usr/lib/libc-2.20.so
b777a000-b777c000 rw-p 001b3000 08:02 527459     /usr/lib/libc-2.20.so
b777c000-b777e000 rw-p 00000000 00:00 0 
b777e000-b7781000 r-xp 00000000 08:02 527433     /usr/lib/libdl-2.20.so
b7781000-b7782000 r--p 00002000 08:02 527433     /usr/lib/libdl-2.20.so
b7782000-b7783000 rw-p 00003000 08:02 527433     /usr/lib/libdl-2.20.so
b7783000-b7797000 r-xp 00000000 08:02 682962     /opt/java/lib/i386/jli/libjli.so
b7797000-b7798000 rw-p 00013000 08:02 682962     /opt/java/lib/i386/jli/libjli.so
b7798000-b77b0000 r-xp 00000000 08:02 527440     /usr/lib/libpthread-2.20.so
b77b0000-b77b1000 r--p 00017000 08:02 527440     /usr/lib/libpthread-2.20.so
b77b1000-b77b2000 rw-p 00018000 08:02 527440     /usr/lib/libpthread-2.20.so
b77b2000-b77b4000 rw-p 00000000 00:00 0 
b77b6000-b77b8000 rw-p 00000000 00:00 0 
b77b8000-b77c4000 r-xp 00000000 08:02 527435     /usr/lib/libnss_files-2.20.so
b77c4000-b77c5000 r--p 0000b000 08:02 527435     /usr/lib/libnss_files-2.20.so
b77c5000-b77c6000 rw-p 0000c000 08:02 527435     /usr/lib/libnss_files-2.20.so
b77c6000-b77c7000 rw-p 00000000 00:00 0 
b77c7000-b77c8000 ---p 00000000 00:00 0 
b77c8000-b77d3000 r-xp 00000000 08:02 682800     /opt/java/jre/lib/i386/libverify.so
b77d3000-b77d4000 rw-p 0000b000 08:02 682800     /opt/java/jre/lib/i386/libverify.so
b77d4000-b77d6000 r--p 00000000 00:00 0          [vvar]
b77d6000-b77d8000 r-xp 00000000 00:00 0          [vdso]
b77d8000-b77f9000 r-xp 00000000 08:02 527437     /usr/lib/ld-2.20.so
b77f9000-b77fa000 rw-p 00000000 00:00 0 
b77fa000-b77fb000 r--p 00021000 08:02 527437     /usr/lib/ld-2.20.so
b77fb000-b77fc000 rw-p 00022000 08:02 527437     /usr/lib/ld-2.20.so
bfd1d000-bfd1e000 rwxp 00000000 00:00 0 
bfd50000-bfd71000 rw-p 00000000 00:00 0          [stack]

VM Arguments:
jvm_args: -Xmx1024M 
java_command: /opt/android-sdk/build-tools/20.0.0/lib/dx.jar --dex --output /home/mjt/AndroidStudioProjects/phonethings/app/build/intermediates/pre-dexed/debug/classes-b72443867d500556c692547f242202d7775fea63.jar /home/mjt/AndroidStudioProjects/phonethings/app/build/intermediates/exploded-aar/com.google.android.gms/play-services/6.5.87/classes.jar
java_class_path (initial): /opt/android-sdk/build-tools/20.0.0/lib/dx.jar
Launcher Type: SUN_STANDARD

Environment Variables:
JAVA_HOME=/opt/java
CLASSPATH=/opt/android-studio/bin/../lib/bootstrap.jar:/opt/android-studio/bin/../lib/extensions.jar:/opt/android-studio/bin/../lib/util.jar:/opt/android-studio/bin/../lib/jdom.jar:/opt/android-studio/bin/../lib/log4j.jar:/opt/android-studio/bin/../lib/trove4j.jar:/opt/android-studio/bin/../lib/jna.jar:/opt/java/lib/tools.jar
PATH=/usr/local/sbin:/usr/local/bin:/usr/bin:/opt/android-sdk/platform-tools:/opt/android-sdk/tools:/opt/java/bin:/opt/java/db/bin:/opt/java/jre/bin:/usr/bin/site_perl:/usr/bin/vendor_perl:/usr/bin/core_perl
LD_LIBRARY_PATH=/opt/android-studio/bin:
SHELL=/bin/bash
DISPLAY=:0.0

Signal Handlers:
SIGSEGV: [libjvm.so+0x891f70], sa_mask[0]=11111111011111111101111111111110, sa_flags=SA_RESTART|SA_SIGINFO
SIGBUS: [libjvm.so+0x891f70], sa_mask[0]=11111111011111111101111111111110, sa_flags=SA_RESTART|SA_SIGINFO
SIGFPE: [libjvm.so+0x71d8e0], sa_mask[0]=11111111011111111101111111111110, sa_flags=SA_RESTART|SA_SIGINFO
SIGPIPE: [libjvm.so+0x71d8e0], sa_mask[0]=11111111011111111101111111111110, sa_flags=SA_RESTART|SA_SIGINFO
SIGXFSZ: [libjvm.so+0x71d8e0], sa_mask[0]=11111111011111111101111111111110, sa_flags=SA_RESTART|SA_SIGINFO
SIGILL: [libjvm.so+0x71d8e0], sa_mask[0]=11111111011111111101111111111110, sa_flags=SA_RESTART|SA_SIGINFO
SIGUSR1: SIG_DFL, sa_mask[0]=00000000000000000000000000000000, sa_flags=none
SIGUSR2: [libjvm.so+0x71f090], sa_mask[0]=00100000000000000000000000000000, sa_flags=SA_RESTART|SA_SIGINFO
SIGHUP: [libjvm.so+0x720590], sa_mask[0]=11111111011111111101111111111110, sa_flags=SA_RESTART|SA_SIGINFO
SIGINT: [libjvm.so+0x720590], sa_mask[0]=11111111011111111101111111111110, sa_flags=SA_RESTART|SA_SIGINFO
SIGTERM: [libjvm.so+0x720590], sa_mask[0]=11111111011111111101111111111110, sa_flags=SA_RESTART|SA_SIGINFO
SIGQUIT: [libjvm.so+0x720590], sa_mask[0]=11111111011111111101111111111110, sa_flags=SA_RESTART|SA_SIGINFO


---------------  S Y S T E M  ---------------

OS:NAME="Arch Linux"
ID=arch
PRETTY_NAME="Arch Linux"
ANSI_COLOR="0;36"
HOME_URL="https://www.archlinux.org/"
SUPPORT_URL="https://bbs.archlinux.org/"
BUG_REPORT_URL="https://bugs.archlinux.org/"


uname:Linux 3.17.2-1-ARCH #1 SMP PREEMPT Thu Oct 30 20:31:16 CET 2014 i686
libc:glibc 2.20 NPTL 2.20 
rlimit: STACK 8192k, CORE 0k, NPROC 22165, NOFILE 4096, AS infinity
load average:4.12 3.02 2.34

/proc/meminfo:
MemTotal:        2841788 kB
MemFree:          169200 kB
MemAvailable:     120984 kB
Buffers:             840 kB
Cached:            57104 kB
SwapCached:            0 kB
Active:          2530832 kB
Inactive:          36332 kB
Active(anon):    2510268 kB
Inactive(anon):    12824 kB
Active(file):      20564 kB
Inactive(file):    23508 kB
Unevictable:         164 kB
Mlocked:             164 kB
HighTotal:       1969452 kB
HighFree:          42796 kB
LowTotal:         872336 kB
LowFree:          126404 kB
SwapTotal:             0 kB
SwapFree:              0 kB
Dirty:               184 kB
Writeback:             0 kB
AnonPages:       2509704 kB
Mapped:            51136 kB
Shmem:             13552 kB
Slab:              31372 kB
SReclaimable:      17976 kB
SUnreclaim:        13396 kB
KernelStack:        3064 kB
PageTables:         5860 kB
NFS_Unstable:          0 kB
Bounce:                0 kB
WritebackTmp:          0 kB
CommitLimit:     1420892 kB
Committed_AS:    4338220 kB
VmallocTotal:     122880 kB
VmallocUsed:       24828 kB
VmallocChunk:      48644 kB
HardwareCorrupted:     0 kB
AnonHugePages:    901120 kB
HugePages_Total:       0
HugePages_Free:        0
HugePages_Rsvd:        0
HugePages_Surp:        0
Hugepagesize:       4096 kB
DirectMap4k:       36856 kB
DirectMap4M:      872448 kB


CPU:total 2 (2 cores per cpu, 1 threads per core) family 16 model 6 stepping 3, cmov, cx8, fxsr, mmx, sse, sse2, sse3, popcnt, mmxext, 3dnowpref, lzcnt, tsc, tscinvbit, tscinv

/proc/cpuinfo:
processor	: 0
vendor_id	: AuthenticAMD
cpu family	: 16
model		: 6
model name	: AMD Athlon(tm) II P340 Dual-Core Processor
stepping	: 3
microcode	: 0x10000c8
cpu MHz		: 1600.000
cache size	: 512 KB
physical id	: 0
siblings	: 2
core id		: 0
cpu cores	: 2
apicid		: 0
initial apicid	: 0
fdiv_bug	: no
f00f_bug	: no
coma_bug	: no
fpu		: yes
fpu_exception	: yes
cpuid level	: 5
wp		: yes
flags		: fpu vme de pse tsc msr pae mce cx8 apic sep mtrr pge mca cmov pat pse36 clflush mmx fxsr sse sse2 ht syscall nx mmxext fxsr_opt pdpe1gb rdtscp lm 3dnowext 3dnow constant_tsc rep_good nonstop_tsc extd_apicid pni monitor cx16 popcnt lahf_lm cmp_legacy svm extapic cr8_legacy abm sse4a 3dnowprefetch osvw ibs skinit wdt nodeid_msr hw_pstate npt lbrv svm_lock nrip_save
bugs		: tlb_mmatch apic_c1e fxsave_leak
bogomips	: 4390.48
clflush size	: 64
cache_alignment	: 64
address sizes	: 48 bits physical, 48 bits virtual
power management: ts ttp tm stc 100mhzsteps hwpstate

processor	: 1
vendor_id	: AuthenticAMD
cpu family	: 16
model		: 6
model name	: AMD Athlon(tm) II P340 Dual-Core Processor
stepping	: 3
microcode	: 0x10000c8
cpu MHz		: 800.000
cache size	: 512 KB
physical id	: 0
siblings	: 2
core id		: 1
cpu cores	: 2
apicid		: 1
initial apicid	: 1
fdiv_bug	: no
f00f_bug	: no
coma_bug	: no
fpu		: yes
fpu_exception	: yes
cpuid level	: 5
wp		: yes
flags		: fpu vme de pse tsc msr pae mce cx8 apic sep mtrr pge mca cmov pat pse36 clflush mmx fxsr sse sse2 ht syscall nx mmxext fxsr_opt pdpe1gb rdtscp lm 3dnowext 3dnow constant_tsc rep_good nonstop_tsc extd_apicid pni monitor cx16 popcnt lahf_lm cmp_legacy svm extapic cr8_legacy abm sse4a 3dnowprefetch osvw ibs skinit wdt nodeid_msr hw_pstate npt lbrv svm_lock nrip_save
bugs		: tlb_mmatch apic_c1e fxsave_leak
bogomips	: 4390.48
clflush size	: 64
cache_alignment	: 64
address sizes	: 48 bits physical, 48 bits virtual
power management: ts ttp tm stc 100mhzsteps hwpstate



Memory: 4k page, physical 2841788k(169200k free), swap 0k(0k free)

vm_info: Java HotSpot(TM) Server VM (25.20-b23) for linux-x86 JRE (1.8.0_20-b26), built on Jul 30 2014 13:29:53 by "java_re" with gcc 4.3.0 20080428 (Red Hat 4.3.0-8)

time: Sat Dec 20 15:11:12 2014
elapsed time: 18 seconds (0d 0h 0m 18s)

