#
# There is insufficient memory for the Java Runtime Environment to continue.
# Native memory allocation (mmap) failed to map 72613888 bytes for committing reserved memory.
# Possible reasons:
#   The system is out of physical RAM or swap space
#   In 32 bit mode, the process size limit was hit
# Possible solutions:
#   Reduce memory load on the system
#   Increase physical memory or swap space
#   Check if swap backing store is full
#   Use 64 bit Java on a 64 bit OS
#   Decrease Java heap size (-Xmx/-Xms)
#   Decrease number of Java threads
#   Decrease Java thread stack sizes (-Xss)
#   Set larger code cache with -XX:ReservedCodeCacheSize=
# This output file may be truncated or incomplete.
#
#  Out of Memory Error (os_linux.cpp:2671), pid=32036, tid=1722485568
#
# JRE version: Java(TM) SE Runtime Environment (8.0_20-b26) (build 1.8.0_20-b26)
# Java VM: Java HotSpot(TM) Server VM (25.20-b23 mixed mode linux-x86 )
# Failed to write core dump. Core dumps have been disabled. To enable core dumping, try "ulimit -c unlimited" before starting Java again
#

---------------  T H R E A D  ---------------

Current thread (0x63d11000):  VMThread [stack: 0x66a30000,0x66ab1000] [id=32047]

Stack: [0x66a30000,0x66ab1000],  sp=0x66aaf7a0,  free space=509k
Native frames: (J=compiled Java code, j=interpreted, Vv=VM code, C=native code)
V  [libjvm.so+0x891489]
V  [libjvm.so+0x3751d5]
V  [libjvm.so+0x720b46]
V  [libjvm.so+0x720f68]
V  [libjvm.so+0x71a93c]
V  [libjvm.so+0x782538]
V  [libjvm.so+0x775991]
V  [libjvm.so+0x775a5f]
V  [libjvm.so+0x77c484]
V  [libjvm.so+0x780b9d]
V  [libjvm.so+0x7411da]
V  [libjvm.so+0x892bda]
V  [libjvm.so+0x89bd37]
V  [libjvm.so+0x899e03]
V  [libjvm.so+0x89a1a0]
V  [libjvm.so+0x89a605]
V  [libjvm.so+0x723509]
C  [libpthread.so.0+0x61a6]  start_thread+0xd6

VM_Operation (0xb66baa90): ParallelGCFailedAllocation, mode: safepoint, requested by thread 0xb6506800


---------------  P R O C E S S  ---------------

Java Threads: ( => current thread )
  0x63d3ac00 JavaThread "Service Thread" daemon [_thread_blocked, id=32053, stack(0x639d3000,0x63a24000)]
  0x63d37c00 JavaThread "C1 CompilerThread1" daemon [_thread_blocked, id=32052, stack(0x63a24000,0x63aa5000)]
  0x63d35c00 JavaThread "C2 CompilerThread0" daemon [_thread_blocked, id=32051, stack(0x63aa5000,0x63b26000)]
  0x63d34400 JavaThread "Signal Dispatcher" daemon [_thread_blocked, id=32050, stack(0x63b26000,0x63b77000)]
  0x63d16800 JavaThread "Finalizer" daemon [_thread_blocked, id=32049, stack(0x63e3c000,0x63e8d000)]
  0x63d15000 JavaThread "Reference Handler" daemon [_thread_blocked, id=32048, stack(0x63e8d000,0x63ede000)]
  0xb6506800 JavaThread "main" [_thread_blocked, id=32044, stack(0xb666b000,0xb66bc000)]

Other Threads:
=>0x63d11000 VMThread [stack: 0x66a30000,0x66ab1000] [id=32047]
  0x63d3c400 WatcherThread [stack: 0x63952000,0x639d3000] [id=32054]

VM state:at safepoint (normal execution)

VM Mutex/Monitor currently owned by a thread:  ([mutex/lock_event])
[0xb6504618] ExpandHeap_lock - owner thread: 0x63d11000
[0xb6504b60] Threads_lock - owner thread: 0x63d11000
[0xb6504f70] Heap_lock - owner thread: 0xb6506800

Heap:
 PSYoungGen      total 232960K, used 19733K [0x91ac0000, 0xa7000000, 0xa7000000)
  eden space 116480K, 0% used [0x91ac0000,0x91ac0000,0x98c80000)
  from space 116480K, 16% used [0x9fe40000,0xa11857f0,0xa7000000)
  to   space 116480K, 0% used [0x98c80000,0x98c80000,0x9fe40000)
 ParOldGen       total 136192K, used 136152K [0x67000000, 0x6f500000, 0x91ac0000)
  object space 136192K, 99% used [0x67000000,0x6f4f6320,0x6f500000)
 Metaspace       used 3702K, capacity 3710K, committed 3736K, reserved 4400K

Card table byte_map: [0x66dff000,0x67000000] byte_map_base: 0x66ac7000

Marking Bits: (ParMarkBitMap*) 0xb70bf380
 Begin Bits: [0x64900000, 0x65900000)
 End Bits:   [0x65900000, 0x66900000)

Polling page: 0xb76d6000

CodeCache: size=245760Kb used=8268Kb max_used=8996Kb free=237491Kb
 bounds [0xa7500000, 0xa7dd8000, 0xb6500000]
 total_blobs=2198 nmethods=2043 adapters=70
 compilation: enabled

Compilation events (10 events):
Event: 68.218 Thread 0x63d37c00 2563       2       com.android.dx.cf.code.LocalVariableList::get (9 bytes)
Event: 68.218 Thread 0x63d37c00 nmethod 2563 0xa784f0c8 code [0xa784f1e0, 0xa784f2ec]
Event: 68.218 Thread 0x63d37c00 2564       2       com.android.dx.cf.code.LocalVariableList::set (21 bytes)
Event: 68.219 Thread 0x63d37c00 nmethod 2564 0xa778e748 code [0xa778e8c0, 0xa778ec30]
Event: 68.344 Thread 0x63d37c00 2565       2       com.android.dx.dex.file.AnnotationsDirectoryItem::addFieldAnnotations (43 bytes)
Event: 68.345 Thread 0x63d37c00 nmethod 2565 0xa7732dc8 code [0xa7732f20, 0xa7733224]
Event: 68.414 Thread 0x63d37c00 2566       2       com.android.dx.cf.code.Simulator$SimVisitor::visitSwitch (54 bytes)
Event: 68.414 Thread 0x63d37c00 nmethod 2566 0xa775f348 code [0xa775f4a0, 0xa775f6e4]
Event: 68.414 Thread 0x63d37c00 2567       2       com.android.dx.cf.code.BaseMachine::auxSwitchArg (20 bytes)
Event: 68.414 Thread 0x63d37c00 nmethod 2567 0xa7624208 code [0xa7624320, 0xa762446c]

GC Heap History (10 events):
Event: 57.794 GC heap after
Heap after GC invocations=20 (full 4):
 PSYoungGen      total 219648K, used 98261K [0x91ac0000, 0xa7000000, 0xa7000000)
  eden space 120064K, 0% used [0x91ac0000,0x91ac0000,0x99000000)
  from space 99584K, 98% used [0xa0ec0000,0xa6eb5670,0xa7000000)
  to   space 114688K, 0% used [0x99000000,0x99000000,0xa0000000)
 ParOldGen       total 136192K, used 67947K [0x67000000, 0x6f500000, 0x91ac0000)
  object space 136192K, 49% used [0x67000000,0x6b25af50,0x6f500000)
 Metaspace       used 3591K, capacity 3676K, committed 3736K, reserved 4400K
}
Event: 59.720 GC heap before
{Heap before GC invocations=21 (full 4):
 PSYoungGen      total 219648K, used 218325K [0x91ac0000, 0xa7000000, 0xa7000000)
  eden space 120064K, 100% used [0x91ac0000,0x99000000,0x99000000)
  from space 99584K, 98% used [0xa0ec0000,0xa6eb5670,0xa7000000)
  to   space 114688K, 0% used [0x99000000,0x99000000,0xa0000000)
 ParOldGen       total 136192K, used 67947K [0x67000000, 0x6f500000, 0x91ac0000)
  object space 136192K, 49% used [0x67000000,0x6b25af50,0x6f500000)
 Metaspace       used 3614K, capacity 3676K, committed 3736K, reserved 4400K
Event: 60.117 GC heap after
Heap after GC invocations=21 (full 4):
 PSYoungGen      total 197888K, used 77619K [0x91ac0000, 0xa7000000, 0xa7000000)
  eden space 120064K, 0% used [0x91ac0000,0x91ac0000,0x99000000)
  from space 77824K, 99% used [0x99000000,0x9dbccea8,0x9dc00000)
  to   space 116480K, 0% used [0x9fe40000,0x9fe40000,0xa7000000)
 ParOldGen       total 136192K, used 67951K [0x67000000, 0x6f500000, 0x91ac0000)
  object space 136192K, 49% used [0x67000000,0x6b25bf50,0x6f500000)
 Metaspace       used 3614K, capacity 3676K, committed 3736K, reserved 4400K
}
Event: 63.991 GC heap before
{Heap before GC invocations=22 (full 4):
 PSYoungGen      total 197888K, used 197683K [0x91ac0000, 0xa7000000, 0xa7000000)
  eden space 120064K, 100% used [0x91ac0000,0x99000000,0x99000000)
  from space 77824K, 99% used [0x99000000,0x9dbccea8,0x9dc00000)
  to   space 116480K, 0% used [0x9fe40000,0x9fe40000,0xa7000000)
 ParOldGen       total 136192K, used 67951K [0x67000000, 0x6f500000, 0x91ac0000)
  object space 136192K, 49% used [0x67000000,0x6b25bf50,0x6f500000)
 Metaspace       used 3690K, capacity 3708K, committed 3736K, reserved 4400K
Event: 64.640 GC heap after
Heap after GC invocations=22 (full 4):
 PSYoungGen      total 232960K, used 82896K [0x91ac0000, 0xa7000000, 0xa7000000)
  eden space 116480K, 0% used [0x91ac0000,0x91ac0000,0x98c80000)
  from space 116480K, 71% used [0x9fe40000,0xa4f341f0,0xa7000000)
  to   space 116480K, 0% used [0x98c80000,0x98c80000,0x9fe40000)
 ParOldGen       total 136192K, used 81374K [0x67000000, 0x6f500000, 0x91ac0000)
  object space 136192K, 59% used [0x67000000,0x6bf77828,0x6f500000)
 Metaspace       used 3690K, capacity 3708K, committed 3736K, reserved 4400K
}
Event: 66.771 GC heap before
{Heap before GC invocations=23 (full 4):
 PSYoungGen      total 232960K, used 199376K [0x91ac0000, 0xa7000000, 0xa7000000)
  eden space 116480K, 100% used [0x91ac0000,0x98c80000,0x98c80000)
  from space 116480K, 71% used [0x9fe40000,0xa4f341f0,0xa7000000)
  to   space 116480K, 0% used [0x98c80000,0x98c80000,0x9fe40000)
 ParOldGen       total 136192K, used 81374K [0x67000000, 0x6f500000, 0x91ac0000)
  object space 136192K, 59% used [0x67000000,0x6bf77828,0x6f500000)
 Metaspace       used 3695K, capacity 3708K, committed 3736K, reserved 4400K
Event: 67.231 GC heap after
Heap after GC invocations=23 (full 4):
 PSYoungGen      total 232960K, used 80550K [0x91ac0000, 0xa7000000, 0xa7000000)
  eden space 116480K, 0% used [0x91ac0000,0x91ac0000,0x98c80000)
  from space 116480K, 69% used [0x98c80000,0x9db299b0,0x9fe40000)
  to   space 116480K, 0% used [0x9fe40000,0x9fe40000,0xa7000000)
 ParOldGen       total 136192K, used 100672K [0x67000000, 0x6f500000, 0x91ac0000)
  object space 136192K, 73% used [0x67000000,0x6d250340,0x6f500000)
 Metaspace       used 3695K, capacity 3708K, committed 3736K, reserved 4400K
}
Event: 68.507 GC heap before
{Heap before GC invocations=24 (full 4):
 PSYoungGen      total 232960K, used 197030K [0x91ac0000, 0xa7000000, 0xa7000000)
  eden space 116480K, 100% used [0x91ac0000,0x98c80000,0x98c80000)
  from space 116480K, 69% used [0x98c80000,0x9db299b0,0x9fe40000)
  to   space 116480K, 0% used [0x9fe40000,0x9fe40000,0xa7000000)
 ParOldGen       total 136192K, used 100672K [0x67000000, 0x6f500000, 0x91ac0000)
  object space 136192K, 73% used [0x67000000,0x6d250340,0x6f500000)
 Metaspace       used 3702K, capacity 3710K, committed 3736K, reserved 4400K
Event: 69.045 GC heap after
Heap after GC invocations=24 (full 4):
 PSYoungGen      total 232960K, used 76950K [0x91ac0000, 0xa7000000, 0xa7000000)
  eden space 116480K, 0% used [0x91ac0000,0x91ac0000,0x98c80000)
  from space 116480K, 66% used [0x9fe40000,0xa4965928,0xa7000000)
  to   space 116480K, 0% used [0x98c80000,0x98c80000,0x9fe40000)
 ParOldGen       total 136192K, used 121090K [0x67000000, 0x6f500000, 0x91ac0000)
  object space 136192K, 88% used [0x67000000,0x6e640808,0x6f500000)
 Metaspace       used 3702K, capacity 3710K, committed 3736K, reserved 4400K
}
Event: 69.046 GC heap before
{Heap before GC invocations=25 (full 5):
 PSYoungGen      total 232960K, used 76950K [0x91ac0000, 0xa7000000, 0xa7000000)
  eden space 116480K, 0% used [0x91ac0000,0x91ac0000,0x98c80000)
  from space 116480K, 66% used [0x9fe40000,0xa4965928,0xa7000000)
  to   space 116480K, 0% used [0x98c80000,0x98c80000,0x9fe40000)
 ParOldGen       total 136192K, used 121090K [0x67000000, 0x6f500000, 0x91ac0000)
  object space 136192K, 88% used [0x67000000,0x6e640808,0x6f500000)
 Metaspace       used 3702K, capacity 3710K, committed 3736K, reserved 4400K

Deoptimization events (10 events):
Event: 63.914 Thread 0xb6506800 Uncommon trap: reason=unreached action=reinterpret pc=0xa79c1e78 method=java.util.HashMap.getNode(ILjava/lang/Object;)Ljava/util/HashMap$Node; @ 84
Event: 65.342 Thread 0xb6506800 Uncommon trap: reason=null_check action=make_not_entrant pc=0xa7681238 method=com.android.dx.ssa.SsaRenamer.getLocalForNewReg(I)Lcom/android/dx/rop/code/LocalItem; @ 19
Event: 66.432 Thread 0xb6506800 Uncommon trap: reason=speculate_class_check action=maybe_recompile pc=0xa7841bb0 method=com.android.dx.rop.cst.TypedConstant.getBasicType()I @ 1
Event: 66.497 Thread 0xb6506800 Uncommon trap: reason=speculate_class_check action=maybe_recompile pc=0xa7841bb0 method=com.android.dx.rop.cst.TypedConstant.getBasicType()I @ 1
Event: 66.729 Thread 0xb6506800 Uncommon trap: reason=speculate_class_check action=maybe_recompile pc=0xa7841bb0 method=com.android.dx.rop.cst.TypedConstant.getBasicType()I @ 1
Event: 67.240 Thread 0xb6506800 Uncommon trap: reason=speculate_class_check action=maybe_recompile pc=0xa7841bb0 method=com.android.dx.rop.cst.TypedConstant.getBasicType()I @ 1
Event: 67.382 Thread 0xb6506800 Uncommon trap: reason=bimorphic action=maybe_recompile pc=0xa7c83c00 method=java.util.HashMap.putVal(ILjava/lang/Object;Ljava/lang/Object;ZZ)Ljava/lang/Object; @ 203
Event: 67.383 Thread 0xb6506800 Uncommon trap: reason=bimorphic action=maybe_recompile pc=0xa7c83c00 method=java.util.HashMap.putVal(ILjava/lang/Object;Ljava/lang/Object;ZZ)Ljava/lang/Object; @ 203
Event: 67.400 Thread 0xb6506800 Uncommon trap: reason=bimorphic action=maybe_recompile pc=0xa7c83c00 method=java.util.HashMap.putVal(ILjava/lang/Object;Ljava/lang/Object;ZZ)Ljava/lang/Object; @ 203
Event: 67.400 Thread 0xb6506800 Uncommon trap: reason=bimorphic action=maybe_recompile pc=0xa7c83c00 method=java.util.HashMap.putVal(ILjava/lang/Object;Ljava/lang/Object;ZZ)Ljava/lang/Object; @ 203

Internal exceptions (10 events):
Event: 16.116 Thread 0xb6506800 Exception <a 'java/security/PrivilegedActionException'> (0x9454dc70) thrown at [/HUDSON/workspace/8-2-build-linux-i586/jdk8u20/1074/hotspot/src/share/vm/prims/jvm.cpp, line 1275]
Event: 24.975 Thread 0xb6506800 Exception <a 'java/security/PrivilegedActionException'> (0x9468fde0) thrown at [/HUDSON/workspace/8-2-build-linux-i586/jdk8u20/1074/hotspot/src/share/vm/prims/jvm.cpp, line 1275]
Event: 24.991 Thread 0xb6506800 Exception <a 'java/security/PrivilegedActionException'> (0x946988d0) thrown at [/HUDSON/workspace/8-2-build-linux-i586/jdk8u20/1074/hotspot/src/share/vm/prims/jvm.cpp, line 1275]
Event: 24.992 Thread 0xb6506800 Exception <a 'java/security/PrivilegedActionException'> (0x9469a8f8) thrown at [/HUDSON/workspace/8-2-build-linux-i586/jdk8u20/1074/hotspot/src/share/vm/prims/jvm.cpp, line 1275]
Event: 25.189 Thread 0xb6506800 Implicit null exception at 0xa7b9d3e0 to 0xa7b9d466
Event: 58.858 Thread 0xb6506800 Exception <a 'java/security/PrivilegedActionException'> (0x966e5680) thrown at [/HUDSON/workspace/8-2-build-linux-i586/jdk8u20/1074/hotspot/src/share/vm/prims/jvm.cpp, line 1275]
Event: 63.873 Thread 0xb6506800 Exception <a 'java/lang/ArrayIndexOutOfBoundsException': 18> (0x98ddec10) thrown at [/HUDSON/workspace/8-2-build-linux-i586/jdk8u20/1074/hotspot/src/share/vm/interpreter/interpreterRuntime.cpp, line 366]
Event: 63.873 Thread 0xb6506800 Exception <a 'java/lang/ArrayIndexOutOfBoundsException': 145> (0x98de03d8) thrown at [/HUDSON/workspace/8-2-build-linux-i586/jdk8u20/1074/hotspot/src/share/vm/interpreter/interpreterRuntime.cpp, line 366]
Event: 63.894 Thread 0xb6506800 Exception <a 'java/lang/ArrayIndexOutOfBoundsException'> (0x98de13f8) thrown at [/HUDSON/workspace/8-2-build-linux-i586/jdk8u20/1074/hotspot/src/share/vm/runtime/sharedRuntime.cpp, line 604]
Event: 65.342 Thread 0xb6506800 Implicit null exception at 0xa76807db to 0xa7681229

Events (10 events):
Event: 68.333 Thread 0xb6506800 DEOPT UNPACKING pc=0xa753c310 sp=0xb66ba6c0 mode 0
Event: 68.349 Thread 0xb6506800 DEOPT PACKING pc=0xa7bd1803 sp=0xb66ba780
Event: 68.350 Thread 0xb6506800 DEOPT UNPACKING pc=0xa753c310 sp=0xb66ba648 mode 0
Event: 68.397 Thread 0xb6506800 DEOPT PACKING pc=0xa797ffa8 sp=0xb66ba5c0
Event: 68.397 Thread 0xb6506800 DEOPT UNPACKING pc=0xa753c310 sp=0xb66ba500 mode 0
Event: 68.437 Thread 0xb6506800 DEOPT PACKING pc=0xa798647c sp=0xb66ba780
Event: 68.437 Thread 0xb6506800 DEOPT UNPACKING pc=0xa753c310 sp=0xb66ba698 mode 0
Event: 68.494 Thread 0xb6506800 DEOPT PACKING pc=0xa7986491 sp=0xb66ba780
Event: 68.494 Thread 0xb6506800 DEOPT UNPACKING pc=0xa753c310 sp=0xb66ba698 mode 0
Event: 68.507 Executing VM operation: ParallelGCFailedAllocation


Dynamic libraries:
08048000-08049000 r-xp 00000000 08:02 663210     /opt/java/bin/java
08049000-0804a000 rw-p 00000000 08:02 663210     /opt/java/bin/java
09d0c000-0a827000 rw-p 00000000 00:00 0          [heap]
63300000-633fd000 rw-p 00000000 00:00 0 
633fd000-63400000 ---p 00000000 00:00 0 
63400000-63429000 rw-p 00000000 00:00 0 
63429000-63500000 ---p 00000000 00:00 0 
63500000-63700000 rw-p 00000000 00:00 0 
63700000-637fa000 rw-p 00000000 00:00 0 
637fa000-63800000 ---p 00000000 00:00 0 
638fc000-63952000 r--s 00303000 08:03 4063274    /home/mjt/AndroidStudioProjects/phonethings/app/build/intermediates/exploded-aar/com.google.android.gms/play-services/6.5.87/classes.jar
63952000-63953000 ---p 00000000 00:00 0 
63953000-639d3000 rw-p 00000000 00:00 0          [stack:32054]
639d3000-639d6000 ---p 00000000 00:00 0 
639d6000-63a24000 rw-p 00000000 00:00 0          [stack:32053]
63a24000-63a27000 ---p 00000000 00:00 0 
63a27000-63aa5000 rw-p 00000000 00:00 0          [stack:32052]
63aa5000-63aa8000 ---p 00000000 00:00 0 
63aa8000-63b26000 rw-p 00000000 00:00 0          [stack:32051]
63b26000-63b29000 ---p 00000000 00:00 0 
63b29000-63b77000 rw-p 00000000 00:00 0          [stack:32050]
63b77000-63d00000 r--p 00000000 08:02 527857     /usr/lib/locale/locale-archive
63d00000-63dfb000 rw-p 00000000 00:00 0 
63dfb000-63e00000 ---p 00000000 00:00 0 
63e3c000-63e3f000 ---p 00000000 00:00 0 
63e3f000-63e8d000 rw-p 00000000 00:00 0          [stack:32049]
63e8d000-63e90000 ---p 00000000 00:00 0 
63e90000-63ede000 rw-p 00000000 00:00 0          [stack:32048]
63ede000-640b4000 r--s 03ca8000 08:02 682527     /opt/java/jre/lib/rt.jar
640b4000-6445a000 rw-p 00000000 00:00 0 
6445a000-64500000 ---p 00000000 00:00 0 
64500000-66900000 rw-p 00000000 00:00 0 
66900000-66a00000 rw-p 00000000 00:00 0 
66a30000-66a31000 ---p 00000000 00:00 0 
66a31000-66b00000 rw-p 00000000 00:00 0          [stack:32047]
66b00000-66b21000 rw-p 00000000 00:00 0 
66b21000-66c00000 ---p 00000000 00:00 0 
66c4e000-66cec000 rw-p 00000000 00:00 0 
66cec000-66dff000 ---p 00000000 00:00 0 
66dff000-66e42000 rw-p 00000000 00:00 0 
66e42000-66f54000 ---p 00000000 00:00 0 
66f54000-66fff000 rw-p 00000000 00:00 0 
66fff000-6f500000 rw-p 00000000 00:00 0 
73a40000-91ac0000 ---p 00000000 00:00 0 
91ac0000-a7000000 rw-p 00000000 00:00 0 
a7030000-a703e000 r--s 000b4000 08:02 816326     /opt/android-sdk/build-tools/20.0.0/lib/dx.jar
a703e000-a703f000 ---p 00000000 00:00 0 
a703f000-a70bf000 rw-p 00000000 00:00 0          [stack:32046]
a70bf000-a70c0000 ---p 00000000 00:00 0 
a70c0000-a7164000 rw-p 00000000 00:00 0          [stack:32045]
a7164000-a7500000 ---p 00000000 00:00 0 
a7500000-a7dd8000 rwxp 00000000 00:00 0 
a7dd8000-b6500000 ---p 00000000 00:00 0 
b6500000-b65f5000 rw-p 00000000 00:00 0 
b65f5000-b6600000 ---p 00000000 00:00 0 
b6603000-b661b000 rw-p 00000000 00:00 0 
b661b000-b6634000 r-xp 00000000 08:02 682788     /opt/java/jre/lib/i386/libzip.so
b6634000-b6635000 rw-p 00018000 08:02 682788     /opt/java/jre/lib/i386/libzip.so
b6635000-b663d000 rw-s 00000000 00:1d 4138762    /tmp/hsperfdata_mjt/32036
b663d000-b6661000 r-xp 00000000 08:02 682806     /opt/java/jre/lib/i386/libjava.so
b6661000-b6662000 rw-p 00023000 08:02 682806     /opt/java/jre/lib/i386/libjava.so
b6662000-b6669000 r-xp 00000000 08:02 527470     /usr/lib/librt-2.20.so
b6669000-b666a000 r--p 00007000 08:02 527470     /usr/lib/librt-2.20.so
b666a000-b666b000 rw-p 00008000 08:02 527470     /usr/lib/librt-2.20.so
b666b000-b666e000 ---p 00000000 00:00 0 
b666e000-b66bc000 rw-p 00000000 00:00 0          [stack:32044]
b66bc000-b6707000 r-xp 00000000 08:02 527458     /usr/lib/libm-2.20.so
b6707000-b6708000 r--p 0004a000 08:02 527458     /usr/lib/libm-2.20.so
b6708000-b6709000 rw-p 0004b000 08:02 527458     /usr/lib/libm-2.20.so
b6709000-b7043000 r-xp 00000000 08:02 682826     /opt/java/jre/lib/i386/server/libjvm.so
b7043000-b70af000 rw-p 00939000 08:02 682826     /opt/java/jre/lib/i386/server/libjvm.so
b70af000-b74d5000 rw-p 00000000 00:00 0 
b74d5000-b7686000 r-xp 00000000 08:02 527459     /usr/lib/libc-2.20.so
b7686000-b7689000 r--p 001b0000 08:02 527459     /usr/lib/libc-2.20.so
b7689000-b768b000 rw-p 001b3000 08:02 527459     /usr/lib/libc-2.20.so
b768b000-b768d000 rw-p 00000000 00:00 0 
b768d000-b7690000 r-xp 00000000 08:02 527433     /usr/lib/libdl-2.20.so
b7690000-b7691000 r--p 00002000 08:02 527433     /usr/lib/libdl-2.20.so
b7691000-b7692000 rw-p 00003000 08:02 527433     /usr/lib/libdl-2.20.so
b7692000-b76a6000 r-xp 00000000 08:02 682962     /opt/java/lib/i386/jli/libjli.so
b76a6000-b76a7000 rw-p 00013000 08:02 682962     /opt/java/lib/i386/jli/libjli.so
b76a7000-b76bf000 r-xp 00000000 08:02 527440     /usr/lib/libpthread-2.20.so
b76bf000-b76c0000 r--p 00017000 08:02 527440     /usr/lib/libpthread-2.20.so
b76c0000-b76c1000 rw-p 00018000 08:02 527440     /usr/lib/libpthread-2.20.so
b76c1000-b76c3000 rw-p 00000000 00:00 0 
b76c5000-b76c7000 rw-p 00000000 00:00 0 
b76c7000-b76d3000 r-xp 00000000 08:02 527435     /usr/lib/libnss_files-2.20.so
b76d3000-b76d4000 r--p 0000b000 08:02 527435     /usr/lib/libnss_files-2.20.so
b76d4000-b76d5000 rw-p 0000c000 08:02 527435     /usr/lib/libnss_files-2.20.so
b76d5000-b76d6000 rw-p 00000000 00:00 0 
b76d6000-b76d7000 ---p 00000000 00:00 0 
b76d7000-b76e2000 r-xp 00000000 08:02 682800     /opt/java/jre/lib/i386/libverify.so
b76e2000-b76e3000 rw-p 0000b000 08:02 682800     /opt/java/jre/lib/i386/libverify.so
b76e3000-b76e5000 r--p 00000000 00:00 0          [vvar]
b76e5000-b76e7000 r-xp 00000000 00:00 0          [vdso]
b76e7000-b7708000 r-xp 00000000 08:02 527437     /usr/lib/ld-2.20.so
b7708000-b7709000 rw-p 00000000 00:00 0 
b7709000-b770a000 r--p 00021000 08:02 527437     /usr/lib/ld-2.20.so
b770a000-b770b000 rw-p 00022000 08:02 527437     /usr/lib/ld-2.20.so
bfee8000-bfee9000 rwxp 00000000 00:00 0 
bff1b000-bff3c000 rw-p 00000000 00:00 0          [stack]

VM Arguments:
jvm_args: -Xmx1024M 
java_command: /opt/android-sdk/build-tools/20.0.0/lib/dx.jar --dex --output /home/mjt/AndroidStudioProjects/phonethings/app/build/intermediates/pre-dexed/debug/classes-b72443867d500556c692547f242202d7775fea63.jar /home/mjt/AndroidStudioProjects/phonethings/app/build/intermediates/exploded-aar/com.google.android.gms/play-services/6.5.87/classes.jar
java_class_path (initial): /opt/android-sdk/build-tools/20.0.0/lib/dx.jar
Launcher Type: SUN_STANDARD

Environment Variables:
JAVA_HOME=/opt/java
CLASSPATH=/opt/android-studio/bin/../lib/bootstrap.jar:/opt/android-studio/bin/../lib/extensions.jar:/opt/android-studio/bin/../lib/util.jar:/opt/android-studio/bin/../lib/jdom.jar:/opt/android-studio/bin/../lib/log4j.jar:/opt/android-studio/bin/../lib/trove4j.jar:/opt/android-studio/bin/../lib/jna.jar:/opt/java/lib/tools.jar
PATH=/usr/local/sbin:/usr/local/bin:/usr/bin:/opt/android-sdk/platform-tools:/opt/android-sdk/tools:/opt/java/bin:/opt/java/db/bin:/opt/java/jre/bin:/usr/bin/site_perl:/usr/bin/vendor_perl:/usr/bin/core_perl
LD_LIBRARY_PATH=/opt/android-studio/bin:
SHELL=/bin/bash
DISPLAY=:0.0

Signal Handlers:
SIGSEGV: [libjvm.so+0x891f70], sa_mask[0]=11111111011111111101111111111110, sa_flags=SA_RESTART|SA_SIGINFO
SIGBUS: [libjvm.so+0x891f70], sa_mask[0]=11111111011111111101111111111110, sa_flags=SA_RESTART|SA_SIGINFO
SIGFPE: [libjvm.so+0x71d8e0], sa_mask[0]=11111111011111111101111111111110, sa_flags=SA_RESTART|SA_SIGINFO
SIGPIPE: [libjvm.so+0x71d8e0], sa_mask[0]=11111111011111111101111111111110, sa_flags=SA_RESTART|SA_SIGINFO
SIGXFSZ: [libjvm.so+0x71d8e0], sa_mask[0]=11111111011111111101111111111110, sa_flags=SA_RESTART|SA_SIGINFO
SIGILL: [libjvm.so+0x71d8e0], sa_mask[0]=11111111011111111101111111111110, sa_flags=SA_RESTART|SA_SIGINFO
SIGUSR1: SIG_DFL, sa_mask[0]=00000000000000000000000000000000, sa_flags=none
SIGUSR2: [libjvm.so+0x71f090], sa_mask[0]=00100000000000000000000000000000, sa_flags=SA_RESTART|SA_SIGINFO
SIGHUP: [libjvm.so+0x720590], sa_mask[0]=11111111011111111101111111111110, sa_flags=SA_RESTART|SA_SIGINFO
SIGINT: [libjvm.so+0x720590], sa_mask[0]=11111111011111111101111111111110, sa_flags=SA_RESTART|SA_SIGINFO
SIGTERM: [libjvm.so+0x720590], sa_mask[0]=11111111011111111101111111111110, sa_flags=SA_RESTART|SA_SIGINFO
SIGQUIT: [libjvm.so+0x720590], sa_mask[0]=11111111011111111101111111111110, sa_flags=SA_RESTART|SA_SIGINFO


---------------  S Y S T E M  ---------------

OS:NAME="Arch Linux"
ID=arch
PRETTY_NAME="Arch Linux"
ANSI_COLOR="0;36"
HOME_URL="https://www.archlinux.org/"
SUPPORT_URL="https://bbs.archlinux.org/"
BUG_REPORT_URL="https://bugs.archlinux.org/"


uname:Linux 3.17.2-1-ARCH #1 SMP PREEMPT Thu Oct 30 20:31:16 CET 2014 i686
libc:glibc 2.20 NPTL 2.20 
rlimit: STACK 8192k, CORE 0k, NPROC 22165, NOFILE 4096, AS infinity
load average:20.31 7.91 4.35

/proc/meminfo:
MemTotal:        2841788 kB
MemFree:          165412 kB
MemAvailable:     110220 kB
Buffers:            1240 kB
Cached:            36772 kB
SwapCached:            0 kB
Active:          2544288 kB
Inactive:          24248 kB
Active(anon):    2531320 kB
Inactive(anon):     5228 kB
Active(file):      12968 kB
Inactive(file):    19020 kB
Unevictable:         132 kB
Mlocked:             132 kB
HighTotal:       1969452 kB
HighFree:          42728 kB
LowTotal:         872336 kB
LowFree:          122684 kB
SwapTotal:             0 kB
SwapFree:              0 kB
Dirty:               212 kB
Writeback:           396 kB
AnonPages:       2530756 kB
Mapped:            30652 kB
Shmem:              5924 kB
Slab:              29444 kB
SReclaimable:      16104 kB
SUnreclaim:        13340 kB
KernelStack:        2848 kB
PageTables:         5624 kB
NFS_Unstable:          0 kB
Bounce:                0 kB
WritebackTmp:          0 kB
CommitLimit:     1420892 kB
Committed_AS:    3934628 kB
VmallocTotal:     122880 kB
VmallocUsed:       24876 kB
VmallocChunk:      59032 kB
HardwareCorrupted:     0 kB
AnonHugePages:   1290240 kB
HugePages_Total:       0
HugePages_Free:        0
HugePages_Rsvd:        0
HugePages_Surp:        0
Hugepagesize:       4096 kB
DirectMap4k:       24568 kB
DirectMap4M:      884736 kB


CPU:total 2 (2 cores per cpu, 1 threads per core) family 16 model 6 stepping 3, cmov, cx8, fxsr, mmx, sse, sse2, sse3, popcnt, mmxext, 3dnowpref, lzcnt, tsc, tscinvbit, tscinv

/proc/cpuinfo:
processor	: 0
vendor_id	: AuthenticAMD
cpu family	: 16
model		: 6
model name	: AMD Athlon(tm) II P340 Dual-Core Processor
stepping	: 3
microcode	: 0x10000c8
cpu MHz		: 800.000
cache size	: 512 KB
physical id	: 0
siblings	: 2
core id		: 0
cpu cores	: 2
apicid		: 0
initial apicid	: 0
fdiv_bug	: no
f00f_bug	: no
coma_bug	: no
fpu		: yes
fpu_exception	: yes
cpuid level	: 5
wp		: yes
flags		: fpu vme de pse tsc msr pae mce cx8 apic sep mtrr pge mca cmov pat pse36 clflush mmx fxsr sse sse2 ht syscall nx mmxext fxsr_opt pdpe1gb rdtscp lm 3dnowext 3dnow constant_tsc rep_good nonstop_tsc extd_apicid pni monitor cx16 popcnt lahf_lm cmp_legacy svm extapic cr8_legacy abm sse4a 3dnowprefetch osvw ibs skinit wdt nodeid_msr hw_pstate npt lbrv svm_lock nrip_save
bugs		: tlb_mmatch apic_c1e fxsave_leak
bogomips	: 4391.27
clflush size	: 64
cache_alignment	: 64
address sizes	: 48 bits physical, 48 bits virtual
power management: ts ttp tm stc 100mhzsteps hwpstate

processor	: 1
vendor_id	: AuthenticAMD
cpu family	: 16
model		: 6
model name	: AMD Athlon(tm) II P340 Dual-Core Processor
stepping	: 3
microcode	: 0x10000c8
cpu MHz		: 800.000
cache size	: 512 KB
physical id	: 0
siblings	: 2
core id		: 1
cpu cores	: 2
apicid		: 1
initial apicid	: 1
fdiv_bug	: no
f00f_bug	: no
coma_bug	: no
fpu		: yes
fpu_exception	: yes
cpuid level	: 5
wp		: yes
flags		: fpu vme de pse tsc msr pae mce cx8 apic sep mtrr pge mca cmov pat pse36 clflush mmx fxsr sse sse2 ht syscall nx mmxext fxsr_opt pdpe1gb rdtscp lm 3dnowext 3dnow constant_tsc rep_good nonstop_tsc extd_apicid pni monitor cx16 popcnt lahf_lm cmp_legacy svm extapic cr8_legacy abm sse4a 3dnowprefetch osvw ibs skinit wdt nodeid_msr hw_pstate npt lbrv svm_lock nrip_save
bugs		: tlb_mmatch apic_c1e fxsave_leak
bogomips	: 4391.27
clflush size	: 64
cache_alignment	: 64
address sizes	: 48 bits physical, 48 bits virtual
power management: ts ttp tm stc 100mhzsteps hwpstate



Memory: 4k page, physical 2841788k(165412k free), swap 0k(0k free)

vm_info: Java HotSpot(TM) Server VM (25.20-b23) for linux-x86 JRE (1.8.0_20-b26), built on Jul 30 2014 13:29:53 by "java_re" with gcc 4.3.0 20080428 (Red Hat 4.3.0-8)

time: Sun Dec 28 19:26:43 2014
elapsed time: 113 seconds (0d 0h 1m 53s)

