#
# There is insufficient memory for the Java Runtime Environment to continue.
# Native memory allocation (mmap) failed to map 32768 bytes for committing reserved memory.
# Possible reasons:
#   The system is out of physical RAM or swap space
#   In 32 bit mode, the process size limit was hit
# Possible solutions:
#   Reduce memory load on the system
#   Increase physical memory or swap space
#   Check if swap backing store is full
#   Use 64 bit Java on a 64 bit OS
#   Decrease Java heap size (-Xmx/-Xms)
#   Decrease number of Java threads
#   Decrease Java thread stack sizes (-Xss)
#   Set larger code cache with -XX:ReservedCodeCacheSize=
# This output file may be truncated or incomplete.
#
#  Out of Memory Error (os_linux.cpp:2671), pid=14213, tid=1673399104
#
# JRE version: Java(TM) SE Runtime Environment (8.0_20-b26) (build 1.8.0_20-b26)
# Java VM: Java HotSpot(TM) Server VM (25.20-b23 mixed mode linux-x86 )
# Failed to write core dump. Core dumps have been disabled. To enable core dumping, try "ulimit -c unlimited" before starting Java again
#

---------------  T H R E A D  ---------------

Current thread (0x66a36000):  JavaThread "C2 CompilerThread0" daemon [_thread_in_vm, id=14223, stack(0x63b60000,0x63be1000)]

Stack: [0x63b60000,0x63be1000],  sp=0x63bded20,  free space=507k
Native frames: (J=compiled Java code, j=interpreted, Vv=VM code, C=native code)
V  [libjvm.so+0x891489]
V  [libjvm.so+0x3751d5]
V  [libjvm.so+0x720b46]
V  [libjvm.so+0x720f68]
V  [libjvm.so+0x71a93c]
V  [libjvm.so+0x88d6bc]
V  [libjvm.so+0x47c275]
V  [libjvm.so+0x30c082]
V  [libjvm.so+0x6f5444]
V  [libjvm.so+0x2a76d3]
V  [libjvm.so+0x32b400]
V  [libjvm.so+0x287174]
V  [libjvm.so+0x335771]
V  [libjvm.so+0x33652d]
V  [libjvm.so+0x83f8e8]
V  [libjvm.so+0x849b99]
V  [libjvm.so+0x849d1b]
V  [libjvm.so+0x723509]
C  [libpthread.so.0+0x61a6]  start_thread+0xd6
C  [libc.so.6+0xe9e9e]  clone+0x5e


Current CompileTask:
C2:8830485 20859       4       org.eclipse.jdt.internal.compiler.parser.Parser::consumeRule (6041 bytes)


---------------  P R O C E S S  ---------------

Java Threads: ( => current thread )
  0x5d47e400 JavaThread "stdout" [_thread_in_native, id=26495, stack(0x61006000,0x61057000)]
  0x5d47d800 JavaThread "stderr" [_thread_in_native, id=26494, stack(0x609af000,0x60a00000)]
  0x5d480000 JavaThread "stdout" [_thread_blocked, id=26489, stack(0x6280d000,0x6285e000)]
  0x5d47f800 JavaThread "stderr" [_thread_in_native, id=26488, stack(0x6090d000,0x6095e000)]
  0x5e322c00 JavaThread "process reaper" daemon [_thread_in_native, id=25191, stack(0x61c34000,0x61c4d000)]
  0x5e322800 JavaThread "process reaper" daemon [_thread_in_native, id=25190, stack(0x62b1b000,0x62b34000)]
  0x5e321c00 JavaThread "pool-34-thread-2" [_thread_blocked, id=25187, stack(0x608bc000,0x6090d000)]
  0x5ac89000 JavaThread "pool-34-thread-1" [_thread_blocked, id=25186, stack(0x6276b000,0x627bc000)]
  0x66b44000 JavaThread "Stdin handler" [_thread_blocked, id=25163, stack(0x61767000,0x617b8000)]
  0x63653400 JavaThread "Daemon worker Thread 29" [_thread_blocked, id=25160, stack(0x6285e000,0x628af000)]
  0x61eb9000 JavaThread "Cancel handler" [_thread_blocked, id=25159, stack(0x61057000,0x610a8000)]
  0x61e92400 JavaThread "Handler for socket connection from /127.0.0.1:60302 to /127.0.0.1:55263" [_thread_in_native, id=25158, stack(0x627bc000,0x6280d000)]
  0x0928c000 JavaThread "Daemon Thread 29" [_thread_blocked, id=25157, stack(0x628af000,0x62900000)]
  0x0a0df000 JavaThread "File lock request listener" [_thread_in_native, id=14270, stack(0x622a1000,0x622f2000)]
  0x62a3b800 JavaThread "Incoming local TCP Connector on port 60302" [_thread_in_native, id=14234, stack(0x62b34000,0x62b85000)]
  0x66a3b000 JavaThread "Service Thread" daemon [_thread_blocked, id=14226, stack(0x63a8e000,0x63adf000)]
  0x66a37c00 JavaThread "C1 CompilerThread1" daemon [_thread_blocked, id=14224, stack(0x63adf000,0x63b60000)]
=>0x66a36000 JavaThread "C2 CompilerThread0" daemon [_thread_in_vm, id=14223, stack(0x63b60000,0x63be1000)]
  0x66a34800 JavaThread "Signal Dispatcher" daemon [_thread_blocked, id=14222, stack(0x63be1000,0x63c32000)]
  0x66a16800 JavaThread "Finalizer" daemon [_thread_blocked, id=14221, stack(0x63dbb000,0x63e0c000)]
  0x66a15400 JavaThread "Reference Handler" daemon [_thread_blocked, id=14220, stack(0x63e0c000,0x63e5d000)]
  0xb6506800 JavaThread "main" [_thread_blocked, id=14216, stack(0xb66c2000,0xb6713000)]

Other Threads:
  0x66a11000 VMThread [stack: 0x63e5d000,0x63ede000] [id=14219]
  0x66a3cc00 WatcherThread [stack: 0x63a0d000,0x63a8e000] [id=14227]

VM state:synchronizing (normal execution)

VM Mutex/Monitor currently owned by a thread:  ([mutex/lock_event])
[0xb6504398] CodeCache_lock - owner thread: 0x66a36000
[0xb6504dc0] Threads_lock - owner thread: 0x66a11000
[0xb65055e0] Compile_lock - owner thread: 0x66a36000
[0xb65056b0] MethodCompileQueue_lock - owner thread: 0x66a36000

Heap:
 PSYoungGen      total 301824K, used 272662K [0x91ac0000, 0xa6dc0000, 0xa7000000)
  eden space 256768K, 96% used [0x91ac0000,0xa0c9d3f0,0xa1580000)
  from space 45056K, 55% used [0xa1580000,0xa2de8730,0xa4180000)
  to   space 44032K, 0% used [0xa42c0000,0xa42c0000,0xa6dc0000)
 ParOldGen       total 186624K, used 122533K [0x67000000, 0x72640000, 0x91ac0000)
  object space 186624K, 65% used [0x67000000,0x6e7a9500,0x72640000)
 Metaspace       used 83033K, capacity 85476K, committed 89472K, reserved 90416K

Card table byte_map: [0x66dff000,0x67000000] byte_map_base: 0x66ac7000

Marking Bits: (ParMarkBitMap*) 0xb7116380
 Begin Bits: [0x64900000, 0x65900000)
 End Bits:   [0x65900000, 0x66900000)

Polling page: 0xb772d000

CodeCache: size=245760Kb used=42172Kb max_used=42252Kb free=203587Kb
 bounds [0xa7500000, 0xa9e80000, 0xb6500000]
 total_blobs=14551 nmethods=14109 adapters=352
 compilation: enabled

Compilation events (10 events):
Event: 8816.196 Thread 0x66a36000 nmethod 21353% 0xa7f3b8c8 code [0xa7f3ba00, 0xa7f3bf90]
Event: 8816.200 Thread 0x66a36000 21432       4       com.android.tools.lint.client.api.LintDriver$ClassEntry::compareTo (144 bytes)
Event: 8816.209 Thread 0x66a36000 nmethod 21432 0xa8275c88 code [0xa8275da0, 0xa82760f0]
Event: 8816.212 Thread 0x66a36000 21471 %     4       org.objectweb.asm.ClassReader::<init> @ 70 (257 bytes)
Event: 8816.222 Thread 0x66a36000 nmethod 21471% 0xa7fcbb88 code [0xa7fcbe00, 0xa7fcc250]
Event: 8816.226 Thread 0x66a36000 21314       4       org.objectweb.asm.ClassReader::readUnsignedShort (26 bytes)
Event: 8816.227 Thread 0x66a36000 nmethod 21314 0xa7631e08 code [0xa7631f00, 0xa7631fb0]
Event: 8816.235 Thread 0x66a36000 21319       4       org.objectweb.asm.ClassReader::readInt (52 bytes)
Event: 8816.236 Thread 0x66a36000 nmethod 21319 0xa7a4c008 code [0xa7a4c100, 0xa7a4c1d0]
Event: 8816.241 Thread 0x66a36000 20859       4       org.eclipse.jdt.internal.compiler.parser.Parser::consumeRule (6041 bytes)

GC Heap History (10 events):
Event: 8703.154 GC heap before
{Heap before GC invocations=73 (full 27):
 PSYoungGen      total 300288K, used 218509K [0x91ac0000, 0xa7000000, 0xa7000000)
  eden space 261376K, 68% used [0x91ac0000,0x9ca31a80,0xa1a00000)
  from space 38912K, 99% used [0xa1a00000,0xa3ff1a58,0xa4000000)
  to   space 46336K, 0% used [0xa42c0000,0xa42c0000,0xa7000000)
 ParOldGen       total 186624K, used 98499K [0x67000000, 0x72640000, 0x91ac0000)
  object space 186624K, 52% used [0x67000000,0x6d030d30,0x72640000)
 Metaspace       used 72869K, capacity 75001K, committed 89472K, reserved 90416K
Event: 8703.294 GC heap after
Heap after GC invocations=73 (full 27):
 PSYoungGen      total 302592K, used 34091K [0x91ac0000, 0xa7000000, 0xa7000000)
  eden space 256256K, 0% used [0x91ac0000,0x91ac0000,0xa1500000)
  from space 46336K, 73% used [0xa42c0000,0xa640ad70,0xa7000000)
  to   space 46592K, 0% used [0xa1500000,0xa1500000,0xa4280000)
 ParOldGen       total 186624K, used 98499K [0x67000000, 0x72640000, 0x91ac0000)
  object space 186624K, 52% used [0x67000000,0x6d030d30,0x72640000)
 Metaspace       used 72869K, capacity 75001K, committed 89472K, reserved 90416K
}
Event: 8703.294 GC heap before
{Heap before GC invocations=74 (full 28):
 PSYoungGen      total 302592K, used 34091K [0x91ac0000, 0xa7000000, 0xa7000000)
  eden space 256256K, 0% used [0x91ac0000,0x91ac0000,0xa1500000)
  from space 46336K, 73% used [0xa42c0000,0xa640ad70,0xa7000000)
  to   space 46592K, 0% used [0xa1500000,0xa1500000,0xa4280000)
 ParOldGen       total 186624K, used 98499K [0x67000000, 0x72640000, 0x91ac0000)
  object space 186624K, 52% used [0x67000000,0x6d030d30,0x72640000)
 Metaspace       used 72869K, capacity 75001K, committed 89472K, reserved 90416K
Event: 8704.542 GC heap after
Heap after GC invocations=74 (full 28):
 PSYoungGen      total 302592K, used 0K [0x91ac0000, 0xa7000000, 0xa7000000)
  eden space 256256K, 0% used [0x91ac0000,0x91ac0000,0xa1500000)
  from space 46336K, 0% used [0xa42c0000,0xa42c0000,0xa7000000)
  to   space 46592K, 0% used [0xa1500000,0xa1500000,0xa4280000)
 ParOldGen       total 186624K, used 122529K [0x67000000, 0x72640000, 0x91ac0000)
  object space 186624K, 65% used [0x67000000,0x6e7a8500,0x72640000)
 Metaspace       used 72869K, capacity 75001K, committed 89472K, reserved 90416K
}
Event: 8784.041 GC heap before
{Heap before GC invocations=75 (full 28):
 PSYoungGen      total 302592K, used 256256K [0x91ac0000, 0xa7000000, 0xa7000000)
  eden space 256256K, 100% used [0x91ac0000,0xa1500000,0xa1500000)
  from space 46336K, 0% used [0xa42c0000,0xa42c0000,0xa7000000)
  to   space 46592K, 0% used [0xa1500000,0xa1500000,0xa4280000)
 ParOldGen       total 186624K, used 122529K [0x67000000, 0x72640000, 0x91ac0000)
  object space 186624K, 65% used [0x67000000,0x6e7a8500,0x72640000)
 Metaspace       used 77101K, capacity 79430K, committed 89472K, reserved 90416K
Event: 8784.160 GC heap after
Heap after GC invocations=75 (full 28):
 PSYoungGen      total 282880K, used 26545K [0x91ac0000, 0xa6dc0000, 0xa7000000)
  eden space 256256K, 0% used [0x91ac0000,0x91ac0000,0xa1500000)
  from space 26624K, 99% used [0xa1500000,0xa2eec670,0xa2f00000)
  to   space 45312K, 0% used [0xa4180000,0xa4180000,0xa6dc0000)
 ParOldGen       total 186624K, used 122533K [0x67000000, 0x72640000, 0x91ac0000)
  object space 186624K, 65% used [0x67000000,0x6e7a9500,0x72640000)
 Metaspace       used 77101K, capacity 79430K, committed 89472K, reserved 90416K
}
Event: 8790.298 GC heap before
{Heap before GC invocations=76 (full 28):
 PSYoungGen      total 282880K, used 282801K [0x91ac0000, 0xa6dc0000, 0xa7000000)
  eden space 256256K, 100% used [0x91ac0000,0xa1500000,0xa1500000)
  from space 26624K, 99% used [0xa1500000,0xa2eec670,0xa2f00000)
  to   space 45312K, 0% used [0xa4180000,0xa4180000,0xa6dc0000)
 ParOldGen       total 186624K, used 122533K [0x67000000, 0x72640000, 0x91ac0000)
  object space 186624K, 65% used [0x67000000,0x6e7a9500,0x72640000)
 Metaspace       used 77117K, capacity 79462K, committed 89472K, reserved 90416K
Event: 8790.394 GC heap after
Heap after GC invocations=76 (full 28):
 PSYoungGen      total 302080K, used 21482K [0x91ac0000, 0xa7000000, 0xa7000000)
  eden space 256768K, 0% used [0x91ac0000,0x91ac0000,0xa1580000)
  from space 45312K, 47% used [0xa4180000,0xa567aa28,0xa6dc0000)
  to   space 45056K, 0% used [0xa1580000,0xa1580000,0xa4180000)
 ParOldGen       total 186624K, used 122533K [0x67000000, 0x72640000, 0x91ac0000)
  object space 186624K, 65% used [0x67000000,0x6e7a9500,0x72640000)
 Metaspace       used 77117K, capacity 79462K, committed 89472K, reserved 90416K
}
Event: 8798.151 GC heap before
{Heap before GC invocations=77 (full 28):
 PSYoungGen      total 302080K, used 278250K [0x91ac0000, 0xa7000000, 0xa7000000)
  eden space 256768K, 100% used [0x91ac0000,0xa1580000,0xa1580000)
  from space 45312K, 47% used [0xa4180000,0xa567aa28,0xa6dc0000)
  to   space 45056K, 0% used [0xa1580000,0xa1580000,0xa4180000)
 ParOldGen       total 186624K, used 122533K [0x67000000, 0x72640000, 0x91ac0000)
  object space 186624K, 65% used [0x67000000,0x6e7a9500,0x72640000)
 Metaspace       used 79651K, capacity 82087K, committed 89472K, reserved 90416K
Event: 8798.239 GC heap after
Heap after GC invocations=77 (full 28):
 PSYoungGen      total 301824K, used 24993K [0x91ac0000, 0xa6dc0000, 0xa7000000)
  eden space 256768K, 0% used [0x91ac0000,0x91ac0000,0xa1580000)
  from space 45056K, 55% used [0xa1580000,0xa2de8730,0xa4180000)
  to   space 44032K, 0% used [0xa42c0000,0xa42c0000,0xa6dc0000)
 ParOldGen       total 186624K, used 122533K [0x67000000, 0x72640000, 0x91ac0000)
  object space 186624K, 65% used [0x67000000,0x6e7a9500,0x72640000)
 Metaspace       used 79651K, capacity 82087K, committed 89472K, reserved 90416K
}

Deoptimization events (10 events):
Event: 8797.804 Thread 0x63653400 Uncommon trap: reason=class_check action=maybe_recompile pc=0xa9b650b4 method=com.google.common.collect.AbstractMapBasedMultimap$WrappedCollection.refreshIfEmpty()V @ 40
Event: 8797.804 Thread 0x63653400 Uncommon trap: reason=class_check action=maybe_recompile pc=0xa9b650b4 method=com.google.common.collect.AbstractMapBasedMultimap$WrappedCollection.refreshIfEmpty()V @ 40
Event: 8797.807 Thread 0x63653400 Uncommon trap: reason=class_check action=maybe_recompile pc=0xa9b650b4 method=com.google.common.collect.AbstractMapBasedMultimap$WrappedCollection.refreshIfEmpty()V @ 40
Event: 8797.807 Thread 0x63653400 Uncommon trap: reason=class_check action=maybe_recompile pc=0xa9b65964 method=com.google.common.collect.AbstractMapBasedMultimap$WrappedCollection.refreshIfEmpty()V @ 40
Event: 8797.807 Thread 0x63653400 Uncommon trap: reason=class_check action=maybe_recompile pc=0xa7da411c method=com.google.common.collect.AbstractMapBasedMultimap.iteratorOrListIterator(Ljava/util/Collection;)Ljava/util/Iterator; @ 1
Event: 8797.807 Thread 0x63653400 Uncommon trap: reason=class_check action=maybe_recompile pc=0xa81e7d0c method=com.google.common.collect.AbstractMapBasedMultimap$WrappedCollection.refreshIfEmpty()V @ 40
Event: 8797.807 Thread 0x63653400 Uncommon trap: reason=class_check action=maybe_recompile pc=0xa7810dc8 method=com.google.common.collect.AbstractMapBasedMultimap$WrappedCollection.refreshIfEmpty()V @ 40
Event: 8797.807 Thread 0x63653400 Uncommon trap: reason=class_check action=maybe_recompile pc=0xa7da411c method=com.google.common.collect.AbstractMapBasedMultimap.iteratorOrListIterator(Ljava/util/Collection;)Ljava/util/Iterator; @ 1
Event: 8797.807 Thread 0x63653400 Uncommon trap: reason=class_check action=maybe_recompile pc=0xa7da411c method=com.google.common.collect.AbstractMapBasedMultimap.iteratorOrListIterator(Ljava/util/Collection;)Ljava/util/Iterator; @ 1
Event: 8797.835 Thread 0x63653400 Uncommon trap: reason=class_check action=maybe_recompile pc=0xa7da411c method=com.google.common.collect.AbstractMapBasedMultimap.iteratorOrListIterator(Ljava/util/Collection;)Ljava/util/Iterator; @ 1

Internal exceptions (10 events):
Event: 8802.705 Thread 0x5ac89000 Exception <a 'java/lang/ClassNotFoundException': com/google/common/hash/MessageDigestHashFunctionBeanInfo> (0xa09be450) thrown at [/HUDSON/workspace/8-2-build-linux-i586/jdk8u20/1074/hotspot/src/share/vm/classfile/systemDictionary.cpp, line 202]
Event: 8802.705 Thread 0x5ac89000 Exception <a 'java/security/PrivilegedActionException'> (0xa09c2b80) thrown at [/HUDSON/workspace/8-2-build-linux-i586/jdk8u20/1074/hotspot/src/share/vm/prims/jvm.cpp, line 1275]
Event: 8802.706 Thread 0x5ac89000 Exception <a 'java/security/PrivilegedActionException'> (0xa09c6f58) thrown at [/HUDSON/workspace/8-2-build-linux-i586/jdk8u20/1074/hotspot/src/share/vm/prims/jvm.cpp, line 1275]
Event: 8802.706 Thread 0x5ac89000 Exception <a 'java/lang/ClassNotFoundException': com/google/common/hash/AbstractStreamingHashFunctionBeanInfo> (0xa09c7330) thrown at [/HUDSON/workspace/8-2-build-linux-i586/jdk8u20/1074/hotspot/src/share/vm/classfile/systemDictionary.cpp, line 202]
Event: 8802.710 Thread 0x5ac89000 Exception <a 'java/security/PrivilegedActionException'> (0xa09cbb28) thrown at [/HUDSON/workspace/8-2-build-linux-i586/jdk8u20/1074/hotspot/src/share/vm/prims/jvm.cpp, line 1275]
Event: 8802.710 Thread 0x5ac89000 Exception <a 'java/security/PrivilegedActionException'> (0xa09d0008) thrown at [/HUDSON/workspace/8-2-build-linux-i586/jdk8u20/1074/hotspot/src/share/vm/prims/jvm.cpp, line 1275]
Event: 8802.710 Thread 0x5ac89000 Exception <a 'java/lang/ClassNotFoundException': com/google/common/hash/AbstractStreamingHashFunctionCustomizer> (0xa09d03e0) thrown at [/HUDSON/workspace/8-2-build-linux-i586/jdk8u20/1074/hotspot/src/share/vm/classfile/systemDictionary.cpp, line 202]
Event: 8802.711 Thread 0x5ac89000 Exception <a 'java/security/PrivilegedActionException'> (0xa09dbca8) thrown at [/HUDSON/workspace/8-2-build-linux-i586/jdk8u20/1074/hotspot/src/share/vm/prims/jvm.cpp, line 1275]
Event: 8802.711 Thread 0x5ac89000 Exception <a 'java/security/PrivilegedActionException'> (0xa09dffa8) thrown at [/HUDSON/workspace/8-2-build-linux-i586/jdk8u20/1074/hotspot/src/share/vm/prims/jvm.cpp, line 1275]
Event: 8802.711 Thread 0x5ac89000 Exception <a 'java/lang/ClassNotFoundException': com/google/common/hash/MessageDigestHashFunctionCustomizer> (0xa09e0378) thrown at [/HUDSON/workspace/8-2-build-linux-i586/jdk8u20/1074/hotspot/src/share/vm/classfile/systemDictionary.cpp, line 202]

Events (10 events):
Event: 8816.228 Thread 0x66a36000 flushing nmethod 0xa8839188
Event: 8816.228 Thread 0x66a36000 flushing nmethod 0xa8839448
Event: 8816.228 Thread 0x66a36000 flushing nmethod 0xa8845248
Event: 8816.228 Thread 0x66a36000 flushing nmethod 0xa884c988
Event: 8816.228 Thread 0x66a36000 flushing nmethod 0xa884de08
Event: 8816.229 Thread 0x66a36000 flushing nmethod 0xa894ec08
Event: 8816.238 Thread 0x66a36000 flushing nmethod 0xa8c72708
Event: 8816.238 Thread 0x66a36000 flushing nmethod 0xa8c7a288
Event: 8816.238 Thread 0x66a36000 flushing nmethod 0xa8cc0348
Event: 8816.239 Thread 0x66a36000 flushing nmethod 0xa8ce29c8


Dynamic libraries:
08048000-08049000 r-xp 00000000 08:02 663210     /opt/java/bin/java
08049000-0804a000 rw-p 00000000 08:02 663210     /opt/java/bin/java
091f2000-0b3bc000 rw-p 00000000 00:00 0          [heap]
57f00000-57f20000 rw-p 00000000 00:00 0 
57f20000-58000000 ---p 00000000 00:00 0 
58100000-581b8000 rw-p 00000000 00:00 0 
581b8000-58200000 ---p 00000000 00:00 0 
58200000-58300000 rw-p 00000000 00:00 0 
58400000-584ff000 rw-p 00000000 00:00 0 
584ff000-58500000 ---p 00000000 00:00 0 
58600000-58700000 rw-p 00000000 00:00 0 
58b00000-58bff000 rw-p 00000000 00:00 0 
58bff000-58c00000 ---p 00000000 00:00 0 
58e00000-58efc000 rw-p 00000000 00:00 0 
58efc000-58f00000 ---p 00000000 00:00 0 
59100000-59200000 rw-p 00000000 00:00 0 
59300000-59400000 rw-p 00000000 00:00 0 
59500000-59600000 rw-p 00000000 00:00 0 
59600000-59700000 rw-p 00000000 00:00 0 
59900000-59a00000 rw-p 00000000 00:00 0 
59b00000-59b2c000 rw-p 00000000 00:00 0 
59b2c000-59c00000 ---p 00000000 00:00 0 
59d00000-59e00000 rw-p 00000000 00:00 0 
59e00000-59ef9000 rw-p 00000000 00:00 0 
59ef9000-59f00000 ---p 00000000 00:00 0 
59f00000-59ffd000 rw-p 00000000 00:00 0 
59ffd000-5a000000 ---p 00000000 00:00 0 
5a100000-5a1c0000 rw-p 00000000 00:00 0 
5a1c0000-5a200000 ---p 00000000 00:00 0 
5a200000-5a300000 rw-p 00000000 00:00 0 
5a300000-5a400000 rw-p 00000000 00:00 0 
5a400000-5a500000 rw-p 00000000 00:00 0 
5a500000-5a600000 rw-p 00000000 00:00 0 
5a600000-5a700000 rw-p 00000000 00:00 0 
5a700000-5a800000 rw-p 00000000 00:00 0 
5a900000-5a9fa000 rw-p 00000000 00:00 0 
5a9fa000-5aa00000 ---p 00000000 00:00 0 
5aa00000-5ab00000 rw-p 00000000 00:00 0 
5ac00000-5acfd000 rw-p 00000000 00:00 0 
5acfd000-5ad00000 ---p 00000000 00:00 0 
5ad00000-5ae00000 rw-p 00000000 00:00 0 
5ae00000-5aefe000 rw-p 00000000 00:00 0 
5aefe000-5af00000 ---p 00000000 00:00 0 
5af00000-5b000000 rw-p 00000000 00:00 0 
5b000000-5b100000 rw-p 00000000 00:00 0 
5b200000-5b2ae000 rw-p 00000000 00:00 0 
5b2ae000-5b300000 ---p 00000000 00:00 0 
5b400000-5b500000 rw-p 00000000 00:00 0 
5b500000-5b600000 rw-p 00000000 00:00 0 
5b600000-5b6fe000 rw-p 00000000 00:00 0 
5b6fe000-5b700000 ---p 00000000 00:00 0 
5b700000-5b7fe000 rw-p 00000000 00:00 0 
5b7fe000-5b800000 ---p 00000000 00:00 0 
5b800000-5b8fc000 rw-p 00000000 00:00 0 
5b8fc000-5b900000 ---p 00000000 00:00 0 
5b900000-5b9fc000 rw-p 00000000 00:00 0 
5b9fc000-5ba00000 ---p 00000000 00:00 0 
5bb00000-5bc00000 rw-p 00000000 00:00 0 
5bc00000-5bd00000 rw-p 00000000 00:00 0 
5be00000-5befe000 rw-p 00000000 00:00 0 
5befe000-5bf00000 ---p 00000000 00:00 0 
5c000000-5c0f9000 rw-p 00000000 00:00 0 
5c0f9000-5c100000 ---p 00000000 00:00 0 
5c105000-5c300000 rw-p 00000000 00:00 0 
5c300000-5c400000 rw-p 00000000 00:00 0 
5c400000-5c500000 rw-p 00000000 00:00 0 
5c600000-5c700000 rw-p 00000000 00:00 0 
5c700000-5c7fa000 rw-p 00000000 00:00 0 
5c7fa000-5c800000 ---p 00000000 00:00 0 
5c800000-5ca00000 rw-p 00000000 00:00 0 
5ca00000-5cafa000 rw-p 00000000 00:00 0 
5cafa000-5cb00000 ---p 00000000 00:00 0 
5cb00000-5cc00000 rw-p 00000000 00:00 0 
5cc00000-5cd00000 rw-p 00000000 00:00 0 
5cd00000-5ce00000 rw-p 00000000 00:00 0 
5ce00000-5cf00000 rw-p 00000000 00:00 0 
5d000000-5d0fe000 rw-p 00000000 00:00 0 
5d0fe000-5d100000 ---p 00000000 00:00 0 
5d100000-5d200000 rw-p 00000000 00:00 0 
5d200000-5d300000 rw-p 00000000 00:00 0 
5d300000-5d400000 rw-p 00000000 00:00 0 
5d400000-5d500000 rw-p 00000000 00:00 0 
5d500000-5d600000 rw-p 00000000 00:00 0 
5d600000-5d700000 rw-p 00000000 00:00 0 
5d700000-5d800000 rw-p 00000000 00:00 0 
5d900000-5da00000 rw-p 00000000 00:00 0 
5da00000-5dc00000 rw-p 00000000 00:00 0 
5dc00000-5dd00000 rw-p 00000000 00:00 0 
5dd00000-5de00000 rw-p 00000000 00:00 0 
5de00000-5df00000 rw-p 00000000 00:00 0 
5df00000-5dffe000 rw-p 00000000 00:00 0 
5dffe000-5e000000 ---p 00000000 00:00 0 
5e000000-5e100000 rw-p 00000000 00:00 0 
5e100000-5e1f9000 rw-p 00000000 00:00 0 
5e1f9000-5e200000 ---p 00000000 00:00 0 
5e200000-5e300000 rw-p 00000000 00:00 0 
5e300000-5e3fa000 rw-p 00000000 00:00 0 
5e3fa000-5e400000 ---p 00000000 00:00 0 
5e400000-5e500000 rw-p 00000000 00:00 0 
5e500000-5e600000 rw-p 00000000 00:00 0 
5e600000-5e700000 rw-p 00000000 00:00 0 
5e700000-5e7c0000 rw-p 00000000 00:00 0 
5e7c0000-5e800000 ---p 00000000 00:00 0 
5e800000-5e900000 rw-p 00000000 00:00 0 
5e900000-5e9f9000 rw-p 00000000 00:00 0 
5e9f9000-5ea00000 ---p 00000000 00:00 0 
5ea00000-5eaff000 rw-p 00000000 00:00 0 
5eaff000-5eb00000 ---p 00000000 00:00 0 
5eb00000-5ec00000 rw-p 00000000 00:00 0 
5ec00000-5ed00000 rw-p 00000000 00:00 0 
5ed48000-5ee48000 rw-p 00000000 00:00 0 
5ee48000-5ef48000 rw-p 00000000 00:00 0 
5ef61000-5f039000 r--s 0137c000 08:02 813030     /opt/android-sdk/platforms/android-20/android.jar
5f039000-5f139000 rw-p 00000000 00:00 0 
5f200000-5f300000 rw-p 00000000 00:00 0 
5f300000-5f400000 rw-p 00000000 00:00 0 
5f400000-5f500000 rw-p 00000000 00:00 0 
5f500000-5f600000 rw-p 00000000 00:00 0 
5f600000-5f700000 rw-p 00000000 00:00 0 
5f700000-5f800000 rw-p 00000000 00:00 0 
5f800000-5f8fb000 rw-p 00000000 00:00 0 
5f8fb000-5f900000 ---p 00000000 00:00 0 
5f900000-5f9ff000 rw-p 00000000 00:00 0 
5f9ff000-5fa00000 ---p 00000000 00:00 0 
5fa00000-5fb00000 rw-p 00000000 00:00 0 
5fb00000-5fc00000 rw-p 00000000 00:00 0 
5fc00000-5fd00000 rw-p 00000000 00:00 0 
5fd00000-5fdf4000 rw-p 00000000 00:00 0 
5fdf4000-5fe00000 ---p 00000000 00:00 0 
5fe00000-5ff00000 rw-p 00000000 00:00 0 
5ff00000-5fffd000 rw-p 00000000 00:00 0 
5fffd000-60000000 ---p 00000000 00:00 0 
60000000-60100000 rw-p 00000000 00:00 0 
60100000-60200000 rw-p 00000000 00:00 0 
60200000-60300000 rw-p 00000000 00:00 0 
60300000-60400000 rw-p 00000000 00:00 0 
60400000-60600000 rw-p 00000000 00:00 0 
60600000-606fe000 rw-p 00000000 00:00 0 
606fe000-60700000 ---p 00000000 00:00 0 
60766000-607bc000 r--s 00303000 08:03 4063466    /home/mjt/AndroidStudioProjects/phonethings/app/build/intermediates/exploded-aar/com.google.android.gms/play-services/6.5.87/classes.jar
607bc000-608bc000 rw-p 00000000 00:00 0 
608bc000-608bf000 ---p 00000000 00:00 0 
608bf000-6090d000 rw-p 00000000 00:00 0          [stack:25187]
6090d000-60910000 ---p 00000000 00:00 0 
60910000-6095e000 rw-p 00000000 00:00 0          [stack:26488]
6095e000-60961000 ---p 00000000 00:00 0 
60961000-609af000 rw-p 00000000 00:00 0 
609af000-609b2000 ---p 00000000 00:00 0 
609b2000-60b00000 rw-p 00000000 00:00 0          [stack:26494]
60b00000-60c00000 rw-p 00000000 00:00 0 
60c00000-60d00000 rw-p 00000000 00:00 0 
60d00000-60e00000 rw-p 00000000 00:00 0 
60e00000-60f00000 rw-p 00000000 00:00 0 
60f00000-61000000 rw-p 00000000 00:00 0 
61006000-61009000 ---p 00000000 00:00 0 
61009000-61057000 rw-p 00000000 00:00 0          [stack:26495]
61057000-6105a000 ---p 00000000 00:00 0 
6105a000-610a8000 rw-p 00000000 00:00 0          [stack:25159]
610a8000-610ab000 ---p 00000000 00:00 0 
610ab000-611f9000 rw-p 00000000 00:00 0 
611f9000-612f9000 rw-p 00000000 00:00 0 
61300000-61400000 rw-p 00000000 00:00 0 
61400000-61500000 rw-p 00000000 00:00 0 
61500000-615f9000 rw-p 00000000 00:00 0 
615f9000-61600000 ---p 00000000 00:00 0 
6161f000-6171f000 rw-p 00000000 00:00 0 
61767000-6176a000 ---p 00000000 00:00 0 
6176a000-618b2000 rw-p 00000000 00:00 0          [stack:25163]
618b2000-618b8000 ---p 00000000 00:00 0 
618bb000-618be000 ---p 00000000 00:00 0 
618be000-61a0c000 rw-p 00000000 00:00 0 
61a0c000-61b0c000 rw-p 00000000 00:00 0 
61b0c000-61c0c000 rw-p 00000000 00:00 0 
61c1d000-61c1e000 r--s 00002000 08:02 160712     /opt/android-sdk/extras/android/m2repository/com/android/support/support-annotations/21.0.0/support-annotations-21.0.0.jar
61c1e000-61c24000 r--s 00052000 08:03 3933389    /home/mjt/AndroidStudioProjects/phonethings/app/build/intermediates/exploded-aar/com.android.support/appcompat-v7/20.0.0/classes.jar
61c24000-61c34000 r--s 000a9000 08:03 4063435    /home/mjt/AndroidStudioProjects/phonethings/app/build/intermediates/exploded-aar/com.android.support/support-v4/21.0.0/classes.jar
61c34000-61c37000 ---p 00000000 00:00 0 
61c37000-61c4d000 rw-p 00000000 00:00 0          [stack:25191]
61c4d000-61c61000 r-xp 00000000 08:02 527434     /usr/lib/libresolv-2.20.so
61c61000-61c62000 ---p 00014000 08:02 527434     /usr/lib/libresolv-2.20.so
61c62000-61c63000 r--p 00014000 08:02 527434     /usr/lib/libresolv-2.20.so
61c63000-61c64000 rw-p 00015000 08:02 527434     /usr/lib/libresolv-2.20.so
61c64000-61c66000 rw-p 00000000 00:00 0 
61c66000-61c6b000 r-xp 00000000 08:02 527436     /usr/lib/libnss_dns-2.20.so
61c6b000-61c6c000 r--p 00004000 08:02 527436     /usr/lib/libnss_dns-2.20.so
61c6c000-61c6d000 rw-p 00005000 08:02 527436     /usr/lib/libnss_dns-2.20.so
61c6d000-61c75000 r--s 0002c000 08:03 4063437    /home/mjt/AndroidStudioProjects/phonethings/app/build/intermediates/exploded-aar/com.android.support/support-v4/21.0.0/libs/internal_impl-21.0.0.jar
61c75000-61c88000 r--s 00344000 08:02 682555     /opt/java/jre/lib/resources.jar
61c88000-61c8d000 r--s 0003f000 08:02 682939     /opt/java/jre/lib/ext/sunjce_provider.jar
61c8d000-61cc0000 r-xp 00000000 08:02 682583     /opt/java/jre/lib/i386/libsunec.so
61cc0000-61cc4000 rw-p 00032000 08:02 682583     /opt/java/jre/lib/i386/libsunec.so
61cc4000-61cc8000 rw-p 00000000 00:00 0 
61cc8000-61cc9000 r--s 00009000 08:02 682940     /opt/java/jre/lib/ext/sunec.jar
61cc9000-61ccc000 r--s 0003a000 08:02 682941     /opt/java/jre/lib/ext/sunpkcs11.jar
61ccc000-61cce000 r--s 0001a000 08:02 682574     /opt/java/jre/lib/jce.jar
61cce000-61cd0000 r--s 00001000 08:02 682942     /opt/java/jre/lib/ext/dnsns.jar
61cd0000-61cd2000 r--s 00004000 08:03 2884296    /home/mjt/.gradle/caches/modules-2/files-2.1/org.ow2.asm/asm-tree/4.0/67bd266cd17adcee486b76952ece4cc85fe248b8/asm-tree-4.0.jar
61cd2000-61cdb000 r--s 000a7000 08:03 2884294    /home/mjt/.gradle/caches/modules-2/files-2.1/com.android.tools.external.lombok/lombok-ast/0.2.2/57e560b535ceaa14fb6f15422d74594acd6c5b64/lombok-ast-0.2.2.jar
61cdb000-61cdd000 r--s 0000a000 08:03 2884292    /home/mjt/.gradle/caches/modules-2/files-2.1/org.ow2.asm/asm/4.0/659add6efc75a4715d738e73f07505246edf4d66/asm-4.0.jar
61cdd000-61cdf000 r--s 0000d000 08:03 2884302    /home/mjt/.gradle/caches/modules-2/files-2.1/commons-codec/commons-codec/1.4/4216af16d38465bbab0f3dff8efa14204f7a399a/commons-codec-1.4.jar
61cdf000-61ce1000 r--s 0000d000 08:03 2884300    /home/mjt/.gradle/caches/modules-2/files-2.1/commons-logging/commons-logging/1.1.1/5043bfebc3db072ed80fbd362e7caf00e885d8ae/commons-logging-1.1.1.jar
61ce1000-61ce6000 r--s 00028000 08:03 2884298    /home/mjt/.gradle/caches/modules-2/files-2.1/org.apache.httpcomponents/httpcore/4.1/33fc26c02f8043ab0ede19eadc8c9885386b255c/httpcore-4.1.jar
61ce6000-61ce7000 r--s 00004000 08:03 2884272    /home/mjt/.gradle/caches/modules-2/files-2.1/org.ow2.asm/asm-analysis/4.0/1c45d52b6f6c638db13cf3ac12adeb56b254cdd7/asm-analysis-4.0.jar
61ce7000-61cea000 r--s 00029000 08:03 3412410    /home/mjt/.gradle/caches/modules-2/files-2.1/com.android.tools.lint/lint-api/24.0.0/f7b3b232bc6a2a48a48dd3aedb80113c82d6acba/lint-api-24.0.0.jar
61cea000-61cf1000 r--s 00053000 08:03 2884286    /home/mjt/.gradle/caches/modules-2/files-2.1/org.apache.commons/commons-compress/1.8.1/a698750c16740fd5b3871425f4cb3bbaa87f529d/commons-compress-1.8.1.jar
61cf1000-61cf2000 r--s 00005000 08:03 3281300    /home/mjt/.gradle/caches/modules-2/files-2.1/com.android.tools/dvlib/24.0.0/ae24752eb30a9154f5a3d822b64d28d709b9c30b/dvlib-24.0.0.jar
61cf2000-61cf4000 r--s 00005000 08:03 2884282    /home/mjt/.gradle/caches/modules-2/files-2.1/org.apache.httpcomponents/httpmime/4.1/9ba2dcdf94ce35c8a8e9bff242db0618ca932e92/httpmime-4.1.jar
61cf4000-61cfc000 r--s 0004e000 08:03 2884278    /home/mjt/.gradle/caches/modules-2/files-2.1/org.apache.httpcomponents/httpclient/4.1.1/3d1d918f32709e33ba7ddb2c4e8d1c543ebe713e/httpclient-4.1.1.jar
61cfc000-61cff000 r--s 00011000 08:03 3018467    /home/mjt/.gradle/caches/modules-2/files-2.1/com.android.tools.layoutlib/layoutlib-api/24.0.0/a43d5bf045da108875a860767c453078b0d77795/layoutlib-api-24.0.0.jar
61cff000-61d00000 r--s 0000a000 08:03 2884274    /home/mjt/.gradle/caches/modules-2/files-2.1/net.sf.kxml/kxml2/2.3.0/ccbc77a5fd907ef863c29f3596c6f54ffa4e9442/kxml2-2.3.0.jar
61d00000-61e00000 rw-p 00000000 00:00 0 
61e00000-61efe000 rw-p 00000000 00:00 0 
61efe000-61f00000 ---p 00000000 00:00 0 
61f00000-62000000 rw-p 00000000 00:00 0 
62000000-62100000 rw-p 00000000 00:00 0 
62100000-621fd000 rw-p 00000000 00:00 0 
621fd000-62200000 ---p 00000000 00:00 0 
62200000-6222b000 r--s 001f9000 08:03 4066722    /home/mjt/.gradle/caches/modules-2/files-2.1/com.google.guava/guava/17.0/9c6ef172e8de35fd8d4d8783e4821e57cdef7445/guava-17.0.jar
6222b000-6223b000 r--s 000d3000 08:03 4066720    /home/mjt/.gradle/caches/modules-2/files-2.1/net.sf.proguard/proguard-base/5.1/dc606dd778fe4685be16d5a171782ccfe0ef5637/proguard-base-5.1.jar
6223b000-6224a000 r--s 001a9000 08:03 2884248    /home/mjt/.gradle/caches/modules-2/files-2.1/org.eclipse.jdt.core.compiler/ecj/4.2.2/d9fd79499c664bccaf24dbe04be417de6c6af64a/ecj-4.2.2.jar
6224a000-6224f000 r--s 0008c000 08:03 4066718    /home/mjt/.gradle/caches/modules-2/files-2.1/com.android.tools.lint/lint-checks/24.0.0/9cb8d9c675a7716ac6f4d20df0ef0aba0e4519f5/lint-checks-24.0.0.jar
6224f000-6225d000 r--s 00081000 08:03 2884268    /home/mjt/.gradle/caches/modules-2/files-2.1/org.bouncycastle/bcpkix-jdk15on/1.48/28b7614b908a47844bb27e3c94b45b6893656265/bcpkix-jdk15on-1.48.jar
6225d000-62267000 r--s 000a8000 08:03 4066716    /home/mjt/.gradle/caches/modules-2/files-2.1/com.android.tools/sdklib/24.0.0/df228874ac1c933b64492bdbe2d9bab5ab434166/sdklib-24.0.0.jar
62267000-62269000 r--s 00003000 08:03 4066714    /home/mjt/.gradle/caches/modules-2/files-2.1/com.android.tools.build/builder-model/1.0.0/2a3969a9082b47a4855395de918682eee946285a/builder-model-1.0.0.jar
62269000-6226e000 r--s 00042000 08:03 3933817    /home/mjt/.gradle/caches/modules-2/files-2.1/com.android.tools.ddms/ddmlib/24.0.0/25b4cd0c917c47ce599008f4431ecffa0a57b51a/ddmlib-24.0.0.jar
6226e000-622a1000 r--s 00203000 08:03 2884290    /home/mjt/.gradle/caches/modules-2/files-2.1/org.bouncycastle/bcprov-jdk15on/1.48/960dea7c9181ba0b17e8bab0c06a43f0a5f04e65/bcprov-jdk15on-1.48.jar
622a1000-622a4000 ---p 00000000 00:00 0 
622a4000-623f2000 rw-p 00000000 00:00 0          [stack:14270]
623f2000-624f2000 rw-p 00000000 00:00 0 
624f2000-625f2000 rw-p 00000000 00:00 0 
625f2000-626f2000 rw-p 00000000 00:00 0 
626f2000-6276b000 r--s 010df000 08:02 682948     /opt/java/lib/tools.jar
6276b000-6276e000 ---p 00000000 00:00 0 
6276e000-627bc000 rw-p 00000000 00:00 0          [stack:25186]
627bc000-627bf000 ---p 00000000 00:00 0 
627bf000-6280d000 rw-p 00000000 00:00 0          [stack:25158]
6280d000-62810000 ---p 00000000 00:00 0 
62810000-6285e000 rw-p 00000000 00:00 0          [stack:26489]
6285e000-62861000 ---p 00000000 00:00 0 
62861000-628af000 rw-p 00000000 00:00 0          [stack:25160]
628af000-628b2000 ---p 00000000 00:00 0 
628b2000-62a00000 rw-p 00000000 00:00 0          [stack:25157]
62a00000-62a55000 rw-p 00000000 00:00 0 
62a55000-62b00000 ---p 00000000 00:00 0 
62b00000-62b03000 r--s 00029000 08:03 4066712    /home/mjt/.gradle/caches/modules-2/files-2.1/com.android.tools.build/manifest-merger/24.0.0/d0193672ed299817e4be2ba1caeeda4924b0e447/manifest-merger-24.0.0.jar
62b03000-62b04000 r--s 00000000 08:03 3933815    /home/mjt/.gradle/caches/modules-2/files-2.1/com.android.tools.build/builder-test-api/1.0.0/2d6ea74b74f8d928e468ff623825d22a5d8a1649/builder-test-api-1.0.0.jar
62b04000-62b06000 r--s 00014000 08:03 3933813    /home/mjt/.gradle/caches/modules-2/files-2.1/com.android.tools/common/24.0.0/271771234c82097345fb73c9571c403e22f62faf/common-24.0.0.jar
62b06000-62b0b000 r--s 00047000 08:03 3018465    /home/mjt/.gradle/caches/modules-2/files-2.1/com.android.tools/sdk-common/24.0.0/ebb1e063b8c370a88a38bf46036dce3892fe6c01/sdk-common-24.0.0.jar
62b0b000-62b1b000 r--s 00138000 08:03 2495665    /home/mjt/.gradle/caches/modules-2/files-2.1/com.android.tools.build/gradle/1.0.0/79f4ed9b6582ecec4d7b35aecfa45fbc48dadb96/gradle-1.0.0.jar
62b1b000-62b1e000 ---p 00000000 00:00 0 
62b1e000-62b34000 rw-p 00000000 00:00 0          [stack:25190]
62b34000-62b37000 ---p 00000000 00:00 0 
62b37000-62b85000 rw-p 00000000 00:00 0          [stack:14234]
62b85000-62b94000 r-xp 00000000 08:02 682795     /opt/java/jre/lib/i386/libnio.so
62b94000-62b95000 rw-p 0000e000 08:02 682795     /opt/java/jre/lib/i386/libnio.so
62b95000-62bb1000 r-xp 00000000 08:02 527879     /usr/lib/libgcc_s.so.1
62bb1000-62bb2000 rw-p 0001b000 08:02 527879     /usr/lib/libgcc_s.so.1
62bb2000-62c9b000 r-xp 00000000 08:02 527883     /usr/lib/libstdc++.so.6.0.20
62c9b000-62c9f000 r--p 000e9000 08:02 527883     /usr/lib/libstdc++.so.6.0.20
62c9f000-62ca0000 rw-p 000ed000 08:02 527883     /usr/lib/libstdc++.so.6.0.20
62ca0000-62ca7000 rw-p 00000000 00:00 0 
62ca7000-62ca9000 r--s 00002000 08:03 2884266    /home/mjt/.gradle/caches/modules-2/files-2.1/com.squareup/javawriter/2.5.0/81241ff7078ef14f42ea2a8995fa09c096256e6b/javawriter-2.5.0.jar
62ca9000-62caa000 r--s 00002000 08:03 2624480    /home/mjt/.gradle/caches/modules-2/files-2.1/net.sf.proguard/proguard-gradle/5.1/672d43cbfde4765080e5bea19c51a2cc45dfc00/proguard-gradle-5.1.jar
62caa000-62cac000 r--s 00018000 08:03 2885940    /home/mjt/.gradle/caches/modules-2/files-2.1/com.android.tools.lint/lint/24.0.0/e3d6e09a113af66fd2e5dc6e4d2321d7b0d82328/lint-24.0.0.jar
62cac000-62cb0000 r--s 00031000 08:03 2624478    /home/mjt/.gradle/caches/modules-2/files-2.1/com.android.tools.build/builder/1.0.0/528fdfb8a4d51ae4177e7d913e88767916a84758/builder-1.0.0.jar
62cb0000-62cb1000 r--p 00000000 00:00 0 
62cb1000-62cc6000 r-xp 00000000 08:02 682794     /opt/java/jre/lib/i386/libnet.so
62cc6000-62cc7000 rw-p 00014000 08:02 682794     /opt/java/jre/lib/i386/libnet.so
62cc7000-62ccb000 r-xp 00000000 00:1d 4260914    /tmp/native-platform5547968897334652853dir/libnative-platform.so
62ccb000-62ccc000 rw-p 00003000 00:1d 4260914    /tmp/native-platform5547968897334652853dir/libnative-platform.so
62ccc000-62cd1000 r--s 00092000 08:02 682542     /opt/java/jre/lib/jsse.jar
62cd1000-62dd1000 rw-p 00000000 00:00 0 
62dd1000-62dd3000 r--s 00002000 08:03 2885413    /home/mjt/.gradle/wrapper/dists/gradle-2.2.1-all/c64ydeuardnfqctvr1gm30w53/gradle-2.2.1/lib/plugins/gradle-cunit-2.2.1.jar
62dd3000-62dd8000 r--s 00036000 08:03 2885412    /home/mjt/.gradle/wrapper/dists/gradle-2.2.1-all/c64ydeuardnfqctvr1gm30w53/gradle-2.2.1/lib/plugins/gradle-ide-native-2.2.1.jar
62dd8000-62ddd000 r--s 00013000 08:03 2885411    /home/mjt/.gradle/wrapper/dists/gradle-2.2.1-all/c64ydeuardnfqctvr1gm30w53/gradle-2.2.1/lib/plugins/gradle-language-native-2.2.1.jar
62ddd000-62de8000 r--s 0004d000 08:03 2885410    /home/mjt/.gradle/wrapper/dists/gradle-2.2.1-all/c64ydeuardnfqctvr1gm30w53/gradle-2.2.1/lib/plugins/gradle-platform-native-2.2.1.jar
62de8000-62ded000 r--s 00022000 08:03 2885408    /home/mjt/.gradle/wrapper/dists/gradle-2.2.1-all/c64ydeuardnfqctvr1gm30w53/gradle-2.2.1/lib/plugins/gradle-language-java-2.2.1.jar
62ded000-62df0000 r--s 00007000 08:03 2885407    /home/mjt/.gradle/wrapper/dists/gradle-2.2.1-all/c64ydeuardnfqctvr1gm30w53/gradle-2.2.1/lib/plugins/gradle-language-jvm-2.2.1.jar
62df0000-62df3000 r--s 00009000 08:03 2885406    /home/mjt/.gradle/wrapper/dists/gradle-2.2.1-all/c64ydeuardnfqctvr1gm30w53/gradle-2.2.1/lib/plugins/gradle-platform-jvm-2.2.1.jar
62df3000-62df8000 r--s 00018000 08:03 2885405    /home/mjt/.gradle/wrapper/dists/gradle-2.2.1-all/c64ydeuardnfqctvr1gm30w53/gradle-2.2.1/lib/plugins/gradle-platform-base-2.2.1.jar
62df8000-62dfd000 r--s 00026000 08:03 2885404    /home/mjt/.gradle/wrapper/dists/gradle-2.2.1-all/c64ydeuardnfqctvr1gm30w53/gradle-2.2.1/lib/plugins/gradle-build-init-2.2.1.jar
62dfd000-62e00000 r--s 0001d000 08:03 2885403    /home/mjt/.gradle/wrapper/dists/gradle-2.2.1-all/c64ydeuardnfqctvr1gm30w53/gradle-2.2.1/lib/plugins/gradle-jacoco-2.2.1.jar
62e00000-62ef9000 rw-p 00000000 00:00 0 
62ef9000-62f00000 ---p 00000000 00:00 0 
62f00000-63000000 rw-p 00000000 00:00 0 
63000000-630fa000 rw-p 00000000 00:00 0 
630fa000-63100000 ---p 00000000 00:00 0 
63100000-631fd000 rw-p 00000000 00:00 0 
631fd000-63200000 ---p 00000000 00:00 0 
63200000-63202000 r--s 00008000 08:03 2885409    /home/mjt/.gradle/wrapper/dists/gradle-2.2.1-all/c64ydeuardnfqctvr1gm30w53/gradle-2.2.1/lib/plugins/gradle-language-groovy-2.2.1.jar
63202000-63205000 r--s 0000d000 08:03 2885402    /home/mjt/.gradle/wrapper/dists/gradle-2.2.1-all/c64ydeuardnfqctvr1gm30w53/gradle-2.2.1/lib/plugins/gradle-ivy-2.2.1.jar
63205000-63209000 r--s 00025000 08:03 2885435    /home/mjt/.gradle/wrapper/dists/gradle-2.2.1-all/c64ydeuardnfqctvr1gm30w53/gradle-2.2.1/lib/plugins/bcpg-jdk15-1.46.jar
63209000-6320c000 r--s 0001d000 08:03 2885395    /home/mjt/.gradle/wrapper/dists/gradle-2.2.1-all/c64ydeuardnfqctvr1gm30w53/gradle-2.2.1/lib/plugins/gradle-signing-2.2.1.jar
6320c000-6320d000 r--s 00002000 08:03 2885434    /home/mjt/.gradle/wrapper/dists/gradle-2.2.1-all/c64ydeuardnfqctvr1gm30w53/gradle-2.2.1/lib/plugins/sonar-batch-bootstrapper-2.9.jar
6320d000-6320e000 r--s 00001000 08:03 2885414    /home/mjt/.gradle/wrapper/dists/gradle-2.2.1-all/c64ydeuardnfqctvr1gm30w53/gradle-2.2.1/lib/plugins/gradle-plugin-development-2.2.1.jar
6320e000-63210000 r--s 00002000 08:03 2885401    /home/mjt/.gradle/wrapper/dists/gradle-2.2.1-all/c64ydeuardnfqctvr1gm30w53/gradle-2.2.1/lib/plugins/gradle-publish-2.2.1.jar
63210000-63212000 r--s 00005000 08:03 2885439    /home/mjt/.gradle/wrapper/dists/gradle-2.2.1-all/c64ydeuardnfqctvr1gm30w53/gradle-2.2.1/lib/plugins/jatl-0.2.2.jar
63212000-63214000 r--s 0000f000 08:03 2885400    /home/mjt/.gradle/wrapper/dists/gradle-2.2.1-all/c64ydeuardnfqctvr1gm30w53/gradle-2.2.1/lib/plugins/gradle-reporting-2.2.1.jar
63214000-63219000 r--s 00034000 08:03 2885399    /home/mjt/.gradle/wrapper/dists/gradle-2.2.1-all/c64ydeuardnfqctvr1gm30w53/gradle-2.2.1/lib/plugins/gradle-diagnostics-2.2.1.jar
63219000-63220000 r--s 00090000 08:03 2885398    /home/mjt/.gradle/wrapper/dists/gradle-2.2.1-all/c64ydeuardnfqctvr1gm30w53/gradle-2.2.1/lib/plugins/gradle-build-comparison-2.2.1.jar
63220000-63227000 r--s 00035000 08:03 2885438    /home/mjt/.gradle/wrapper/dists/gradle-2.2.1-all/c64ydeuardnfqctvr1gm30w53/gradle-2.2.1/lib/plugins/simple-4.1.21.jar
63227000-63233000 r--s 00100000 08:03 2885436    /home/mjt/.gradle/wrapper/dists/gradle-2.2.1-all/c64ydeuardnfqctvr1gm30w53/gradle-2.2.1/lib/plugins/rhino-1.7R3.jar
63233000-63238000 r--s 0001f000 08:03 2885397    /home/mjt/.gradle/wrapper/dists/gradle-2.2.1-all/c64ydeuardnfqctvr1gm30w53/gradle-2.2.1/lib/plugins/gradle-javascript-2.2.1.jar
63238000-6323a000 r--s 0000e000 08:03 2885396    /home/mjt/.gradle/wrapper/dists/gradle-2.2.1-all/c64ydeuardnfqctvr1gm30w53/gradle-2.2.1/lib/plugins/gradle-ear-2.2.1.jar
6323a000-6323d000 r--s 00018000 08:03 2885394    /home/mjt/.gradle/wrapper/dists/gradle-2.2.1-all/c64ydeuardnfqctvr1gm30w53/gradle-2.2.1/lib/plugins/gradle-sonar-2.2.1.jar
6323d000-63240000 r--s 00017000 08:03 2885393    /home/mjt/.gradle/wrapper/dists/gradle-2.2.1-all/c64ydeuardnfqctvr1gm30w53/gradle-2.2.1/lib/plugins/gradle-scala-2.2.1.jar
63240000-63242000 r--s 0000e000 08:03 2885392    /home/mjt/.gradle/wrapper/dists/gradle-2.2.1-all/c64ydeuardnfqctvr1gm30w53/gradle-2.2.1/lib/plugins/gradle-announce-2.2.1.jar
63242000-63250000 r--s 000bc000 08:03 2885391    /home/mjt/.gradle/wrapper/dists/gradle-2.2.1-all/c64ydeuardnfqctvr1gm30w53/gradle-2.2.1/lib/plugins/gradle-ide-2.2.1.jar
63250000-63252000 r--s 00000000 08:03 2885433    /home/mjt/.gradle/wrapper/dists/gradle-2.2.1-all/c64ydeuardnfqctvr1gm30w53/gradle-2.2.1/lib/plugins/plexus-component-annotations-1.5.2.jar
63252000-63255000 r--s 0000c000 08:03 2885432    /home/mjt/.gradle/wrapper/dists/gradle-2.2.1-all/c64ydeuardnfqctvr1gm30w53/gradle-2.2.1/lib/plugins/pmaven-groovy-0.8-20100325.jar
63255000-63256000 r--s 00004000 08:03 2885431    /home/mjt/.gradle/wrapper/dists/gradle-2.2.1-all/c64ydeuardnfqctvr1gm30w53/gradle-2.2.1/lib/plugins/pmaven-common-0.8-20100325.jar
63256000-6325a000 r--s 0001e000 08:03 2885390    /home/mjt/.gradle/wrapper/dists/gradle-2.2.1-all/c64ydeuardnfqctvr1gm30w53/gradle-2.2.1/lib/plugins/gradle-maven-2.2.1.jar
6325a000-63272000 r--s 0013b000 08:03 2885429    /home/mjt/.gradle/wrapper/dists/gradle-2.2.1-all/c64ydeuardnfqctvr1gm30w53/gradle-2.2.1/lib/plugins/bndlib-2.1.0.jar
63272000-63274000 r--s 00004000 08:03 2885389    /home/mjt/.gradle/wrapper/dists/gradle-2.2.1-all/c64ydeuardnfqctvr1gm30w53/gradle-2.2.1/lib/plugins/gradle-osgi-2.2.1.jar
63274000-63279000 r--s 00068000 08:03 2885428    /home/mjt/.gradle/wrapper/dists/gradle-2.2.1-all/c64ydeuardnfqctvr1gm30w53/gradle-2.2.1/lib/plugins/antlr-2.7.7.jar
63279000-6327a000 r--s 00002000 08:03 2885427    /home/mjt/.gradle/wrapper/dists/gradle-2.2.1-all/c64ydeuardnfqctvr1gm30w53/gradle-2.2.1/lib/plugins/ant-antlr-1.9.3.jar
6327a000-6327c000 r--s 00004000 08:03 2885388    /home/mjt/.gradle/wrapper/dists/gradle-2.2.1-all/c64ydeuardnfqctvr1gm30w53/gradle-2.2.1/lib/plugins/gradle-antlr-2.2.1.jar
6327c000-6327f000 r--s 0001e000 08:03 2885450    /home/mjt/.gradle/wrapper/dists/gradle-2.2.1-all/c64ydeuardnfqctvr1gm30w53/gradle-2.2.1/lib/plugins/jsp-api-2.1-6.1.14.jar
6327f000-632a2000 r--s 00344000 08:03 2885449    /home/mjt/.gradle/wrapper/dists/gradle-2.2.1-all/c64ydeuardnfqctvr1gm30w53/gradle-2.2.1/lib/plugins/core-3.1.1.jar
632a2000-632a3000 r--s 00006000 08:03 2885448    /home/mjt/.gradle/wrapper/dists/gradle-2.2.1-all/c64ydeuardnfqctvr1gm30w53/gradle-2.2.1/lib/plugins/jetty-naming-6.1.25.jar
632a3000-632a5000 r--s 00002000 08:03 2885425    /home/mjt/.gradle/wrapper/dists/gradle-2.2.1-all/c64ydeuardnfqctvr1gm30w53/gradle-2.2.1/lib/plugins/jetty-annotations-6.1.25.jar
632a5000-632b6000 r--s 000ea000 08:03 2885424    /home/mjt/.gradle/wrapper/dists/gradle-2.2.1-all/c64ydeuardnfqctvr1gm30w53/gradle-2.2.1/lib/plugins/jsp-2.1-6.1.14.jar
632b6000-632b8000 r--s 0000d000 08:03 2885423    /home/mjt/.gradle/wrapper/dists/gradle-2.2.1-all/c64ydeuardnfqctvr1gm30w53/gradle-2.2.1/lib/plugins/jetty-plus-6.1.25.jar
632b8000-632ba000 r--s 0001f000 08:03 2885422    /home/mjt/.gradle/wrapper/dists/gradle-2.2.1-all/c64ydeuardnfqctvr1gm30w53/gradle-2.2.1/lib/plugins/servlet-api-2.5-20081211.jar
632ba000-632be000 r--s 00028000 08:03 2885421    /home/mjt/.gradle/wrapper/dists/gradle-2.2.1-all/c64ydeuardnfqctvr1gm30w53/gradle-2.2.1/lib/plugins/jetty-util-6.1.25.jar
632be000-632c5000 r--s 0007d000 08:03 2885420    /home/mjt/.gradle/wrapper/dists/gradle-2.2.1-all/c64ydeuardnfqctvr1gm30w53/gradle-2.2.1/lib/plugins/jetty-6.1.25.jar
632c5000-632c7000 r--s 00009000 08:03 2885387    /home/mjt/.gradle/wrapper/dists/gradle-2.2.1-all/c64ydeuardnfqctvr1gm30w53/gradle-2.2.1/lib/plugins/gradle-jetty-2.2.1.jar
632c7000-632cc000 r--s 00041000 08:03 2885386    /home/mjt/.gradle/wrapper/dists/gradle-2.2.1-all/c64ydeuardnfqctvr1gm30w53/gradle-2.2.1/lib/plugins/gradle-code-quality-2.2.1.jar
632cc000-632ce000 r--s 00009000 08:03 2885458    /home/mjt/.gradle/wrapper/dists/gradle-2.2.1-all/c64ydeuardnfqctvr1gm30w53/gradle-2.2.1/lib/plugins/hamcrest-core-1.3.jar
632ce000-632d4000 r--s 00033000 08:03 2885447    /home/mjt/.gradle/wrapper/dists/gradle-2.2.1-all/c64ydeuardnfqctvr1gm30w53/gradle-2.2.1/lib/plugins/snakeyaml-1.6.jar
632d4000-632d9000 r--s 00040000 08:03 2885445    /home/mjt/.gradle/wrapper/dists/gradle-2.2.1-all/c64ydeuardnfqctvr1gm30w53/gradle-2.2.1/lib/plugins/bsh-2.0b4.jar
632d9000-632e2000 r--s 00089000 08:03 2885418    /home/mjt/.gradle/wrapper/dists/gradle-2.2.1-all/c64ydeuardnfqctvr1gm30w53/gradle-2.2.1/lib/plugins/testng-6.3.1.jar
632e2000-632e8000 r--s 00036000 08:03 2885417    /home/mjt/.gradle/wrapper/dists/gradle-2.2.1-all/c64ydeuardnfqctvr1gm30w53/gradle-2.2.1/lib/plugins/junit-4.11.jar
632e8000-63300000 r--s 00115000 08:03 2885456    /home/mjt/.gradle/wrapper/dists/gradle-2.2.1-all/c64ydeuardnfqctvr1gm30w53/gradle-2.2.1/lib/plugins/xercesImpl-2.9.1.jar
63300000-633fc000 rw-p 00000000 00:00 0 
633fc000-63400000 ---p 00000000 00:00 0 
63400000-63401000 r--s 00002000 08:03 2885426    /home/mjt/.gradle/wrapper/dists/gradle-2.2.1-all/c64ydeuardnfqctvr1gm30w53/gradle-2.2.1/lib/plugins/geronimo-annotation_1.0_spec-1.0.jar
63401000-63403000 r--s 00006000 08:03 2885446    /home/mjt/.gradle/wrapper/dists/gradle-2.2.1-all/c64ydeuardnfqctvr1gm30w53/gradle-2.2.1/lib/plugins/jcommander-1.12.jar
63403000-63405000 r--s 00009000 08:03 2885419    /home/mjt/.gradle/wrapper/dists/gradle-2.2.1-all/c64ydeuardnfqctvr1gm30w53/gradle-2.2.1/lib/plugins/commons-cli-1.2.jar
63405000-63411000 r--s 00075000 08:03 2885385    /home/mjt/.gradle/wrapper/dists/gradle-2.2.1-all/c64ydeuardnfqctvr1gm30w53/gradle-2.2.1/lib/plugins/gradle-plugins-2.2.1.jar
63411000-63414000 r--s 00011000 08:03 2885415    /home/mjt/.gradle/wrapper/dists/gradle-2.2.1-all/c64ydeuardnfqctvr1gm30w53/gradle-2.2.1/lib/plugins/gradle-plugin-use-2.2.1.jar
63414000-6341c000 r--s 00028000 08:03 2885457    /home/mjt/.gradle/wrapper/dists/gradle-2.2.1-all/c64ydeuardnfqctvr1gm30w53/gradle-2.2.1/lib/plugins/xml-apis-1.3.04.jar
6341c000-63422000 r--s 0005b000 08:03 2885455    /home/mjt/.gradle/wrapper/dists/gradle-2.2.1-all/c64ydeuardnfqctvr1gm30w53/gradle-2.2.1/lib/plugins/jcifs-1.3.17.jar
63422000-63428000 r--s 00031000 08:03 2885454    /home/mjt/.gradle/wrapper/dists/gradle-2.2.1-all/c64ydeuardnfqctvr1gm30w53/gradle-2.2.1/lib/plugins/httpcore-4.2.2.jar
63428000-6342e000 r--s 00033000 08:03 2885453    /home/mjt/.gradle/wrapper/dists/gradle-2.2.1-all/c64ydeuardnfqctvr1gm30w53/gradle-2.2.1/lib/plugins/commons-codec-1.6.jar
6342e000-63431000 r--s 0001c000 08:03 2885452    /home/mjt/.gradle/wrapper/dists/gradle-2.2.1-all/c64ydeuardnfqctvr1gm30w53/gradle-2.2.1/lib/plugins/nekohtml-1.9.14.jar
63431000-6343a000 r--s 00060000 08:03 2885451    /home/mjt/.gradle/wrapper/dists/gradle-2.2.1-all/c64ydeuardnfqctvr1gm30w53/gradle-2.2.1/lib/plugins/httpclient-4.2.2.jar
6343a000-6343c000 r--s 00007000 08:03 2885440    /home/mjt/.gradle/wrapper/dists/gradle-2.2.1-all/c64ydeuardnfqctvr1gm30w53/gradle-2.2.1/lib/plugins/gradle-resources-http-2.2.1.jar
6343c000-63464000 r--s 00194000 08:03 2885444    /home/mjt/.gradle/wrapper/dists/gradle-2.2.1-all/c64ydeuardnfqctvr1gm30w53/gradle-2.2.1/lib/plugins/bcprov-jdk15-1.46.jar
63464000-63468000 r--s 0001d000 08:03 2885443    /home/mjt/.gradle/wrapper/dists/gradle-2.2.1-all/c64ydeuardnfqctvr1gm30w53/gradle-2.2.1/lib/plugins/xbean-reflect-3.4.jar
63468000-6346d000 r--s 0002a000 08:03 2885437    /home/mjt/.gradle/wrapper/dists/gradle-2.2.1-all/c64ydeuardnfqctvr1gm30w53/gradle-2.2.1/lib/plugins/gson-2.2.4.jar
6346d000-63471000 r--s 0003d000 08:03 2885442    /home/mjt/.gradle/wrapper/dists/gradle-2.2.1-all/c64ydeuardnfqctvr1gm30w53/gradle-2.2.1/lib/plugins/jsch-0.1.51.jar
63471000-6348a000 r--s 00129000 08:03 2885430    /home/mjt/.gradle/wrapper/dists/gradle-2.2.1-all/c64ydeuardnfqctvr1gm30w53/gradle-2.2.1/lib/plugins/maven-ant-tasks-2.1.3.jar
6348a000-63499000 r--s 000d9000 08:03 2885441    /home/mjt/.gradle/wrapper/dists/gradle-2.2.1-all/c64ydeuardnfqctvr1gm30w53/gradle-2.2.1/lib/plugins/ivy-2.2.0.jar
63499000-6349d000 r--s 0001e000 08:03 2885384    /home/mjt/.gradle/wrapper/dists/gradle-2.2.1-all/c64ydeuardnfqctvr1gm30w53/gradle-2.2.1/lib/plugins/jarjar-aether-impl-1.13.1.jar
6349d000-634a0000 r--s 00027000 08:03 2885383    /home/mjt/.gradle/wrapper/dists/gradle-2.2.1-all/c64ydeuardnfqctvr1gm30w53/gradle-2.2.1/lib/plugins/jarjar-maven-model-3.0.4.jar
634a0000-634a3000 r--s 0000b000 08:03 2885382    /home/mjt/.gradle/wrapper/dists/gradle-2.2.1-all/c64ydeuardnfqctvr1gm30w53/gradle-2.2.1/lib/plugins/jarjar-maven-artifact-3.0.4.jar
634a3000-634a7000 r--s 0001e000 08:03 2885381    /home/mjt/.gradle/wrapper/dists/gradle-2.2.1-all/c64ydeuardnfqctvr1gm30w53/gradle-2.2.1/lib/plugins/jarjar-aether-util-1.13.1.jar
634a7000-634a9000 r--s 00007000 08:03 2885380    /home/mjt/.gradle/wrapper/dists/gradle-2.2.1-all/c64ydeuardnfqctvr1gm30w53/gradle-2.2.1/lib/plugins/jarjar-wagon-http-shared4-2.4.jar
634a9000-634b6000 r--s 00083000 08:03 2885379    /home/mjt/.gradle/wrapper/dists/gradle-2.2.1-all/c64ydeuardnfqctvr1gm30w53/gradle-2.2.1/lib/plugins/jarjar-maven-core-3.0.4.jar
634b6000-634b8000 r--s 00003000 08:03 2885378    /home/mjt/.gradle/wrapper/dists/gradle-2.2.1-all/c64ydeuardnfqctvr1gm30w53/gradle-2.2.1/lib/plugins/jarjar-aether-spi-1.13.1.jar
634b8000-634ba000 r--s 00009000 08:03 2885377    /home/mjt/.gradle/wrapper/dists/gradle-2.2.1-all/c64ydeuardnfqctvr1gm30w53/gradle-2.2.1/lib/plugins/jarjar-maven-settings-builder-3.0.4.jar
634ba000-634be000 r--s 00014000 08:03 2885376    /home/mjt/.gradle/wrapper/dists/gradle-2.2.1-all/c64ydeuardnfqctvr1gm30w53/gradle-2.2.1/lib/plugins/jarjar-aether-api-1.13.1.jar
634be000-634bf000 r--s 00002000 08:03 2885375    /home/mjt/.gradle/wrapper/dists/gradle-2.2.1-all/c64ydeuardnfqctvr1gm30w53/gradle-2.2.1/lib/plugins/jarjar-wagon-http-2.4.jar
634bf000-634c6000 r--s 00042000 08:03 2885374    /home/mjt/.gradle/wrapper/dists/gradle-2.2.1-all/c64ydeuardnfqctvr1gm30w53/gradle-2.2.1/lib/plugins/jarjar-maven-compat-3.0.4.jar
634c6000-634c8000 r--s 00006000 08:03 2885373    /home/mjt/.gradle/wrapper/dists/gradle-2.2.1-all/c64ydeuardnfqctvr1gm30w53/gradle-2.2.1/lib/plugins/jarjar-aether-connector-wagon-1.13.1.jar
634c8000-634ca000 r--s 00000000 08:03 2885372    /home/mjt/.gradle/wrapper/dists/gradle-2.2.1-all/c64ydeuardnfqctvr1gm30w53/gradle-2.2.1/lib/plugins/jarjar-plexus-component-annotations-1.5.5.jar
634ca000-634cc000 r--s 00006000 08:03 2885371    /home/mjt/.gradle/wrapper/dists/gradle-2.2.1-all/c64ydeuardnfqctvr1gm30w53/gradle-2.2.1/lib/plugins/jarjar-plexus-sec-dispatcher-1.3.jar
634cc000-634d1000 r--s 00022000 08:03 2885370    /home/mjt/.gradle/wrapper/dists/gradle-2.2.1-all/c64ydeuardnfqctvr1gm30w53/gradle-2.2.1/lib/plugins/jarjar-maven-model-builder-3.0.4.jar
634d1000-634d3000 r--s 0000b000 08:03 2885369    /home/mjt/.gradle/wrapper/dists/gradle-2.2.1-all/c64ydeuardnfqctvr1gm30w53/gradle-2.2.1/lib/plugins/jarjar-maven-plugin-api-3.0.4.jar
634d3000-634d6000 r--s 0000a000 08:03 2885368    /home/mjt/.gradle/wrapper/dists/gradle-2.2.1-all/c64ydeuardnfqctvr1gm30w53/gradle-2.2.1/lib/plugins/jarjar-plexus-classworlds-2.4.jar
634d6000-634da000 r--s 00035000 08:03 2885367    /home/mjt/.gradle/wrapper/dists/gradle-2.2.1-all/c64ydeuardnfqctvr1gm30w53/gradle-2.2.1/lib/plugins/jarjar-plexus-utils-2.0.6.jar
634da000-634dc000 r--s 0000e000 08:03 2885366    /home/mjt/.gradle/wrapper/dists/gradle-2.2.1-all/c64ydeuardnfqctvr1gm30w53/gradle-2.2.1/lib/plugins/jarjar-plexus-interpolation-1.14.jar
634dc000-634de000 r--s 00002000 08:03 2885365    /home/mjt/.gradle/wrapper/dists/gradle-2.2.1-all/c64ydeuardnfqctvr1gm30w53/gradle-2.2.1/lib/plugins/jarjar-plexus-cipher-1.7.jar
634de000-634e0000 r--s 0000c000 08:03 2885364    /home/mjt/.gradle/wrapper/dists/gradle-2.2.1-all/c64ydeuardnfqctvr1gm30w53/gradle-2.2.1/lib/plugins/jarjar-wagon-provider-api-2.4.jar
634e0000-634e8000 r--s 00031000 08:03 2885362    /home/mjt/.gradle/wrapper/dists/gradle-2.2.1-all/c64ydeuardnfqctvr1gm30w53/gradle-2.2.1/lib/plugins/jarjar-plexus-container-default-1.5.5.jar
634e8000-63500000 r--s 000b5000 08:03 2885416    /home/mjt/.gradle/wrapper/dists/gradle-2.2.1-all/c64ydeuardnfqctvr1gm30w53/gradle-2.2.1/lib/plugins/gradle-dependency-management-2.2.1.jar
63500000-635f9000 rw-p 00000000 00:00 0 
635f9000-63600000 ---p 00000000 00:00 0 
63600000-636fc000 rw-p 00000000 00:00 0 
636fc000-63700000 ---p 00000000 00:00 0 
63700000-637ff000 rw-p 00000000 00:00 0 
637ff000-63800000 ---p 00000000 00:00 0 
63800000-63802000 r--s 0000d000 08:03 2885363    /home/mjt/.gradle/wrapper/dists/gradle-2.2.1-all/c64ydeuardnfqctvr1gm30w53/gradle-2.2.1/lib/plugins/jarjar-maven-aether-provider-3.0.4.jar
63802000-63803000 r--s 00007000 08:03 2885361    /home/mjt/.gradle/wrapper/dists/gradle-2.2.1-all/c64ydeuardnfqctvr1gm30w53/gradle-2.2.1/lib/plugins/jarjar-maven-repository-metadata-3.0.4.jar
63803000-63804000 r--s 0000b000 08:03 2885360    /home/mjt/.gradle/wrapper/dists/gradle-2.2.1-all/c64ydeuardnfqctvr1gm30w53/gradle-2.2.1/lib/plugins/jarjar-maven-settings-3.0.4.jar
63804000-6380e000 r--s 00116000 08:02 682943     /opt/java/jre/lib/ext/localedata.jar
6380e000-6382a000 r--s 00393000 08:02 682935     /opt/java/jre/lib/ext/cldrdata.jar
6382a000-6382b000 r--s 00005000 08:03 2754284    /home/mjt/.gradle/wrapper/dists/gradle-2.2.1-all/c64ydeuardnfqctvr1gm30w53/gradle-2.2.1/lib/gradle-wrapper-2.2.1.jar
6382b000-63834000 r--s 0002c000 08:03 2754289    /home/mjt/.gradle/wrapper/dists/gradle-2.2.1-all/c64ydeuardnfqctvr1gm30w53/gradle-2.2.1/lib/gradle-tooling-api-2.2.1.jar
63834000-63836000 r--s 00002000 08:03 2754313    /home/mjt/.gradle/wrapper/dists/gradle-2.2.1-all/c64ydeuardnfqctvr1gm30w53/gradle-2.2.1/lib/gradle-open-api-2.2.1.jar
63836000-6383c000 r--s 00032000 08:03 2754315    /home/mjt/.gradle/wrapper/dists/gradle-2.2.1-all/c64ydeuardnfqctvr1gm30w53/gradle-2.2.1/lib/jaxen-1.1.jar
6383c000-63841000 r--s 00048000 08:03 2754314    /home/mjt/.gradle/wrapper/dists/gradle-2.2.1-all/c64ydeuardnfqctvr1gm30w53/gradle-2.2.1/lib/dom4j-1.6.1.jar
63841000-6384c000 r--s 00059000 08:03 2754288    /home/mjt/.gradle/wrapper/dists/gradle-2.2.1-all/c64ydeuardnfqctvr1gm30w53/gradle-2.2.1/lib/gradle-ui-2.2.1.jar
6384c000-6384e000 r--s 00006000 08:03 2754309    /home/mjt/.gradle/wrapper/dists/gradle-2.2.1-all/c64ydeuardnfqctvr1gm30w53/gradle-2.2.1/lib/gradle-resources-2.2.1.jar
6384e000-63850000 r--s 00007000 08:03 2754331    /home/mjt/.gradle/wrapper/dists/gradle-2.2.1-all/c64ydeuardnfqctvr1gm30w53/gradle-2.2.1/lib/objenesis-1.2.jar
63850000-63852000 r--s 00000000 08:03 2754330    /home/mjt/.gradle/wrapper/dists/gradle-2.2.1-all/c64ydeuardnfqctvr1gm30w53/gradle-2.2.1/lib/minlog-1.2.jar
63852000-63854000 r--s 0000f000 08:03 2754329    /home/mjt/.gradle/wrapper/dists/gradle-2.2.1-all/c64ydeuardnfqctvr1gm30w53/gradle-2.2.1/lib/reflectasm-1.07-shaded.jar
63854000-63858000 r--s 00026000 08:03 2754320    /home/mjt/.gradle/wrapper/dists/gradle-2.2.1-all/c64ydeuardnfqctvr1gm30w53/gradle-2.2.1/lib/kryo-2.20.jar
63858000-63861000 r--s 00039000 08:03 2754308    /home/mjt/.gradle/wrapper/dists/gradle-2.2.1-all/c64ydeuardnfqctvr1gm30w53/gradle-2.2.1/lib/gradle-messaging-2.2.1.jar
63861000-63862000 r--s 00003000 08:03 2754328    /home/mjt/.gradle/wrapper/dists/gradle-2.2.1-all/c64ydeuardnfqctvr1gm30w53/gradle-2.2.1/lib/native-platform-freebsd-amd64-0.10.jar
63862000-63863000 r--s 00003000 08:03 2754327    /home/mjt/.gradle/wrapper/dists/gradle-2.2.1-all/c64ydeuardnfqctvr1gm30w53/gradle-2.2.1/lib/native-platform-freebsd-i386-0.10.jar
63863000-63864000 r--s 00005000 08:03 2754326    /home/mjt/.gradle/wrapper/dists/gradle-2.2.1-all/c64ydeuardnfqctvr1gm30w53/gradle-2.2.1/lib/native-platform-windows-i386-0.10.jar
63864000-63865000 r--s 00005000 08:03 2754325    /home/mjt/.gradle/wrapper/dists/gradle-2.2.1-all/c64ydeuardnfqctvr1gm30w53/gradle-2.2.1/lib/native-platform-windows-amd64-0.10.jar
63865000-63866000 r--s 00003000 08:03 2754324    /home/mjt/.gradle/wrapper/dists/gradle-2.2.1-all/c64ydeuardnfqctvr1gm30w53/gradle-2.2.1/lib/native-platform-linux-i386-0.10.jar
63866000-63867000 r--s 00003000 08:03 2754323    /home/mjt/.gradle/wrapper/dists/gradle-2.2.1-all/c64ydeuardnfqctvr1gm30w53/gradle-2.2.1/lib/native-platform-linux-amd64-0.10.jar
63867000-63868000 r--s 00002000 08:03 2754322    /home/mjt/.gradle/wrapper/dists/gradle-2.2.1-all/c64ydeuardnfqctvr1gm30w53/gradle-2.2.1/lib/native-platform-osx-amd64-0.10.jar
63868000-63869000 r--s 00002000 08:03 2754321    /home/mjt/.gradle/wrapper/dists/gradle-2.2.1-all/c64ydeuardnfqctvr1gm30w53/gradle-2.2.1/lib/native-platform-osx-i386-0.10.jar
63869000-6386b000 r--s 00008000 08:03 2754318    /home/mjt/.gradle/wrapper/dists/gradle-2.2.1-all/c64ydeuardnfqctvr1gm30w53/gradle-2.2.1/lib/jansi-1.2.1.jar
6386b000-6386e000 r--s 0000d000 08:03 2754317    /home/mjt/.gradle/wrapper/dists/gradle-2.2.1-all/c64ydeuardnfqctvr1gm30w53/gradle-2.2.1/lib/native-platform-0.10.jar
6386e000-63872000 r--s 000e4000 08:03 2754316    /home/mjt/.gradle/wrapper/dists/gradle-2.2.1-all/c64ydeuardnfqctvr1gm30w53/gradle-2.2.1/lib/jna-3.2.7.jar
63872000-63874000 r--s 00008000 08:03 2754290    /home/mjt/.gradle/wrapper/dists/gradle-2.2.1-all/c64ydeuardnfqctvr1gm30w53/gradle-2.2.1/lib/gradle-native-2.2.1.jar
63874000-63876000 r--s 00005000 08:03 2754287    /home/mjt/.gradle/wrapper/dists/gradle-2.2.1-all/c64ydeuardnfqctvr1gm30w53/gradle-2.2.1/lib/gradle-cli-2.2.1.jar
63876000-63878000 r--s 00003000 08:03 2754307    /home/mjt/.gradle/wrapper/dists/gradle-2.2.1-all/c64ydeuardnfqctvr1gm30w53/gradle-2.2.1/lib/gradle-base-services-groovy-2.2.1.jar
63878000-6387a000 r--s 0000a000 08:03 2754295    /home/mjt/.gradle/wrapper/dists/gradle-2.2.1-all/c64ydeuardnfqctvr1gm30w53/gradle-2.2.1/lib/gradle-model-groovy-2.2.1.jar
6387a000-6387e000 r--s 0001b000 08:03 2754294    /home/mjt/.gradle/wrapper/dists/gradle-2.2.1-all/c64ydeuardnfqctvr1gm30w53/gradle-2.2.1/lib/gradle-model-core-2.2.1.jar
6387e000-6387f000 r--s 00000000 08:03 2754310    /home/mjt/.gradle/wrapper/dists/gradle-2.2.1-all/c64ydeuardnfqctvr1gm30w53/gradle-2.2.1/lib/gradle-docs-2.2.1.jar
6387f000-63881000 r--s 00003000 08:03 2754312    /home/mjt/.gradle/wrapper/dists/gradle-2.2.1-all/c64ydeuardnfqctvr1gm30w53/gradle-2.2.1/lib/jcl-over-slf4j-1.7.7.jar
63881000-63887000 r--s 0003b000 08:03 2754302    /home/mjt/.gradle/wrapper/dists/gradle-2.2.1-all/c64ydeuardnfqctvr1gm30w53/gradle-2.2.1/lib/logback-classic-1.0.13.jar
63887000-63895000 r--s 0007f000 08:03 2754298    /home/mjt/.gradle/wrapper/dists/gradle-2.2.1-all/c64ydeuardnfqctvr1gm30w53/gradle-2.2.1/lib/commons-collections-3.2.1.jar
63895000-63900000 r--s 00685000 08:03 2754293    /home/mjt/.gradle/wrapper/dists/gradle-2.2.1-all/c64ydeuardnfqctvr1gm30w53/gradle-2.2.1/lib/groovy-all-2.3.6.jar
63900000-639f9000 rw-p 00000000 00:00 0 
639f9000-63a00000 ---p 00000000 00:00 0 
63a00000-63a03000 r--s 0001b000 08:03 2754305    /home/mjt/.gradle/wrapper/dists/gradle-2.2.1-all/c64ydeuardnfqctvr1gm30w53/gradle-2.2.1/lib/jarjar-1.3.jar
63a03000-63a0d000 r--s 0005d000 08:03 2754301    /home/mjt/.gradle/wrapper/dists/gradle-2.2.1-all/c64ydeuardnfqctvr1gm30w53/gradle-2.2.1/lib/logback-core-1.0.13.jar
63a0d000-63a0e000 ---p 00000000 00:00 0 
63a0e000-63a8e000 rw-p 00000000 00:00 0          [stack:14227]
63a8e000-63a91000 ---p 00000000 00:00 0 
63a91000-63adf000 rw-p 00000000 00:00 0          [stack:14226]
63adf000-63ae2000 ---p 00000000 00:00 0 
63ae2000-63b60000 rw-p 00000000 00:00 0          [stack:14224]
63b60000-63b63000 ---p 00000000 00:00 0 
63b63000-63be1000 rw-p 00000000 00:00 0          [stack:14223]
63be1000-63be4000 ---p 00000000 00:00 0 
63be4000-63c32000 rw-p 00000000 00:00 0          [stack:14222]
63c32000-63dbb000 r--p 00000000 08:02 527857     /usr/lib/locale/locale-archive
63dbb000-63dbe000 ---p 00000000 00:00 0 
63dbe000-63e0c000 rw-p 00000000 00:00 0          [stack:14221]
63e0c000-63e0f000 ---p 00000000 00:00 0 
63e0f000-63e5d000 rw-p 00000000 00:00 0          [stack:14220]
63e5d000-63e5e000 ---p 00000000 00:00 0 
63e5e000-63ede000 rw-p 00000000 00:00 0          [stack:14219]
63ede000-640b4000 r--s 03ca8000 08:02 682527     /opt/java/jre/lib/rt.jar
640b4000-644fa000 rw-p 00000000 00:00 0 
644fa000-64500000 ---p 00000000 00:00 0 
64500000-66900000 rw-p 00000000 00:00 0 
66900000-669fb000 rw-p 00000000 00:00 0 
669fb000-66a00000 ---p 00000000 00:00 0 
66a00000-66b00000 rw-p 00000000 00:00 0 
66b00000-66bf9000 rw-p 00000000 00:00 0 
66bf9000-66c00000 ---p 00000000 00:00 0 
66c00000-66c01000 r--s 00005000 08:03 2754311    /home/mjt/.gradle/wrapper/dists/gradle-2.2.1-all/c64ydeuardnfqctvr1gm30w53/gradle-2.2.1/lib/log4j-over-slf4j-1.7.7.jar
66c01000-66c02000 r--s 00000000 08:03 2754306    /home/mjt/.gradle/wrapper/dists/gradle-2.2.1-all/c64ydeuardnfqctvr1gm30w53/gradle-2.2.1/lib/javax.inject-1.jar
66c02000-66c07000 r--s 00041000 08:03 2754300    /home/mjt/.gradle/wrapper/dists/gradle-2.2.1-all/c64ydeuardnfqctvr1gm30w53/gradle-2.2.1/lib/commons-lang-2.6.jar
66c07000-66c2f000 r--s 001cf000 08:03 2754292    /home/mjt/.gradle/wrapper/dists/gradle-2.2.1-all/c64ydeuardnfqctvr1gm30w53/gradle-2.2.1/lib/guava-jdk5-17.0.jar
66c2f000-66c4e000 r--s 001cc000 08:03 2754297    /home/mjt/.gradle/wrapper/dists/gradle-2.2.1-all/c64ydeuardnfqctvr1gm30w53/gradle-2.2.1/lib/ant-1.9.3.jar
66c4e000-66d05000 rw-p 00000000 00:00 0 
66d05000-66dff000 ---p 00000000 00:00 0 
66dff000-66e5b000 rw-p 00000000 00:00 0 
66e5b000-66f54000 ---p 00000000 00:00 0 
66f54000-66ffe000 rw-p 00000000 00:00 0 
66ffe000-66fff000 ---p 00000000 00:00 0 
66fff000-72640000 rw-p 00000000 00:00 0 
72640000-91ac0000 ---p 00000000 00:00 0 
91ac0000-a6dc0000 rw-p 00000000 00:00 0 
a6dc0000-a7000000 ---p 00000000 00:00 0 
a7000000-a7002000 r--s 00000000 08:03 2754304    /home/mjt/.gradle/wrapper/dists/gradle-2.2.1-all/c64ydeuardnfqctvr1gm30w53/gradle-2.2.1/lib/jul-to-slf4j-1.7.7.jar
a7002000-a7007000 r--s 00036000 08:03 2754296    /home/mjt/.gradle/wrapper/dists/gradle-2.2.1-all/c64ydeuardnfqctvr1gm30w53/gradle-2.2.1/lib/asm-all-5.0.3.jar
a7007000-a700d000 r--s 00026000 08:03 2754285    /home/mjt/.gradle/wrapper/dists/gradle-2.2.1-all/c64ydeuardnfqctvr1gm30w53/gradle-2.2.1/lib/gradle-base-services-2.2.1.jar
a700d000-a703e000 r--s 00191000 08:03 2754286    /home/mjt/.gradle/wrapper/dists/gradle-2.2.1-all/c64ydeuardnfqctvr1gm30w53/gradle-2.2.1/lib/gradle-core-2.2.1.jar
a703e000-a703f000 ---p 00000000 00:00 0 
a703f000-a70bf000 rw-p 00000000 00:00 0          [stack:14218]
a70bf000-a70c0000 ---p 00000000 00:00 0 
a70c0000-a71e6000 rw-p 00000000 00:00 0          [stack:14217]
a71e6000-a7500000 ---p 00000000 00:00 0 
a7500000-a9e80000 rwxp 00000000 00:00 0 
a9e88000-b6500000 ---p 00000000 00:00 0 
b6500000-b65f5000 rw-p 00000000 00:00 0 
b65f5000-b6600000 ---p 00000000 00:00 0 
b6600000-b6603000 r--s 00018000 08:03 2754299    /home/mjt/.gradle/wrapper/dists/gradle-2.2.1-all/c64ydeuardnfqctvr1gm30w53/gradle-2.2.1/lib/commons-io-1.4.jar
b6603000-b660b000 r--s 0003c000 08:03 2754283    /home/mjt/.gradle/wrapper/dists/gradle-2.2.1-all/c64ydeuardnfqctvr1gm30w53/gradle-2.2.1/lib/gradle-launcher-2.2.1.jar
b660b000-b6672000 rw-p 00000000 00:00 0 
b6672000-b668b000 r-xp 00000000 08:02 682788     /opt/java/jre/lib/i386/libzip.so
b668b000-b668c000 rw-p 00018000 08:02 682788     /opt/java/jre/lib/i386/libzip.so
b668c000-b6694000 rw-s 00000000 00:1d 4260357    /tmp/hsperfdata_mjt/14213
b6694000-b66b8000 r-xp 00000000 08:02 682806     /opt/java/jre/lib/i386/libjava.so
b66b8000-b66b9000 rw-p 00023000 08:02 682806     /opt/java/jre/lib/i386/libjava.so
b66b9000-b66c0000 r-xp 00000000 08:02 527470     /usr/lib/librt-2.20.so
b66c0000-b66c1000 r--p 00007000 08:02 527470     /usr/lib/librt-2.20.so
b66c1000-b66c2000 rw-p 00008000 08:02 527470     /usr/lib/librt-2.20.so
b66c2000-b66c5000 ---p 00000000 00:00 0 
b66c5000-b6713000 rw-p 00000000 00:00 0          [stack:14216]
b6713000-b675e000 r-xp 00000000 08:02 527458     /usr/lib/libm-2.20.so
b675e000-b675f000 r--p 0004a000 08:02 527458     /usr/lib/libm-2.20.so
b675f000-b6760000 rw-p 0004b000 08:02 527458     /usr/lib/libm-2.20.so
b6760000-b709a000 r-xp 00000000 08:02 682826     /opt/java/jre/lib/i386/server/libjvm.so
b709a000-b7106000 rw-p 00939000 08:02 682826     /opt/java/jre/lib/i386/server/libjvm.so
b7106000-b752c000 rw-p 00000000 00:00 0 
b752c000-b76dd000 r-xp 00000000 08:02 527459     /usr/lib/libc-2.20.so
b76dd000-b76e0000 r--p 001b0000 08:02 527459     /usr/lib/libc-2.20.so
b76e0000-b76e2000 rw-p 001b3000 08:02 527459     /usr/lib/libc-2.20.so
b76e2000-b76e4000 rw-p 00000000 00:00 0 
b76e4000-b76e7000 r-xp 00000000 08:02 527433     /usr/lib/libdl-2.20.so
b76e7000-b76e8000 r--p 00002000 08:02 527433     /usr/lib/libdl-2.20.so
b76e8000-b76e9000 rw-p 00003000 08:02 527433     /usr/lib/libdl-2.20.so
b76e9000-b76fd000 r-xp 00000000 08:02 682962     /opt/java/lib/i386/jli/libjli.so
b76fd000-b76fe000 rw-p 00013000 08:02 682962     /opt/java/lib/i386/jli/libjli.so
b76fe000-b7716000 r-xp 00000000 08:02 527440     /usr/lib/libpthread-2.20.so
b7716000-b7717000 r--p 00017000 08:02 527440     /usr/lib/libpthread-2.20.so
b7717000-b7718000 rw-p 00018000 08:02 527440     /usr/lib/libpthread-2.20.so
b7718000-b771a000 rw-p 00000000 00:00 0 
b771a000-b771b000 r--s 00000000 08:03 2754303    /home/mjt/.gradle/wrapper/dists/gradle-2.2.1-all/c64ydeuardnfqctvr1gm30w53/gradle-2.2.1/lib/jcip-annotations-1.0.jar
b771b000-b771d000 r--s 00006000 08:03 2754291    /home/mjt/.gradle/wrapper/dists/gradle-2.2.1-all/c64ydeuardnfqctvr1gm30w53/gradle-2.2.1/lib/slf4j-api-1.7.7.jar
b771d000-b771e000 r--s 00004000 08:03 2754319    /home/mjt/.gradle/wrapper/dists/gradle-2.2.1-all/c64ydeuardnfqctvr1gm30w53/gradle-2.2.1/lib/ant-launcher-1.9.3.jar
b771e000-b772a000 r-xp 00000000 08:02 527435     /usr/lib/libnss_files-2.20.so
b772a000-b772b000 r--p 0000b000 08:02 527435     /usr/lib/libnss_files-2.20.so
b772b000-b772c000 rw-p 0000c000 08:02 527435     /usr/lib/libnss_files-2.20.so
b772c000-b772d000 rw-p 00000000 00:00 0 
b772d000-b772e000 ---p 00000000 00:00 0 
b772e000-b7739000 r-xp 00000000 08:02 682800     /opt/java/jre/lib/i386/libverify.so
b7739000-b773a000 rw-p 0000b000 08:02 682800     /opt/java/jre/lib/i386/libverify.so
b773a000-b773c000 r--p 00000000 00:00 0          [vvar]
b773c000-b773e000 r-xp 00000000 00:00 0          [vdso]
b773e000-b775f000 r-xp 00000000 08:02 527437     /usr/lib/ld-2.20.so
b775f000-b7760000 rw-p 00000000 00:00 0 
b7760000-b7761000 r--p 00021000 08:02 527437     /usr/lib/ld-2.20.so
b7761000-b7762000 rw-p 00022000 08:02 527437     /usr/lib/ld-2.20.so
bfb3a000-bfb3b000 rwxp 00000000 00:00 0 
bfb6d000-bfb8e000 rw-p 00000000 00:00 0          [stack]

VM Arguments:
jvm_args: -XX:MaxPermSize=256m -XX:+HeapDumpOnOutOfMemoryError -Xmx1024m -Dfile.encoding=UTF-8 -Duser.country=US -Duser.language=en -Duser.variant 
java_command: org.gradle.launcher.daemon.bootstrap.GradleDaemon 2.2.1 /home/mjt/.gradle/daemon 10800000 26883501-fb90-478e-92b5-b48e0dc5a636 -XX:MaxPermSize=256m -XX:+HeapDumpOnOutOfMemoryError -Xmx1024m -Dfile.encoding=UTF-8 -Duser.country=US -Duser.language=en -Duser.variant
java_class_path (initial): /home/mjt/.gradle/wrapper/dists/gradle-2.2.1-all/c64ydeuardnfqctvr1gm30w53/gradle-2.2.1/lib/gradle-launcher-2.2.1.jar
Launcher Type: SUN_STANDARD

Environment Variables:
JAVA_HOME=/opt/java
CLASSPATH=/opt/android-studio/bin/../lib/bootstrap.jar:/opt/android-studio/bin/../lib/extensions.jar:/opt/android-studio/bin/../lib/util.jar:/opt/android-studio/bin/../lib/jdom.jar:/opt/android-studio/bin/../lib/log4j.jar:/opt/android-studio/bin/../lib/trove4j.jar:/opt/android-studio/bin/../lib/jna.jar:/opt/java/lib/tools.jar
PATH=/usr/local/sbin:/usr/local/bin:/usr/bin:/opt/android-sdk/platform-tools:/opt/android-sdk/tools:/opt/java/bin:/opt/java/db/bin:/opt/java/jre/bin:/usr/bin/site_perl:/usr/bin/vendor_perl:/usr/bin/core_perl
LD_LIBRARY_PATH=/opt/android-studio/bin:
SHELL=/bin/bash
DISPLAY=:0.0

Signal Handlers:
SIGSEGV: [libjvm.so+0x891f70], sa_mask[0]=11111111011111111101111111111110, sa_flags=SA_RESTART|SA_SIGINFO
SIGBUS: [libjvm.so+0x891f70], sa_mask[0]=11111111011111111101111111111110, sa_flags=SA_RESTART|SA_SIGINFO
SIGFPE: [libjvm.so+0x71d8e0], sa_mask[0]=11111111011111111101111111111110, sa_flags=SA_RESTART|SA_SIGINFO
SIGPIPE: [libjvm.so+0x71d8e0], sa_mask[0]=11111111011111111101111111111110, sa_flags=SA_RESTART|SA_SIGINFO
SIGXFSZ: [libjvm.so+0x71d8e0], sa_mask[0]=11111111011111111101111111111110, sa_flags=SA_RESTART|SA_SIGINFO
SIGILL: [libjvm.so+0x71d8e0], sa_mask[0]=11111111011111111101111111111110, sa_flags=SA_RESTART|SA_SIGINFO
SIGUSR1: SIG_DFL, sa_mask[0]=00000000000000000000000000000000, sa_flags=none
SIGUSR2: [libjvm.so+0x71f090], sa_mask[0]=00100000000000000000000000000000, sa_flags=SA_RESTART|SA_SIGINFO
SIGHUP: [libjvm.so+0x720590], sa_mask[0]=11111111011111111101111111111110, sa_flags=SA_RESTART|SA_SIGINFO
SIGINT: [libjvm.so+0x720590], sa_mask[0]=11111111011111111101111111111110, sa_flags=SA_RESTART|SA_SIGINFO
SIGTERM: [libjvm.so+0x720590], sa_mask[0]=11111111011111111101111111111110, sa_flags=SA_RESTART|SA_SIGINFO
SIGQUIT: [libjvm.so+0x720590], sa_mask[0]=11111111011111111101111111111110, sa_flags=SA_RESTART|SA_SIGINFO


---------------  S Y S T E M  ---------------

OS:NAME="Arch Linux"
ID=arch
PRETTY_NAME="Arch Linux"
ANSI_COLOR="0;36"
HOME_URL="https://www.archlinux.org/"
SUPPORT_URL="https://bbs.archlinux.org/"
BUG_REPORT_URL="https://bugs.archlinux.org/"


uname:Linux 3.17.2-1-ARCH #1 SMP PREEMPT Thu Oct 30 20:31:16 CET 2014 i686
libc:glibc 2.20 NPTL 2.20 
rlimit: STACK 8192k, CORE 0k, NPROC 22165, NOFILE 4096, AS infinity
load average:9.13 4.33 2.73

/proc/meminfo:
MemTotal:        2841788 kB
MemFree:          143296 kB
MemAvailable:      85604 kB
Buffers:            1140 kB
Cached:            38128 kB
SwapCached:            0 kB
Active:          2543048 kB
Inactive:          33056 kB
Active(anon):    2537536 kB
Inactive(anon):    11260 kB
Active(file):       5512 kB
Inactive(file):    21796 kB
Unevictable:          32 kB
Mlocked:              32 kB
HighTotal:       1969452 kB
HighFree:          26336 kB
LowTotal:         872336 kB
LowFree:          116960 kB
SwapTotal:             0 kB
SwapFree:              0 kB
Dirty:               140 kB
Writeback:           376 kB
AnonPages:       2536984 kB
Mapped:            29324 kB
Shmem:             11844 kB
Slab:              30688 kB
SReclaimable:      15780 kB
SUnreclaim:        14908 kB
KernelStack:        3040 kB
PageTables:         5696 kB
NFS_Unstable:          0 kB
Bounce:                0 kB
WritebackTmp:          0 kB
CommitLimit:     1420892 kB
Committed_AS:    4278720 kB
VmallocTotal:     122880 kB
VmallocUsed:       24828 kB
VmallocChunk:      48644 kB
HardwareCorrupted:     0 kB
AnonHugePages:   1335296 kB
HugePages_Total:       0
HugePages_Free:        0
HugePages_Rsvd:        0
HugePages_Surp:        0
Hugepagesize:       4096 kB
DirectMap4k:       36856 kB
DirectMap4M:      872448 kB


CPU:total 2 (2 cores per cpu, 1 threads per core) family 16 model 6 stepping 3, cmov, cx8, fxsr, mmx, sse, sse2, sse3, popcnt, mmxext, 3dnowpref, lzcnt, tsc, tscinvbit, tscinv

/proc/cpuinfo:
processor	: 0
vendor_id	: AuthenticAMD
cpu family	: 16
model		: 6
model name	: AMD Athlon(tm) II P340 Dual-Core Processor
stepping	: 3
microcode	: 0x10000c8
cpu MHz		: 2200.000
cache size	: 512 KB
physical id	: 0
siblings	: 2
core id		: 0
cpu cores	: 2
apicid		: 0
initial apicid	: 0
fdiv_bug	: no
f00f_bug	: no
coma_bug	: no
fpu		: yes
fpu_exception	: yes
cpuid level	: 5
wp		: yes
flags		: fpu vme de pse tsc msr pae mce cx8 apic sep mtrr pge mca cmov pat pse36 clflush mmx fxsr sse sse2 ht syscall nx mmxext fxsr_opt pdpe1gb rdtscp lm 3dnowext 3dnow constant_tsc rep_good nonstop_tsc extd_apicid pni monitor cx16 popcnt lahf_lm cmp_legacy svm extapic cr8_legacy abm sse4a 3dnowprefetch osvw ibs skinit wdt nodeid_msr hw_pstate npt lbrv svm_lock nrip_save
bugs		: tlb_mmatch apic_c1e fxsave_leak
bogomips	: 4390.48
clflush size	: 64
cache_alignment	: 64
address sizes	: 48 bits physical, 48 bits virtual
power management: ts ttp tm stc 100mhzsteps hwpstate

processor	: 1
vendor_id	: AuthenticAMD
cpu family	: 16
model		: 6
model name	: AMD Athlon(tm) II P340 Dual-Core Processor
stepping	: 3
microcode	: 0x10000c8
cpu MHz		: 800.000
cache size	: 512 KB
physical id	: 0
siblings	: 2
core id		: 1
cpu cores	: 2
apicid		: 1
initial apicid	: 1
fdiv_bug	: no
f00f_bug	: no
coma_bug	: no
fpu		: yes
fpu_exception	: yes
cpuid level	: 5
wp		: yes
flags		: fpu vme de pse tsc msr pae mce cx8 apic sep mtrr pge mca cmov pat pse36 clflush mmx fxsr sse sse2 ht syscall nx mmxext fxsr_opt pdpe1gb rdtscp lm 3dnowext 3dnow constant_tsc rep_good nonstop_tsc extd_apicid pni monitor cx16 popcnt lahf_lm cmp_legacy svm extapic cr8_legacy abm sse4a 3dnowprefetch osvw ibs skinit wdt nodeid_msr hw_pstate npt lbrv svm_lock nrip_save
bugs		: tlb_mmatch apic_c1e fxsave_leak
bogomips	: 4390.48
clflush size	: 64
cache_alignment	: 64
address sizes	: 48 bits physical, 48 bits virtual
power management: ts ttp tm stc 100mhzsteps hwpstate



Memory: 4k page, physical 2841788k(143296k free), swap 0k(0k free)

vm_info: Java HotSpot(TM) Server VM (25.20-b23) for linux-x86 JRE (1.8.0_20-b26), built on Jul 30 2014 13:29:53 by "java_re" with gcc 4.3.0 20080428 (Red Hat 4.3.0-8)

time: Sat Dec 20 17:26:37 2014
elapsed time: 8831 seconds (0d 2h 27m 11s)

