#
# There is insufficient memory for the Java Runtime Environment to continue.
# Native memory allocation (mmap) failed to map 74448896 bytes for committing reserved memory.
# Possible reasons:
#   The system is out of physical RAM or swap space
#   In 32 bit mode, the process size limit was hit
# Possible solutions:
#   Reduce memory load on the system
#   Increase physical memory or swap space
#   Check if swap backing store is full
#   Use 64 bit Java on a 64 bit OS
#   Decrease Java heap size (-Xmx/-Xms)
#   Decrease number of Java threads
#   Decrease Java thread stack sizes (-Xss)
#   Set larger code cache with -XX:ReservedCodeCacheSize=
# This output file may be truncated or incomplete.
#
#  Out of Memory Error (os_linux.cpp:2671), pid=22986, tid=1722485568
#
# JRE version: Java(TM) SE Runtime Environment (8.0_20-b26) (build 1.8.0_20-b26)
# Java VM: Java HotSpot(TM) Server VM (25.20-b23 mixed mode linux-x86 )
# Failed to write core dump. Core dumps have been disabled. To enable core dumping, try "ulimit -c unlimited" before starting Java again
#

---------------  T H R E A D  ---------------

Current thread (0x63d10400):  VMThread [stack: 0x66a30000,0x66ab1000] [id=23006]

Stack: [0x66a30000,0x66ab1000],  sp=0x66aafa40,  free space=510k
Native frames: (J=compiled Java code, j=interpreted, Vv=VM code, C=native code)
V  [libjvm.so+0x891489]
V  [libjvm.so+0x3751d5]
V  [libjvm.so+0x720b46]
V  [libjvm.so+0x720f68]
V  [libjvm.so+0x71a93c]
V  [libjvm.so+0x782538]
V  [libjvm.so+0x78363a]
V  [libjvm.so+0x782969]
V  [libjvm.so+0x78029b]
V  [libjvm.so+0x780a58]
V  [libjvm.so+0x7411da]
V  [libjvm.so+0x892bda]
V  [libjvm.so+0x89bd37]
V  [libjvm.so+0x899e03]
V  [libjvm.so+0x89a1a0]
V  [libjvm.so+0x89a605]
V  [libjvm.so+0x723509]
C  [libpthread.so.0+0x61a6]  start_thread+0xd6

VM_Operation (0xb66bc944): ParallelGCFailedAllocation, mode: safepoint, requested by thread 0xb6506c00


---------------  P R O C E S S  ---------------

Java Threads: ( => current thread )
  0x63d3a000 JavaThread "Service Thread" daemon [_thread_blocked, id=23013, stack(0x639d3000,0x63a24000)]
  0x63d37000 JavaThread "C1 CompilerThread1" daemon [_thread_blocked, id=23012, stack(0x63a24000,0x63aa5000)]
  0x63d35000 JavaThread "C2 CompilerThread0" daemon [_thread_blocked, id=23011, stack(0x63aa5000,0x63b26000)]
  0x63d33c00 JavaThread "Signal Dispatcher" daemon [_thread_blocked, id=23010, stack(0x63b26000,0x63b77000)]
  0x63d15c00 JavaThread "Finalizer" daemon [_thread_blocked, id=23009, stack(0x63e3c000,0x63e8d000)]
  0x63d14400 JavaThread "Reference Handler" daemon [_thread_blocked, id=23007, stack(0x63e8d000,0x63ede000)]
  0xb6506c00 JavaThread "main" [_thread_blocked, id=22997, stack(0xb666d000,0xb66be000)]

Other Threads:
=>0x63d10400 VMThread [stack: 0x66a30000,0x66ab1000] [id=23006]
  0x63d3c000 WatcherThread [stack: 0x63952000,0x639d3000] [id=23017]

VM state:at safepoint (normal execution)

VM Mutex/Monitor currently owned by a thread:  ([mutex/lock_event])
[0xb6505070] Threads_lock - owner thread: 0x63d10400
[0xb6505480] Heap_lock - owner thread: 0xb6506c00

Heap:
 PSYoungGen      total 46848K, used 1787K [0x91ac0000, 0x94a40000, 0xa7000000)
  eden space 45056K, 0% used [0x91ac0000,0x91ac0000,0x946c0000)
  from space 1792K, 99% used [0x946c0000,0x9487ed00,0x94880000)
  to   space 1792K, 0% used [0x94880000,0x94880000,0x94a40000)
 ParOldGen       total 30208K, used 27338K [0x67000000, 0x68d80000, 0x91ac0000)
  object space 30208K, 90% used [0x67000000,0x68ab2a00,0x68d80000)
 Metaspace       used 4329K, capacity 4356K, committed 4376K, reserved 4400K

Card table byte_map: [0x66dff000,0x67000000] byte_map_base: 0x66ac7000

Marking Bits: (ParMarkBitMap*) 0xb70c1380
 Begin Bits: [0x64900000, 0x65900000)
 End Bits:   [0x65900000, 0x66900000)

Polling page: 0xb76d8000

CodeCache: size=245760Kb used=4296Kb max_used=4296Kb free=241463Kb
 bounds [0xa7500000, 0xa7938000, 0xb6500000]
 total_blobs=1957 nmethods=1786 adapters=86
 compilation: enabled

Compilation events (10 events):
Event: 6.077 Thread 0x63d35000 nmethod 1720 0xa7933288 code [0xa79333c0, 0xa793367c]
Event: 6.077 Thread 0x63d35000 1850       4       com.android.dx.io.instructions.InstructionCodec$5::encode (18 bytes)
Event: 6.079 Thread 0x63d35000 nmethod 1850 0xa79269c8 code [0xa7926ae0, 0xa7926c10]
Event: 6.079 Thread 0x63d35000 1849       4       com.android.dex.Dex$Section::readCode (136 bytes)
Event: 6.082 Thread 0x63d37000 1854       2       com.android.dx.io.instructions.InstructionCodec$33::decode (99 bytes)
Event: 6.083 Thread 0x63d37000 nmethod 1854 0xa7933c48 code [0xa7933e80, 0xa7934740]
Event: 6.099 Thread 0x63d37000 1857       3       com.android.dx.merge.DexMerger::transformMethods (126 bytes)
Event: 6.100 Thread 0x63d37000 nmethod 1857 0xa7930848 code [0xa7930a40, 0xa793146c]
Event: 6.112 Thread 0x63d37000 1859       3       com.android.dex.Dex$Section::readFields (51 bytes)
Event: 6.113 Thread 0x63d37000 nmethod 1859 0xa7932848 code [0xa79329c0, 0xa7932f78]

GC Heap History (9 events):
Event: 3.582 GC heap before
{Heap before GC invocations=1 (full 0):
 PSYoungGen      total 13056K, used 11264K [0x91ac0000, 0x92940000, 0xa7000000)
  eden space 11264K, 100% used [0x91ac0000,0x925c0000,0x925c0000)
  from space 1792K, 0% used [0x92780000,0x92780000,0x92940000)
  to   space 1792K, 0% used [0x925c0000,0x925c0000,0x92780000)
 ParOldGen       total 30208K, used 0K [0x67000000, 0x68d80000, 0x91ac0000)
  object space 30208K, 0% used [0x67000000,0x67000000,0x68d80000)
 Metaspace       used 3217K, capacity 3388K, committed 3480K, reserved 4400K
Event: 3.620 GC heap after
Heap after GC invocations=1 (full 0):
 PSYoungGen      total 13056K, used 1780K [0x91ac0000, 0x93440000, 0xa7000000)
  eden space 11264K, 0% used [0x91ac0000,0x91ac0000,0x925c0000)
  from space 1792K, 99% used [0x925c0000,0x9277d330,0x92780000)
  to   space 1792K, 0% used [0x93280000,0x93280000,0x93440000)
 ParOldGen       total 30208K, used 1403K [0x67000000, 0x68d80000, 0x91ac0000)
  object space 30208K, 4% used [0x67000000,0x6715efd8,0x68d80000)
 Metaspace       used 3217K, capacity 3388K, committed 3480K, reserved 4400K
}
Event: 4.055 GC heap before
{Heap before GC invocations=2 (full 0):
 PSYoungGen      total 13056K, used 12869K [0x91ac0000, 0x93440000, 0xa7000000)
  eden space 11264K, 98% used [0x91ac0000,0x92594298,0x925c0000)
  from space 1792K, 99% used [0x925c0000,0x9277d330,0x92780000)
  to   space 1792K, 0% used [0x93280000,0x93280000,0x93440000)
 ParOldGen       total 30208K, used 1403K [0x67000000, 0x68d80000, 0x91ac0000)
  object space 30208K, 4% used [0x67000000,0x6715efd8,0x68d80000)
 Metaspace       used 3310K, capacity 3452K, committed 3480K, reserved 4400K
Event: 4.077 GC heap after
Heap after GC invocations=2 (full 0):
 PSYoungGen      total 24320K, used 1789K [0x91ac0000, 0x93440000, 0xa7000000)
  eden space 22528K, 0% used [0x91ac0000,0x91ac0000,0x930c0000)
  from space 1792K, 99% used [0x93280000,0x9343f730,0x93440000)
  to   space 1792K, 0% used [0x930c0000,0x930c0000,0x93280000)
 ParOldGen       total 30208K, used 4020K [0x67000000, 0x68d80000, 0x91ac0000)
  object space 30208K, 13% used [0x67000000,0x673ed3f0,0x68d80000)
 Metaspace       used 3310K, capacity 3452K, committed 3480K, reserved 4400K
}
Event: 5.394 GC heap before
{Heap before GC invocations=3 (full 0):
 PSYoungGen      total 24320K, used 24317K [0x91ac0000, 0x93440000, 0xa7000000)
  eden space 22528K, 100% used [0x91ac0000,0x930c0000,0x930c0000)
  from space 1792K, 99% used [0x93280000,0x9343f730,0x93440000)
  to   space 1792K, 0% used [0x930c0000,0x930c0000,0x93280000)
 ParOldGen       total 30208K, used 4020K [0x67000000, 0x68d80000, 0x91ac0000)
  object space 30208K, 13% used [0x67000000,0x673ed3f0,0x68d80000)
 Metaspace       used 4278K, capacity 4324K, committed 4376K, reserved 4400K
Event: 5.425 GC heap after
Heap after GC invocations=3 (full 0):
 PSYoungGen      total 24320K, used 1781K [0x91ac0000, 0x94a40000, 0xa7000000)
  eden space 22528K, 0% used [0x91ac0000,0x91ac0000,0x930c0000)
  from space 1792K, 99% used [0x930c0000,0x9327d468,0x93280000)
  to   space 1792K, 0% used [0x94880000,0x94880000,0x94a40000)
 ParOldGen       total 30208K, used 14576K [0x67000000, 0x68d80000, 0x91ac0000)
  object space 30208K, 48% used [0x67000000,0x67e3c060,0x68d80000)
 Metaspace       used 4278K, capacity 4324K, committed 4376K, reserved 4400K
}
Event: 5.685 GC heap before
{Heap before GC invocations=4 (full 0):
 PSYoungGen      total 24320K, used 24153K [0x91ac0000, 0x94a40000, 0xa7000000)
  eden space 22528K, 99% used [0x91ac0000,0x93099380,0x930c0000)
  from space 1792K, 99% used [0x930c0000,0x9327d468,0x93280000)
  to   space 1792K, 0% used [0x94880000,0x94880000,0x94a40000)
 ParOldGen       total 30208K, used 14576K [0x67000000, 0x68d80000, 0x91ac0000)
  object space 30208K, 48% used [0x67000000,0x67e3c060,0x68d80000)
 Metaspace       used 4315K, capacity 4356K, committed 4376K, reserved 4400K
Event: 5.702 GC heap after
Heap after GC invocations=4 (full 0):
 PSYoungGen      total 46848K, used 1475K [0x91ac0000, 0x94a40000, 0xa7000000)
  eden space 45056K, 0% used [0x91ac0000,0x91ac0000,0x946c0000)
  from space 1792K, 82% used [0x94880000,0x949f0cf8,0x94a40000)
  to   space 1792K, 0% used [0x946c0000,0x946c0000,0x94880000)
 ParOldGen       total 30208K, used 17625K [0x67000000, 0x68d80000, 0x91ac0000)
  object space 30208K, 58% used [0x67000000,0x68136618,0x68d80000)
 Metaspace       used 4315K, capacity 4356K, committed 4376K, reserved 4400K
}
Event: 6.131 GC heap before
{Heap before GC invocations=5 (full 0):
 PSYoungGen      total 46848K, used 46531K [0x91ac0000, 0x94a40000, 0xa7000000)
  eden space 45056K, 100% used [0x91ac0000,0x946c0000,0x946c0000)
  from space 1792K, 82% used [0x94880000,0x949f0cf8,0x94a40000)
  to   space 1792K, 0% used [0x946c0000,0x946c0000,0x94880000)
 ParOldGen       total 30208K, used 17625K [0x67000000, 0x68d80000, 0x91ac0000)
  object space 30208K, 58% used [0x67000000,0x68136618,0x68d80000)
 Metaspace       used 4329K, capacity 4356K, committed 4376K, reserved 4400K

Deoptimization events (10 events):
Event: 3.832 Thread 0xb6506c00 Uncommon trap: reason=unreached action=reinterpret pc=0xa774fbc4 method=java.util.HashMap.putVal(ILjava/lang/Object;Ljava/lang/Object;ZZ)Ljava/lang/Object; @ 193
Event: 4.213 Thread 0xb6506c00 Uncommon trap: reason=bimorphic action=maybe_recompile pc=0xa7693b4c method=java.util.HashMap.getNode(ILjava/lang/Object;)Ljava/util/HashMap$Node; @ 126
Event: 4.213 Thread 0xb6506c00 Uncommon trap: reason=bimorphic action=maybe_recompile pc=0xa7693b4c method=java.util.HashMap.getNode(ILjava/lang/Object;)Ljava/util/HashMap$Node; @ 126
Event: 4.213 Thread 0xb6506c00 Uncommon trap: reason=bimorphic action=maybe_recompile pc=0xa7693b4c method=java.util.HashMap.getNode(ILjava/lang/Object;)Ljava/util/HashMap$Node; @ 126
Event: 4.213 Thread 0xb6506c00 Uncommon trap: reason=bimorphic action=maybe_recompile pc=0xa7693b4c method=java.util.HashMap.getNode(ILjava/lang/Object;)Ljava/util/HashMap$Node; @ 126
Event: 4.213 Thread 0xb6506c00 Uncommon trap: reason=bimorphic action=maybe_recompile pc=0xa764eb70 method=java.util.HashMap.getNode(ILjava/lang/Object;)Ljava/util/HashMap$Node; @ 126
Event: 4.642 Thread 0xb6506c00 Uncommon trap: reason=unreached action=reinterpret pc=0xa774bc44 method=java.util.Arrays.copyOf([Ljava/lang/Object;ILjava/lang/Class;)[Ljava/lang/Object; @ 3
Event: 4.966 Thread 0xb6506c00 Uncommon trap: reason=unreached action=reinterpret pc=0xa77bf45c method=java.util.HashMap.getNode(ILjava/lang/Object;)Ljava/util/HashMap$Node; @ 84
Event: 5.007 Thread 0xb6506c00 Uncommon trap: reason=unreached action=reinterpret pc=0xa77c0dd8 method=java.util.HashMap.getNode(ILjava/lang/Object;)Ljava/util/HashMap$Node; @ 84
Event: 5.147 Thread 0xb6506c00 Uncommon trap: reason=predicate action=maybe_recompile pc=0xa7887328 method=com.android.dex.Leb128.readUnsignedLeb128(Lcom/android/dex/util/ByteInput;)I @ 41

Internal exceptions (10 events):
Event: 4.994 Thread 0xb6506c00 Exception <a 'java/security/PrivilegedActionException'> (0x929a0968) thrown at [/HUDSON/workspace/8-2-build-linux-i586/jdk8u20/1074/hotspot/src/share/vm/prims/jvm.cpp, line 1275]
Event: 4.995 Thread 0xb6506c00 Exception <a 'java/security/PrivilegedActionException'> (0x929a32f8) thrown at [/HUDSON/workspace/8-2-build-linux-i586/jdk8u20/1074/hotspot/src/share/vm/prims/jvm.cpp, line 1275]
Event: 4.995 Thread 0xb6506c00 Exception <a 'java/security/PrivilegedActionException'> (0x929a5d70) thrown at [/HUDSON/workspace/8-2-build-linux-i586/jdk8u20/1074/hotspot/src/share/vm/prims/jvm.cpp, line 1275]
Event: 4.996 Thread 0xb6506c00 Exception <a 'java/security/PrivilegedActionException'> (0x929a8888) thrown at [/HUDSON/workspace/8-2-build-linux-i586/jdk8u20/1074/hotspot/src/share/vm/prims/jvm.cpp, line 1275]
Event: 4.999 Thread 0xb6506c00 Exception <a 'java/security/PrivilegedActionException'> (0x929abd58) thrown at [/HUDSON/workspace/8-2-build-linux-i586/jdk8u20/1074/hotspot/src/share/vm/prims/jvm.cpp, line 1275]
Event: 4.999 Thread 0xb6506c00 Exception <a 'java/security/PrivilegedActionException'> (0x929ae3c0) thrown at [/HUDSON/workspace/8-2-build-linux-i586/jdk8u20/1074/hotspot/src/share/vm/prims/jvm.cpp, line 1275]
Event: 5.000 Thread 0xb6506c00 Exception <a 'java/security/PrivilegedActionException'> (0x929b0ef8) thrown at [/HUDSON/workspace/8-2-build-linux-i586/jdk8u20/1074/hotspot/src/share/vm/prims/jvm.cpp, line 1275]
Event: 5.001 Thread 0xb6506c00 Exception <a 'java/security/PrivilegedActionException'> (0x929b3d70) thrown at [/HUDSON/workspace/8-2-build-linux-i586/jdk8u20/1074/hotspot/src/share/vm/prims/jvm.cpp, line 1275]
Event: 5.006 Thread 0xb6506c00 Exception <a 'java/security/PrivilegedActionException'> (0x929b9d18) thrown at [/HUDSON/workspace/8-2-build-linux-i586/jdk8u20/1074/hotspot/src/share/vm/prims/jvm.cpp, line 1275]
Event: 5.007 Thread 0xb6506c00 Exception <a 'java/security/PrivilegedActionException'> (0x929bbbe8) thrown at [/HUDSON/workspace/8-2-build-linux-i586/jdk8u20/1074/hotspot/src/share/vm/prims/jvm.cpp, line 1275]

Events (10 events):
Event: 5.550 Thread 0xb6506c00 DEOPT UNPACKING pc=0xa753c310 sp=0xb66bc920 mode 0
Event: 5.685 Executing VM operation: ParallelGCFailedAllocation
Event: 5.703 Executing VM operation: ParallelGCFailedAllocation done
Event: 5.846 Thread 0xb6506c00 DEOPT PACKING pc=0xa78f2e9f sp=0xb66bcba0
Event: 5.846 Thread 0xb6506c00 DEOPT UNPACKING pc=0xa753c310 sp=0xb66bca40 mode 0
Event: 6.029 Thread 0xb6506c00 DEOPT PACKING pc=0xa78acd96 sp=0xb66bcb60
Event: 6.029 Thread 0xb6506c00 DEOPT UNPACKING pc=0xa753c310 sp=0xb66bca0c mode 0
Event: 6.099 Thread 0xb6506c00 DEOPT PACKING pc=0xa7922f65 sp=0xb66bcc00
Event: 6.099 Thread 0xb6506c00 DEOPT UNPACKING pc=0xa753c310 sp=0xb66bca8c mode 0
Event: 6.131 Executing VM operation: ParallelGCFailedAllocation


Dynamic libraries:
08048000-08049000 r-xp 00000000 08:02 663210     /opt/java/bin/java
08049000-0804a000 rw-p 00000000 08:02 663210     /opt/java/bin/java
085f1000-08881000 rw-p 00000000 00:00 0          [heap]
63600000-636f9000 rw-p 00000000 00:00 0 
636f9000-63700000 ---p 00000000 00:00 0 
63700000-637f2000 rw-p 00000000 00:00 0 
637f2000-63800000 ---p 00000000 00:00 0 
63800000-63848000 rw-p 00000000 00:00 0 
63848000-63900000 ---p 00000000 00:00 0 
63952000-63953000 ---p 00000000 00:00 0 
63953000-639d3000 rw-p 00000000 00:00 0          [stack:23017]
639d3000-639d6000 ---p 00000000 00:00 0 
639d6000-63a24000 rw-p 00000000 00:00 0          [stack:23013]
63a24000-63a27000 ---p 00000000 00:00 0 
63a27000-63aa5000 rw-p 00000000 00:00 0          [stack:23012]
63aa5000-63aa8000 ---p 00000000 00:00 0 
63aa8000-63b26000 rw-p 00000000 00:00 0          [stack:23011]
63b26000-63b29000 ---p 00000000 00:00 0 
63b29000-63b77000 rw-p 00000000 00:00 0          [stack:23010]
63b77000-63d00000 r--p 00000000 08:02 527857     /usr/lib/locale/locale-archive
63d00000-63de8000 rw-p 00000000 00:00 0 
63de8000-63e00000 ---p 00000000 00:00 0 
63e3c000-63e3f000 ---p 00000000 00:00 0 
63e3f000-63e8d000 rw-p 00000000 00:00 0          [stack:23009]
63e8d000-63e90000 ---p 00000000 00:00 0 
63e90000-63ede000 rw-p 00000000 00:00 0          [stack:23007]
63ede000-640b4000 r--s 03ca8000 08:02 682527     /opt/java/jre/lib/rt.jar
640b4000-644fa000 rw-p 00000000 00:00 0 
644fa000-64500000 ---p 00000000 00:00 0 
64500000-66900000 rw-p 00000000 00:00 0 
66900000-669ff000 rw-p 00000000 00:00 0 
669ff000-66a00000 ---p 00000000 00:00 0 
66a30000-66a31000 ---p 00000000 00:00 0 
66a31000-66b00000 rw-p 00000000 00:00 0          [stack:23006]
66b00000-66b21000 rw-p 00000000 00:00 0 
66b21000-66c00000 ---p 00000000 00:00 0 
66c4e000-66cb8000 rw-p 00000000 00:00 0 
66cb8000-66dff000 ---p 00000000 00:00 0 
66dff000-66e0e000 rw-p 00000000 00:00 0 
66e0e000-66f54000 ---p 00000000 00:00 0 
66f54000-66f6d000 rw-p 00000000 00:00 0 
66f6d000-66fff000 ---p 00000000 00:00 0 
66fff000-68d80000 rw-p 00000000 00:00 0 
68d80000-91ac0000 ---p 00000000 00:00 0 
91ac0000-94a40000 rw-p 00000000 00:00 0 
99140000-a7000000 ---p 00000000 00:00 0 
a7030000-a703e000 r--s 000b4000 08:02 816326     /opt/android-sdk/build-tools/20.0.0/lib/dx.jar
a703e000-a703f000 ---p 00000000 00:00 0 
a703f000-a70bf000 rw-p 00000000 00:00 0          [stack:23005]
a70bf000-a70c0000 ---p 00000000 00:00 0 
a70c0000-a7151000 rw-p 00000000 00:00 0          [stack:23004]
a7151000-a7500000 ---p 00000000 00:00 0 
a7500000-a7938000 rwxp 00000000 00:00 0 
a7938000-b6500000 ---p 00000000 00:00 0 
b6500000-b65f6000 rw-p 00000000 00:00 0 
b65f6000-b6600000 ---p 00000000 00:00 0 
b6600000-b6605000 r--s 00092000 08:02 682542     /opt/java/jre/lib/jsse.jar
b6605000-b661d000 rw-p 00000000 00:00 0 
b661d000-b6636000 r-xp 00000000 08:02 682788     /opt/java/jre/lib/i386/libzip.so
b6636000-b6637000 rw-p 00018000 08:02 682788     /opt/java/jre/lib/i386/libzip.so
b6637000-b663f000 rw-s 00000000 00:1d 7892493    /tmp/hsperfdata_mjt/22986
b663f000-b6663000 r-xp 00000000 08:02 682806     /opt/java/jre/lib/i386/libjava.so
b6663000-b6664000 rw-p 00023000 08:02 682806     /opt/java/jre/lib/i386/libjava.so
b6664000-b666b000 r-xp 00000000 08:02 527470     /usr/lib/librt-2.20.so
b666b000-b666c000 r--p 00007000 08:02 527470     /usr/lib/librt-2.20.so
b666c000-b666d000 rw-p 00008000 08:02 527470     /usr/lib/librt-2.20.so
b666d000-b6670000 ---p 00000000 00:00 0 
b6670000-b66be000 rw-p 00000000 00:00 0          [stack:22997]
b66be000-b6709000 r-xp 00000000 08:02 527458     /usr/lib/libm-2.20.so
b6709000-b670a000 r--p 0004a000 08:02 527458     /usr/lib/libm-2.20.so
b670a000-b670b000 rw-p 0004b000 08:02 527458     /usr/lib/libm-2.20.so
b670b000-b7045000 r-xp 00000000 08:02 682826     /opt/java/jre/lib/i386/server/libjvm.so
b7045000-b70b1000 rw-p 00939000 08:02 682826     /opt/java/jre/lib/i386/server/libjvm.so
b70b1000-b74d7000 rw-p 00000000 00:00 0 
b74d7000-b7688000 r-xp 00000000 08:02 527459     /usr/lib/libc-2.20.so
b7688000-b768b000 r--p 001b0000 08:02 527459     /usr/lib/libc-2.20.so
b768b000-b768d000 rw-p 001b3000 08:02 527459     /usr/lib/libc-2.20.so
b768d000-b768f000 rw-p 00000000 00:00 0 
b768f000-b7692000 r-xp 00000000 08:02 527433     /usr/lib/libdl-2.20.so
b7692000-b7693000 r--p 00002000 08:02 527433     /usr/lib/libdl-2.20.so
b7693000-b7694000 rw-p 00003000 08:02 527433     /usr/lib/libdl-2.20.so
b7694000-b76a8000 r-xp 00000000 08:02 682962     /opt/java/lib/i386/jli/libjli.so
b76a8000-b76a9000 rw-p 00013000 08:02 682962     /opt/java/lib/i386/jli/libjli.so
b76a9000-b76c1000 r-xp 00000000 08:02 527440     /usr/lib/libpthread-2.20.so
b76c1000-b76c2000 r--p 00017000 08:02 527440     /usr/lib/libpthread-2.20.so
b76c2000-b76c3000 rw-p 00018000 08:02 527440     /usr/lib/libpthread-2.20.so
b76c3000-b76c5000 rw-p 00000000 00:00 0 
b76c7000-b76c9000 rw-p 00000000 00:00 0 
b76c9000-b76d5000 r-xp 00000000 08:02 527435     /usr/lib/libnss_files-2.20.so
b76d5000-b76d6000 r--p 0000b000 08:02 527435     /usr/lib/libnss_files-2.20.so
b76d6000-b76d7000 rw-p 0000c000 08:02 527435     /usr/lib/libnss_files-2.20.so
b76d7000-b76d8000 rw-p 00000000 00:00 0 
b76d8000-b76d9000 ---p 00000000 00:00 0 
b76d9000-b76e4000 r-xp 00000000 08:02 682800     /opt/java/jre/lib/i386/libverify.so
b76e4000-b76e5000 rw-p 0000b000 08:02 682800     /opt/java/jre/lib/i386/libverify.so
b76e5000-b76e7000 r--p 00000000 00:00 0          [vvar]
b76e7000-b76e9000 r-xp 00000000 00:00 0          [vdso]
b76e9000-b770a000 r-xp 00000000 08:02 527437     /usr/lib/ld-2.20.so
b770a000-b770b000 rw-p 00000000 00:00 0 
b770b000-b770c000 r--p 00021000 08:02 527437     /usr/lib/ld-2.20.so
b770c000-b770d000 rw-p 00022000 08:02 527437     /usr/lib/ld-2.20.so
bfa1f000-bfa20000 rwxp 00000000 00:00 0 
bfa52000-bfa73000 rw-p 00000000 00:00 0          [stack]

VM Arguments:
jvm_args: -Xmx1024M 
java_command: /opt/android-sdk/build-tools/20.0.0/lib/dx.jar --dex --output /home/mjt/AndroidStudioProjects/phonethings/app/build/intermediates/dex/release /home/mjt/AndroidStudioProjects/phonethings/app/build/intermediates/classes/release /home/mjt/AndroidStudioProjects/phonethings/app/build/intermediates/pre-dexed/release/support-annotations-21.0.0-46343f13dc8a8d80032074a2865adb0d89f89059.jar /home/mjt/AndroidStudioProjects/phonethings/app/build/intermediates/pre-dexed/release/internal_impl-21.0.0-4b6cb1a31b63bc9214a11b55e24b3d581c885bf3.jar /home/mjt/AndroidStudioProjects/phonethings/app/build/intermediates/pre-dexed/release/classes-31e950e428247eb96a06927cc6948f0e8a1f7d60.jar /home/mjt/AndroidStudioProjects/phonethings/app/build/intermediates/pre-dexed/release/classes-03dd4dbf824bbea5ef44ca68e96fd9e9513acd75.jar /home/mjt/AndroidStudioProjects/phonethings/app/build/intermediates/pre-dexed/release/classes-b72443867d500556c692547f242202d7775fea63.jar
java_class_path (initial): /opt/android-sdk/build-tools/20.0.0/lib/dx.jar
Launcher Type: SUN_STANDARD

Environment Variables:
JAVA_HOME=/opt/java
CLASSPATH=/opt/android-studio/bin/../lib/bootstrap.jar:/opt/android-studio/bin/../lib/extensions.jar:/opt/android-studio/bin/../lib/util.jar:/opt/android-studio/bin/../lib/jdom.jar:/opt/android-studio/bin/../lib/log4j.jar:/opt/android-studio/bin/../lib/trove4j.jar:/opt/android-studio/bin/../lib/jna.jar:/opt/java/lib/tools.jar
PATH=/usr/local/sbin:/usr/local/bin:/usr/bin:/opt/android-sdk/platform-tools:/opt/android-sdk/tools:/opt/java/bin:/opt/java/db/bin:/opt/java/jre/bin:/usr/bin/site_perl:/usr/bin/vendor_perl:/usr/bin/core_perl
LD_LIBRARY_PATH=/opt/android-studio/bin:
SHELL=/bin/bash
DISPLAY=:0.0

Signal Handlers:
SIGSEGV: [libjvm.so+0x891f70], sa_mask[0]=11111111011111111101111111111110, sa_flags=SA_RESTART|SA_SIGINFO
SIGBUS: [libjvm.so+0x891f70], sa_mask[0]=11111111011111111101111111111110, sa_flags=SA_RESTART|SA_SIGINFO
SIGFPE: [libjvm.so+0x71d8e0], sa_mask[0]=11111111011111111101111111111110, sa_flags=SA_RESTART|SA_SIGINFO
SIGPIPE: [libjvm.so+0x71d8e0], sa_mask[0]=11111111011111111101111111111110, sa_flags=SA_RESTART|SA_SIGINFO
SIGXFSZ: [libjvm.so+0x71d8e0], sa_mask[0]=11111111011111111101111111111110, sa_flags=SA_RESTART|SA_SIGINFO
SIGILL: [libjvm.so+0x71d8e0], sa_mask[0]=11111111011111111101111111111110, sa_flags=SA_RESTART|SA_SIGINFO
SIGUSR1: SIG_DFL, sa_mask[0]=00000000000000000000000000000000, sa_flags=none
SIGUSR2: [libjvm.so+0x71f090], sa_mask[0]=00100000000000000000000000000000, sa_flags=SA_RESTART|SA_SIGINFO
SIGHUP: [libjvm.so+0x720590], sa_mask[0]=11111111011111111101111111111110, sa_flags=SA_RESTART|SA_SIGINFO
SIGINT: [libjvm.so+0x720590], sa_mask[0]=11111111011111111101111111111110, sa_flags=SA_RESTART|SA_SIGINFO
SIGTERM: [libjvm.so+0x720590], sa_mask[0]=11111111011111111101111111111110, sa_flags=SA_RESTART|SA_SIGINFO
SIGQUIT: [libjvm.so+0x720590], sa_mask[0]=11111111011111111101111111111110, sa_flags=SA_RESTART|SA_SIGINFO


---------------  S Y S T E M  ---------------

OS:NAME="Arch Linux"
ID=arch
PRETTY_NAME="Arch Linux"
ANSI_COLOR="0;36"
HOME_URL="https://www.archlinux.org/"
SUPPORT_URL="https://bbs.archlinux.org/"
BUG_REPORT_URL="https://bugs.archlinux.org/"


uname:Linux 3.17.2-1-ARCH #1 SMP PREEMPT Thu Oct 30 20:31:16 CET 2014 i686
libc:glibc 2.20 NPTL 2.20 
rlimit: STACK 8192k, CORE 0k, NPROC 22165, NOFILE 4096, AS infinity
load average:4.79 3.19 2.14

/proc/meminfo:
MemTotal:        2841788 kB
MemFree:          160416 kB
MemAvailable:     125108 kB
Buffers:            7916 kB
Cached:            70600 kB
SwapCached:            0 kB
Active:          2513792 kB
Inactive:          41928 kB
Active(anon):    2477828 kB
Inactive(anon):     9712 kB
Active(file):      35964 kB
Inactive(file):    32216 kB
Unevictable:          32 kB
Mlocked:              32 kB
HighTotal:       1969452 kB
HighFree:          42752 kB
LowTotal:         872336 kB
LowFree:          117664 kB
SwapTotal:             0 kB
SwapFree:              0 kB
Dirty:               232 kB
Writeback:             0 kB
AnonPages:       2477320 kB
Mapped:            63580 kB
Shmem:             10296 kB
Slab:              34096 kB
SReclaimable:      19676 kB
SUnreclaim:        14420 kB
KernelStack:        2928 kB
PageTables:         5652 kB
NFS_Unstable:          0 kB
Bounce:                0 kB
WritebackTmp:          0 kB
CommitLimit:     1420892 kB
Committed_AS:    4057776 kB
VmallocTotal:     122880 kB
VmallocUsed:       24828 kB
VmallocChunk:      48644 kB
HardwareCorrupted:     0 kB
AnonHugePages:   1318912 kB
HugePages_Total:       0
HugePages_Free:        0
HugePages_Rsvd:        0
HugePages_Surp:        0
Hugepagesize:       4096 kB
DirectMap4k:       36856 kB
DirectMap4M:      872448 kB


CPU:total 2 (2 cores per cpu, 1 threads per core) family 16 model 6 stepping 3, cmov, cx8, fxsr, mmx, sse, sse2, sse3, popcnt, mmxext, 3dnowpref, lzcnt, tsc, tscinvbit, tscinv

/proc/cpuinfo:
processor	: 0
vendor_id	: AuthenticAMD
cpu family	: 16
model		: 6
model name	: AMD Athlon(tm) II P340 Dual-Core Processor
stepping	: 3
microcode	: 0x10000c8
cpu MHz		: 1600.000
cache size	: 512 KB
physical id	: 0
siblings	: 2
core id		: 0
cpu cores	: 2
apicid		: 0
initial apicid	: 0
fdiv_bug	: no
f00f_bug	: no
coma_bug	: no
fpu		: yes
fpu_exception	: yes
cpuid level	: 5
wp		: yes
flags		: fpu vme de pse tsc msr pae mce cx8 apic sep mtrr pge mca cmov pat pse36 clflush mmx fxsr sse sse2 ht syscall nx mmxext fxsr_opt pdpe1gb rdtscp lm 3dnowext 3dnow constant_tsc rep_good nonstop_tsc extd_apicid pni monitor cx16 popcnt lahf_lm cmp_legacy svm extapic cr8_legacy abm sse4a 3dnowprefetch osvw ibs skinit wdt nodeid_msr hw_pstate npt lbrv svm_lock nrip_save
bugs		: tlb_mmatch apic_c1e fxsave_leak
bogomips	: 4390.48
clflush size	: 64
cache_alignment	: 64
address sizes	: 48 bits physical, 48 bits virtual
power management: ts ttp tm stc 100mhzsteps hwpstate

processor	: 1
vendor_id	: AuthenticAMD
cpu family	: 16
model		: 6
model name	: AMD Athlon(tm) II P340 Dual-Core Processor
stepping	: 3
microcode	: 0x10000c8
cpu MHz		: 2200.000
cache size	: 512 KB
physical id	: 0
siblings	: 2
core id		: 1
cpu cores	: 2
apicid		: 1
initial apicid	: 1
fdiv_bug	: no
f00f_bug	: no
coma_bug	: no
fpu		: yes
fpu_exception	: yes
cpuid level	: 5
wp		: yes
flags		: fpu vme de pse tsc msr pae mce cx8 apic sep mtrr pge mca cmov pat pse36 clflush mmx fxsr sse sse2 ht syscall nx mmxext fxsr_opt pdpe1gb rdtscp lm 3dnowext 3dnow constant_tsc rep_good nonstop_tsc extd_apicid pni monitor cx16 popcnt lahf_lm cmp_legacy svm extapic cr8_legacy abm sse4a 3dnowprefetch osvw ibs skinit wdt nodeid_msr hw_pstate npt lbrv svm_lock nrip_save
bugs		: tlb_mmatch apic_c1e fxsave_leak
bogomips	: 4390.48
clflush size	: 64
cache_alignment	: 64
address sizes	: 48 bits physical, 48 bits virtual
power management: ts ttp tm stc 100mhzsteps hwpstate



Memory: 4k page, physical 2841788k(160416k free), swap 0k(0k free)

vm_info: Java HotSpot(TM) Server VM (25.20-b23) for linux-x86 JRE (1.8.0_20-b26), built on Jul 30 2014 13:29:53 by "java_re" with gcc 4.3.0 20080428 (Red Hat 4.3.0-8)

time: Sat Dec 20 17:22:23 2014
elapsed time: 6 seconds (0d 0h 0m 6s)

